
<!DOCTYPE html>
<html lang="en" xmlns:v="urn:schemas-microsoft-com:vml" xmlns:o="urn:schemas-microsoft-com:office:office">
  <head>
    <meta charset="utf-8">
    <meta http-equiv="x-ua-compatible" content="ie=edge">
    <meta name="viewport" content="width=device-width, initial-scale=1">
    <meta name="x-apple-disable-message-reformatting">
    <title>ChainTest</title>
    <style type="text/css">
      body { font-family: -apple-system, system-ui, "Helvetica Neue", "Segoe UI", Arial, sans-serif; font-size: 13px; }
      .bg-passed { background-color: rgb(168, 217, 167); }
      .text-passed { color: #79B530; }
      .bg-failed,.bg-undefined { background-color: rgb(254, 205, 204); }
      .text-failed,.text-undefined { color: #e64b5d; }
      .bg-skipped { background-color: #eee; }
      .text-skipped { color: #e6e04c; }
      .tag { background-color:#f6f7f9; }
      pre {white-space: pre-wrap; margin-bottom: 0; max-height: 15rem; overflow-y: auto; }
    </style>
  </head>
  <body leftmargin="0" topmargin="0" marginwidth="0" marginheight="0" yahoo="fix" bgcolor="#F7F8F9" style="box-sizing:border-box;margin:0;padding:0;width:100%;word-break:break-word;-webkit-font-smoothing:antialiased;">
    <!-- title -->
    <table class="wrapper" cellpadding="0" cellspacing="0" role="presentation" width="100%">
      <tr>
        <td align="center">
          <table>
            <tr>
              <td width="650">
                <table style="padding: 20px;">
                  <tr>
                    <td>
                      <span class="bg-failed" style="margin-right:10px;padding:0px 5px;">FAILED</span>
                      <span style="">May 14, 2025, 10:40:08 AM &middot; 3h 1m 53s</span>
                    </td>
                  </tr>
                </table>
              </td>
            </tr>
          </table>
        </td>
      </tr>
    </table>

    <!-- stats -->
    <table align="center" width="650" style="margin-bottom:2px;">
	  <tbody>
	    <tr>
	      <td align="center" bgcolor="#FFFFFF">
	        <table width="100%">
	          <tbody>
	            <tr>
	              <td width="100" style="padding:30px 40px 20px;">
	                <p style="font-weight:500;color:#7E7E7E;margin:0;">Tests</p>
	                <h1 style="font-size:34px;">244</h1>
	              </td>
                <td width="100" style="padding:30px 40px 20px;">
	                <p style="font-weight:500;color:#7E7E7E;margin:0;color:#79B530">Passed</p>
	                <h1 style="font-size:34px;">202</h1>
	              </td>
                <td width="100" style="padding:30px 40px 20px;">
	                <p style="font-weight:500;color:#7E7E7E;margin:0;color:#e64b5d">Failed</p>
	                <h1 style="font-size:34px;">39</h1>
	              </td>
                <td width="100" style="padding:30px 40px 20px;">
	                <p style="font-weight:500;color:#7E7E7E;margin:0;color:#e6e04c">Skipped</p>
	                <h1 style="font-size:34px;">3</h1>
	              </td>
	            </tr>
	          </tbody>
	        </table>
	      </td>
	    </tr>
	  </tbody>
	</table>

    <!-- tags -->
    <table width="100%">
      <tr>
        <td align="center">
          <table width="650">
            <tr>
              <td bgcolor="#FFFFFF" style="padding:20px 40px;font-size:14px;">
                <span style="font-size:15px;font-weight:500;">Tags</span>
                <table><tr><td style="height:10px;"></td></tr></table>
                <table>
                  <tr style="font-weight:500;">
                    <td width="250">Name</td>
                    <td width="23"></td>
                    <td style="" width="60">Pass</td>
                    <td class="padding" width="10"></td>
                    <td style="" width="60">Fail</td>
                    <td class="padding" width="10"></td>
                    <td style="" width="60">Skip</td>
                  </tr>
                </table>
              </td>
            </tr>
          </table>
        </td>
      </tr>
    </table>

    <!-- tests -->
    <table width="100%">
      <tr>
        <td align="center">
          <table width="650">
            <tr>
              <td bgcolor="#FFF" style="padding:10px 20px;">
                <table>
                  <tr>
                    <td width="650px" style="padding:10px;">
                      <p class="text-failed" style="font-size:14px;font-weight:500;margin:0;margin-bottom:5px;">
                        Suite
                      <p style="font-size:12px;margin:0;">
                        <span>May 14, 2025, 10:40:10 AM / 3h 1m 51s</span>
                      </p>
                    </td>
                  </tr>
                  <tr>
                    <td width="650px" class="bg-failed" style="padding:7px 10px;">
                      <p style="font-size:13px;margin:0;">
                        qa.tests.AddPaymentMethodTest
                      </p>
                    </td>
                  </tr>
                  <tr>
                    <td width="650px" class="bg-passed" style="padding:7px 20px;">
                      <p style="font-size:13px;margin:0;">
                        verifyThatInformationMsgAppearsWhenNoPaymetMethodIsSelected
                      </p>
                    </td>
                  </tr>
                  <tr>
                    <td width="650px" class="bg-failed" style="padding:7px 20px;">
                      <p style="font-size:13px;margin:0;">
                        verifyThatAddingCreditCardPaymentMethod
<pre>org.openqa.selenium.NoSuchElementException: no such element: Unable to locate element: {"method":"xpath","selector":"(//iframe[contains(@name,'__privateStripeFrame')])[2]"}
  (Session info: chrome=136.0.7103.93)
For documentation on this error, please visit: https://www.selenium.dev/documentation/webdriver/troubleshooting/errors#no-such-element-exception
Build info: version: '4.11.0', revision: '040bc5406b'
System info: os.name: 'Windows 10', os.arch: 'amd64', os.version: '10.0', java.version: '22.0.1'
Driver info: org.openqa.selenium.chrome.ChromeDriver
Command: [94e7e451409fccd73a77eb755bba13af, findElement {using=xpath, value=(//iframe[contains(@name,'__privateStripeFrame')])[2]}]
Capabilities {acceptInsecureCerts: false, browserName: chrome, browserVersion: 136.0.7103.93, chrome: {chromedriverVersion: 136.0.7103.92 (cb81a4cc5087..., userDataDir: C:\Users\Caelius\AppData\Lo...}, fedcm:accounts: true, goog:chromeOptions: {debuggerAddress: localhost:64610}, networkConnectionEnabled: false, pageLoadStrategy: normal, platformName: windows, proxy: Proxy(), se:cdp: ws://localhost:64610/devtoo..., se:cdpVersion: 136.0.7103.93, setWindowRect: true, strictFileInteractability: false, timeouts: {implicit: 0, pageLoad: 300000, script: 30000}, unhandledPromptBehavior: dismiss and notify, webauthn:extension:credBlob: true, webauthn:extension:largeBlob: true, webauthn:extension:minPinLength: true, webauthn:extension:prf: true, webauthn:virtualAuthenticators: true}
Session ID: 94e7e451409fccd73a77eb755bba13af
	at java.base/jdk.internal.reflect.DirectConstructorHandleAccessor.newInstance(DirectConstructorHandleAccessor.java:62)
	at java.base/java.lang.reflect.Constructor.newInstanceWithCaller(Constructor.java:502)
	at java.base/java.lang.reflect.Constructor.newInstance(Constructor.java:486)
	at org.openqa.selenium.remote.codec.w3c.W3CHttpResponseCodec.createException(W3CHttpResponseCodec.java:200)
	at org.openqa.selenium.remote.codec.w3c.W3CHttpResponseCodec.decode(W3CHttpResponseCodec.java:133)
	at org.openqa.selenium.remote.codec.w3c.W3CHttpResponseCodec.decode(W3CHttpResponseCodec.java:52)
	at org.openqa.selenium.remote.HttpCommandExecutor.execute(HttpCommandExecutor.java:191)
	at org.openqa.selenium.remote.service.DriverCommandExecutor.invokeExecute(DriverCommandExecutor.java:196)
	at org.openqa.selenium.remote.service.DriverCommandExecutor.execute(DriverCommandExecutor.java:171)
	at org.openqa.selenium.remote.RemoteWebDriver.execute(RemoteWebDriver.java:518)
	at org.openqa.selenium.remote.ElementLocation$ElementFinder$2.findElement(ElementLocation.java:165)
	at org.openqa.selenium.remote.ElementLocation.findElement(ElementLocation.java:59)
	at org.openqa.selenium.remote.RemoteWebDriver.findElement(RemoteWebDriver.java:355)
	at org.openqa.selenium.remote.RemoteWebDriver.findElement(RemoteWebDriver.java:349)
	at base.BaseTest.switchToFrame(BaseTest.java:495)
	at pageEvents.PaymentPage.switchToFrame(PaymentPage.java:304)
	at pageEvents.PaymentPage.getPayThroughCreditCard(PaymentPage.java:919)
	at qa.tests.AddPaymentMethodTest.verifyThatAddingCreditCardPaymentMethod(AddPaymentMethodTest.java:138)
	at java.base/jdk.internal.reflect.DirectMethodHandleAccessor.invoke(DirectMethodHandleAccessor.java:103)
	at java.base/java.lang.reflect.Method.invoke(Method.java:580)
	at org.testng.internal.invokers.MethodInvocationHelper.invokeMethod(MethodInvocationHelper.java:141)
	at org.testng.internal.invokers.TestInvoker.invokeMethod(TestInvoker.java:686)
	at org.testng.internal.invokers.TestInvoker.invokeTestMethod(TestInvoker.java:230)
	at org.testng.internal.invokers.MethodRunner.runInSequence(MethodRunner.java:63)
	at org.testng.internal.invokers.TestInvoker$MethodInvocationAgent.invoke(TestInvoker.java:992)
	at org.testng.internal.invokers.TestInvoker.invokeTestMethods(TestInvoker.java:203)
	at org.testng.internal.invokers.TestMethodWorker.invokeTestMethods(TestMethodWorker.java:154)
	at org.testng.internal.invokers.TestMethodWorker.run(TestMethodWorker.java:134)
	at java.base/java.util.ArrayList.forEach(ArrayList.java:1597)
	at org.testng.TestRunner.privateRun(TestRunner.java:739)
	at org.testng.TestRunner.run(TestRunner.java:614)
	at org.testng.SuiteRunner.runTest(SuiteRunner.java:421)
	at org.testng.SuiteRunner.runSequentially(SuiteRunner.java:413)
	at org.testng.SuiteRunner.privateRun(SuiteRunner.java:373)
	at org.testng.SuiteRunner.run(SuiteRunner.java:312)
	at org.testng.SuiteRunnerWorker.runSuite(SuiteRunnerWorker.java:52)
	at org.testng.SuiteRunnerWorker.run(SuiteRunnerWorker.java:95)
	at org.testng.TestNG.runSuitesSequentially(TestNG.java:1274)
	at org.testng.TestNG.runSuitesLocally(TestNG.java:1208)
	at org.testng.TestNG.runSuites(TestNG.java:1112)
	at org.testng.TestNG.run(TestNG.java:1079)
	at com.intellij.rt.testng.IDEARemoteTestNG.run(IDEARemoteTestNG.java:65)
	at com.intellij.rt.testng.RemoteTestNGStarter.main(RemoteTestNGStarter.java:105)
</pre>
                      </p>
                    </td>
                  </tr>
                  <tr>
                    <td width="650px" class="bg-passed" style="padding:7px 20px;">
                      <p style="font-size:13px;margin:0;">
                        getAddedBankAccountMethod
                      </p>
                    </td>
                  </tr>
                  <tr><td style="height:10px"></td></tr>
                  <tr>
                    <td width="650px" class="bg-passed" style="padding:7px 10px;">
                      <p style="font-size:13px;margin:0;">
                        qa.tests.BasicInformationPage
                      </p>
                    </td>
                  </tr>
                  <tr>
                    <td width="650px" class="bg-passed" style="padding:7px 20px;">
                      <p style="font-size:13px;margin:0;">
                        verifyBasicInformationPageOpens
                      </p>
                    </td>
                  </tr>
                  <tr>
                    <td width="650px" class="bg-passed" style="padding:7px 20px;">
                      <p style="font-size:13px;margin:0;">
                        verifyInvalidAddressValidation
                      </p>
                    </td>
                  </tr>
                  <tr>
                    <td width="650px" class="bg-passed" style="padding:7px 20px;">
                      <p style="font-size:13px;margin:0;">
                        verifyInvalidPhoneValidation
                      </p>
                    </td>
                  </tr>
                  <tr>
                    <td width="650px" class="bg-passed" style="padding:7px 20px;">
                      <p style="font-size:13px;margin:0;">
                        verifyModifyAndSaveChangesFunctionality
                      </p>
                    </td>
                  </tr>
                  <tr>
                    <td width="650px" class="bg-passed" style="padding:7px 20px;">
                      <p style="font-size:13px;margin:0;">
                        verifyStoreLogoChange
                      </p>
                    </td>
                  </tr>
                  <tr>
                    <td width="650px" class="bg-passed" style="padding:7px 20px;">
                      <p style="font-size:13px;margin:0;">
                        verifyStoreLogoChangeWithInvalidFile
                      </p>
                    </td>
                  </tr>
                  <tr><td style="height:10px"></td></tr>
                  <tr>
                    <td width="650px" class="bg-failed" style="padding:7px 10px;">
                      <p style="font-size:13px;margin:0;">
                        qa.tests.BillTest
                      </p>
                    </td>
                  </tr>
                  <tr>
                    <td width="650px" class="bg-passed" style="padding:7px 20px;">
                      <p style="font-size:13px;margin:0;">
                        verifyCreateBillWithoutSelectingCustomer
                      </p>
                    </td>
                  </tr>
                  <tr>
                    <td width="650px" class="bg-passed" style="padding:7px 20px;">
                      <p style="font-size:13px;margin:0;">
                        verifyCreateBillBySelectingCustomer
                      </p>
                    </td>
                  </tr>
                  <tr>
                    <td width="650px" class="bg-passed" style="padding:7px 20px;">
                      <p style="font-size:13px;margin:0;">
                        verifyCreateBillForSuggestedCustomer
                      </p>
                    </td>
                  </tr>
                  <tr>
                    <td width="650px" class="bg-failed" style="padding:7px 20px;">
                      <p style="font-size:13px;margin:0;">
                        verifyBillCreationUsingOptionalFields
<pre>java.lang.AssertionError: expected [true] but found [false]
	at org.testng.Assert.fail(Assert.java:111)
	at org.testng.Assert.failNotEquals(Assert.java:1578)
	at org.testng.Assert.assertTrue(Assert.java:57)
	at org.testng.Assert.assertTrue(Assert.java:67)
	at pageEvents.BillPage.clickOnGetRefNotxt(BillPage.java:443)
	at pageEvents.BillPage.verifyBillCreationByOptionalFields(BillPage.java:1393)
	at qa.tests.BillTest.verifyBillCreationUsingOptionalFields(BillTest.java:42)
	at java.base/jdk.internal.reflect.DirectMethodHandleAccessor.invoke(DirectMethodHandleAccessor.java:103)
	at java.base/java.lang.reflect.Method.invoke(Method.java:580)
	at org.testng.internal.invokers.MethodInvocationHelper.invokeMethod(MethodInvocationHelper.java:141)
	at org.testng.internal.invokers.TestInvoker.invokeMethod(TestInvoker.java:686)
	at org.testng.internal.invokers.TestInvoker.invokeTestMethod(TestInvoker.java:230)
	at org.testng.internal.invokers.MethodRunner.runInSequence(MethodRunner.java:63)
	at org.testng.internal.invokers.TestInvoker$MethodInvocationAgent.invoke(TestInvoker.java:992)
	at org.testng.internal.invokers.TestInvoker.invokeTestMethods(TestInvoker.java:203)
	at org.testng.internal.invokers.TestMethodWorker.invokeTestMethods(TestMethodWorker.java:154)
	at org.testng.internal.invokers.TestMethodWorker.run(TestMethodWorker.java:134)
	at java.base/java.util.ArrayList.forEach(ArrayList.java:1597)
	at org.testng.TestRunner.privateRun(TestRunner.java:739)
	at org.testng.TestRunner.run(TestRunner.java:614)
	at org.testng.SuiteRunner.runTest(SuiteRunner.java:421)
	at org.testng.SuiteRunner.runSequentially(SuiteRunner.java:413)
	at org.testng.SuiteRunner.privateRun(SuiteRunner.java:373)
	at org.testng.SuiteRunner.run(SuiteRunner.java:312)
	at org.testng.SuiteRunnerWorker.runSuite(SuiteRunnerWorker.java:52)
	at org.testng.SuiteRunnerWorker.run(SuiteRunnerWorker.java:95)
	at org.testng.TestNG.runSuitesSequentially(TestNG.java:1274)
	at org.testng.TestNG.runSuitesLocally(TestNG.java:1208)
	at org.testng.TestNG.runSuites(TestNG.java:1112)
	at org.testng.TestNG.run(TestNG.java:1079)
	at com.intellij.rt.testng.IDEARemoteTestNG.run(IDEARemoteTestNG.java:65)
	at com.intellij.rt.testng.RemoteTestNGStarter.main(RemoteTestNGStarter.java:105)
</pre>
                      </p>
                    </td>
                  </tr>
                  <tr>
                    <td width="650px" class="bg-passed" style="padding:7px 20px;">
                      <p style="font-size:13px;margin:0;">
                        verifyingBillCreationWithConfiguredBillAmount
                      </p>
                    </td>
                  </tr>
                  <tr>
                    <td width="650px" class="bg-passed" style="padding:7px 20px;">
                      <p style="font-size:13px;margin:0;">
                        verifyingBillCreationWithoutConfiguredBillAmount
                      </p>
                    </td>
                  </tr>
                  <tr>
                    <td width="650px" class="bg-passed" style="padding:7px 20px;">
                      <p style="font-size:13px;margin:0;">
                        verifyingBillCreationByAttachingImageFile
                      </p>
                    </td>
                  </tr>
                  <tr>
                    <td width="650px" class="bg-passed" style="padding:7px 20px;">
                      <p style="font-size:13px;margin:0;">
                        verifyingBillCreationByAttachingPdfFile
                      </p>
                    </td>
                  </tr>
                  <tr>
                    <td width="650px" class="bg-failed" style="padding:7px 20px;">
                      <p style="font-size:13px;margin:0;">
                        verifyingBillCreationWithAddingMemoField
<pre>java.lang.AssertionError: expected [None] but found [By.xpath: (//div[contains(@class,'text-nowrap d-flex')]//div[text()='None'])[4]]
	at org.testng.Assert.fail(Assert.java:111)
	at org.testng.Assert.failNotEquals(Assert.java:1578)
	at org.testng.Assert.assertEqualsImpl(Assert.java:150)
	at org.testng.Assert.assertEquals(Assert.java:132)
	at org.testng.Assert.assertEquals(Assert.java:644)
	at pageEvents.BillPage.verifyingBillCreationWithAddingMemoField(BillPage.java:1596)
	at qa.tests.BillTest.verifyingBillCreationWithAddingMemoField(BillTest.java:77)
	at java.base/jdk.internal.reflect.DirectMethodHandleAccessor.invoke(DirectMethodHandleAccessor.java:103)
	at java.base/java.lang.reflect.Method.invoke(Method.java:580)
	at org.testng.internal.invokers.MethodInvocationHelper.invokeMethod(MethodInvocationHelper.java:141)
	at org.testng.internal.invokers.TestInvoker.invokeMethod(TestInvoker.java:686)
	at org.testng.internal.invokers.TestInvoker.invokeTestMethod(TestInvoker.java:230)
	at org.testng.internal.invokers.MethodRunner.runInSequence(MethodRunner.java:63)
	at org.testng.internal.invokers.TestInvoker$MethodInvocationAgent.invoke(TestInvoker.java:992)
	at org.testng.internal.invokers.TestInvoker.invokeTestMethods(TestInvoker.java:203)
	at org.testng.internal.invokers.TestMethodWorker.invokeTestMethods(TestMethodWorker.java:154)
	at org.testng.internal.invokers.TestMethodWorker.run(TestMethodWorker.java:134)
	at java.base/java.util.ArrayList.forEach(ArrayList.java:1597)
	at org.testng.TestRunner.privateRun(TestRunner.java:739)
	at org.testng.TestRunner.run(TestRunner.java:614)
	at org.testng.SuiteRunner.runTest(SuiteRunner.java:421)
	at org.testng.SuiteRunner.runSequentially(SuiteRunner.java:413)
	at org.testng.SuiteRunner.privateRun(SuiteRunner.java:373)
	at org.testng.SuiteRunner.run(SuiteRunner.java:312)
	at org.testng.SuiteRunnerWorker.runSuite(SuiteRunnerWorker.java:52)
	at org.testng.SuiteRunnerWorker.run(SuiteRunnerWorker.java:95)
	at org.testng.TestNG.runSuitesSequentially(TestNG.java:1274)
	at org.testng.TestNG.runSuitesLocally(TestNG.java:1208)
	at org.testng.TestNG.runSuites(TestNG.java:1112)
	at org.testng.TestNG.run(TestNG.java:1079)
	at com.intellij.rt.testng.IDEARemoteTestNG.run(IDEARemoteTestNG.java:65)
	at com.intellij.rt.testng.RemoteTestNGStarter.main(RemoteTestNGStarter.java:105)
</pre>
                      </p>
                    </td>
                  </tr>
                  <tr>
                    <td width="650px" class="bg-passed" style="padding:7px 20px;">
                      <p style="font-size:13px;margin:0;">
                        verifyingBillCreationWithEssentialFreePlan
                      </p>
                    </td>
                  </tr>
                  <tr>
                    <td width="650px" class="bg-failed" style="padding:7px 20px;">
                      <p style="font-size:13px;margin:0;">
                        verifyBillCreationByAddingExpirationDate
<pre>java.lang.AssertionError: expected [Expiration Date] but found [By.xpath: //h5[text()='Expiration Date']]
	at org.testng.Assert.fail(Assert.java:111)
	at org.testng.Assert.failNotEquals(Assert.java:1578)
	at org.testng.Assert.assertEqualsImpl(Assert.java:150)
	at org.testng.Assert.assertEquals(Assert.java:132)
	at org.testng.Assert.assertEquals(Assert.java:644)
	at pageEvents.BillPage.verifyBillCreationByAddingExpirationDate(BillPage.java:1690)
	at qa.tests.BillTest.verifyBillCreationByAddingExpirationDate(BillTest.java:87)
	at java.base/jdk.internal.reflect.DirectMethodHandleAccessor.invoke(DirectMethodHandleAccessor.java:103)
	at java.base/java.lang.reflect.Method.invoke(Method.java:580)
	at org.testng.internal.invokers.MethodInvocationHelper.invokeMethod(MethodInvocationHelper.java:141)
	at org.testng.internal.invokers.TestInvoker.invokeMethod(TestInvoker.java:686)
	at org.testng.internal.invokers.TestInvoker.invokeTestMethod(TestInvoker.java:230)
	at org.testng.internal.invokers.MethodRunner.runInSequence(MethodRunner.java:63)
	at org.testng.internal.invokers.TestInvoker$MethodInvocationAgent.invoke(TestInvoker.java:992)
	at org.testng.internal.invokers.TestInvoker.invokeTestMethods(TestInvoker.java:203)
	at org.testng.internal.invokers.TestMethodWorker.invokeTestMethods(TestMethodWorker.java:154)
	at org.testng.internal.invokers.TestMethodWorker.run(TestMethodWorker.java:134)
	at java.base/java.util.ArrayList.forEach(ArrayList.java:1597)
	at org.testng.TestRunner.privateRun(TestRunner.java:739)
	at org.testng.TestRunner.run(TestRunner.java:614)
	at org.testng.SuiteRunner.runTest(SuiteRunner.java:421)
	at org.testng.SuiteRunner.runSequentially(SuiteRunner.java:413)
	at org.testng.SuiteRunner.privateRun(SuiteRunner.java:373)
	at org.testng.SuiteRunner.run(SuiteRunner.java:312)
	at org.testng.SuiteRunnerWorker.runSuite(SuiteRunnerWorker.java:52)
	at org.testng.SuiteRunnerWorker.run(SuiteRunnerWorker.java:95)
	at org.testng.TestNG.runSuitesSequentially(TestNG.java:1274)
	at org.testng.TestNG.runSuitesLocally(TestNG.java:1208)
	at org.testng.TestNG.runSuites(TestNG.java:1112)
	at org.testng.TestNG.run(TestNG.java:1079)
	at com.intellij.rt.testng.IDEARemoteTestNG.run(IDEARemoteTestNG.java:65)
	at com.intellij.rt.testng.RemoteTestNGStarter.main(RemoteTestNGStarter.java:105)
</pre>
                      </p>
                    </td>
                  </tr>
                  <tr>
                    <td width="650px" class="bg-failed" style="padding:7px 20px;">
                      <p style="font-size:13px;margin:0;">
                        verifyBillCreationByAddingRecurringTransactionsDaily
<pre>org.openqa.selenium.ElementClickInterceptedException: element click intercepted: Element <button class="btn-close" type="button" data-bs-dismiss="modal"></button> is not clickable at point (944, 51). Other element would receive the click: <div class="modal-header">...</div>
  (Session info: chrome=136.0.7103.93)
Build info: version: '4.11.0', revision: '040bc5406b'
System info: os.name: 'Windows 10', os.arch: 'amd64', os.version: '10.0', java.version: '22.0.1'
Driver info: org.openqa.selenium.chrome.ChromeDriver
Command: [9733a08b0fe1117aa0143ffbe4155b4b, clickElement {id=f.BEDED9F1B48D292CF8EBCF0296016815.d.099B75F274B4D8E7820099BA9BF8842E.e.3698}]
Capabilities {acceptInsecureCerts: false, browserName: chrome, browserVersion: 136.0.7103.93, chrome: {chromedriverVersion: 136.0.7103.92 (cb81a4cc5087..., userDataDir: C:\Users\Caelius\AppData\Lo...}, fedcm:accounts: true, goog:chromeOptions: {debuggerAddress: localhost:52975}, networkConnectionEnabled: false, pageLoadStrategy: normal, platformName: windows, proxy: Proxy(), se:cdp: ws://localhost:52975/devtoo..., se:cdpVersion: 136.0.7103.93, setWindowRect: true, strictFileInteractability: false, timeouts: {implicit: 0, pageLoad: 300000, script: 30000}, unhandledPromptBehavior: dismiss and notify, webauthn:extension:credBlob: true, webauthn:extension:largeBlob: true, webauthn:extension:minPinLength: true, webauthn:extension:prf: true, webauthn:virtualAuthenticators: true}
Element: [[ChromeDriver: chrome on windows (9733a08b0fe1117aa0143ffbe4155b4b)] -> xpath: (//div[contains(@class, 'modal-content')]//button[@class='btn-close'])[2]]
Session ID: 9733a08b0fe1117aa0143ffbe4155b4b
	at java.base/jdk.internal.reflect.DirectConstructorHandleAccessor.newInstance(DirectConstructorHandleAccessor.java:62)
	at java.base/java.lang.reflect.Constructor.newInstanceWithCaller(Constructor.java:502)
	at java.base/java.lang.reflect.Constructor.newInstance(Constructor.java:486)
	at org.openqa.selenium.remote.codec.w3c.W3CHttpResponseCodec.createException(W3CHttpResponseCodec.java:200)
	at org.openqa.selenium.remote.codec.w3c.W3CHttpResponseCodec.decode(W3CHttpResponseCodec.java:133)
	at org.openqa.selenium.remote.codec.w3c.W3CHttpResponseCodec.decode(W3CHttpResponseCodec.java:52)
	at org.openqa.selenium.remote.HttpCommandExecutor.execute(HttpCommandExecutor.java:191)
	at org.openqa.selenium.remote.service.DriverCommandExecutor.invokeExecute(DriverCommandExecutor.java:196)
	at org.openqa.selenium.remote.service.DriverCommandExecutor.execute(DriverCommandExecutor.java:171)
	at org.openqa.selenium.remote.RemoteWebDriver.execute(RemoteWebDriver.java:518)
	at org.openqa.selenium.remote.RemoteWebElement.execute(RemoteWebElement.java:224)
	at org.openqa.selenium.remote.RemoteWebElement.click(RemoteWebElement.java:77)
	at base.BaseTest.click(BaseTest.java:216)
	at pageEvents.BillPage.closePopupIcon(BillPage.java:623)
	at pageEvents.BillPage.closePopupOnBillPage(BillPage.java:1005)
	at pageEvents.BillPage.verifyBillCreationByAddingRecurringTransactionsDaily(BillPage.java:1758)
	at qa.tests.BillTest.verifyBillCreationByAddingRecurringTransactionsDaily(BillTest.java:94)
	at java.base/jdk.internal.reflect.DirectMethodHandleAccessor.invoke(DirectMethodHandleAccessor.java:103)
	at java.base/java.lang.reflect.Method.invoke(Method.java:580)
	at org.testng.internal.invokers.MethodInvocationHelper.invokeMethod(MethodInvocationHelper.java:141)
	at org.testng.internal.invokers.TestInvoker.invokeMethod(TestInvoker.java:686)
	at org.testng.internal.invokers.TestInvoker.invokeTestMethod(TestInvoker.java:230)
	at org.testng.internal.invokers.MethodRunner.runInSequence(MethodRunner.java:63)
	at org.testng.internal.invokers.TestInvoker$MethodInvocationAgent.invoke(TestInvoker.java:992)
	at org.testng.internal.invokers.TestInvoker.invokeTestMethods(TestInvoker.java:203)
	at org.testng.internal.invokers.TestMethodWorker.invokeTestMethods(TestMethodWorker.java:154)
	at org.testng.internal.invokers.TestMethodWorker.run(TestMethodWorker.java:134)
	at java.base/java.util.ArrayList.forEach(ArrayList.java:1597)
	at org.testng.TestRunner.privateRun(TestRunner.java:739)
	at org.testng.TestRunner.run(TestRunner.java:614)
	at org.testng.SuiteRunner.runTest(SuiteRunner.java:421)
	at org.testng.SuiteRunner.runSequentially(SuiteRunner.java:413)
	at org.testng.SuiteRunner.privateRun(SuiteRunner.java:373)
	at org.testng.SuiteRunner.run(SuiteRunner.java:312)
	at org.testng.SuiteRunnerWorker.runSuite(SuiteRunnerWorker.java:52)
	at org.testng.SuiteRunnerWorker.run(SuiteRunnerWorker.java:95)
	at org.testng.TestNG.runSuitesSequentially(TestNG.java:1274)
	at org.testng.TestNG.runSuitesLocally(TestNG.java:1208)
	at org.testng.TestNG.runSuites(TestNG.java:1112)
	at org.testng.TestNG.run(TestNG.java:1079)
	at com.intellij.rt.testng.IDEARemoteTestNG.run(IDEARemoteTestNG.java:65)
	at com.intellij.rt.testng.RemoteTestNGStarter.main(RemoteTestNGStarter.java:105)
</pre>
                      </p>
                    </td>
                  </tr>
                  <tr>
                    <td width="650px" class="bg-failed" style="padding:7px 20px;">
                      <p style="font-size:13px;margin:0;">
                        verifyBillCreationByAddingRecurringTransactionsWeekly
<pre>org.openqa.selenium.TimeoutException: Expected condition failed: waiting for visibility of element located by By.xpath: //div//button[text()='Continue without'] (tried for 10 second(s) with 500 milliseconds interval)
Build info: version: '4.11.0', revision: '040bc5406b'
System info: os.name: 'Windows 10', os.arch: 'amd64', os.version: '10.0', java.version: '22.0.1'
Driver info: org.openqa.selenium.chrome.ChromeDriver
Capabilities {acceptInsecureCerts: false, browserName: chrome, browserVersion: 136.0.7103.93, chrome: {chromedriverVersion: 136.0.7103.92 (cb81a4cc5087..., userDataDir: C:\Users\Caelius\AppData\Lo...}, fedcm:accounts: true, goog:chromeOptions: {debuggerAddress: localhost:53299}, networkConnectionEnabled: false, pageLoadStrategy: normal, platformName: windows, proxy: Proxy(), se:cdp: ws://localhost:53299/devtoo..., se:cdpVersion: 136.0.7103.93, setWindowRect: true, strictFileInteractability: false, timeouts: {implicit: 0, pageLoad: 300000, script: 30000}, unhandledPromptBehavior: dismiss and notify, webauthn:extension:credBlob: true, webauthn:extension:largeBlob: true, webauthn:extension:minPinLength: true, webauthn:extension:prf: true, webauthn:virtualAuthenticators: true}
Session ID: 17e6a85633b173731fbcb54f9218a06c
	at org.openqa.selenium.support.ui.WebDriverWait.timeoutException(WebDriverWait.java:84)
	at org.openqa.selenium.support.ui.FluentWait.until(FluentWait.java:230)
	at base.BaseTest.waitForElementToBeVisible(BaseTest.java:169)
	at pageEvents.BillPage.getContinueWithoutButton(BillPage.java:572)
	at pageEvents.BillPage.verifyBillCreationByAddingRecurringTransactionsWeekly(BillPage.java:1826)
	at qa.tests.BillTest.verifyBillCreationByAddingRecurringTransactionsWeekly(BillTest.java:103)
	at java.base/jdk.internal.reflect.DirectMethodHandleAccessor.invoke(DirectMethodHandleAccessor.java:103)
	at java.base/java.lang.reflect.Method.invoke(Method.java:580)
	at org.testng.internal.invokers.MethodInvocationHelper.invokeMethod(MethodInvocationHelper.java:141)
	at org.testng.internal.invokers.TestInvoker.invokeMethod(TestInvoker.java:686)
	at org.testng.internal.invokers.TestInvoker.invokeTestMethod(TestInvoker.java:230)
	at org.testng.internal.invokers.MethodRunner.runInSequence(MethodRunner.java:63)
	at org.testng.internal.invokers.TestInvoker$MethodInvocationAgent.invoke(TestInvoker.java:992)
	at org.testng.internal.invokers.TestInvoker.invokeTestMethods(TestInvoker.java:203)
	at org.testng.internal.invokers.TestMethodWorker.invokeTestMethods(TestMethodWorker.java:154)
	at org.testng.internal.invokers.TestMethodWorker.run(TestMethodWorker.java:134)
	at java.base/java.util.ArrayList.forEach(ArrayList.java:1597)
	at org.testng.TestRunner.privateRun(TestRunner.java:739)
	at org.testng.TestRunner.run(TestRunner.java:614)
	at org.testng.SuiteRunner.runTest(SuiteRunner.java:421)
	at org.testng.SuiteRunner.runSequentially(SuiteRunner.java:413)
	at org.testng.SuiteRunner.privateRun(SuiteRunner.java:373)
	at org.testng.SuiteRunner.run(SuiteRunner.java:312)
	at org.testng.SuiteRunnerWorker.runSuite(SuiteRunnerWorker.java:52)
	at org.testng.SuiteRunnerWorker.run(SuiteRunnerWorker.java:95)
	at org.testng.TestNG.runSuitesSequentially(TestNG.java:1274)
	at org.testng.TestNG.runSuitesLocally(TestNG.java:1208)
	at org.testng.TestNG.runSuites(TestNG.java:1112)
	at org.testng.TestNG.run(TestNG.java:1079)
	at com.intellij.rt.testng.IDEARemoteTestNG.run(IDEARemoteTestNG.java:65)
	at com.intellij.rt.testng.RemoteTestNGStarter.main(RemoteTestNGStarter.java:105)
</pre>
                      </p>
                    </td>
                  </tr>
                  <tr>
                    <td width="650px" class="bg-failed" style="padding:7px 20px;">
                      <p style="font-size:13px;margin:0;">
                        verifyBillCreationByAddingRecurringTransactionsMonthly
<pre>org.openqa.selenium.ElementClickInterceptedException: element click intercepted: Element <button class="btn-close" type="button" data-bs-dismiss="modal"></button> is not clickable at point (944, 51). Other element would receive the click: <div class="modal-header">...</div>
  (Session info: chrome=136.0.7103.93)
Build info: version: '4.11.0', revision: '040bc5406b'
System info: os.name: 'Windows 10', os.arch: 'amd64', os.version: '10.0', java.version: '22.0.1'
Driver info: org.openqa.selenium.chrome.ChromeDriver
Command: [9d38afffa7f112ee07c018918bf19776, clickElement {id=f.92A01BC6DD1A5292C93A544374327A48.d.6852100C523D8EB2101FF2501A7BA3F2.e.3688}]
Capabilities {acceptInsecureCerts: false, browserName: chrome, browserVersion: 136.0.7103.93, chrome: {chromedriverVersion: 136.0.7103.92 (cb81a4cc5087..., userDataDir: C:\Users\Caelius\AppData\Lo...}, fedcm:accounts: true, goog:chromeOptions: {debuggerAddress: localhost:53676}, networkConnectionEnabled: false, pageLoadStrategy: normal, platformName: windows, proxy: Proxy(), se:cdp: ws://localhost:53676/devtoo..., se:cdpVersion: 136.0.7103.93, setWindowRect: true, strictFileInteractability: false, timeouts: {implicit: 0, pageLoad: 300000, script: 30000}, unhandledPromptBehavior: dismiss and notify, webauthn:extension:credBlob: true, webauthn:extension:largeBlob: true, webauthn:extension:minPinLength: true, webauthn:extension:prf: true, webauthn:virtualAuthenticators: true}
Element: [[ChromeDriver: chrome on windows (9d38afffa7f112ee07c018918bf19776)] -> xpath: (//div[contains(@class, 'modal-content')]//button[@class='btn-close'])[2]]
Session ID: 9d38afffa7f112ee07c018918bf19776
	at java.base/jdk.internal.reflect.DirectConstructorHandleAccessor.newInstance(DirectConstructorHandleAccessor.java:62)
	at java.base/java.lang.reflect.Constructor.newInstanceWithCaller(Constructor.java:502)
	at java.base/java.lang.reflect.Constructor.newInstance(Constructor.java:486)
	at org.openqa.selenium.remote.codec.w3c.W3CHttpResponseCodec.createException(W3CHttpResponseCodec.java:200)
	at org.openqa.selenium.remote.codec.w3c.W3CHttpResponseCodec.decode(W3CHttpResponseCodec.java:133)
	at org.openqa.selenium.remote.codec.w3c.W3CHttpResponseCodec.decode(W3CHttpResponseCodec.java:52)
	at org.openqa.selenium.remote.HttpCommandExecutor.execute(HttpCommandExecutor.java:191)
	at org.openqa.selenium.remote.service.DriverCommandExecutor.invokeExecute(DriverCommandExecutor.java:196)
	at org.openqa.selenium.remote.service.DriverCommandExecutor.execute(DriverCommandExecutor.java:171)
	at org.openqa.selenium.remote.RemoteWebDriver.execute(RemoteWebDriver.java:518)
	at org.openqa.selenium.remote.RemoteWebElement.execute(RemoteWebElement.java:224)
	at org.openqa.selenium.remote.RemoteWebElement.click(RemoteWebElement.java:77)
	at base.BaseTest.click(BaseTest.java:216)
	at pageEvents.BillPage.closePopupIcon(BillPage.java:623)
	at pageEvents.BillPage.closePopupOnBillPage(BillPage.java:1005)
	at pageEvents.BillPage.verifyBillCreationByAddingRecurringTransactionsMonthly(BillPage.java:1940)
	at qa.tests.BillTest.verifyBillCreationByAddingRecurringTransactionsMonthly(BillTest.java:111)
	at java.base/jdk.internal.reflect.DirectMethodHandleAccessor.invoke(DirectMethodHandleAccessor.java:103)
	at java.base/java.lang.reflect.Method.invoke(Method.java:580)
	at org.testng.internal.invokers.MethodInvocationHelper.invokeMethod(MethodInvocationHelper.java:141)
	at org.testng.internal.invokers.TestInvoker.invokeMethod(TestInvoker.java:686)
	at org.testng.internal.invokers.TestInvoker.invokeTestMethod(TestInvoker.java:230)
	at org.testng.internal.invokers.MethodRunner.runInSequence(MethodRunner.java:63)
	at org.testng.internal.invokers.TestInvoker$MethodInvocationAgent.invoke(TestInvoker.java:992)
	at org.testng.internal.invokers.TestInvoker.invokeTestMethods(TestInvoker.java:203)
	at org.testng.internal.invokers.TestMethodWorker.invokeTestMethods(TestMethodWorker.java:154)
	at org.testng.internal.invokers.TestMethodWorker.run(TestMethodWorker.java:134)
	at java.base/java.util.ArrayList.forEach(ArrayList.java:1597)
	at org.testng.TestRunner.privateRun(TestRunner.java:739)
	at org.testng.TestRunner.run(TestRunner.java:614)
	at org.testng.SuiteRunner.runTest(SuiteRunner.java:421)
	at org.testng.SuiteRunner.runSequentially(SuiteRunner.java:413)
	at org.testng.SuiteRunner.privateRun(SuiteRunner.java:373)
	at org.testng.SuiteRunner.run(SuiteRunner.java:312)
	at org.testng.SuiteRunnerWorker.runSuite(SuiteRunnerWorker.java:52)
	at org.testng.SuiteRunnerWorker.run(SuiteRunnerWorker.java:95)
	at org.testng.TestNG.runSuitesSequentially(TestNG.java:1274)
	at org.testng.TestNG.runSuitesLocally(TestNG.java:1208)
	at org.testng.TestNG.runSuites(TestNG.java:1112)
	at org.testng.TestNG.run(TestNG.java:1079)
	at com.intellij.rt.testng.IDEARemoteTestNG.run(IDEARemoteTestNG.java:65)
	at com.intellij.rt.testng.RemoteTestNGStarter.main(RemoteTestNGStarter.java:105)
</pre>
                      </p>
                    </td>
                  </tr>
                  <tr>
                    <td width="650px" class="bg-failed" style="padding:7px 20px;">
                      <p style="font-size:13px;margin:0;">
                        verifyBillCreationByAddingRecurringTransactionsYearly
<pre>org.openqa.selenium.ElementClickInterceptedException: element click intercepted: Element <button class="btn-close" type="button" data-bs-dismiss="modal"></button> is not clickable at point (944, 51). Other element would receive the click: <div class="modal-header">...</div>
  (Session info: chrome=136.0.7103.93)
Build info: version: '4.11.0', revision: '040bc5406b'
System info: os.name: 'Windows 10', os.arch: 'amd64', os.version: '10.0', java.version: '22.0.1'
Driver info: org.openqa.selenium.chrome.ChromeDriver
Command: [8178bee383291779868627e46779b988, clickElement {id=f.E0C1E1A6E690488C0D6D9BC0114B7E23.d.82E8864F1926246E42BB256E9AA5B669.e.3676}]
Capabilities {acceptInsecureCerts: false, browserName: chrome, browserVersion: 136.0.7103.93, chrome: {chromedriverVersion: 136.0.7103.92 (cb81a4cc5087..., userDataDir: C:\Users\Caelius\AppData\Lo...}, fedcm:accounts: true, goog:chromeOptions: {debuggerAddress: localhost:54039}, networkConnectionEnabled: false, pageLoadStrategy: normal, platformName: windows, proxy: Proxy(), se:cdp: ws://localhost:54039/devtoo..., se:cdpVersion: 136.0.7103.93, setWindowRect: true, strictFileInteractability: false, timeouts: {implicit: 0, pageLoad: 300000, script: 30000}, unhandledPromptBehavior: dismiss and notify, webauthn:extension:credBlob: true, webauthn:extension:largeBlob: true, webauthn:extension:minPinLength: true, webauthn:extension:prf: true, webauthn:virtualAuthenticators: true}
Element: [[ChromeDriver: chrome on windows (8178bee383291779868627e46779b988)] -> xpath: (//div[contains(@class, 'modal-content')]//button[@class='btn-close'])[2]]
Session ID: 8178bee383291779868627e46779b988
	at java.base/jdk.internal.reflect.DirectConstructorHandleAccessor.newInstance(DirectConstructorHandleAccessor.java:62)
	at java.base/java.lang.reflect.Constructor.newInstanceWithCaller(Constructor.java:502)
	at java.base/java.lang.reflect.Constructor.newInstance(Constructor.java:486)
	at org.openqa.selenium.remote.codec.w3c.W3CHttpResponseCodec.createException(W3CHttpResponseCodec.java:200)
	at org.openqa.selenium.remote.codec.w3c.W3CHttpResponseCodec.decode(W3CHttpResponseCodec.java:133)
	at org.openqa.selenium.remote.codec.w3c.W3CHttpResponseCodec.decode(W3CHttpResponseCodec.java:52)
	at org.openqa.selenium.remote.HttpCommandExecutor.execute(HttpCommandExecutor.java:191)
	at org.openqa.selenium.remote.service.DriverCommandExecutor.invokeExecute(DriverCommandExecutor.java:196)
	at org.openqa.selenium.remote.service.DriverCommandExecutor.execute(DriverCommandExecutor.java:171)
	at org.openqa.selenium.remote.RemoteWebDriver.execute(RemoteWebDriver.java:518)
	at org.openqa.selenium.remote.RemoteWebElement.execute(RemoteWebElement.java:224)
	at org.openqa.selenium.remote.RemoteWebElement.click(RemoteWebElement.java:77)
	at base.BaseTest.click(BaseTest.java:216)
	at pageEvents.BillPage.closePopupIcon(BillPage.java:623)
	at pageEvents.BillPage.closePopupOnBillPage(BillPage.java:1005)
	at pageEvents.BillPage.verifyBillCreationByAddingRecurringTransactionsYearly(BillPage.java:1985)
	at qa.tests.BillTest.verifyBillCreationByAddingRecurringTransactionsYearly(BillTest.java:119)
	at java.base/jdk.internal.reflect.DirectMethodHandleAccessor.invoke(DirectMethodHandleAccessor.java:103)
	at java.base/java.lang.reflect.Method.invoke(Method.java:580)
	at org.testng.internal.invokers.MethodInvocationHelper.invokeMethod(MethodInvocationHelper.java:141)
	at org.testng.internal.invokers.TestInvoker.invokeMethod(TestInvoker.java:686)
	at org.testng.internal.invokers.TestInvoker.invokeTestMethod(TestInvoker.java:230)
	at org.testng.internal.invokers.MethodRunner.runInSequence(MethodRunner.java:63)
	at org.testng.internal.invokers.TestInvoker$MethodInvocationAgent.invoke(TestInvoker.java:992)
	at org.testng.internal.invokers.TestInvoker.invokeTestMethods(TestInvoker.java:203)
	at org.testng.internal.invokers.TestMethodWorker.invokeTestMethods(TestMethodWorker.java:154)
	at org.testng.internal.invokers.TestMethodWorker.run(TestMethodWorker.java:134)
	at java.base/java.util.ArrayList.forEach(ArrayList.java:1597)
	at org.testng.TestRunner.privateRun(TestRunner.java:739)
	at org.testng.TestRunner.run(TestRunner.java:614)
	at org.testng.SuiteRunner.runTest(SuiteRunner.java:421)
	at org.testng.SuiteRunner.runSequentially(SuiteRunner.java:413)
	at org.testng.SuiteRunner.privateRun(SuiteRunner.java:373)
	at org.testng.SuiteRunner.run(SuiteRunner.java:312)
	at org.testng.SuiteRunnerWorker.runSuite(SuiteRunnerWorker.java:52)
	at org.testng.SuiteRunnerWorker.run(SuiteRunnerWorker.java:95)
	at org.testng.TestNG.runSuitesSequentially(TestNG.java:1274)
	at org.testng.TestNG.runSuitesLocally(TestNG.java:1208)
	at org.testng.TestNG.runSuites(TestNG.java:1112)
	at org.testng.TestNG.run(TestNG.java:1079)
	at com.intellij.rt.testng.IDEARemoteTestNG.run(IDEARemoteTestNG.java:65)
	at com.intellij.rt.testng.RemoteTestNGStarter.main(RemoteTestNGStarter.java:105)
</pre>
                      </p>
                    </td>
                  </tr>
                  <tr>
                    <td width="650px" class="bg-passed" style="padding:7px 20px;">
                      <p style="font-size:13px;margin:0;">
                        verifyBillCreationByAddingpaymentMethod
                      </p>
                    </td>
                  </tr>
                  <tr><td style="height:10px"></td></tr>
                  <tr>
                    <td width="650px" class="bg-failed" style="padding:7px 10px;">
                      <p style="font-size:13px;margin:0;">
                        qa.tests.CustomersTest
                      </p>
                    </td>
                  </tr>
                  <tr>
                    <td width="650px" class="bg-passed" style="padding:7px 20px;">
                      <p style="font-size:13px;margin:0;">
                        verifyAddCustomerWithEmail
                      </p>
                    </td>
                  </tr>
                  <tr>
                    <td width="650px" class="bg-passed" style="padding:7px 20px;">
                      <p style="font-size:13px;margin:0;">
                        verifyAddCustomerWithPhoneNumber
                      </p>
                    </td>
                  </tr>
                  <tr>
                    <td width="650px" class="bg-passed" style="padding:7px 20px;">
                      <p style="font-size:13px;margin:0;">
                        verifyAddCustomerWithPhoneNumber
                      </p>
                    </td>
                  </tr>
                  <tr>
                    <td width="650px" class="bg-passed" style="padding:7px 20px;">
                      <p style="font-size:13px;margin:0;">
                        verifyAddCustomerWithPhoneNumber
                      </p>
                    </td>
                  </tr>
                  <tr>
                    <td width="650px" class="bg-failed" style="padding:7px 20px;">
                      <p style="font-size:13px;margin:0;">
                        verifyAddCustomerWithPhoneNumber
<pre>java.lang.AssertionError: expected [true] but found [false]
	at org.testng.Assert.fail(Assert.java:111)
	at org.testng.Assert.failNotEquals(Assert.java:1578)
	at org.testng.Assert.assertTrue(Assert.java:57)
	at org.testng.Assert.assertTrue(Assert.java:67)
	at qa.tests.CustomersTest.verifyAddCustomerWithPhoneNumber(CustomersTest.java:57)
	at java.base/jdk.internal.reflect.DirectMethodHandleAccessor.invoke(DirectMethodHandleAccessor.java:103)
	at java.base/java.lang.reflect.Method.invoke(Method.java:580)
	at org.testng.internal.invokers.MethodInvocationHelper.invokeMethod(MethodInvocationHelper.java:141)
	at org.testng.internal.invokers.TestInvoker.invokeMethod(TestInvoker.java:686)
	at org.testng.internal.invokers.TestInvoker.invokeTestMethod(TestInvoker.java:230)
	at org.testng.internal.invokers.MethodRunner.runInSequence(MethodRunner.java:63)
	at org.testng.internal.invokers.TestInvoker$MethodInvocationAgent.invoke(TestInvoker.java:992)
	at org.testng.internal.invokers.TestInvoker.invokeTestMethods(TestInvoker.java:203)
	at org.testng.internal.invokers.TestMethodWorker.invokeTestMethods(TestMethodWorker.java:154)
	at org.testng.internal.invokers.TestMethodWorker.run(TestMethodWorker.java:134)
	at java.base/java.util.ArrayList.forEach(ArrayList.java:1597)
	at org.testng.TestRunner.privateRun(TestRunner.java:739)
	at org.testng.TestRunner.run(TestRunner.java:614)
	at org.testng.SuiteRunner.runTest(SuiteRunner.java:421)
	at org.testng.SuiteRunner.runSequentially(SuiteRunner.java:413)
	at org.testng.SuiteRunner.privateRun(SuiteRunner.java:373)
	at org.testng.SuiteRunner.run(SuiteRunner.java:312)
	at org.testng.SuiteRunnerWorker.runSuite(SuiteRunnerWorker.java:52)
	at org.testng.SuiteRunnerWorker.run(SuiteRunnerWorker.java:95)
	at org.testng.TestNG.runSuitesSequentially(TestNG.java:1274)
	at org.testng.TestNG.runSuitesLocally(TestNG.java:1208)
	at org.testng.TestNG.runSuites(TestNG.java:1112)
	at org.testng.TestNG.run(TestNG.java:1079)
	at com.intellij.rt.testng.IDEARemoteTestNG.run(IDEARemoteTestNG.java:65)
	at com.intellij.rt.testng.RemoteTestNGStarter.main(RemoteTestNGStarter.java:105)
</pre>
                      </p>
                    </td>
                  </tr>
                  <tr>
                    <td width="650px" class="bg-passed" style="padding:7px 20px;">
                      <p style="font-size:13px;margin:0;">
                        verifyAddRewardPoints
                      </p>
                    </td>
                  </tr>
                  <tr>
                    <td width="650px" class="bg-passed" style="padding:7px 20px;">
                      <p style="font-size:13px;margin:0;">
                        verifyChangeCustomerName
                      </p>
                    </td>
                  </tr>
                  <tr>
                    <td width="650px" class="bg-passed" style="padding:7px 20px;">
                      <p style="font-size:13px;margin:0;">
                        verifyCreateBillAndSearch
                      </p>
                    </td>
                  </tr>
                  <tr>
                    <td width="650px" class="bg-passed" style="padding:7px 20px;">
                      <p style="font-size:13px;margin:0;">
                        verifyCreateGiftCard
                      </p>
                    </td>
                  </tr>
                  <tr>
                    <td width="650px" class="bg-passed" style="padding:7px 20px;">
                      <p style="font-size:13px;margin:0;">
                        verifyFilterWithEmail
                      </p>
                    </td>
                  </tr>
                  <tr>
                    <td width="650px" class="bg-passed" style="padding:7px 20px;">
                      <p style="font-size:13px;margin:0;">
                        verifyFilterWithName
                      </p>
                    </td>
                  </tr>
                  <tr>
                    <td width="650px" class="bg-failed" style="padding:7px 20px;">
                      <p style="font-size:13px;margin:0;">
                        verifyFilterWithPhoneNumber
<pre>org.openqa.selenium.TimeoutException: Expected condition failed: waiting for visibility of element located by By.xpath: //div[@class='no-result-icon'] (tried for 3 second(s) with 500 milliseconds interval)
Build info: version: '4.11.0', revision: '040bc5406b'
System info: os.name: 'Windows 10', os.arch: 'amd64', os.version: '10.0', java.version: '22.0.1'
Driver info: org.openqa.selenium.chrome.ChromeDriver
Capabilities {acceptInsecureCerts: false, browserName: chrome, browserVersion: 136.0.7103.93, chrome: {chromedriverVersion: 136.0.7103.92 (cb81a4cc5087..., userDataDir: C:\Users\Caelius\AppData\Lo...}, fedcm:accounts: true, goog:chromeOptions: {debuggerAddress: localhost:56615}, networkConnectionEnabled: false, pageLoadStrategy: normal, platformName: windows, proxy: Proxy(), se:cdp: ws://localhost:56615/devtoo..., se:cdpVersion: 136.0.7103.93, setWindowRect: true, strictFileInteractability: false, timeouts: {implicit: 0, pageLoad: 300000, script: 30000}, unhandledPromptBehavior: dismiss and notify, webauthn:extension:credBlob: true, webauthn:extension:largeBlob: true, webauthn:extension:minPinLength: true, webauthn:extension:prf: true, webauthn:virtualAuthenticators: true}
Session ID: 4e355b806fa7115191be54550edab8bc
	at org.openqa.selenium.support.ui.WebDriverWait.timeoutException(WebDriverWait.java:84)
	at org.openqa.selenium.support.ui.FluentWait.until(FluentWait.java:230)
	at base.BaseTest.waitForElementToBeVisible(BaseTest.java:169)
	at qa.tests.CustomersTest.verifyFilterWithPhoneNumber(CustomersTest.java:124)
	at java.base/jdk.internal.reflect.DirectMethodHandleAccessor.invoke(DirectMethodHandleAccessor.java:103)
	at java.base/java.lang.reflect.Method.invoke(Method.java:580)
	at org.testng.internal.invokers.MethodInvocationHelper.invokeMethod(MethodInvocationHelper.java:141)
	at org.testng.internal.invokers.TestInvoker.invokeMethod(TestInvoker.java:686)
	at org.testng.internal.invokers.TestInvoker.invokeTestMethod(TestInvoker.java:230)
	at org.testng.internal.invokers.MethodRunner.runInSequence(MethodRunner.java:63)
	at org.testng.internal.invokers.TestInvoker$MethodInvocationAgent.invoke(TestInvoker.java:992)
	at org.testng.internal.invokers.TestInvoker.invokeTestMethods(TestInvoker.java:203)
	at org.testng.internal.invokers.TestMethodWorker.invokeTestMethods(TestMethodWorker.java:154)
	at org.testng.internal.invokers.TestMethodWorker.run(TestMethodWorker.java:134)
	at java.base/java.util.ArrayList.forEach(ArrayList.java:1597)
	at org.testng.TestRunner.privateRun(TestRunner.java:739)
	at org.testng.TestRunner.run(TestRunner.java:614)
	at org.testng.SuiteRunner.runTest(SuiteRunner.java:421)
	at org.testng.SuiteRunner.runSequentially(SuiteRunner.java:413)
	at org.testng.SuiteRunner.privateRun(SuiteRunner.java:373)
	at org.testng.SuiteRunner.run(SuiteRunner.java:312)
	at org.testng.SuiteRunnerWorker.runSuite(SuiteRunnerWorker.java:52)
	at org.testng.SuiteRunnerWorker.run(SuiteRunnerWorker.java:95)
	at org.testng.TestNG.runSuitesSequentially(TestNG.java:1274)
	at org.testng.TestNG.runSuitesLocally(TestNG.java:1208)
	at org.testng.TestNG.runSuites(TestNG.java:1112)
	at org.testng.TestNG.run(TestNG.java:1079)
	at com.intellij.rt.testng.IDEARemoteTestNG.run(IDEARemoteTestNG.java:65)
	at com.intellij.rt.testng.RemoteTestNGStarter.main(RemoteTestNGStarter.java:105)
</pre>
                      </p>
                    </td>
                  </tr>
                  <tr>
                    <td width="650px" class="bg-passed" style="padding:7px 20px;">
                      <p style="font-size:13px;margin:0;">
                        verifyOpenCustomersProfilePage
                      </p>
                    </td>
                  </tr>
                  <tr>
                    <td width="650px" class="bg-passed" style="padding:7px 20px;">
                      <p style="font-size:13px;margin:0;">
                        verifyOpenMessagePg
                      </p>
                    </td>
                  </tr>
                  <tr>
                    <td width="650px" class="bg-passed" style="padding:7px 20px;">
                      <p style="font-size:13px;margin:0;">
                        verifySelectCustomerViaFilter
                      </p>
                    </td>
                  </tr>
                  <tr>
                    <td width="650px" class="bg-passed" style="padding:7px 20px;">
                      <p style="font-size:13px;margin:0;">
                        verifystoreCustomersPage
                      </p>
                    </td>
                  </tr>
                  <tr><td style="height:10px"></td></tr>
                  <tr>
                    <td width="650px" class="bg-failed" style="padding:7px 10px;">
                      <p style="font-size:13px;margin:0;">
                        qa.tests.DashboardTest
                      </p>
                    </td>
                  </tr>
                  <tr>
                    <td width="650px" class="bg-passed" style="padding:7px 20px;">
                      <p style="font-size:13px;margin:0;">
                        userGetDirectToMessagePage
                      </p>
                    </td>
                  </tr>
                  <tr>
                    <td width="650px" class="bg-passed" style="padding:7px 20px;">
                      <p style="font-size:13px;margin:0;">
                        verifyAllSection
                      </p>
                    </td>
                  </tr>
                  <tr>
                    <td width="650px" class="bg-passed" style="padding:7px 20px;">
                      <p style="font-size:13px;margin:0;">
                        verifyCountOfAllStores
                      </p>
                    </td>
                  </tr>
                  <tr>
                    <td width="650px" class="bg-passed" style="padding:7px 20px;">
                      <p style="font-size:13px;margin:0;">
                        verifyCustomerTrendGraphofAllStores
                      </p>
                    </td>
                  </tr>
                  <tr>
                    <td width="650px" class="bg-passed" style="padding:7px 20px;">
                      <p style="font-size:13px;margin:0;">
                        verifyRadarchartPaymentMethodOfSelectedStore
                      </p>
                    </td>
                  </tr>
                  <tr>
                    <td width="650px" class="bg-passed" style="padding:7px 20px;">
                      <p style="font-size:13px;margin:0;">
                        verifyThatDirectedToDashboardPageOfSelectedStore
                      </p>
                    </td>
                  </tr>
                  <tr>
                    <td width="650px" class="bg-failed" style="padding:7px 20px;">
                      <p style="font-size:13px;margin:0;">
                        verifyThatRecentTransactionAfterClickingOnAStore
<pre>org.openqa.selenium.ElementClickInterceptedException: element click intercepted: Element is not clickable at point (125, -237)
  (Session info: chrome=136.0.7103.93)
Build info: version: '4.11.0', revision: '040bc5406b'
System info: os.name: 'Windows 10', os.arch: 'amd64', os.version: '10.0', java.version: '22.0.1'
Driver info: org.openqa.selenium.chrome.ChromeDriver
Command: [529d36d7061979ed68368ba83c23a3db, clickElement {id=f.B8090B4216D10820EDA0326A72390BB0.d.34060B036C0EC90CFFB493E1F9767E27.e.3022}]
Capabilities {acceptInsecureCerts: false, browserName: chrome, browserVersion: 136.0.7103.93, chrome: {chromedriverVersion: 136.0.7103.92 (cb81a4cc5087..., userDataDir: C:\Users\Caelius\AppData\Lo...}, fedcm:accounts: true, goog:chromeOptions: {debuggerAddress: localhost:58217}, networkConnectionEnabled: false, pageLoadStrategy: normal, platformName: windows, proxy: Proxy(), se:cdp: ws://localhost:58217/devtoo..., se:cdpVersion: 136.0.7103.93, setWindowRect: true, strictFileInteractability: false, timeouts: {implicit: 0, pageLoad: 300000, script: 30000}, unhandledPromptBehavior: dismiss and notify, webauthn:extension:credBlob: true, webauthn:extension:largeBlob: true, webauthn:extension:minPinLength: true, webauthn:extension:prf: true, webauthn:virtualAuthenticators: true}
Element: [[ChromeDriver: chrome on windows (529d36d7061979ed68368ba83c23a3db)] -> xpath: //li[@class='sidebar-item mb-2 bg-light']/ a[text()='Manage Business']]
Session ID: 529d36d7061979ed68368ba83c23a3db
	at java.base/jdk.internal.reflect.DirectConstructorHandleAccessor.newInstance(DirectConstructorHandleAccessor.java:62)
	at java.base/java.lang.reflect.Constructor.newInstanceWithCaller(Constructor.java:502)
	at java.base/java.lang.reflect.Constructor.newInstance(Constructor.java:486)
	at org.openqa.selenium.remote.codec.w3c.W3CHttpResponseCodec.createException(W3CHttpResponseCodec.java:200)
	at org.openqa.selenium.remote.codec.w3c.W3CHttpResponseCodec.decode(W3CHttpResponseCodec.java:133)
	at org.openqa.selenium.remote.codec.w3c.W3CHttpResponseCodec.decode(W3CHttpResponseCodec.java:52)
	at org.openqa.selenium.remote.HttpCommandExecutor.execute(HttpCommandExecutor.java:191)
	at org.openqa.selenium.remote.service.DriverCommandExecutor.invokeExecute(DriverCommandExecutor.java:196)
	at org.openqa.selenium.remote.service.DriverCommandExecutor.execute(DriverCommandExecutor.java:171)
	at org.openqa.selenium.remote.RemoteWebDriver.execute(RemoteWebDriver.java:518)
	at org.openqa.selenium.remote.RemoteWebElement.execute(RemoteWebElement.java:224)
	at org.openqa.selenium.remote.RemoteWebElement.click(RemoteWebElement.java:77)
	at base.BaseTest.click(BaseTest.java:216)
	at pageEvents.SidePannelPage.getMangeBusinessTab(SidePannelPage.java:33)
	at qa.tests.DashboardTest.verifyThatRecentTransactionAfterClickingOnAStore(DashboardTest.java:231)
	at java.base/jdk.internal.reflect.DirectMethodHandleAccessor.invoke(DirectMethodHandleAccessor.java:103)
	at java.base/java.lang.reflect.Method.invoke(Method.java:580)
	at org.testng.internal.invokers.MethodInvocationHelper.invokeMethod(MethodInvocationHelper.java:141)
	at org.testng.internal.invokers.TestInvoker.invokeMethod(TestInvoker.java:686)
	at org.testng.internal.invokers.TestInvoker.invokeTestMethod(TestInvoker.java:230)
	at org.testng.internal.invokers.MethodRunner.runInSequence(MethodRunner.java:63)
	at org.testng.internal.invokers.TestInvoker$MethodInvocationAgent.invoke(TestInvoker.java:992)
	at org.testng.internal.invokers.TestInvoker.invokeTestMethods(TestInvoker.java:203)
	at org.testng.internal.invokers.TestMethodWorker.invokeTestMethods(TestMethodWorker.java:154)
	at org.testng.internal.invokers.TestMethodWorker.run(TestMethodWorker.java:134)
	at java.base/java.util.ArrayList.forEach(ArrayList.java:1597)
	at org.testng.TestRunner.privateRun(TestRunner.java:739)
	at org.testng.TestRunner.run(TestRunner.java:614)
	at org.testng.SuiteRunner.runTest(SuiteRunner.java:421)
	at org.testng.SuiteRunner.runSequentially(SuiteRunner.java:413)
	at org.testng.SuiteRunner.privateRun(SuiteRunner.java:373)
	at org.testng.SuiteRunner.run(SuiteRunner.java:312)
	at org.testng.SuiteRunnerWorker.runSuite(SuiteRunnerWorker.java:52)
	at org.testng.SuiteRunnerWorker.run(SuiteRunnerWorker.java:95)
	at org.testng.TestNG.runSuitesSequentially(TestNG.java:1274)
	at org.testng.TestNG.runSuitesLocally(TestNG.java:1208)
	at org.testng.TestNG.runSuites(TestNG.java:1112)
	at org.testng.TestNG.run(TestNG.java:1079)
	at com.intellij.rt.testng.IDEARemoteTestNG.run(IDEARemoteTestNG.java:65)
	at com.intellij.rt.testng.RemoteTestNGStarter.main(RemoteTestNGStarter.java:105)
</pre>
                      </p>
                    </td>
                  </tr>
                  <tr>
                    <td width="650px" class="bg-passed" style="padding:7px 20px;">
                      <p style="font-size:13px;margin:0;">
                        verifyThatRecentTransactionForAllStoreAppearsUnderRecentTransactionSection
                      </p>
                    </td>
                  </tr>
                  <tr>
                    <td width="650px" class="bg-passed" style="padding:7px 20px;">
                      <p style="font-size:13px;margin:0;">
                        verifyTheRadarChartPaymentMethods
                      </p>
                    </td>
                  </tr>
                  <tr><td style="height:10px"></td></tr>
                  <tr>
                    <td width="650px" class="bg-failed" style="padding:7px 10px;">
                      <p style="font-size:13px;margin:0;">
                        qa.tests.GiftCardDashboardTest
                      </p>
                    </td>
                  </tr>
                  <tr>
                    <td width="650px" class="bg-passed" style="padding:7px 20px;">
                      <p style="font-size:13px;margin:0;">
                        verifyInformationMsgNoActiveStore
                      </p>
                    </td>
                  </tr>
                  <tr>
                    <td width="650px" class="bg-passed" style="padding:7px 20px;">
                      <p style="font-size:13px;margin:0;">
                        verifyGiftcardDashboardPage
                      </p>
                    </td>
                  </tr>
                  <tr>
                    <td width="650px" class="bg-passed" style="padding:7px 20px;">
                      <p style="font-size:13px;margin:0;">
                        verifyGiftConfigurationPopup
                      </p>
                    </td>
                  </tr>
                  <tr>
                    <td width="650px" class="bg-passed" style="padding:7px 20px;">
                      <p style="font-size:13px;margin:0;">
                        verifyReferenceNoOption
                      </p>
                    </td>
                  </tr>
                  <tr>
                    <td width="650px" class="bg-passed" style="padding:7px 20px;">
                      <p style="font-size:13px;margin:0;">
                        verifySourceFundingOptions
                      </p>
                    </td>
                  </tr>
                  <tr>
                    <td width="650px" class="bg-passed" style="padding:7px 20px;">
                      <p style="font-size:13px;margin:0;">
                        verifyCardAmountField
                      </p>
                    </td>
                  </tr>
                  <tr>
                    <td width="650px" class="bg-passed" style="padding:7px 20px;">
                      <p style="font-size:13px;margin:0;">
                        verifySendAmount
                      </p>
                    </td>
                  </tr>
                  <tr>
                    <td width="650px" class="bg-passed" style="padding:7px 20px;">
                      <p style="font-size:13px;margin:0;">
                        verifyNullAmountValidationMsg
                      </p>
                    </td>
                  </tr>
                  <tr>
                    <td width="650px" class="bg-passed" style="padding:7px 20px;">
                      <p style="font-size:13px;margin:0;">
                        verifyOptionalSettings
                      </p>
                    </td>
                  </tr>
                  <tr>
                    <td width="650px" class="bg-passed" style="padding:7px 20px;">
                      <p style="font-size:13px;margin:0;">
                        verifyCrossButton
                      </p>
                    </td>
                  </tr>
                  <tr>
                    <td width="650px" class="bg-passed" style="padding:7px 20px;">
                      <p style="font-size:13px;margin:0;">
                        verifyCustomerPopUp
                      </p>
                    </td>
                  </tr>
                  <tr>
                    <td width="650px" class="bg-passed" style="padding:7px 20px;">
                      <p style="font-size:13px;margin:0;">
                        verifyInvalidCustomerPhoneField
                      </p>
                    </td>
                  </tr>
                  <tr>
                    <td width="650px" class="bg-passed" style="padding:7px 20px;">
                      <p style="font-size:13px;margin:0;">
                        verifyInvalidCustomerEmailField
                      </p>
                    </td>
                  </tr>
                  <tr>
                    <td width="650px" class="bg-passed" style="padding:7px 20px;">
                      <p style="font-size:13px;margin:0;">
                        verifyInvalidCustomerNameField
                      </p>
                    </td>
                  </tr>
                  <tr>
                    <td width="650px" class="bg-passed" style="padding:7px 20px;">
                      <p style="font-size:13px;margin:0;">
                        verifyInitialAmountField
                      </p>
                    </td>
                  </tr>
                  <tr>
                    <td width="650px" class="bg-passed" style="padding:7px 20px;">
                      <p style="font-size:13px;margin:0;">
                        verifyInitialAmtEqualsMaxGiftAmount
                      </p>
                    </td>
                  </tr>
                  <tr>
                    <td width="650px" class="bg-passed" style="padding:7px 20px;">
                      <p style="font-size:13px;margin:0;">
                        verifyRefrenceNoMandatory
                      </p>
                    </td>
                  </tr>
                  <tr>
                    <td width="650px" class="bg-passed" style="padding:7px 20px;">
                      <p style="font-size:13px;margin:0;">
                        verifyAdditionalFields
                      </p>
                    </td>
                  </tr>
                  <tr>
                    <td width="650px" class="bg-passed" style="padding:7px 20px;">
                      <p style="font-size:13px;margin:0;">
                        verifyCardNoRejectLessThan4NumericValues
                      </p>
                    </td>
                  </tr>
                  <tr>
                    <td width="650px" class="bg-passed" style="padding:7px 20px;">
                      <p style="font-size:13px;margin:0;">
                        verifyCardAcceptesNumericValues
                      </p>
                    </td>
                  </tr>
                  <tr>
                    <td width="650px" class="bg-passed" style="padding:7px 20px;">
                      <p style="font-size:13px;margin:0;">
                        verifyCardNoAccepts18NumericValues
                      </p>
                    </td>
                  </tr>
                  <tr>
                    <td width="650px" class="bg-passed" style="padding:7px 20px;">
                      <p style="font-size:13px;margin:0;">
                        verifyMemoAccepts500Values
                      </p>
                    </td>
                  </tr>
                  <tr>
                    <td width="650px" class="bg-passed" style="padding:7px 20px;">
                      <p style="font-size:13px;margin:0;">
                        verifyFundingSourceAsTList
                      </p>
                    </td>
                  </tr>
                  <tr>
                    <td width="650px" class="bg-passed" style="padding:7px 20px;">
                      <p style="font-size:13px;margin:0;">
                        verifyFundingSourceAsText
                      </p>
                    </td>
                  </tr>
                  <tr>
                    <td width="650px" class="bg-failed" style="padding:7px 20px;">
                      <p style="font-size:13px;margin:0;">
                        verifyPastStartDatesDisabled
<pre>org.openqa.selenium.ElementClickInterceptedException: element click intercepted: Element <button class="btn-lg btn btn-success" section="phonesignin" type="submit" data-ajaxsubmit="1">...</button> is not clickable at point (612, 398). Other element would receive the click: <div class="splash-icon"></div>
  (Session info: chrome=136.0.7103.93)
Build info: version: '4.11.0', revision: '040bc5406b'
System info: os.name: 'Windows 10', os.arch: 'amd64', os.version: '10.0', java.version: '22.0.1'
Driver info: org.openqa.selenium.chrome.ChromeDriver
Command: [b9940586ad7bcd2a15da2bacea8bb85f, clickElement {id=f.6BD8A0106DEC8B45413275465DA9B612.d.017ACB45028D0C560C8941A079D7B06F.e.108}]
Capabilities {acceptInsecureCerts: false, browserName: chrome, browserVersion: 136.0.7103.93, chrome: {chromedriverVersion: 136.0.7103.92 (cb81a4cc5087..., userDataDir: C:\Users\Caelius\AppData\Lo...}, fedcm:accounts: true, goog:chromeOptions: {debuggerAddress: localhost:62557}, networkConnectionEnabled: false, pageLoadStrategy: normal, platformName: windows, proxy: Proxy(), se:cdp: ws://localhost:62557/devtoo..., se:cdpVersion: 136.0.7103.93, setWindowRect: true, strictFileInteractability: false, timeouts: {implicit: 0, pageLoad: 300000, script: 30000}, unhandledPromptBehavior: dismiss and notify, webauthn:extension:credBlob: true, webauthn:extension:largeBlob: true, webauthn:extension:minPinLength: true, webauthn:extension:prf: true, webauthn:virtualAuthenticators: true}
Element: [[ChromeDriver: chrome on windows (b9940586ad7bcd2a15da2bacea8bb85f)] -> xpath: //*[@id='loginAdvDivId']/div[2]/div/button]
Session ID: b9940586ad7bcd2a15da2bacea8bb85f
	at java.base/jdk.internal.reflect.DirectConstructorHandleAccessor.newInstance(DirectConstructorHandleAccessor.java:62)
	at java.base/java.lang.reflect.Constructor.newInstanceWithCaller(Constructor.java:502)
	at java.base/java.lang.reflect.Constructor.newInstance(Constructor.java:486)
	at org.openqa.selenium.remote.codec.w3c.W3CHttpResponseCodec.createException(W3CHttpResponseCodec.java:200)
	at org.openqa.selenium.remote.codec.w3c.W3CHttpResponseCodec.decode(W3CHttpResponseCodec.java:133)
	at org.openqa.selenium.remote.codec.w3c.W3CHttpResponseCodec.decode(W3CHttpResponseCodec.java:52)
	at org.openqa.selenium.remote.HttpCommandExecutor.execute(HttpCommandExecutor.java:191)
	at org.openqa.selenium.remote.service.DriverCommandExecutor.invokeExecute(DriverCommandExecutor.java:196)
	at org.openqa.selenium.remote.service.DriverCommandExecutor.execute(DriverCommandExecutor.java:171)
	at org.openqa.selenium.remote.RemoteWebDriver.execute(RemoteWebDriver.java:518)
	at org.openqa.selenium.remote.RemoteWebElement.execute(RemoteWebElement.java:224)
	at org.openqa.selenium.remote.RemoteWebElement.click(RemoteWebElement.java:77)
	at base.BaseTest.click(BaseTest.java:216)
	at pageEvents.LoginPageEvents.signIn(LoginPageEvents.java:69)
	at base.BaseTest.Login(BaseTest.java:677)
	at pageEvents.GiftCardDashboardPage.offOptionalSettings(GiftCardDashboardPage.java:222)
	at pageEvents.GiftCardDashboardPage.verifyPastStartDatesDisabled(GiftCardDashboardPage.java:1261)
	at qa.tests.GiftCardDashboardTest.verifyPastStartDatesDisabled(GiftCardDashboardTest.java:171)
	at java.base/jdk.internal.reflect.DirectMethodHandleAccessor.invoke(DirectMethodHandleAccessor.java:103)
	at java.base/java.lang.reflect.Method.invoke(Method.java:580)
	at org.testng.internal.invokers.MethodInvocationHelper.invokeMethod(MethodInvocationHelper.java:141)
	at org.testng.internal.invokers.TestInvoker.invokeMethod(TestInvoker.java:686)
	at org.testng.internal.invokers.TestInvoker.invokeTestMethod(TestInvoker.java:230)
	at org.testng.internal.invokers.MethodRunner.runInSequence(MethodRunner.java:63)
	at org.testng.internal.invokers.TestInvoker$MethodInvocationAgent.invoke(TestInvoker.java:992)
	at org.testng.internal.invokers.TestInvoker.invokeTestMethods(TestInvoker.java:203)
	at org.testng.internal.invokers.TestMethodWorker.invokeTestMethods(TestMethodWorker.java:154)
	at org.testng.internal.invokers.TestMethodWorker.run(TestMethodWorker.java:134)
	at java.base/java.util.ArrayList.forEach(ArrayList.java:1597)
	at org.testng.TestRunner.privateRun(TestRunner.java:739)
	at org.testng.TestRunner.run(TestRunner.java:614)
	at org.testng.SuiteRunner.runTest(SuiteRunner.java:421)
	at org.testng.SuiteRunner.runSequentially(SuiteRunner.java:413)
	at org.testng.SuiteRunner.privateRun(SuiteRunner.java:373)
	at org.testng.SuiteRunner.run(SuiteRunner.java:312)
	at org.testng.SuiteRunnerWorker.runSuite(SuiteRunnerWorker.java:52)
	at org.testng.SuiteRunnerWorker.run(SuiteRunnerWorker.java:95)
	at org.testng.TestNG.runSuitesSequentially(TestNG.java:1274)
	at org.testng.TestNG.runSuitesLocally(TestNG.java:1208)
	at org.testng.TestNG.runSuites(TestNG.java:1112)
	at org.testng.TestNG.run(TestNG.java:1079)
	at com.intellij.rt.testng.IDEARemoteTestNG.run(IDEARemoteTestNG.java:65)
	at com.intellij.rt.testng.RemoteTestNGStarter.main(RemoteTestNGStarter.java:105)
</pre>
                      </p>
                    </td>
                  </tr>
                  <tr>
                    <td width="650px" class="bg-passed" style="padding:7px 20px;">
                      <p style="font-size:13px;margin:0;">
                        verifyPastEndDateDisabled
                      </p>
                    </td>
                  </tr>
                  <tr>
                    <td width="650px" class="bg-failed" style="padding:7px 20px;">
                      <p style="font-size:13px;margin:0;">
                        verifyStartDateRejectsCharacters
<pre>org.openqa.selenium.ElementClickInterceptedException: element click intercepted: Element <button class="btn-lg btn btn-success" section="phonesignin" type="submit" data-ajaxsubmit="1">...</button> is not clickable at point (612, 398). Other element would receive the click: <div class="splash-icon"></div>
  (Session info: chrome=136.0.7103.93)
Build info: version: '4.11.0', revision: '040bc5406b'
System info: os.name: 'Windows 10', os.arch: 'amd64', os.version: '10.0', java.version: '22.0.1'
Driver info: org.openqa.selenium.chrome.ChromeDriver
Command: [c99ed355ad29851d6c0a1bf3e8ed0301, clickElement {id=f.9657A2CF1C82BF6D561584C4047BF7B2.d.6F0D6CCBC6BF83AA6954FF00E105482F.e.108}]
Capabilities {acceptInsecureCerts: false, browserName: chrome, browserVersion: 136.0.7103.93, chrome: {chromedriverVersion: 136.0.7103.92 (cb81a4cc5087..., userDataDir: C:\Users\Caelius\AppData\Lo...}, fedcm:accounts: true, goog:chromeOptions: {debuggerAddress: localhost:62807}, networkConnectionEnabled: false, pageLoadStrategy: normal, platformName: windows, proxy: Proxy(), se:cdp: ws://localhost:62807/devtoo..., se:cdpVersion: 136.0.7103.93, setWindowRect: true, strictFileInteractability: false, timeouts: {implicit: 0, pageLoad: 300000, script: 30000}, unhandledPromptBehavior: dismiss and notify, webauthn:extension:credBlob: true, webauthn:extension:largeBlob: true, webauthn:extension:minPinLength: true, webauthn:extension:prf: true, webauthn:virtualAuthenticators: true}
Element: [[ChromeDriver: chrome on windows (c99ed355ad29851d6c0a1bf3e8ed0301)] -> xpath: //*[@id='loginAdvDivId']/div[2]/div/button]
Session ID: c99ed355ad29851d6c0a1bf3e8ed0301
	at java.base/jdk.internal.reflect.DirectConstructorHandleAccessor.newInstance(DirectConstructorHandleAccessor.java:62)
	at java.base/java.lang.reflect.Constructor.newInstanceWithCaller(Constructor.java:502)
	at java.base/java.lang.reflect.Constructor.newInstance(Constructor.java:486)
	at org.openqa.selenium.remote.codec.w3c.W3CHttpResponseCodec.createException(W3CHttpResponseCodec.java:200)
	at org.openqa.selenium.remote.codec.w3c.W3CHttpResponseCodec.decode(W3CHttpResponseCodec.java:133)
	at org.openqa.selenium.remote.codec.w3c.W3CHttpResponseCodec.decode(W3CHttpResponseCodec.java:52)
	at org.openqa.selenium.remote.HttpCommandExecutor.execute(HttpCommandExecutor.java:191)
	at org.openqa.selenium.remote.service.DriverCommandExecutor.invokeExecute(DriverCommandExecutor.java:196)
	at org.openqa.selenium.remote.service.DriverCommandExecutor.execute(DriverCommandExecutor.java:171)
	at org.openqa.selenium.remote.RemoteWebDriver.execute(RemoteWebDriver.java:518)
	at org.openqa.selenium.remote.RemoteWebElement.execute(RemoteWebElement.java:224)
	at org.openqa.selenium.remote.RemoteWebElement.click(RemoteWebElement.java:77)
	at base.BaseTest.click(BaseTest.java:216)
	at pageEvents.LoginPageEvents.signIn(LoginPageEvents.java:69)
	at base.BaseTest.Login(BaseTest.java:677)
	at pageEvents.GiftCardDashboardPage.offOptionalSettings(GiftCardDashboardPage.java:222)
	at pageEvents.GiftCardDashboardPage.verifyStartDateRejectsCharacters(GiftCardDashboardPage.java:1285)
	at qa.tests.GiftCardDashboardTest.verifyStartDateRejectsCharacters(GiftCardDashboardTest.java:185)
	at java.base/jdk.internal.reflect.DirectMethodHandleAccessor.invoke(DirectMethodHandleAccessor.java:103)
	at java.base/java.lang.reflect.Method.invoke(Method.java:580)
	at org.testng.internal.invokers.MethodInvocationHelper.invokeMethod(MethodInvocationHelper.java:141)
	at org.testng.internal.invokers.TestInvoker.invokeMethod(TestInvoker.java:686)
	at org.testng.internal.invokers.TestInvoker.invokeTestMethod(TestInvoker.java:230)
	at org.testng.internal.invokers.MethodRunner.runInSequence(MethodRunner.java:63)
	at org.testng.internal.invokers.TestInvoker$MethodInvocationAgent.invoke(TestInvoker.java:992)
	at org.testng.internal.invokers.TestInvoker.invokeTestMethods(TestInvoker.java:203)
	at org.testng.internal.invokers.TestMethodWorker.invokeTestMethods(TestMethodWorker.java:154)
	at org.testng.internal.invokers.TestMethodWorker.run(TestMethodWorker.java:134)
	at java.base/java.util.ArrayList.forEach(ArrayList.java:1597)
	at org.testng.TestRunner.privateRun(TestRunner.java:739)
	at org.testng.TestRunner.run(TestRunner.java:614)
	at org.testng.SuiteRunner.runTest(SuiteRunner.java:421)
	at org.testng.SuiteRunner.runSequentially(SuiteRunner.java:413)
	at org.testng.SuiteRunner.privateRun(SuiteRunner.java:373)
	at org.testng.SuiteRunner.run(SuiteRunner.java:312)
	at org.testng.SuiteRunnerWorker.runSuite(SuiteRunnerWorker.java:52)
	at org.testng.SuiteRunnerWorker.run(SuiteRunnerWorker.java:95)
	at org.testng.TestNG.runSuitesSequentially(TestNG.java:1274)
	at org.testng.TestNG.runSuitesLocally(TestNG.java:1208)
	at org.testng.TestNG.runSuites(TestNG.java:1112)
	at org.testng.TestNG.run(TestNG.java:1079)
	at com.intellij.rt.testng.IDEARemoteTestNG.run(IDEARemoteTestNG.java:65)
	at com.intellij.rt.testng.RemoteTestNGStarter.main(RemoteTestNGStarter.java:105)
</pre>
                      </p>
                    </td>
                  </tr>
                  <tr>
                    <td width="650px" class="bg-passed" style="padding:7px 20px;">
                      <p style="font-size:13px;margin:0;">
                        verifyEndDateRejectsCharacters
                      </p>
                    </td>
                  </tr>
                  <tr>
                    <td width="650px" class="bg-passed" style="padding:7px 20px;">
                      <p style="font-size:13px;margin:0;">
                        verifyFilterFieldsOfGiftCardDashboard
                      </p>
                    </td>
                  </tr>
                  <tr>
                    <td width="650px" class="bg-passed" style="padding:7px 20px;">
                      <p style="font-size:13px;margin:0;">
                        verifyRelevantGiftCardAppearsWhileAddingExistingCardHolderName
                      </p>
                    </td>
                  </tr>
                  <tr>
                    <td width="650px" class="bg-passed" style="padding:7px 20px;">
                      <p style="font-size:13px;margin:0;">
                        verifyNoResultInfoMsgAppearsAfterEnteringNonExistingData
                      </p>
                    </td>
                  </tr>
                  <tr>
                    <td width="650px" class="bg-passed" style="padding:7px 20px;">
                      <p style="font-size:13px;margin:0;">
                        verifyRelevantRecordsAppearAfterEnteringUsingPhoneFilter
                      </p>
                    </td>
                  </tr>
                  <tr>
                    <td width="650px" class="bg-passed" style="padding:7px 20px;">
                      <p style="font-size:13px;margin:0;">
                        verifyInformationMsgAppearsAfterEnteringNonExistingCustomerPhoneNumber
                      </p>
                    </td>
                  </tr>
                  <tr>
                    <td width="650px" class="bg-passed" style="padding:7px 20px;">
                      <p style="font-size:13px;margin:0;">
                        verifyRelevantRecordsAppearAfterEnteringUserEmailFilter
                      </p>
                    </td>
                  </tr>
                  <tr>
                    <td width="650px" class="bg-passed" style="padding:7px 20px;">
                      <p style="font-size:13px;margin:0;">
                        verifyInformationMsgAppearsAfterEnteringNonExistingCustomerEmail
                      </p>
                    </td>
                  </tr>
                  <tr>
                    <td width="650px" class="bg-passed" style="padding:7px 20px;">
                      <p style="font-size:13px;margin:0;">
                        verifyGiftCardAppearsForSelectedDate
                      </p>
                    </td>
                  </tr>
                  <tr>
                    <td width="650px" class="bg-passed" style="padding:7px 20px;">
                      <p style="font-size:13px;margin:0;">
                        verifyGiftCardResultWhileApplyingNonExistingDateRangeFilter
                      </p>
                    </td>
                  </tr>
                  <tr>
                    <td width="650px" class="bg-passed" style="padding:7px 20px;">
                      <p style="font-size:13px;margin:0;">
                        verifyValidationOfDateFieldAfterEnteringCharacters
                      </p>
                    </td>
                  </tr>
                  <tr>
                    <td width="650px" class="bg-passed" style="padding:7px 20px;">
                      <p style="font-size:13px;margin:0;">
                        verifyDropDownGCFilterOptions
                      </p>
                    </td>
                  </tr>
                  <tr>
                    <td width="650px" class="bg-passed" style="padding:7px 20px;">
                      <p style="font-size:13px;margin:0;">
                        verifyRecordAfterApplyActiveFilterDD
                      </p>
                    </td>
                  </tr>
                  <tr>
                    <td width="650px" class="bg-passed" style="padding:7px 20px;">
                      <p style="font-size:13px;margin:0;">
                        verifyRecordAfterApplyBlockedFilterDD
                      </p>
                    </td>
                  </tr>
                  <tr>
                    <td width="650px" class="bg-passed" style="padding:7px 20px;">
                      <p style="font-size:13px;margin:0;">
                        verifyRecordAfterApplyExpiredFilterDD
                      </p>
                    </td>
                  </tr>
                  <tr>
                    <td width="650px" class="bg-passed" style="padding:7px 20px;">
                      <p style="font-size:13px;margin:0;">
                        verifyRecordAfterApplyNoBalanceFilterDD
                      </p>
                    </td>
                  </tr>
                  <tr>
                    <td width="650px" class="bg-passed" style="padding:7px 20px;">
                      <p style="font-size:13px;margin:0;">
                        verifyRecordAfterApplyPendingActivationFilterDD
                      </p>
                    </td>
                  </tr>
                  <tr>
                    <td width="650px" class="bg-passed" style="padding:7px 20px;">
                      <p style="font-size:13px;margin:0;">
                        verifyRelevantGCAppearsAfterApplyingMinAmountFilter
                      </p>
                    </td>
                  </tr>
                  <tr>
                    <td width="650px" class="bg-passed" style="padding:7px 20px;">
                      <p style="font-size:13px;margin:0;">
                        verifyRelevantGCAppearsAfterApplyingMaxAmountFilter
                      </p>
                    </td>
                  </tr>
                  <tr>
                    <td width="650px" class="bg-passed" style="padding:7px 20px;">
                      <p style="font-size:13px;margin:0;">
                        verifyRecordAfterApplyingMinAndMaxValueFilterValues
                      </p>
                    </td>
                  </tr>
                  <tr>
                    <td width="650px" class="bg-passed" style="padding:7px 20px;">
                      <p style="font-size:13px;margin:0;">
                        verifyRelevantGCAppearAfterApplyingAnyExistingGCno
                      </p>
                    </td>
                  </tr>
                  <tr>
                    <td width="650px" class="bg-passed" style="padding:7px 20px;">
                      <p style="font-size:13px;margin:0;">
                        verifyInvalidInputofFilterFields
                      </p>
                    </td>
                  </tr>
                  <tr>
                    <td width="650px" class="bg-passed" style="padding:7px 20px;">
                      <p style="font-size:13px;margin:0;">
                        verifyUserDirectsToGiftCardForSalePage
                      </p>
                    </td>
                  </tr>
                  <tr>
                    <td width="650px" class="bg-passed" style="padding:7px 20px;">
                      <p style="font-size:13px;margin:0;">
                        verifyValidationOnEnteringGreaterValue
                      </p>
                    </td>
                  </tr>
                  <tr>
                    <td width="650px" class="bg-passed" style="padding:7px 20px;">
                      <p style="font-size:13px;margin:0;">
                        verifyFaceValueFieldAcceptNumeric
                      </p>
                    </td>
                  </tr>
                  <tr>
                    <td width="650px" class="bg-passed" style="padding:7px 20px;">
                      <p style="font-size:13px;margin:0;">
                        verifySalePriceAcceptOnlyNumeric
                      </p>
                    </td>
                  </tr>
                  <tr>
                    <td width="650px" class="bg-passed" style="padding:7px 20px;">
                      <p style="font-size:13px;margin:0;">
                        verifyUserAllowedToEnterMaximumValueInSalePrice
                      </p>
                    </td>
                  </tr>
                  <tr>
                    <td width="650px" class="bg-passed" style="padding:7px 20px;">
                      <p style="font-size:13px;margin:0;">
                        verifyFieldsAppearMandatoryOnPage
                      </p>
                    </td>
                  </tr>
                  <tr>
                    <td width="650px" class="bg-passed" style="padding:7px 20px;">
                      <p style="font-size:13px;margin:0;">
                        verifyValidationOnLeavingBlankAnyFIeld
                      </p>
                    </td>
                  </tr>
                  <tr>
                    <td width="650px" class="bg-passed" style="padding:7px 20px;">
                      <p style="font-size:13px;margin:0;">
                        verifyFundingSrcFieldAppearAsText
                      </p>
                    </td>
                  </tr>
                  <tr>
                    <td width="650px" class="bg-passed" style="padding:7px 20px;">
                      <p style="font-size:13px;margin:0;">
                        verifyAvailableQuantityMaximumLength
                      </p>
                    </td>
                  </tr>
                  <tr>
                    <td width="650px" class="bg-passed" style="padding:7px 20px;">
                      <p style="font-size:13px;margin:0;">
                        verifyAvailableQuantityAcceptsNumerical
                      </p>
                    </td>
                  </tr>
                  <tr>
                    <td width="650px" class="bg-passed" style="padding:7px 20px;">
                      <p style="font-size:13px;margin:0;">
                        verifyRefNoFieldAcceptsChar
                      </p>
                    </td>
                  </tr>
                  <tr>
                    <td width="650px" class="bg-passed" style="padding:7px 20px;">
                      <p style="font-size:13px;margin:0;">
                        verifyDefaultDateRangeInSaleDateRange
                      </p>
                    </td>
                  </tr>
                  <tr>
                    <td width="650px" class="bg-passed" style="padding:7px 20px;">
                      <p style="font-size:13px;margin:0;">
                        verifySelectingDateRange
                      </p>
                    </td>
                  </tr>
                  <tr>
                    <td width="650px" class="bg-passed" style="padding:7px 20px;">
                      <p style="font-size:13px;margin:0;">
                        verifyMemoFieldMaximumLimit
                      </p>
                    </td>
                  </tr>
                  <tr>
                    <td width="650px" class="bg-passed" style="padding:7px 20px;">
                      <p style="font-size:13px;margin:0;">
                        verifyPre_filledFieldsOnGiftCardsForSalePage
                      </p>
                    </td>
                  </tr>
                  <tr>
                    <td width="650px" class="bg-passed" style="padding:7px 20px;">
                      <p style="font-size:13px;margin:0;">
                        verifyStatusOfGiftCardAfterEndDate
                      </p>
                    </td>
                  </tr>
                  <tr>
                    <td width="650px" class="bg-passed" style="padding:7px 20px;">
                      <p style="font-size:13px;margin:0;">
                        verifyUserUpdateSaleGiftCard
                      </p>
                    </td>
                  </tr>
                  <tr>
                    <td width="650px" class="bg-passed" style="padding:7px 20px;">
                      <p style="font-size:13px;margin:0;">
                        verifyUserNotAbleToDeleteAfterCancelingGiftCard
                      </p>
                    </td>
                  </tr>
                  <tr>
                    <td width="650px" class="bg-passed" style="padding:7px 20px;">
                      <p style="font-size:13px;margin:0;">
                        verifyUserAbleToDeleteSaleGiftCard
                      </p>
                    </td>
                  </tr>
                  <tr>
                    <td width="650px" class="bg-passed" style="padding:7px 20px;">
                      <p style="font-size:13px;margin:0;">
                        verifyAllSaleGiftCardsListedOnSellDashboard
                      </p>
                    </td>
                  </tr>
                  <tr>
                    <td width="650px" class="bg-passed" style="padding:7px 20px;">
                      <p style="font-size:13px;margin:0;">
                        verifyAvailableSaleGiftCardsListed
                      </p>
                    </td>
                  </tr>
                  <tr>
                    <td width="650px" class="bg-passed" style="padding:7px 20px;">
                      <p style="font-size:13px;margin:0;">
                        verifyDefaultOptionSelectedInStatusDropdown
                      </p>
                    </td>
                  </tr>
                  <tr>
                    <td width="650px" class="bg-skipped" style="padding:7px 20px;">
                      <p style="font-size:13px;margin:0;">
                        verifyAvailableAndAllOptionsInStatusDropdown
<pre>org.openqa.selenium.WebDriverException: unknown error: net::ERR_NAME_NOT_RESOLVED
  (Session info: chrome=136.0.7103.93)
Build info: version: '4.11.0', revision: '040bc5406b'
System info: os.name: 'Windows 10', os.arch: 'amd64', os.version: '10.0', java.version: '22.0.1'
Driver info: org.openqa.selenium.chrome.ChromeDriver
Command: [0f020c26613a632d15927be3a3a0d1ae, get {url=https://sibtestenv.azurewebsites.net/Account/Login}]
Capabilities {acceptInsecureCerts: false, browserName: chrome, browserVersion: 136.0.7103.93, chrome: {chromedriverVersion: 136.0.7103.92 (cb81a4cc5087..., userDataDir: C:\Users\Caelius\AppData\Lo...}, fedcm:accounts: true, goog:chromeOptions: {debuggerAddress: localhost:53894}, networkConnectionEnabled: false, pageLoadStrategy: normal, platformName: windows, proxy: Proxy(), se:cdp: ws://localhost:53894/devtoo..., se:cdpVersion: 136.0.7103.93, setWindowRect: true, strictFileInteractability: false, timeouts: {implicit: 0, pageLoad: 300000, script: 30000}, unhandledPromptBehavior: dismiss and notify, webauthn:extension:credBlob: true, webauthn:extension:largeBlob: true, webauthn:extension:minPinLength: true, webauthn:extension:prf: true, webauthn:virtualAuthenticators: true}
Session ID: 0f020c26613a632d15927be3a3a0d1ae
	at java.base/jdk.internal.reflect.DirectConstructorHandleAccessor.newInstance(DirectConstructorHandleAccessor.java:62)
	at java.base/java.lang.reflect.Constructor.newInstanceWithCaller(Constructor.java:502)
	at java.base/java.lang.reflect.Constructor.newInstance(Constructor.java:486)
	at org.openqa.selenium.remote.codec.w3c.W3CHttpResponseCodec.createException(W3CHttpResponseCodec.java:200)
	at org.openqa.selenium.remote.codec.w3c.W3CHttpResponseCodec.decode(W3CHttpResponseCodec.java:133)
	at org.openqa.selenium.remote.codec.w3c.W3CHttpResponseCodec.decode(W3CHttpResponseCodec.java:52)
	at org.openqa.selenium.remote.HttpCommandExecutor.execute(HttpCommandExecutor.java:191)
	at org.openqa.selenium.remote.service.DriverCommandExecutor.invokeExecute(DriverCommandExecutor.java:196)
	at org.openqa.selenium.remote.service.DriverCommandExecutor.execute(DriverCommandExecutor.java:171)
	at org.openqa.selenium.remote.RemoteWebDriver.execute(RemoteWebDriver.java:518)
	at org.openqa.selenium.remote.RemoteWebDriver.get(RemoteWebDriver.java:300)
	at base.BaseTest.setupDriver(BaseTest.java:107)
	at java.base/jdk.internal.reflect.DirectMethodHandleAccessor.invoke(DirectMethodHandleAccessor.java:103)
	at java.base/java.lang.reflect.Method.invoke(Method.java:580)
	at org.testng.internal.invokers.MethodInvocationHelper.invokeMethod(MethodInvocationHelper.java:141)
	at org.testng.internal.invokers.MethodInvocationHelper.invokeMethodConsideringTimeout(MethodInvocationHelper.java:71)
	at org.testng.internal.invokers.ConfigInvoker.invokeConfigurationMethod(ConfigInvoker.java:400)
	at org.testng.internal.invokers.ConfigInvoker.invokeConfigurations(ConfigInvoker.java:333)
	at org.testng.internal.invokers.TestInvoker.runConfigMethods(TestInvoker.java:833)
	at org.testng.internal.invokers.TestInvoker.invokeMethod(TestInvoker.java:600)
	at org.testng.internal.invokers.TestInvoker.invokeTestMethod(TestInvoker.java:230)
	at org.testng.internal.invokers.MethodRunner.runInSequence(MethodRunner.java:63)
	at org.testng.internal.invokers.TestInvoker$MethodInvocationAgent.invoke(TestInvoker.java:992)
	at org.testng.internal.invokers.TestInvoker.invokeTestMethods(TestInvoker.java:203)
	at org.testng.internal.invokers.TestMethodWorker.invokeTestMethods(TestMethodWorker.java:154)
	at org.testng.internal.invokers.TestMethodWorker.run(TestMethodWorker.java:134)
	at java.base/java.util.ArrayList.forEach(ArrayList.java:1597)
	at org.testng.TestRunner.privateRun(TestRunner.java:739)
	at org.testng.TestRunner.run(TestRunner.java:614)
	at org.testng.SuiteRunner.runTest(SuiteRunner.java:421)
	at org.testng.SuiteRunner.runSequentially(SuiteRunner.java:413)
	at org.testng.SuiteRunner.privateRun(SuiteRunner.java:373)
	at org.testng.SuiteRunner.run(SuiteRunner.java:312)
	at org.testng.SuiteRunnerWorker.runSuite(SuiteRunnerWorker.java:52)
	at org.testng.SuiteRunnerWorker.run(SuiteRunnerWorker.java:95)
	at org.testng.TestNG.runSuitesSequentially(TestNG.java:1274)
	at org.testng.TestNG.runSuitesLocally(TestNG.java:1208)
	at org.testng.TestNG.runSuites(TestNG.java:1112)
	at org.testng.TestNG.run(TestNG.java:1079)
	at com.intellij.rt.testng.IDEARemoteTestNG.run(IDEARemoteTestNG.java:65)
	at com.intellij.rt.testng.RemoteTestNGStarter.main(RemoteTestNGStarter.java:105)
</pre>
                      </p>
                    </td>
                  </tr>
                  <tr>
                    <td width="650px" class="bg-skipped" style="padding:7px 20px;">
                      <p style="font-size:13px;margin:0;">
                        verifyActionOnZeroAvlQty
<pre>org.openqa.selenium.WebDriverException: unknown error: net::ERR_NAME_NOT_RESOLVED
  (Session info: chrome=136.0.7103.93)
Build info: version: '4.11.0', revision: '040bc5406b'
System info: os.name: 'Windows 10', os.arch: 'amd64', os.version: '10.0', java.version: '22.0.1'
Driver info: org.openqa.selenium.chrome.ChromeDriver
Command: [0f020c26613a632d15927be3a3a0d1ae, get {url=https://sibtestenv.azurewebsites.net/Account/Login}]
Capabilities {acceptInsecureCerts: false, browserName: chrome, browserVersion: 136.0.7103.93, chrome: {chromedriverVersion: 136.0.7103.92 (cb81a4cc5087..., userDataDir: C:\Users\Caelius\AppData\Lo...}, fedcm:accounts: true, goog:chromeOptions: {debuggerAddress: localhost:53894}, networkConnectionEnabled: false, pageLoadStrategy: normal, platformName: windows, proxy: Proxy(), se:cdp: ws://localhost:53894/devtoo..., se:cdpVersion: 136.0.7103.93, setWindowRect: true, strictFileInteractability: false, timeouts: {implicit: 0, pageLoad: 300000, script: 30000}, unhandledPromptBehavior: dismiss and notify, webauthn:extension:credBlob: true, webauthn:extension:largeBlob: true, webauthn:extension:minPinLength: true, webauthn:extension:prf: true, webauthn:virtualAuthenticators: true}
Session ID: 0f020c26613a632d15927be3a3a0d1ae
	at java.base/jdk.internal.reflect.DirectConstructorHandleAccessor.newInstance(DirectConstructorHandleAccessor.java:62)
	at java.base/java.lang.reflect.Constructor.newInstanceWithCaller(Constructor.java:502)
	at java.base/java.lang.reflect.Constructor.newInstance(Constructor.java:486)
	at org.openqa.selenium.remote.codec.w3c.W3CHttpResponseCodec.createException(W3CHttpResponseCodec.java:200)
	at org.openqa.selenium.remote.codec.w3c.W3CHttpResponseCodec.decode(W3CHttpResponseCodec.java:133)
	at org.openqa.selenium.remote.codec.w3c.W3CHttpResponseCodec.decode(W3CHttpResponseCodec.java:52)
	at org.openqa.selenium.remote.HttpCommandExecutor.execute(HttpCommandExecutor.java:191)
	at org.openqa.selenium.remote.service.DriverCommandExecutor.invokeExecute(DriverCommandExecutor.java:196)
	at org.openqa.selenium.remote.service.DriverCommandExecutor.execute(DriverCommandExecutor.java:171)
	at org.openqa.selenium.remote.RemoteWebDriver.execute(RemoteWebDriver.java:518)
	at org.openqa.selenium.remote.RemoteWebDriver.get(RemoteWebDriver.java:300)
	at base.BaseTest.setupDriver(BaseTest.java:107)
	at java.base/jdk.internal.reflect.DirectMethodHandleAccessor.invoke(DirectMethodHandleAccessor.java:103)
	at java.base/java.lang.reflect.Method.invoke(Method.java:580)
	at org.testng.internal.invokers.MethodInvocationHelper.invokeMethod(MethodInvocationHelper.java:141)
	at org.testng.internal.invokers.MethodInvocationHelper.invokeMethodConsideringTimeout(MethodInvocationHelper.java:71)
	at org.testng.internal.invokers.ConfigInvoker.invokeConfigurationMethod(ConfigInvoker.java:400)
	at org.testng.internal.invokers.ConfigInvoker.invokeConfigurations(ConfigInvoker.java:333)
	at org.testng.internal.invokers.TestInvoker.runConfigMethods(TestInvoker.java:833)
	at org.testng.internal.invokers.TestInvoker.invokeMethod(TestInvoker.java:600)
	at org.testng.internal.invokers.TestInvoker.invokeTestMethod(TestInvoker.java:230)
	at org.testng.internal.invokers.MethodRunner.runInSequence(MethodRunner.java:63)
	at org.testng.internal.invokers.TestInvoker$MethodInvocationAgent.invoke(TestInvoker.java:992)
	at org.testng.internal.invokers.TestInvoker.invokeTestMethods(TestInvoker.java:203)
	at org.testng.internal.invokers.TestMethodWorker.invokeTestMethods(TestMethodWorker.java:154)
	at org.testng.internal.invokers.TestMethodWorker.run(TestMethodWorker.java:134)
	at java.base/java.util.ArrayList.forEach(ArrayList.java:1597)
	at org.testng.TestRunner.privateRun(TestRunner.java:739)
	at org.testng.TestRunner.run(TestRunner.java:614)
	at org.testng.SuiteRunner.runTest(SuiteRunner.java:421)
	at org.testng.SuiteRunner.runSequentially(SuiteRunner.java:413)
	at org.testng.SuiteRunner.privateRun(SuiteRunner.java:373)
	at org.testng.SuiteRunner.run(SuiteRunner.java:312)
	at org.testng.SuiteRunnerWorker.runSuite(SuiteRunnerWorker.java:52)
	at org.testng.SuiteRunnerWorker.run(SuiteRunnerWorker.java:95)
	at org.testng.TestNG.runSuitesSequentially(TestNG.java:1274)
	at org.testng.TestNG.runSuitesLocally(TestNG.java:1208)
	at org.testng.TestNG.runSuites(TestNG.java:1112)
	at org.testng.TestNG.run(TestNG.java:1079)
	at com.intellij.rt.testng.IDEARemoteTestNG.run(IDEARemoteTestNG.java:65)
	at com.intellij.rt.testng.RemoteTestNGStarter.main(RemoteTestNGStarter.java:105)
</pre>
                      </p>
                    </td>
                  </tr>
                  <tr>
                    <td width="650px" class="bg-skipped" style="padding:7px 20px;">
                      <p style="font-size:13px;margin:0;">
                        verifyUserAbleToDeleteSaleGiftCardQty0
<pre>org.openqa.selenium.WebDriverException: unknown error: net::ERR_NAME_NOT_RESOLVED
  (Session info: chrome=136.0.7103.93)
Build info: version: '4.11.0', revision: '040bc5406b'
System info: os.name: 'Windows 10', os.arch: 'amd64', os.version: '10.0', java.version: '22.0.1'
Driver info: org.openqa.selenium.chrome.ChromeDriver
Command: [0f020c26613a632d15927be3a3a0d1ae, get {url=https://sibtestenv.azurewebsites.net/Account/Login}]
Capabilities {acceptInsecureCerts: false, browserName: chrome, browserVersion: 136.0.7103.93, chrome: {chromedriverVersion: 136.0.7103.92 (cb81a4cc5087..., userDataDir: C:\Users\Caelius\AppData\Lo...}, fedcm:accounts: true, goog:chromeOptions: {debuggerAddress: localhost:53894}, networkConnectionEnabled: false, pageLoadStrategy: normal, platformName: windows, proxy: Proxy(), se:cdp: ws://localhost:53894/devtoo..., se:cdpVersion: 136.0.7103.93, setWindowRect: true, strictFileInteractability: false, timeouts: {implicit: 0, pageLoad: 300000, script: 30000}, unhandledPromptBehavior: dismiss and notify, webauthn:extension:credBlob: true, webauthn:extension:largeBlob: true, webauthn:extension:minPinLength: true, webauthn:extension:prf: true, webauthn:virtualAuthenticators: true}
Session ID: 0f020c26613a632d15927be3a3a0d1ae
	at java.base/jdk.internal.reflect.DirectConstructorHandleAccessor.newInstance(DirectConstructorHandleAccessor.java:62)
	at java.base/java.lang.reflect.Constructor.newInstanceWithCaller(Constructor.java:502)
	at java.base/java.lang.reflect.Constructor.newInstance(Constructor.java:486)
	at org.openqa.selenium.remote.codec.w3c.W3CHttpResponseCodec.createException(W3CHttpResponseCodec.java:200)
	at org.openqa.selenium.remote.codec.w3c.W3CHttpResponseCodec.decode(W3CHttpResponseCodec.java:133)
	at org.openqa.selenium.remote.codec.w3c.W3CHttpResponseCodec.decode(W3CHttpResponseCodec.java:52)
	at org.openqa.selenium.remote.HttpCommandExecutor.execute(HttpCommandExecutor.java:191)
	at org.openqa.selenium.remote.service.DriverCommandExecutor.invokeExecute(DriverCommandExecutor.java:196)
	at org.openqa.selenium.remote.service.DriverCommandExecutor.execute(DriverCommandExecutor.java:171)
	at org.openqa.selenium.remote.RemoteWebDriver.execute(RemoteWebDriver.java:518)
	at org.openqa.selenium.remote.RemoteWebDriver.get(RemoteWebDriver.java:300)
	at base.BaseTest.setupDriver(BaseTest.java:107)
	at java.base/jdk.internal.reflect.DirectMethodHandleAccessor.invoke(DirectMethodHandleAccessor.java:103)
	at java.base/java.lang.reflect.Method.invoke(Method.java:580)
	at org.testng.internal.invokers.MethodInvocationHelper.invokeMethod(MethodInvocationHelper.java:141)
	at org.testng.internal.invokers.MethodInvocationHelper.invokeMethodConsideringTimeout(MethodInvocationHelper.java:71)
	at org.testng.internal.invokers.ConfigInvoker.invokeConfigurationMethod(ConfigInvoker.java:400)
	at org.testng.internal.invokers.ConfigInvoker.invokeConfigurations(ConfigInvoker.java:333)
	at org.testng.internal.invokers.TestInvoker.runConfigMethods(TestInvoker.java:833)
	at org.testng.internal.invokers.TestInvoker.invokeMethod(TestInvoker.java:600)
	at org.testng.internal.invokers.TestInvoker.invokeTestMethod(TestInvoker.java:230)
	at org.testng.internal.invokers.MethodRunner.runInSequence(MethodRunner.java:63)
	at org.testng.internal.invokers.TestInvoker$MethodInvocationAgent.invoke(TestInvoker.java:992)
	at org.testng.internal.invokers.TestInvoker.invokeTestMethods(TestInvoker.java:203)
	at org.testng.internal.invokers.TestMethodWorker.invokeTestMethods(TestMethodWorker.java:154)
	at org.testng.internal.invokers.TestMethodWorker.run(TestMethodWorker.java:134)
	at java.base/java.util.ArrayList.forEach(ArrayList.java:1597)
	at org.testng.TestRunner.privateRun(TestRunner.java:739)
	at org.testng.TestRunner.run(TestRunner.java:614)
	at org.testng.SuiteRunner.runTest(SuiteRunner.java:421)
	at org.testng.SuiteRunner.runSequentially(SuiteRunner.java:413)
	at org.testng.SuiteRunner.privateRun(SuiteRunner.java:373)
	at org.testng.SuiteRunner.run(SuiteRunner.java:312)
	at org.testng.SuiteRunnerWorker.runSuite(SuiteRunnerWorker.java:52)
	at org.testng.SuiteRunnerWorker.run(SuiteRunnerWorker.java:95)
	at org.testng.TestNG.runSuitesSequentially(TestNG.java:1274)
	at org.testng.TestNG.runSuitesLocally(TestNG.java:1208)
	at org.testng.TestNG.runSuites(TestNG.java:1112)
	at org.testng.TestNG.run(TestNG.java:1079)
	at com.intellij.rt.testng.IDEARemoteTestNG.run(IDEARemoteTestNG.java:65)
	at com.intellij.rt.testng.RemoteTestNGStarter.main(RemoteTestNGStarter.java:105)
</pre>
                      </p>
                    </td>
                  </tr>
                  <tr><td style="height:10px"></td></tr>
                  <tr>
                    <td width="650px" class="bg-passed" style="padding:7px 10px;">
                      <p style="font-size:13px;margin:0;">
                        qa.tests.GiftCardsTest
                      </p>
                    </td>
                  </tr>
                  <tr>
                    <td width="650px" class="bg-passed" style="padding:7px 20px;">
                      <p style="font-size:13px;margin:0;">
                        verifyTheInfoMsgWhenNoGiftCard
                      </p>
                    </td>
                  </tr>
                  <tr>
                    <td width="650px" class="bg-passed" style="padding:7px 20px;">
                      <p style="font-size:13px;margin:0;">
                        verifyTheCardsAndInfomationOnGC
                      </p>
                    </td>
                  </tr>
                  <tr>
                    <td width="650px" class="bg-passed" style="padding:7px 20px;">
                      <p style="font-size:13px;margin:0;">
                        verifyGCSummaryPopupOpensUpAfterClickingOnGC
                      </p>
                    </td>
                  </tr>
                  <tr><td style="height:10px"></td></tr>
                  <tr>
                    <td width="650px" class="bg-passed" style="padding:7px 10px;">
                      <p style="font-size:13px;margin:0;">
                        qa.tests.LoginPage
                      </p>
                    </td>
                  </tr>
                  <tr>
                    <td width="650px" class="bg-passed" style="padding:7px 20px;">
                      <p style="font-size:13px;margin:0;">
                        verifyLoginPage
                      </p>
                    </td>
                  </tr>
                  <tr>
                    <td width="650px" class="bg-passed" style="padding:7px 20px;">
                      <p style="font-size:13px;margin:0;">
                        validateSignUpLink
                      </p>
                    </td>
                  </tr>
                  <tr>
                    <td width="650px" class="bg-passed" style="padding:7px 20px;">
                      <p style="font-size:13px;margin:0;">
                        verifyPrivacyAndTermsOfUsePage
                      </p>
                    </td>
                  </tr>
                  <tr>
                    <td width="650px" class="bg-passed" style="padding:7px 20px;">
                      <p style="font-size:13px;margin:0;">
                        validateForgotPasswordLink
                      </p>
                    </td>
                  </tr>
                  <tr>
                    <td width="650px" class="bg-passed" style="padding:7px 20px;">
                      <p style="font-size:13px;margin:0;">
                        signInwithGoogle
                      </p>
                    </td>
                  </tr>
                  <tr>
                    <td width="650px" class="bg-passed" style="padding:7px 20px;">
                      <p style="font-size:13px;margin:0;">
                        successfulLogin
                      </p>
                    </td>
                  </tr>
                  <tr><td style="height:10px"></td></tr>
                  <tr>
                    <td width="650px" class="bg-failed" style="padding:7px 10px;">
                      <p style="font-size:13px;margin:0;">
                        qa.tests.MyStoreTest
                      </p>
                    </td>
                  </tr>
                  <tr>
                    <td width="650px" class="bg-failed" style="padding:7px 20px;">
                      <p style="font-size:13px;margin:0;">
                        c2verifyingBuyingMonthlyBusinessPlanForAlreadyCreatedStore
<pre>org.openqa.selenium.TimeoutException: Expected condition failed: waiting for element to be clickable: By.cssSelector: .img-fluid.h-100 (tried for 10 second(s) with 500 milliseconds interval)
Build info: version: '4.11.0', revision: '040bc5406b'
System info: os.name: 'Windows 10', os.arch: 'amd64', os.version: '10.0', java.version: '22.0.1'
Driver info: org.openqa.selenium.chrome.ChromeDriver
Capabilities {acceptInsecureCerts: false, browserName: chrome, browserVersion: 136.0.7103.93, chrome: {chromedriverVersion: 136.0.7103.92 (cb81a4cc5087..., userDataDir: C:\Users\Caelius\AppData\Lo...}, fedcm:accounts: true, goog:chromeOptions: {debuggerAddress: localhost:55389}, networkConnectionEnabled: false, pageLoadStrategy: normal, platformName: windows, proxy: Proxy(), se:cdp: ws://localhost:55389/devtoo..., se:cdpVersion: 136.0.7103.93, setWindowRect: true, strictFileInteractability: false, timeouts: {implicit: 0, pageLoad: 300000, script: 30000}, unhandledPromptBehavior: dismiss and notify, webauthn:extension:credBlob: true, webauthn:extension:largeBlob: true, webauthn:extension:minPinLength: true, webauthn:extension:prf: true, webauthn:virtualAuthenticators: true}
Session ID: 40f4d7723ff3996ea7e0eca8333a7b7f
	at org.openqa.selenium.support.ui.WebDriverWait.timeoutException(WebDriverWait.java:84)
	at org.openqa.selenium.support.ui.FluentWait.until(FluentWait.java:230)
	at base.BaseTest.waitForElementToBeClickable(BaseTest.java:195)
	at base.BaseTest.click(BaseTest.java:216)
	at pageEvents.MyStorePage.getStripeAccountBtn(MyStorePage.java:168)
	at pageEvents.MyStorePage.getStoreCreation(MyStorePage.java:410)
	at qa.tests.MyStoreTest.c2verifyingBuyingMonthlyBusinessPlanForAlreadyCreatedStore(MyStoreTest.java:99)
	at java.base/jdk.internal.reflect.DirectMethodHandleAccessor.invoke(DirectMethodHandleAccessor.java:103)
	at java.base/java.lang.reflect.Method.invoke(Method.java:580)
	at org.testng.internal.invokers.MethodInvocationHelper.invokeMethod(MethodInvocationHelper.java:141)
	at org.testng.internal.invokers.TestInvoker.invokeMethod(TestInvoker.java:686)
	at org.testng.internal.invokers.TestInvoker.invokeTestMethod(TestInvoker.java:230)
	at org.testng.internal.invokers.MethodRunner.runInSequence(MethodRunner.java:63)
	at org.testng.internal.invokers.TestInvoker$MethodInvocationAgent.invoke(TestInvoker.java:992)
	at org.testng.internal.invokers.TestInvoker.invokeTestMethods(TestInvoker.java:203)
	at org.testng.internal.invokers.TestMethodWorker.invokeTestMethods(TestMethodWorker.java:154)
	at org.testng.internal.invokers.TestMethodWorker.run(TestMethodWorker.java:134)
	at java.base/java.util.ArrayList.forEach(ArrayList.java:1597)
	at org.testng.TestRunner.privateRun(TestRunner.java:739)
	at org.testng.TestRunner.run(TestRunner.java:614)
	at org.testng.SuiteRunner.runTest(SuiteRunner.java:421)
	at org.testng.SuiteRunner.runSequentially(SuiteRunner.java:413)
	at org.testng.SuiteRunner.privateRun(SuiteRunner.java:373)
	at org.testng.SuiteRunner.run(SuiteRunner.java:312)
	at org.testng.SuiteRunnerWorker.runSuite(SuiteRunnerWorker.java:52)
	at org.testng.SuiteRunnerWorker.run(SuiteRunnerWorker.java:95)
	at org.testng.TestNG.runSuitesSequentially(TestNG.java:1274)
	at org.testng.TestNG.runSuitesLocally(TestNG.java:1208)
	at org.testng.TestNG.runSuites(TestNG.java:1112)
	at org.testng.TestNG.run(TestNG.java:1079)
	at com.intellij.rt.testng.IDEARemoteTestNG.run(IDEARemoteTestNG.java:65)
	at com.intellij.rt.testng.RemoteTestNGStarter.main(RemoteTestNGStarter.java:105)
</pre>
                      </p>
                    </td>
                  </tr>
                  <tr>
                    <td width="650px" class="bg-failed" style="padding:7px 20px;">
                      <p style="font-size:13px;margin:0;">
                        creationOfStoreWithStripeAccount
<pre>org.openqa.selenium.TimeoutException: Expected condition failed: waiting for element to be clickable: By.cssSelector: .img-fluid.h-100 (tried for 10 second(s) with 500 milliseconds interval)
Build info: version: '4.11.0', revision: '040bc5406b'
System info: os.name: 'Windows 10', os.arch: 'amd64', os.version: '10.0', java.version: '22.0.1'
Driver info: org.openqa.selenium.chrome.ChromeDriver
Capabilities {acceptInsecureCerts: false, browserName: chrome, browserVersion: 136.0.7103.93, chrome: {chromedriverVersion: 136.0.7103.92 (cb81a4cc5087..., userDataDir: C:\Users\Caelius\AppData\Lo...}, fedcm:accounts: true, goog:chromeOptions: {debuggerAddress: localhost:55670}, networkConnectionEnabled: false, pageLoadStrategy: normal, platformName: windows, proxy: Proxy(), se:cdp: ws://localhost:55670/devtoo..., se:cdpVersion: 136.0.7103.93, setWindowRect: true, strictFileInteractability: false, timeouts: {implicit: 0, pageLoad: 300000, script: 30000}, unhandledPromptBehavior: dismiss and notify, webauthn:extension:credBlob: true, webauthn:extension:largeBlob: true, webauthn:extension:minPinLength: true, webauthn:extension:prf: true, webauthn:virtualAuthenticators: true}
Session ID: 1693607b7f9adf51bbd4a6a434614122
	at org.openqa.selenium.support.ui.WebDriverWait.timeoutException(WebDriverWait.java:84)
	at org.openqa.selenium.support.ui.FluentWait.until(FluentWait.java:230)
	at base.BaseTest.waitForElementToBeClickable(BaseTest.java:195)
	at base.BaseTest.click(BaseTest.java:216)
	at pageEvents.MyStorePage.getStripeAccountBtn(MyStorePage.java:168)
	at pageEvents.MyStorePage.getStoreCreation(MyStorePage.java:410)
	at qa.tests.MyStoreTest.creationOfStoreWithStripeAccount(MyStoreTest.java:73)
	at java.base/jdk.internal.reflect.DirectMethodHandleAccessor.invoke(DirectMethodHandleAccessor.java:103)
	at java.base/java.lang.reflect.Method.invoke(Method.java:580)
	at org.testng.internal.invokers.MethodInvocationHelper.invokeMethod(MethodInvocationHelper.java:141)
	at org.testng.internal.invokers.TestInvoker.invokeMethod(TestInvoker.java:686)
	at org.testng.internal.invokers.TestInvoker.invokeTestMethod(TestInvoker.java:230)
	at org.testng.internal.invokers.MethodRunner.runInSequence(MethodRunner.java:63)
	at org.testng.internal.invokers.TestInvoker$MethodInvocationAgent.invoke(TestInvoker.java:992)
	at org.testng.internal.invokers.TestInvoker.invokeTestMethods(TestInvoker.java:203)
	at org.testng.internal.invokers.TestMethodWorker.invokeTestMethods(TestMethodWorker.java:154)
	at org.testng.internal.invokers.TestMethodWorker.run(TestMethodWorker.java:134)
	at java.base/java.util.ArrayList.forEach(ArrayList.java:1597)
	at org.testng.TestRunner.privateRun(TestRunner.java:739)
	at org.testng.TestRunner.run(TestRunner.java:614)
	at org.testng.SuiteRunner.runTest(SuiteRunner.java:421)
	at org.testng.SuiteRunner.runSequentially(SuiteRunner.java:413)
	at org.testng.SuiteRunner.privateRun(SuiteRunner.java:373)
	at org.testng.SuiteRunner.run(SuiteRunner.java:312)
	at org.testng.SuiteRunnerWorker.runSuite(SuiteRunnerWorker.java:52)
	at org.testng.SuiteRunnerWorker.run(SuiteRunnerWorker.java:95)
	at org.testng.TestNG.runSuitesSequentially(TestNG.java:1274)
	at org.testng.TestNG.runSuitesLocally(TestNG.java:1208)
	at org.testng.TestNG.runSuites(TestNG.java:1112)
	at org.testng.TestNG.run(TestNG.java:1079)
	at com.intellij.rt.testng.IDEARemoteTestNG.run(IDEARemoteTestNG.java:65)
	at com.intellij.rt.testng.RemoteTestNGStarter.main(RemoteTestNGStarter.java:105)
</pre>
                      </p>
                    </td>
                  </tr>
                  <tr>
                    <td width="650px" class="bg-failed" style="padding:7px 20px;">
                      <p style="font-size:13px;margin:0;">
                        sc01b_DeletionOfStore
<pre>org.openqa.selenium.TimeoutException: Expected condition failed: waiting for visibility of element located by By.xpath: //h5[text()='Skip'] (tried for 10 second(s) with 500 milliseconds interval)
Build info: version: '4.11.0', revision: '040bc5406b'
System info: os.name: 'Windows 10', os.arch: 'amd64', os.version: '10.0', java.version: '22.0.1'
Driver info: org.openqa.selenium.chrome.ChromeDriver
Capabilities {acceptInsecureCerts: false, browserName: chrome, browserVersion: 136.0.7103.93, chrome: {chromedriverVersion: 136.0.7103.92 (cb81a4cc5087..., userDataDir: C:\Users\Caelius\AppData\Lo...}, fedcm:accounts: true, goog:chromeOptions: {debuggerAddress: localhost:56007}, networkConnectionEnabled: false, pageLoadStrategy: normal, platformName: windows, proxy: Proxy(), se:cdp: ws://localhost:56007/devtoo..., se:cdpVersion: 136.0.7103.93, setWindowRect: true, strictFileInteractability: false, timeouts: {implicit: 0, pageLoad: 300000, script: 30000}, unhandledPromptBehavior: dismiss and notify, webauthn:extension:credBlob: true, webauthn:extension:largeBlob: true, webauthn:extension:minPinLength: true, webauthn:extension:prf: true, webauthn:virtualAuthenticators: true}
Session ID: 4a8d6f875944194b3a1e3bb7963e4bde
	at org.openqa.selenium.support.ui.WebDriverWait.timeoutException(WebDriverWait.java:84)
	at org.openqa.selenium.support.ui.FluentWait.until(FluentWait.java:230)
	at base.BaseTest.waitForElementToBeVisible(BaseTest.java:169)
	at base.BaseTest.getText(BaseTest.java:261)
	at qa.tests.MyStoreTest.sc01b_DeletionOfStore(MyStoreTest.java:54)
	at java.base/jdk.internal.reflect.DirectMethodHandleAccessor.invoke(DirectMethodHandleAccessor.java:103)
	at java.base/java.lang.reflect.Method.invoke(Method.java:580)
	at org.testng.internal.invokers.MethodInvocationHelper.invokeMethod(MethodInvocationHelper.java:141)
	at org.testng.internal.invokers.TestInvoker.invokeMethod(TestInvoker.java:686)
	at org.testng.internal.invokers.TestInvoker.invokeTestMethod(TestInvoker.java:230)
	at org.testng.internal.invokers.MethodRunner.runInSequence(MethodRunner.java:63)
	at org.testng.internal.invokers.TestInvoker$MethodInvocationAgent.invoke(TestInvoker.java:992)
	at org.testng.internal.invokers.TestInvoker.invokeTestMethods(TestInvoker.java:203)
	at org.testng.internal.invokers.TestMethodWorker.invokeTestMethods(TestMethodWorker.java:154)
	at org.testng.internal.invokers.TestMethodWorker.run(TestMethodWorker.java:134)
	at java.base/java.util.ArrayList.forEach(ArrayList.java:1597)
	at org.testng.TestRunner.privateRun(TestRunner.java:739)
	at org.testng.TestRunner.run(TestRunner.java:614)
	at org.testng.SuiteRunner.runTest(SuiteRunner.java:421)
	at org.testng.SuiteRunner.runSequentially(SuiteRunner.java:413)
	at org.testng.SuiteRunner.privateRun(SuiteRunner.java:373)
	at org.testng.SuiteRunner.run(SuiteRunner.java:312)
	at org.testng.SuiteRunnerWorker.runSuite(SuiteRunnerWorker.java:52)
	at org.testng.SuiteRunnerWorker.run(SuiteRunnerWorker.java:95)
	at org.testng.TestNG.runSuitesSequentially(TestNG.java:1274)
	at org.testng.TestNG.runSuitesLocally(TestNG.java:1208)
	at org.testng.TestNG.runSuites(TestNG.java:1112)
	at org.testng.TestNG.run(TestNG.java:1079)
	at com.intellij.rt.testng.IDEARemoteTestNG.run(IDEARemoteTestNG.java:65)
	at com.intellij.rt.testng.RemoteTestNGStarter.main(RemoteTestNGStarter.java:105)
</pre>
                      </p>
                    </td>
                  </tr>
                  <tr>
                    <td width="650px" class="bg-passed" style="padding:7px 20px;">
                      <p style="font-size:13px;margin:0;">
                        sc07a_VerifyingConfigurationOfStoreUsingManageUsersSubTabs
                      </p>
                    </td>
                  </tr>
                  <tr>
                    <td width="650px" class="bg-passed" style="padding:7px 20px;">
                      <p style="font-size:13px;margin:0;">
                        storeCreationWithoutStripeAccount
                      </p>
                    </td>
                  </tr>
                  <tr>
                    <td width="650px" class="bg-passed" style="padding:7px 20px;">
                      <p style="font-size:13px;margin:0;">
                        verifyConfigurationOfStoreUsingPaymentProcessingSubTab
                      </p>
                    </td>
                  </tr>
                  <tr>
                    <td width="650px" class="bg-passed" style="padding:7px 20px;">
                      <p style="font-size:13px;margin:0;">
                        verifyDeactivatingAnActivatedStore
                      </p>
                    </td>
                  </tr>
                  <tr>
                    <td width="650px" class="bg-passed" style="padding:7px 20px;">
                      <p style="font-size:13px;margin:0;">
                        verifyStoreCreationWithYearlyBusinessPlan
                      </p>
                    </td>
                  </tr>
                  <tr>
                    <td width="650px" class="bg-passed" style="padding:7px 20px;">
                      <p style="font-size:13px;margin:0;">
                        verifyingConfigurationOfStoreUsingPaymentProcessingSubTab
                      </p>
                    </td>
                  </tr>
                  <tr>
                    <td width="650px" class="bg-passed" style="padding:7px 20px;">
                      <p style="font-size:13px;margin:0;">
                        verifyingConfigurationsOfStoreUsingFlatValueInTipField
                      </p>
                    </td>
                  </tr>
                  <tr>
                    <td width="650px" class="bg-passed" style="padding:7px 20px;">
                      <p style="font-size:13px;margin:0;">
                        verifyingConfigurationsOfStoreUsingSettings
                      </p>
                    </td>
                  </tr>
                  <tr>
                    <td width="650px" class="bg-failed" style="padding:7px 20px;">
                      <p style="font-size:13px;margin:0;">
                        verifyingModificationOfExistingCreatedStore
<pre>java.lang.AssertionError: expected [22] but found [16]
	at org.testng.Assert.fail(Assert.java:111)
	at org.testng.Assert.failNotEquals(Assert.java:1578)
	at org.testng.Assert.assertEqualsImpl(Assert.java:150)
	at org.testng.Assert.assertEquals(Assert.java:132)
	at org.testng.Assert.assertEquals(Assert.java:656)
	at org.testng.Assert.assertEquals(Assert.java:666)
	at pageEvents.MyStorePage.editStoreFields(MyStorePage.java:562)
	at qa.tests.MyStoreTest.verifyingModificationOfExistingCreatedStore(MyStoreTest.java:92)
	at java.base/jdk.internal.reflect.DirectMethodHandleAccessor.invoke(DirectMethodHandleAccessor.java:103)
	at java.base/java.lang.reflect.Method.invoke(Method.java:580)
	at org.testng.internal.invokers.MethodInvocationHelper.invokeMethod(MethodInvocationHelper.java:141)
	at org.testng.internal.invokers.TestInvoker.invokeMethod(TestInvoker.java:686)
	at org.testng.internal.invokers.TestInvoker.invokeTestMethod(TestInvoker.java:230)
	at org.testng.internal.invokers.MethodRunner.runInSequence(MethodRunner.java:63)
	at org.testng.internal.invokers.TestInvoker$MethodInvocationAgent.invoke(TestInvoker.java:992)
	at org.testng.internal.invokers.TestInvoker.invokeTestMethods(TestInvoker.java:203)
	at org.testng.internal.invokers.TestMethodWorker.invokeTestMethods(TestMethodWorker.java:154)
	at org.testng.internal.invokers.TestMethodWorker.run(TestMethodWorker.java:134)
	at java.base/java.util.ArrayList.forEach(ArrayList.java:1597)
	at org.testng.TestRunner.privateRun(TestRunner.java:739)
	at org.testng.TestRunner.run(TestRunner.java:614)
	at org.testng.SuiteRunner.runTest(SuiteRunner.java:421)
	at org.testng.SuiteRunner.runSequentially(SuiteRunner.java:413)
	at org.testng.SuiteRunner.privateRun(SuiteRunner.java:373)
	at org.testng.SuiteRunner.run(SuiteRunner.java:312)
	at org.testng.SuiteRunnerWorker.runSuite(SuiteRunnerWorker.java:52)
	at org.testng.SuiteRunnerWorker.run(SuiteRunnerWorker.java:95)
	at org.testng.TestNG.runSuitesSequentially(TestNG.java:1274)
	at org.testng.TestNG.runSuitesLocally(TestNG.java:1208)
	at org.testng.TestNG.runSuites(TestNG.java:1112)
	at org.testng.TestNG.run(TestNG.java:1079)
	at com.intellij.rt.testng.IDEARemoteTestNG.run(IDEARemoteTestNG.java:65)
	at com.intellij.rt.testng.RemoteTestNGStarter.main(RemoteTestNGStarter.java:105)
</pre>
                      </p>
                    </td>
                  </tr>
                  <tr>
                    <td width="650px" class="bg-failed" style="padding:7px 20px;">
                      <p style="font-size:13px;margin:0;">
                        verifyingStoreCreationWithPurchasingMonthlyPremiumPlan
<pre>java.lang.AssertionError: next bill date expected [true] but found [false]
	at org.testng.Assert.fail(Assert.java:111)
	at org.testng.Assert.failNotEquals(Assert.java:1578)
	at org.testng.Assert.assertTrue(Assert.java:57)
	at qa.tests.MyStoreTest.verifyingStoreCreationWithPurchasingMonthlyPremiumPlan(MyStoreTest.java:513)
	at java.base/jdk.internal.reflect.DirectMethodHandleAccessor.invoke(DirectMethodHandleAccessor.java:103)
	at java.base/java.lang.reflect.Method.invoke(Method.java:580)
	at org.testng.internal.invokers.MethodInvocationHelper.invokeMethod(MethodInvocationHelper.java:141)
	at org.testng.internal.invokers.TestInvoker.invokeMethod(TestInvoker.java:686)
	at org.testng.internal.invokers.TestInvoker.invokeTestMethod(TestInvoker.java:230)
	at org.testng.internal.invokers.MethodRunner.runInSequence(MethodRunner.java:63)
	at org.testng.internal.invokers.TestInvoker$MethodInvocationAgent.invoke(TestInvoker.java:992)
	at org.testng.internal.invokers.TestInvoker.invokeTestMethods(TestInvoker.java:203)
	at org.testng.internal.invokers.TestMethodWorker.invokeTestMethods(TestMethodWorker.java:154)
	at org.testng.internal.invokers.TestMethodWorker.run(TestMethodWorker.java:134)
	at java.base/java.util.ArrayList.forEach(ArrayList.java:1597)
	at org.testng.TestRunner.privateRun(TestRunner.java:739)
	at org.testng.TestRunner.run(TestRunner.java:614)
	at org.testng.SuiteRunner.runTest(SuiteRunner.java:421)
	at org.testng.SuiteRunner.runSequentially(SuiteRunner.java:413)
	at org.testng.SuiteRunner.privateRun(SuiteRunner.java:373)
	at org.testng.SuiteRunner.run(SuiteRunner.java:312)
	at org.testng.SuiteRunnerWorker.runSuite(SuiteRunnerWorker.java:52)
	at org.testng.SuiteRunnerWorker.run(SuiteRunnerWorker.java:95)
	at org.testng.TestNG.runSuitesSequentially(TestNG.java:1274)
	at org.testng.TestNG.runSuitesLocally(TestNG.java:1208)
	at org.testng.TestNG.runSuites(TestNG.java:1112)
	at org.testng.TestNG.run(TestNG.java:1079)
	at com.intellij.rt.testng.IDEARemoteTestNG.run(IDEARemoteTestNG.java:65)
	at com.intellij.rt.testng.RemoteTestNGStarter.main(RemoteTestNGStarter.java:105)
</pre>
                      </p>
                    </td>
                  </tr>
                  <tr><td style="height:10px"></td></tr>
                  <tr>
                    <td width="650px" class="bg-failed" style="padding:7px 10px;">
                      <p style="font-size:13px;margin:0;">
                        qa.tests.PaymentHistoryTest
                      </p>
                    </td>
                  </tr>
                  <tr>
                    <td width="650px" class="bg-passed" style="padding:7px 20px;">
                      <p style="font-size:13px;margin:0;">
                        VerifyPartiallyPaidLabelOnTransactionDetailPage
                      </p>
                    </td>
                  </tr>
                  <tr>
                    <td width="650px" class="bg-passed" style="padding:7px 20px;">
                      <p style="font-size:13px;margin:0;">
                        VerifyUserNavigateToBillDetailPage
                      </p>
                    </td>
                  </tr>
                  <tr>
                    <td width="650px" class="bg-failed" style="padding:7px 20px;">
                      <p style="font-size:13px;margin:0;">
                        verifyMessageDisplayedWhenNoPaymentsAreMade
<pre>org.openqa.selenium.TimeoutException: Expected condition failed: waiting for visibility of element located by By.cssSelector: div[class= 'card'] div p (tried for 10 second(s) with 500 milliseconds interval)
Build info: version: '4.11.0', revision: '040bc5406b'
System info: os.name: 'Windows 10', os.arch: 'amd64', os.version: '10.0', java.version: '22.0.1'
Driver info: org.openqa.selenium.chrome.ChromeDriver
Capabilities {acceptInsecureCerts: false, browserName: chrome, browserVersion: 136.0.7103.93, chrome: {chromedriverVersion: 136.0.7103.92 (cb81a4cc5087..., userDataDir: C:\Users\Caelius\AppData\Lo...}, fedcm:accounts: true, goog:chromeOptions: {debuggerAddress: localhost:59832}, networkConnectionEnabled: false, pageLoadStrategy: normal, platformName: windows, proxy: Proxy(), se:cdp: ws://localhost:59832/devtoo..., se:cdpVersion: 136.0.7103.93, setWindowRect: true, strictFileInteractability: false, timeouts: {implicit: 0, pageLoad: 300000, script: 30000}, unhandledPromptBehavior: dismiss and notify, webauthn:extension:credBlob: true, webauthn:extension:largeBlob: true, webauthn:extension:minPinLength: true, webauthn:extension:prf: true, webauthn:virtualAuthenticators: true}
Session ID: 6464d5b71786a238f860cd4dde17dca4
	at org.openqa.selenium.support.ui.WebDriverWait.timeoutException(WebDriverWait.java:84)
	at org.openqa.selenium.support.ui.FluentWait.until(FluentWait.java:230)
	at base.BaseTest.waitForElementToBeVisible(BaseTest.java:169)
	at base.BaseTest.getText(BaseTest.java:261)
	at pageEvents.PaymentHistoryPage.getNopaymentMessage(PaymentHistoryPage.java:69)
	at pageEvents.PaymentHistoryPage.VerifyPageNoPayments(PaymentHistoryPage.java:88)
	at qa.tests.PaymentHistoryTest.verifyMessageDisplayedWhenNoPaymentsAreMade(PaymentHistoryTest.java:30)
	at java.base/jdk.internal.reflect.DirectMethodHandleAccessor.invoke(DirectMethodHandleAccessor.java:103)
	at java.base/java.lang.reflect.Method.invoke(Method.java:580)
	at org.testng.internal.invokers.MethodInvocationHelper.invokeMethod(MethodInvocationHelper.java:141)
	at org.testng.internal.invokers.TestInvoker.invokeMethod(TestInvoker.java:686)
	at org.testng.internal.invokers.TestInvoker.invokeTestMethod(TestInvoker.java:230)
	at org.testng.internal.invokers.MethodRunner.runInSequence(MethodRunner.java:63)
	at org.testng.internal.invokers.TestInvoker$MethodInvocationAgent.invoke(TestInvoker.java:992)
	at org.testng.internal.invokers.TestInvoker.invokeTestMethods(TestInvoker.java:203)
	at org.testng.internal.invokers.TestMethodWorker.invokeTestMethods(TestMethodWorker.java:154)
	at org.testng.internal.invokers.TestMethodWorker.run(TestMethodWorker.java:134)
	at java.base/java.util.ArrayList.forEach(ArrayList.java:1597)
	at org.testng.TestRunner.privateRun(TestRunner.java:739)
	at org.testng.TestRunner.run(TestRunner.java:614)
	at org.testng.SuiteRunner.runTest(SuiteRunner.java:421)
	at org.testng.SuiteRunner.runSequentially(SuiteRunner.java:413)
	at org.testng.SuiteRunner.privateRun(SuiteRunner.java:373)
	at org.testng.SuiteRunner.run(SuiteRunner.java:312)
	at org.testng.SuiteRunnerWorker.runSuite(SuiteRunnerWorker.java:52)
	at org.testng.SuiteRunnerWorker.run(SuiteRunnerWorker.java:95)
	at org.testng.TestNG.runSuitesSequentially(TestNG.java:1274)
	at org.testng.TestNG.runSuitesLocally(TestNG.java:1208)
	at org.testng.TestNG.runSuites(TestNG.java:1112)
	at org.testng.TestNG.run(TestNG.java:1079)
	at com.intellij.rt.testng.IDEARemoteTestNG.run(IDEARemoteTestNG.java:65)
	at com.intellij.rt.testng.RemoteTestNGStarter.main(RemoteTestNGStarter.java:105)
</pre>
                      </p>
                    </td>
                  </tr>
                  <tr>
                    <td width="650px" class="bg-passed" style="padding:7px 20px;">
                      <p style="font-size:13px;margin:0;">
                        verifyRecordsGetUpdatedAfterMakingTransaction
                      </p>
                    </td>
                  </tr>
                  <tr>
                    <td width="650px" class="bg-passed" style="padding:7px 20px;">
                      <p style="font-size:13px;margin:0;">
                        verifyRequiredDetailsTransaction
                      </p>
                    </td>
                  </tr>
                  <tr>
                    <td width="650px" class="bg-passed" style="padding:7px 20px;">
                      <p style="font-size:13px;margin:0;">
                        verifyUserDirectedToPaymentHistoryPageAfterClickingOnPaymentHistoryTab
                      </p>
                    </td>
                  </tr>
                  <tr><td style="height:10px"></td></tr>
                  <tr>
                    <td width="650px" class="bg-failed" style="padding:7px 10px;">
                      <p style="font-size:13px;margin:0;">
                        qa.tests.PaymentsAndRefundTest
                      </p>
                    </td>
                  </tr>
                  <tr>
                    <td width="650px" class="bg-passed" style="padding:7px 20px;">
                      <p style="font-size:13px;margin:0;">
                        cashPaymentThroughStoreManager
                      </p>
                    </td>
                  </tr>
                  <tr>
                    <td width="650px" class="bg-passed" style="padding:7px 20px;">
                      <p style="font-size:13px;margin:0;">
                        cardPaymentThroughStoreManager
                      </p>
                    </td>
                  </tr>
                  <tr>
                    <td width="650px" class="bg-passed" style="padding:7px 20px;">
                      <p style="font-size:13px;margin:0;">
                        payByVenmoThroughStoreManager
                      </p>
                    </td>
                  </tr>
                  <tr>
                    <td width="650px" class="bg-passed" style="padding:7px 20px;">
                      <p style="font-size:13px;margin:0;">
                        payByZelleThroughStoreManager
                      </p>
                    </td>
                  </tr>
                  <tr>
                    <td width="650px" class="bg-passed" style="padding:7px 20px;">
                      <p style="font-size:13px;margin:0;">
                        verifyPaymentByMultipleModeThroughStoreManager
                      </p>
                    </td>
                  </tr>
                  <tr>
                    <td width="650px" class="bg-passed" style="padding:7px 20px;">
                      <p style="font-size:13px;margin:0;">
                        partialPaymentThroughStoreManager
                      </p>
                    </td>
                  </tr>
                  <tr>
                    <td width="650px" class="bg-passed" style="padding:7px 20px;">
                      <p style="font-size:13px;margin:0;">
                        markSuccessfulPaymentAsVoid
                      </p>
                    </td>
                  </tr>
                  <tr>
                    <td width="650px" class="bg-passed" style="padding:7px 20px;">
                      <p style="font-size:13px;margin:0;">
                        BillPaymentByCreditCardThroughCustomer
                      </p>
                    </td>
                  </tr>
                  <tr>
                    <td width="650px" class="bg-passed" style="padding:7px 20px;">
                      <p style="font-size:13px;margin:0;">
                        BillPaymentByCustomerThroughBankAccount
                      </p>
                    </td>
                  </tr>
                  <tr>
                    <td width="650px" class="bg-failed" style="padding:7px 20px;">
                      <p style="font-size:13px;margin:0;">
                        BillPaymentByVariousPaymentMethods
<pre>org.openqa.selenium.ElementClickInterceptedException: element click intercepted: Element <div class="text-danger badge bg-white btn-pill empty-d-none">...</div> is not clickable at point (816, 511). Other element would receive the click: <div class="offcanvas-backdrop fade show"></div>
  (Session info: chrome=136.0.7103.93)
Build info: version: '4.11.0', revision: '040bc5406b'
System info: os.name: 'Windows 10', os.arch: 'amd64', os.version: '10.0', java.version: '22.0.1'
Driver info: org.openqa.selenium.chrome.ChromeDriver
Command: [323403272e7bb52de4a571f746774ce5, clickElement {id=f.5B4F2B04DE51122947C9A87E07390C37.d.69925B5707DC13CB398BF69290094CFF.e.9605}]
Capabilities {acceptInsecureCerts: false, browserName: chrome, browserVersion: 136.0.7103.93, chrome: {chromedriverVersion: 136.0.7103.92 (cb81a4cc5087..., userDataDir: C:\Users\Caelius\AppData\Lo...}, fedcm:accounts: true, goog:chromeOptions: {debuggerAddress: localhost:64428}, networkConnectionEnabled: false, pageLoadStrategy: normal, platformName: windows, proxy: Proxy(), se:cdp: ws://localhost:64428/devtoo..., se:cdpVersion: 136.0.7103.93, setWindowRect: true, strictFileInteractability: false, timeouts: {implicit: 0, pageLoad: 300000, script: 30000}, unhandledPromptBehavior: dismiss and notify, webauthn:extension:credBlob: true, webauthn:extension:largeBlob: true, webauthn:extension:minPinLength: true, webauthn:extension:prf: true, webauthn:virtualAuthenticators: true}
Element: [[ChromeDriver: chrome on windows (323403272e7bb52de4a571f746774ce5)] -> xpath: //div[normalize-space()='Change']]
Session ID: 323403272e7bb52de4a571f746774ce5
	at java.base/jdk.internal.reflect.DirectConstructorHandleAccessor.newInstance(DirectConstructorHandleAccessor.java:62)
	at java.base/java.lang.reflect.Constructor.newInstanceWithCaller(Constructor.java:502)
	at java.base/java.lang.reflect.Constructor.newInstance(Constructor.java:486)
	at org.openqa.selenium.remote.codec.w3c.W3CHttpResponseCodec.createException(W3CHttpResponseCodec.java:200)
	at org.openqa.selenium.remote.codec.w3c.W3CHttpResponseCodec.decode(W3CHttpResponseCodec.java:133)
	at org.openqa.selenium.remote.codec.w3c.W3CHttpResponseCodec.decode(W3CHttpResponseCodec.java:52)
	at org.openqa.selenium.remote.HttpCommandExecutor.execute(HttpCommandExecutor.java:191)
	at org.openqa.selenium.remote.service.DriverCommandExecutor.invokeExecute(DriverCommandExecutor.java:196)
	at org.openqa.selenium.remote.service.DriverCommandExecutor.execute(DriverCommandExecutor.java:171)
	at org.openqa.selenium.remote.RemoteWebDriver.execute(RemoteWebDriver.java:518)
	at org.openqa.selenium.remote.RemoteWebElement.execute(RemoteWebElement.java:224)
	at org.openqa.selenium.remote.RemoteWebElement.click(RemoteWebElement.java:77)
	at base.BaseTest.click(BaseTest.java:216)
	at pageEvents.PaymentPage.clickOnchangeBtn(PaymentPage.java:285)
	at pageEvents.PaymentPage.clickOnZelleAccount(PaymentPage.java:914)
	at qa.tests.PaymentsAndRefundTest.BillPaymentByVariousPaymentMethods(PaymentsAndRefundTest.java:103)
	at java.base/jdk.internal.reflect.DirectMethodHandleAccessor.invoke(DirectMethodHandleAccessor.java:103)
	at java.base/java.lang.reflect.Method.invoke(Method.java:580)
	at org.testng.internal.invokers.MethodInvocationHelper.invokeMethod(MethodInvocationHelper.java:141)
	at org.testng.internal.invokers.TestInvoker.invokeMethod(TestInvoker.java:686)
	at org.testng.internal.invokers.TestInvoker.invokeTestMethod(TestInvoker.java:230)
	at org.testng.internal.invokers.MethodRunner.runInSequence(MethodRunner.java:63)
	at org.testng.internal.invokers.TestInvoker$MethodInvocationAgent.invoke(TestInvoker.java:992)
	at org.testng.internal.invokers.TestInvoker.invokeTestMethods(TestInvoker.java:203)
	at org.testng.internal.invokers.TestMethodWorker.invokeTestMethods(TestMethodWorker.java:154)
	at org.testng.internal.invokers.TestMethodWorker.run(TestMethodWorker.java:134)
	at java.base/java.util.ArrayList.forEach(ArrayList.java:1597)
	at org.testng.TestRunner.privateRun(TestRunner.java:739)
	at org.testng.TestRunner.run(TestRunner.java:614)
	at org.testng.SuiteRunner.runTest(SuiteRunner.java:421)
	at org.testng.SuiteRunner.runSequentially(SuiteRunner.java:413)
	at org.testng.SuiteRunner.privateRun(SuiteRunner.java:373)
	at org.testng.SuiteRunner.run(SuiteRunner.java:312)
	at org.testng.SuiteRunnerWorker.runSuite(SuiteRunnerWorker.java:52)
	at org.testng.SuiteRunnerWorker.run(SuiteRunnerWorker.java:95)
	at org.testng.TestNG.runSuitesSequentially(TestNG.java:1274)
	at org.testng.TestNG.runSuitesLocally(TestNG.java:1208)
	at org.testng.TestNG.runSuites(TestNG.java:1112)
	at org.testng.TestNG.run(TestNG.java:1079)
	at com.intellij.rt.testng.IDEARemoteTestNG.run(IDEARemoteTestNG.java:65)
	at com.intellij.rt.testng.RemoteTestNGStarter.main(RemoteTestNGStarter.java:105)
</pre>
                      </p>
                    </td>
                  </tr>
                  <tr>
                    <td width="650px" class="bg-passed" style="padding:7px 20px;">
                      <p style="font-size:13px;margin:0;">
                        CreateBillForCustomerPayUsingVenmo
                      </p>
                    </td>
                  </tr>
                  <tr>
                    <td width="650px" class="bg-passed" style="padding:7px 20px;">
                      <p style="font-size:13px;margin:0;">
                        CreateBillForCustomerAndPayUsingZelle
                      </p>
                    </td>
                  </tr>
                  <tr>
                    <td width="650px" class="bg-passed" style="padding:7px 20px;">
                      <p style="font-size:13px;margin:0;">
                        RejectingTheBillByCustomer
                      </p>
                    </td>
                  </tr>
                  <tr>
                    <td width="650px" class="bg-passed" style="padding:7px 20px;">
                      <p style="font-size:13px;margin:0;">
                        verifyCreatingBillForCustomerPayThroughAffirmPayment
                      </p>
                    </td>
                  </tr>
                  <tr>
                    <td width="650px" class="bg-passed" style="padding:7px 20px;">
                      <p style="font-size:13px;margin:0;">
                        verifyCreatingABillAndPayingThroughAutoPaymentMethod
                      </p>
                    </td>
                  </tr>
                  <tr><td style="height:10px"></td></tr>
                  <tr>
                    <td width="650px" class="bg-failed" style="padding:7px 10px;">
                      <p style="font-size:13px;margin:0;">
                        qa.tests.QRCodeTest
                      </p>
                    </td>
                  </tr>
                  <tr>
                    <td width="650px" class="bg-failed" style="padding:7px 20px;">
                      <p style="font-size:13px;margin:0;">
                        typesOfQrCodes
<pre>org.openqa.selenium.TimeoutException: Expected condition failed: waiting for element to be clickable: By.xpath: //span[contains(text(),'Automation Bill Flow')] (tried for 10 second(s) with 500 milliseconds interval)
Build info: version: '4.11.0', revision: '040bc5406b'
System info: os.name: 'Windows 10', os.arch: 'amd64', os.version: '10.0', java.version: '22.0.1'
Driver info: org.openqa.selenium.chrome.ChromeDriver
Capabilities {acceptInsecureCerts: false, browserName: chrome, browserVersion: 136.0.7103.93, chrome: {chromedriverVersion: 136.0.7103.92 (cb81a4cc5087..., userDataDir: C:\Users\Caelius\AppData\Lo...}, fedcm:accounts: true, goog:chromeOptions: {debuggerAddress: localhost:50801}, networkConnectionEnabled: false, pageLoadStrategy: normal, platformName: windows, proxy: Proxy(), se:cdp: ws://localhost:50801/devtoo..., se:cdpVersion: 136.0.7103.93, setWindowRect: true, strictFileInteractability: false, timeouts: {implicit: 0, pageLoad: 300000, script: 30000}, unhandledPromptBehavior: dismiss and notify, webauthn:extension:credBlob: true, webauthn:extension:largeBlob: true, webauthn:extension:minPinLength: true, webauthn:extension:prf: true, webauthn:virtualAuthenticators: true}
Session ID: 730049538bed164b190d97a9f51a5c97
	at org.openqa.selenium.support.ui.WebDriverWait.timeoutException(WebDriverWait.java:84)
	at org.openqa.selenium.support.ui.FluentWait.until(FluentWait.java:230)
	at base.BaseTest.waitForElementToBeClickable(BaseTest.java:195)
	at base.BaseTest.click(BaseTest.java:216)
	at pageEvents.QRCodePage.selectStore(QRCodePage.java:109)
	at pageEvents.QRCodePage.selectStore(QRCodePage.java:228)
	at pageEvents.QRCodePage.typesOfQrCodes(QRCodePage.java:241)
	at qa.tests.QRCodeTest.typesOfQrCodes(QRCodeTest.java:17)
	at java.base/jdk.internal.reflect.DirectMethodHandleAccessor.invoke(DirectMethodHandleAccessor.java:103)
	at java.base/java.lang.reflect.Method.invoke(Method.java:580)
	at org.testng.internal.invokers.MethodInvocationHelper.invokeMethod(MethodInvocationHelper.java:141)
	at org.testng.internal.invokers.TestInvoker.invokeMethod(TestInvoker.java:686)
	at org.testng.internal.invokers.TestInvoker.invokeTestMethod(TestInvoker.java:230)
	at org.testng.internal.invokers.MethodRunner.runInSequence(MethodRunner.java:63)
	at org.testng.internal.invokers.TestInvoker$MethodInvocationAgent.invoke(TestInvoker.java:992)
	at org.testng.internal.invokers.TestInvoker.invokeTestMethods(TestInvoker.java:203)
	at org.testng.internal.invokers.TestMethodWorker.invokeTestMethods(TestMethodWorker.java:154)
	at org.testng.internal.invokers.TestMethodWorker.run(TestMethodWorker.java:134)
	at java.base/java.util.ArrayList.forEach(ArrayList.java:1597)
	at org.testng.TestRunner.privateRun(TestRunner.java:739)
	at org.testng.TestRunner.run(TestRunner.java:614)
	at org.testng.SuiteRunner.runTest(SuiteRunner.java:421)
	at org.testng.SuiteRunner.runSequentially(SuiteRunner.java:413)
	at org.testng.SuiteRunner.privateRun(SuiteRunner.java:373)
	at org.testng.SuiteRunner.run(SuiteRunner.java:312)
	at org.testng.SuiteRunnerWorker.runSuite(SuiteRunnerWorker.java:52)
	at org.testng.SuiteRunnerWorker.run(SuiteRunnerWorker.java:95)
	at org.testng.TestNG.runSuitesSequentially(TestNG.java:1274)
	at org.testng.TestNG.runSuitesLocally(TestNG.java:1208)
	at org.testng.TestNG.runSuites(TestNG.java:1112)
	at org.testng.TestNG.run(TestNG.java:1079)
	at com.intellij.rt.testng.IDEARemoteTestNG.run(IDEARemoteTestNG.java:65)
	at com.intellij.rt.testng.RemoteTestNGStarter.main(RemoteTestNGStarter.java:105)
</pre>
                      </p>
                    </td>
                  </tr>
                  <tr>
                    <td width="650px" class="bg-failed" style="padding:7px 20px;">
                      <p style="font-size:13px;margin:0;">
                        directPaySection
<pre>org.openqa.selenium.TimeoutException: Expected condition failed: waiting for element to be clickable: By.xpath: //span[contains(text(),'Automation Bill Flow')] (tried for 10 second(s) with 500 milliseconds interval)
Build info: version: '4.11.0', revision: '040bc5406b'
System info: os.name: 'Windows 10', os.arch: 'amd64', os.version: '10.0', java.version: '22.0.1'
Driver info: org.openqa.selenium.chrome.ChromeDriver
Capabilities {acceptInsecureCerts: false, browserName: chrome, browserVersion: 136.0.7103.93, chrome: {chromedriverVersion: 136.0.7103.92 (cb81a4cc5087..., userDataDir: C:\Users\Caelius\AppData\Lo...}, fedcm:accounts: true, goog:chromeOptions: {debuggerAddress: localhost:51055}, networkConnectionEnabled: false, pageLoadStrategy: normal, platformName: windows, proxy: Proxy(), se:cdp: ws://localhost:51055/devtoo..., se:cdpVersion: 136.0.7103.93, setWindowRect: true, strictFileInteractability: false, timeouts: {implicit: 0, pageLoad: 300000, script: 30000}, unhandledPromptBehavior: dismiss and notify, webauthn:extension:credBlob: true, webauthn:extension:largeBlob: true, webauthn:extension:minPinLength: true, webauthn:extension:prf: true, webauthn:virtualAuthenticators: true}
Session ID: 81eeb14dc6b671e74ca95418d630fcc5
	at org.openqa.selenium.support.ui.WebDriverWait.timeoutException(WebDriverWait.java:84)
	at org.openqa.selenium.support.ui.FluentWait.until(FluentWait.java:230)
	at base.BaseTest.waitForElementToBeClickable(BaseTest.java:195)
	at base.BaseTest.click(BaseTest.java:216)
	at pageEvents.QRCodePage.selectStore(QRCodePage.java:109)
	at pageEvents.QRCodePage.selectStore(QRCodePage.java:228)
	at pageEvents.QRCodePage.directPaySect(QRCodePage.java:248)
	at qa.tests.QRCodeTest.directPaySection(QRCodeTest.java:21)
	at java.base/jdk.internal.reflect.DirectMethodHandleAccessor.invoke(DirectMethodHandleAccessor.java:103)
	at java.base/java.lang.reflect.Method.invoke(Method.java:580)
	at org.testng.internal.invokers.MethodInvocationHelper.invokeMethod(MethodInvocationHelper.java:141)
	at org.testng.internal.invokers.TestInvoker.invokeMethod(TestInvoker.java:686)
	at org.testng.internal.invokers.TestInvoker.invokeTestMethod(TestInvoker.java:230)
	at org.testng.internal.invokers.MethodRunner.runInSequence(MethodRunner.java:63)
	at org.testng.internal.invokers.TestInvoker$MethodInvocationAgent.invoke(TestInvoker.java:992)
	at org.testng.internal.invokers.TestInvoker.invokeTestMethods(TestInvoker.java:203)
	at org.testng.internal.invokers.TestMethodWorker.invokeTestMethods(TestMethodWorker.java:154)
	at org.testng.internal.invokers.TestMethodWorker.run(TestMethodWorker.java:134)
	at java.base/java.util.ArrayList.forEach(ArrayList.java:1597)
	at org.testng.TestRunner.privateRun(TestRunner.java:739)
	at org.testng.TestRunner.run(TestRunner.java:614)
	at org.testng.SuiteRunner.runTest(SuiteRunner.java:421)
	at org.testng.SuiteRunner.runSequentially(SuiteRunner.java:413)
	at org.testng.SuiteRunner.privateRun(SuiteRunner.java:373)
	at org.testng.SuiteRunner.run(SuiteRunner.java:312)
	at org.testng.SuiteRunnerWorker.runSuite(SuiteRunnerWorker.java:52)
	at org.testng.SuiteRunnerWorker.run(SuiteRunnerWorker.java:95)
	at org.testng.TestNG.runSuitesSequentially(TestNG.java:1274)
	at org.testng.TestNG.runSuitesLocally(TestNG.java:1208)
	at org.testng.TestNG.runSuites(TestNG.java:1112)
	at org.testng.TestNG.run(TestNG.java:1079)
	at com.intellij.rt.testng.IDEARemoteTestNG.run(IDEARemoteTestNG.java:65)
	at com.intellij.rt.testng.RemoteTestNGStarter.main(RemoteTestNGStarter.java:105)
</pre>
                      </p>
                    </td>
                  </tr>
                  <tr>
                    <td width="650px" class="bg-failed" style="padding:7px 20px;">
                      <p style="font-size:13px;margin:0;">
                        directPayByViewLink
<pre>org.openqa.selenium.TimeoutException: Expected condition failed: waiting for element to be clickable: By.xpath: //span[contains(text(),'Automation Bill Flow')] (tried for 10 second(s) with 500 milliseconds interval)
Build info: version: '4.11.0', revision: '040bc5406b'
System info: os.name: 'Windows 10', os.arch: 'amd64', os.version: '10.0', java.version: '22.0.1'
Driver info: org.openqa.selenium.chrome.ChromeDriver
Capabilities {acceptInsecureCerts: false, browserName: chrome, browserVersion: 136.0.7103.93, chrome: {chromedriverVersion: 136.0.7103.92 (cb81a4cc5087..., userDataDir: C:\Users\Caelius\AppData\Lo...}, fedcm:accounts: true, goog:chromeOptions: {debuggerAddress: localhost:51293}, networkConnectionEnabled: false, pageLoadStrategy: normal, platformName: windows, proxy: Proxy(), se:cdp: ws://localhost:51293/devtoo..., se:cdpVersion: 136.0.7103.93, setWindowRect: true, strictFileInteractability: false, timeouts: {implicit: 0, pageLoad: 300000, script: 30000}, unhandledPromptBehavior: dismiss and notify, webauthn:extension:credBlob: true, webauthn:extension:largeBlob: true, webauthn:extension:minPinLength: true, webauthn:extension:prf: true, webauthn:virtualAuthenticators: true}
Session ID: c3839f4d96e1d8ed1fa7dafd85602666
	at org.openqa.selenium.support.ui.WebDriverWait.timeoutException(WebDriverWait.java:84)
	at org.openqa.selenium.support.ui.FluentWait.until(FluentWait.java:230)
	at base.BaseTest.waitForElementToBeClickable(BaseTest.java:195)
	at base.BaseTest.click(BaseTest.java:216)
	at pageEvents.QRCodePage.selectStore(QRCodePage.java:109)
	at pageEvents.QRCodePage.selectStore(QRCodePage.java:228)
	at pageEvents.QRCodePage.DirectPayByViewLink(QRCodePage.java:326)
	at qa.tests.QRCodeTest.directPayByViewLink(QRCodeTest.java:27)
	at java.base/jdk.internal.reflect.DirectMethodHandleAccessor.invoke(DirectMethodHandleAccessor.java:103)
	at java.base/java.lang.reflect.Method.invoke(Method.java:580)
	at org.testng.internal.invokers.MethodInvocationHelper.invokeMethod(MethodInvocationHelper.java:141)
	at org.testng.internal.invokers.TestInvoker.invokeMethod(TestInvoker.java:686)
	at org.testng.internal.invokers.TestInvoker.invokeTestMethod(TestInvoker.java:230)
	at org.testng.internal.invokers.MethodRunner.runInSequence(MethodRunner.java:63)
	at org.testng.internal.invokers.TestInvoker$MethodInvocationAgent.invoke(TestInvoker.java:992)
	at org.testng.internal.invokers.TestInvoker.invokeTestMethods(TestInvoker.java:203)
	at org.testng.internal.invokers.TestMethodWorker.invokeTestMethods(TestMethodWorker.java:154)
	at org.testng.internal.invokers.TestMethodWorker.run(TestMethodWorker.java:134)
	at java.base/java.util.ArrayList.forEach(ArrayList.java:1597)
	at org.testng.TestRunner.privateRun(TestRunner.java:739)
	at org.testng.TestRunner.run(TestRunner.java:614)
	at org.testng.SuiteRunner.runTest(SuiteRunner.java:421)
	at org.testng.SuiteRunner.runSequentially(SuiteRunner.java:413)
	at org.testng.SuiteRunner.privateRun(SuiteRunner.java:373)
	at org.testng.SuiteRunner.run(SuiteRunner.java:312)
	at org.testng.SuiteRunnerWorker.runSuite(SuiteRunnerWorker.java:52)
	at org.testng.SuiteRunnerWorker.run(SuiteRunnerWorker.java:95)
	at org.testng.TestNG.runSuitesSequentially(TestNG.java:1274)
	at org.testng.TestNG.runSuitesLocally(TestNG.java:1208)
	at org.testng.TestNG.runSuites(TestNG.java:1112)
	at org.testng.TestNG.run(TestNG.java:1079)
	at com.intellij.rt.testng.IDEARemoteTestNG.run(IDEARemoteTestNG.java:65)
	at com.intellij.rt.testng.RemoteTestNGStarter.main(RemoteTestNGStarter.java:105)
</pre>
                      </p>
                    </td>
                  </tr>
                  <tr>
                    <td width="650px" class="bg-failed" style="padding:7px 20px;">
                      <p style="font-size:13px;margin:0;">
                        contactScreenSection
<pre>org.openqa.selenium.TimeoutException: Expected condition failed: waiting for element to be clickable: By.xpath: //span[contains(text(),'Automation Bill Flow')] (tried for 10 second(s) with 500 milliseconds interval)
Build info: version: '4.11.0', revision: '040bc5406b'
System info: os.name: 'Windows 10', os.arch: 'amd64', os.version: '10.0', java.version: '22.0.1'
Driver info: org.openqa.selenium.chrome.ChromeDriver
Capabilities {acceptInsecureCerts: false, browserName: chrome, browserVersion: 136.0.7103.93, chrome: {chromedriverVersion: 136.0.7103.92 (cb81a4cc5087..., userDataDir: C:\Users\Caelius\AppData\Lo...}, fedcm:accounts: true, goog:chromeOptions: {debuggerAddress: localhost:51548}, networkConnectionEnabled: false, pageLoadStrategy: normal, platformName: windows, proxy: Proxy(), se:cdp: ws://localhost:51548/devtoo..., se:cdpVersion: 136.0.7103.93, setWindowRect: true, strictFileInteractability: false, timeouts: {implicit: 0, pageLoad: 300000, script: 30000}, unhandledPromptBehavior: dismiss and notify, webauthn:extension:credBlob: true, webauthn:extension:largeBlob: true, webauthn:extension:minPinLength: true, webauthn:extension:prf: true, webauthn:virtualAuthenticators: true}
Session ID: 79c6842fd2fe7f00ad6ea79c997e974f
	at org.openqa.selenium.support.ui.WebDriverWait.timeoutException(WebDriverWait.java:84)
	at org.openqa.selenium.support.ui.FluentWait.until(FluentWait.java:230)
	at base.BaseTest.waitForElementToBeClickable(BaseTest.java:195)
	at base.BaseTest.click(BaseTest.java:216)
	at pageEvents.QRCodePage.selectStore(QRCodePage.java:109)
	at pageEvents.QRCodePage.selectStore(QRCodePage.java:228)
	at pageEvents.QRCodePage.contactScreenSect(QRCodePage.java:279)
	at qa.tests.QRCodeTest.contactScreenSection(QRCodeTest.java:33)
	at java.base/jdk.internal.reflect.DirectMethodHandleAccessor.invoke(DirectMethodHandleAccessor.java:103)
	at java.base/java.lang.reflect.Method.invoke(Method.java:580)
	at org.testng.internal.invokers.MethodInvocationHelper.invokeMethod(MethodInvocationHelper.java:141)
	at org.testng.internal.invokers.TestInvoker.invokeMethod(TestInvoker.java:686)
	at org.testng.internal.invokers.TestInvoker.invokeTestMethod(TestInvoker.java:230)
	at org.testng.internal.invokers.MethodRunner.runInSequence(MethodRunner.java:63)
	at org.testng.internal.invokers.TestInvoker$MethodInvocationAgent.invoke(TestInvoker.java:992)
	at org.testng.internal.invokers.TestInvoker.invokeTestMethods(TestInvoker.java:203)
	at org.testng.internal.invokers.TestMethodWorker.invokeTestMethods(TestMethodWorker.java:154)
	at org.testng.internal.invokers.TestMethodWorker.run(TestMethodWorker.java:134)
	at java.base/java.util.ArrayList.forEach(ArrayList.java:1597)
	at org.testng.TestRunner.privateRun(TestRunner.java:739)
	at org.testng.TestRunner.run(TestRunner.java:614)
	at org.testng.SuiteRunner.runTest(SuiteRunner.java:421)
	at org.testng.SuiteRunner.runSequentially(SuiteRunner.java:413)
	at org.testng.SuiteRunner.privateRun(SuiteRunner.java:373)
	at org.testng.SuiteRunner.run(SuiteRunner.java:312)
	at org.testng.SuiteRunnerWorker.runSuite(SuiteRunnerWorker.java:52)
	at org.testng.SuiteRunnerWorker.run(SuiteRunnerWorker.java:95)
	at org.testng.TestNG.runSuitesSequentially(TestNG.java:1274)
	at org.testng.TestNG.runSuitesLocally(TestNG.java:1208)
	at org.testng.TestNG.runSuites(TestNG.java:1112)
	at org.testng.TestNG.run(TestNG.java:1079)
	at com.intellij.rt.testng.IDEARemoteTestNG.run(IDEARemoteTestNG.java:65)
	at com.intellij.rt.testng.RemoteTestNGStarter.main(RemoteTestNGStarter.java:105)
</pre>
                      </p>
                    </td>
                  </tr>
                  <tr>
                    <td width="650px" class="bg-failed" style="padding:7px 20px;">
                      <p style="font-size:13px;margin:0;">
                        custPermSection
<pre>org.openqa.selenium.TimeoutException: Expected condition failed: waiting for element to be clickable: By.xpath: //span[contains(text(),'Automation Bill Flow')] (tried for 10 second(s) with 500 milliseconds interval)
Build info: version: '4.11.0', revision: '040bc5406b'
System info: os.name: 'Windows 10', os.arch: 'amd64', os.version: '10.0', java.version: '22.0.1'
Driver info: org.openqa.selenium.chrome.ChromeDriver
Capabilities {acceptInsecureCerts: false, browserName: chrome, browserVersion: 136.0.7103.93, chrome: {chromedriverVersion: 136.0.7103.92 (cb81a4cc5087..., userDataDir: C:\Users\Caelius\AppData\Lo...}, fedcm:accounts: true, goog:chromeOptions: {debuggerAddress: localhost:51788}, networkConnectionEnabled: false, pageLoadStrategy: normal, platformName: windows, proxy: Proxy(), se:cdp: ws://localhost:51788/devtoo..., se:cdpVersion: 136.0.7103.93, setWindowRect: true, strictFileInteractability: false, timeouts: {implicit: 0, pageLoad: 300000, script: 30000}, unhandledPromptBehavior: dismiss and notify, webauthn:extension:credBlob: true, webauthn:extension:largeBlob: true, webauthn:extension:minPinLength: true, webauthn:extension:prf: true, webauthn:virtualAuthenticators: true}
Session ID: 8f4e0554769642834e201f61019f0b0f
	at org.openqa.selenium.support.ui.WebDriverWait.timeoutException(WebDriverWait.java:84)
	at org.openqa.selenium.support.ui.FluentWait.until(FluentWait.java:230)
	at base.BaseTest.waitForElementToBeClickable(BaseTest.java:195)
	at base.BaseTest.click(BaseTest.java:216)
	at pageEvents.QRCodePage.selectStore(QRCodePage.java:109)
	at pageEvents.QRCodePage.selectStore(QRCodePage.java:228)
	at pageEvents.QRCodePage.custPermSect(QRCodePage.java:302)
	at qa.tests.QRCodeTest.custPermSection(QRCodeTest.java:38)
	at java.base/jdk.internal.reflect.DirectMethodHandleAccessor.invoke(DirectMethodHandleAccessor.java:103)
	at java.base/java.lang.reflect.Method.invoke(Method.java:580)
	at org.testng.internal.invokers.MethodInvocationHelper.invokeMethod(MethodInvocationHelper.java:141)
	at org.testng.internal.invokers.TestInvoker.invokeMethod(TestInvoker.java:686)
	at org.testng.internal.invokers.TestInvoker.invokeTestMethod(TestInvoker.java:230)
	at org.testng.internal.invokers.MethodRunner.runInSequence(MethodRunner.java:63)
	at org.testng.internal.invokers.TestInvoker$MethodInvocationAgent.invoke(TestInvoker.java:992)
	at org.testng.internal.invokers.TestInvoker.invokeTestMethods(TestInvoker.java:203)
	at org.testng.internal.invokers.TestMethodWorker.invokeTestMethods(TestMethodWorker.java:154)
	at org.testng.internal.invokers.TestMethodWorker.run(TestMethodWorker.java:134)
	at java.base/java.util.ArrayList.forEach(ArrayList.java:1597)
	at org.testng.TestRunner.privateRun(TestRunner.java:739)
	at org.testng.TestRunner.run(TestRunner.java:614)
	at org.testng.SuiteRunner.runTest(SuiteRunner.java:421)
	at org.testng.SuiteRunner.runSequentially(SuiteRunner.java:413)
	at org.testng.SuiteRunner.privateRun(SuiteRunner.java:373)
	at org.testng.SuiteRunner.run(SuiteRunner.java:312)
	at org.testng.SuiteRunnerWorker.runSuite(SuiteRunnerWorker.java:52)
	at org.testng.SuiteRunnerWorker.run(SuiteRunnerWorker.java:95)
	at org.testng.TestNG.runSuitesSequentially(TestNG.java:1274)
	at org.testng.TestNG.runSuitesLocally(TestNG.java:1208)
	at org.testng.TestNG.runSuites(TestNG.java:1112)
	at org.testng.TestNG.run(TestNG.java:1079)
	at com.intellij.rt.testng.IDEARemoteTestNG.run(IDEARemoteTestNG.java:65)
	at com.intellij.rt.testng.RemoteTestNGStarter.main(RemoteTestNGStarter.java:105)
</pre>
                      </p>
                    </td>
                  </tr>
                  <tr>
                    <td width="650px" class="bg-failed" style="padding:7px 20px;">
                      <p style="font-size:13px;margin:0;">
                        createNewQrCode
<pre>org.openqa.selenium.ElementClickInterceptedException: element click intercepted: Element <button class="btn-lg btn btn-success" section="phonesignin" type="submit" data-ajaxsubmit="1">...</button> is not clickable at point (612, 398). Other element would receive the click: <div class="splash-icon"></div>
  (Session info: chrome=136.0.7103.93)
Build info: version: '4.11.0', revision: '040bc5406b'
System info: os.name: 'Windows 10', os.arch: 'amd64', os.version: '10.0', java.version: '22.0.1'
Driver info: org.openqa.selenium.chrome.ChromeDriver
Command: [2e130341eae26191c804e926ba398f77, clickElement {id=f.B01C39F719DED7E4BB94BC28B6A49FE2.d.3C289F77276C630B0784BDD9BF989771.e.108}]
Capabilities {acceptInsecureCerts: false, browserName: chrome, browserVersion: 136.0.7103.93, chrome: {chromedriverVersion: 136.0.7103.92 (cb81a4cc5087..., userDataDir: C:\Users\Caelius\AppData\Lo...}, fedcm:accounts: true, goog:chromeOptions: {debuggerAddress: localhost:52035}, networkConnectionEnabled: false, pageLoadStrategy: normal, platformName: windows, proxy: Proxy(), se:cdp: ws://localhost:52035/devtoo..., se:cdpVersion: 136.0.7103.93, setWindowRect: true, strictFileInteractability: false, timeouts: {implicit: 0, pageLoad: 300000, script: 30000}, unhandledPromptBehavior: dismiss and notify, webauthn:extension:credBlob: true, webauthn:extension:largeBlob: true, webauthn:extension:minPinLength: true, webauthn:extension:prf: true, webauthn:virtualAuthenticators: true}
Element: [[ChromeDriver: chrome on windows (2e130341eae26191c804e926ba398f77)] -> xpath: //*[@id='loginAdvDivId']/div[2]/div/button]
Session ID: 2e130341eae26191c804e926ba398f77
	at java.base/jdk.internal.reflect.DirectConstructorHandleAccessor.newInstance(DirectConstructorHandleAccessor.java:62)
	at java.base/java.lang.reflect.Constructor.newInstanceWithCaller(Constructor.java:502)
	at java.base/java.lang.reflect.Constructor.newInstance(Constructor.java:486)
	at org.openqa.selenium.remote.codec.w3c.W3CHttpResponseCodec.createException(W3CHttpResponseCodec.java:200)
	at org.openqa.selenium.remote.codec.w3c.W3CHttpResponseCodec.decode(W3CHttpResponseCodec.java:133)
	at org.openqa.selenium.remote.codec.w3c.W3CHttpResponseCodec.decode(W3CHttpResponseCodec.java:52)
	at org.openqa.selenium.remote.HttpCommandExecutor.execute(HttpCommandExecutor.java:191)
	at org.openqa.selenium.remote.service.DriverCommandExecutor.invokeExecute(DriverCommandExecutor.java:196)
	at org.openqa.selenium.remote.service.DriverCommandExecutor.execute(DriverCommandExecutor.java:171)
	at org.openqa.selenium.remote.RemoteWebDriver.execute(RemoteWebDriver.java:518)
	at org.openqa.selenium.remote.RemoteWebElement.execute(RemoteWebElement.java:224)
	at org.openqa.selenium.remote.RemoteWebElement.click(RemoteWebElement.java:77)
	at base.BaseTest.click(BaseTest.java:216)
	at pageEvents.LoginPageEvents.signIn(LoginPageEvents.java:69)
	at base.BaseTest.Login(BaseTest.java:677)
	at pageEvents.QRCodePage.selectStore(QRCodePage.java:225)
	at pageEvents.QRCodePage.createNewQrCode(QRCodePage.java:339)
	at qa.tests.QRCodeTest.createNewQrCode(QRCodeTest.java:43)
	at java.base/jdk.internal.reflect.DirectMethodHandleAccessor.invoke(DirectMethodHandleAccessor.java:103)
	at java.base/java.lang.reflect.Method.invoke(Method.java:580)
	at org.testng.internal.invokers.MethodInvocationHelper.invokeMethod(MethodInvocationHelper.java:141)
	at org.testng.internal.invokers.TestInvoker.invokeMethod(TestInvoker.java:686)
	at org.testng.internal.invokers.TestInvoker.invokeTestMethod(TestInvoker.java:230)
	at org.testng.internal.invokers.MethodRunner.runInSequence(MethodRunner.java:63)
	at org.testng.internal.invokers.TestInvoker$MethodInvocationAgent.invoke(TestInvoker.java:992)
	at org.testng.internal.invokers.TestInvoker.invokeTestMethods(TestInvoker.java:203)
	at org.testng.internal.invokers.TestMethodWorker.invokeTestMethods(TestMethodWorker.java:154)
	at org.testng.internal.invokers.TestMethodWorker.run(TestMethodWorker.java:134)
	at java.base/java.util.ArrayList.forEach(ArrayList.java:1597)
	at org.testng.TestRunner.privateRun(TestRunner.java:739)
	at org.testng.TestRunner.run(TestRunner.java:614)
	at org.testng.SuiteRunner.runTest(SuiteRunner.java:421)
	at org.testng.SuiteRunner.runSequentially(SuiteRunner.java:413)
	at org.testng.SuiteRunner.privateRun(SuiteRunner.java:373)
	at org.testng.SuiteRunner.run(SuiteRunner.java:312)
	at org.testng.SuiteRunnerWorker.runSuite(SuiteRunnerWorker.java:52)
	at org.testng.SuiteRunnerWorker.run(SuiteRunnerWorker.java:95)
	at org.testng.TestNG.runSuitesSequentially(TestNG.java:1274)
	at org.testng.TestNG.runSuitesLocally(TestNG.java:1208)
	at org.testng.TestNG.runSuites(TestNG.java:1112)
	at org.testng.TestNG.run(TestNG.java:1079)
	at com.intellij.rt.testng.IDEARemoteTestNG.run(IDEARemoteTestNG.java:65)
	at com.intellij.rt.testng.RemoteTestNGStarter.main(RemoteTestNGStarter.java:105)
</pre>
                      </p>
                    </td>
                  </tr>
                  <tr>
                    <td width="650px" class="bg-failed" style="padding:7px 20px;">
                      <p style="font-size:13px;margin:0;">
                        flexibleAmountQrCode
<pre>org.openqa.selenium.TimeoutException: Expected condition failed: waiting for element to be clickable: By.xpath: //span[contains(text(),'Automation Bill Flow')] (tried for 10 second(s) with 500 milliseconds interval)
Build info: version: '4.11.0', revision: '040bc5406b'
System info: os.name: 'Windows 10', os.arch: 'amd64', os.version: '10.0', java.version: '22.0.1'
Driver info: org.openqa.selenium.chrome.ChromeDriver
Capabilities {acceptInsecureCerts: false, browserName: chrome, browserVersion: 136.0.7103.93, chrome: {chromedriverVersion: 136.0.7103.92 (cb81a4cc5087..., userDataDir: C:\Users\Caelius\AppData\Lo...}, fedcm:accounts: true, goog:chromeOptions: {debuggerAddress: localhost:52141}, networkConnectionEnabled: false, pageLoadStrategy: normal, platformName: windows, proxy: Proxy(), se:cdp: ws://localhost:52141/devtoo..., se:cdpVersion: 136.0.7103.93, setWindowRect: true, strictFileInteractability: false, timeouts: {implicit: 0, pageLoad: 300000, script: 30000}, unhandledPromptBehavior: dismiss and notify, webauthn:extension:credBlob: true, webauthn:extension:largeBlob: true, webauthn:extension:minPinLength: true, webauthn:extension:prf: true, webauthn:virtualAuthenticators: true}
Session ID: bfbf16c1e2eddcd895638fb00489e6d5
	at org.openqa.selenium.support.ui.WebDriverWait.timeoutException(WebDriverWait.java:84)
	at org.openqa.selenium.support.ui.FluentWait.until(FluentWait.java:230)
	at base.BaseTest.waitForElementToBeClickable(BaseTest.java:195)
	at base.BaseTest.click(BaseTest.java:216)
	at pageEvents.QRCodePage.selectStore(QRCodePage.java:109)
	at pageEvents.QRCodePage.selectStore(QRCodePage.java:228)
	at pageEvents.QRCodePage.createNewQrCode(QRCodePage.java:339)
	at pageEvents.QRCodePage.flexibleAmountQrCode(QRCodePage.java:352)
	at qa.tests.QRCodeTest.flexibleAmountQrCode(QRCodeTest.java:48)
	at java.base/jdk.internal.reflect.DirectMethodHandleAccessor.invoke(DirectMethodHandleAccessor.java:103)
	at java.base/java.lang.reflect.Method.invoke(Method.java:580)
	at org.testng.internal.invokers.MethodInvocationHelper.invokeMethod(MethodInvocationHelper.java:141)
	at org.testng.internal.invokers.TestInvoker.invokeMethod(TestInvoker.java:686)
	at org.testng.internal.invokers.TestInvoker.invokeTestMethod(TestInvoker.java:230)
	at org.testng.internal.invokers.MethodRunner.runInSequence(MethodRunner.java:63)
	at org.testng.internal.invokers.TestInvoker$MethodInvocationAgent.invoke(TestInvoker.java:992)
	at org.testng.internal.invokers.TestInvoker.invokeTestMethods(TestInvoker.java:203)
	at org.testng.internal.invokers.TestMethodWorker.invokeTestMethods(TestMethodWorker.java:154)
	at org.testng.internal.invokers.TestMethodWorker.run(TestMethodWorker.java:134)
	at java.base/java.util.ArrayList.forEach(ArrayList.java:1597)
	at org.testng.TestRunner.privateRun(TestRunner.java:739)
	at org.testng.TestRunner.run(TestRunner.java:614)
	at org.testng.SuiteRunner.runTest(SuiteRunner.java:421)
	at org.testng.SuiteRunner.runSequentially(SuiteRunner.java:413)
	at org.testng.SuiteRunner.privateRun(SuiteRunner.java:373)
	at org.testng.SuiteRunner.run(SuiteRunner.java:312)
	at org.testng.SuiteRunnerWorker.runSuite(SuiteRunnerWorker.java:52)
	at org.testng.SuiteRunnerWorker.run(SuiteRunnerWorker.java:95)
	at org.testng.TestNG.runSuitesSequentially(TestNG.java:1274)
	at org.testng.TestNG.runSuitesLocally(TestNG.java:1208)
	at org.testng.TestNG.runSuites(TestNG.java:1112)
	at org.testng.TestNG.run(TestNG.java:1079)
	at com.intellij.rt.testng.IDEARemoteTestNG.run(IDEARemoteTestNG.java:65)
	at com.intellij.rt.testng.RemoteTestNGStarter.main(RemoteTestNGStarter.java:105)
</pre>
                      </p>
                    </td>
                  </tr>
                  <tr>
                    <td width="650px" class="bg-failed" style="padding:7px 20px;">
                      <p style="font-size:13px;margin:0;">
                        addAdditionalField
<pre>org.openqa.selenium.TimeoutException: Expected condition failed: waiting for element to be clickable: By.xpath: //span[contains(text(),'Automation Bill Flow')] (tried for 10 second(s) with 500 milliseconds interval)
Build info: version: '4.11.0', revision: '040bc5406b'
System info: os.name: 'Windows 10', os.arch: 'amd64', os.version: '10.0', java.version: '22.0.1'
Driver info: org.openqa.selenium.chrome.ChromeDriver
Capabilities {acceptInsecureCerts: false, browserName: chrome, browserVersion: 136.0.7103.93, chrome: {chromedriverVersion: 136.0.7103.92 (cb81a4cc5087..., userDataDir: C:\Users\Caelius\AppData\Lo...}, fedcm:accounts: true, goog:chromeOptions: {debuggerAddress: localhost:52376}, networkConnectionEnabled: false, pageLoadStrategy: normal, platformName: windows, proxy: Proxy(), se:cdp: ws://localhost:52376/devtoo..., se:cdpVersion: 136.0.7103.93, setWindowRect: true, strictFileInteractability: false, timeouts: {implicit: 0, pageLoad: 300000, script: 30000}, unhandledPromptBehavior: dismiss and notify, webauthn:extension:credBlob: true, webauthn:extension:largeBlob: true, webauthn:extension:minPinLength: true, webauthn:extension:prf: true, webauthn:virtualAuthenticators: true}
Session ID: 562d3ebf0c3987816ee68acbc81d9f4a
	at org.openqa.selenium.support.ui.WebDriverWait.timeoutException(WebDriverWait.java:84)
	at org.openqa.selenium.support.ui.FluentWait.until(FluentWait.java:230)
	at base.BaseTest.waitForElementToBeClickable(BaseTest.java:195)
	at base.BaseTest.click(BaseTest.java:216)
	at pageEvents.QRCodePage.selectStore(QRCodePage.java:109)
	at pageEvents.QRCodePage.selectStore(QRCodePage.java:228)
	at pageEvents.QRCodePage.addAdditionalField(QRCodePage.java:370)
	at qa.tests.QRCodeTest.addAdditionalField(QRCodeTest.java:53)
	at java.base/jdk.internal.reflect.DirectMethodHandleAccessor.invoke(DirectMethodHandleAccessor.java:103)
	at java.base/java.lang.reflect.Method.invoke(Method.java:580)
	at org.testng.internal.invokers.MethodInvocationHelper.invokeMethod(MethodInvocationHelper.java:141)
	at org.testng.internal.invokers.TestInvoker.invokeMethod(TestInvoker.java:686)
	at org.testng.internal.invokers.TestInvoker.invokeTestMethod(TestInvoker.java:230)
	at org.testng.internal.invokers.MethodRunner.runInSequence(MethodRunner.java:63)
	at org.testng.internal.invokers.TestInvoker$MethodInvocationAgent.invoke(TestInvoker.java:992)
	at org.testng.internal.invokers.TestInvoker.invokeTestMethods(TestInvoker.java:203)
	at org.testng.internal.invokers.TestMethodWorker.invokeTestMethods(TestMethodWorker.java:154)
	at org.testng.internal.invokers.TestMethodWorker.run(TestMethodWorker.java:134)
	at java.base/java.util.ArrayList.forEach(ArrayList.java:1597)
	at org.testng.TestRunner.privateRun(TestRunner.java:739)
	at org.testng.TestRunner.run(TestRunner.java:614)
	at org.testng.SuiteRunner.runTest(SuiteRunner.java:421)
	at org.testng.SuiteRunner.runSequentially(SuiteRunner.java:413)
	at org.testng.SuiteRunner.privateRun(SuiteRunner.java:373)
	at org.testng.SuiteRunner.run(SuiteRunner.java:312)
	at org.testng.SuiteRunnerWorker.runSuite(SuiteRunnerWorker.java:52)
	at org.testng.SuiteRunnerWorker.run(SuiteRunnerWorker.java:95)
	at org.testng.TestNG.runSuitesSequentially(TestNG.java:1274)
	at org.testng.TestNG.runSuitesLocally(TestNG.java:1208)
	at org.testng.TestNG.runSuites(TestNG.java:1112)
	at org.testng.TestNG.run(TestNG.java:1079)
	at com.intellij.rt.testng.IDEARemoteTestNG.run(IDEARemoteTestNG.java:65)
	at com.intellij.rt.testng.RemoteTestNGStarter.main(RemoteTestNGStarter.java:105)
</pre>
                      </p>
                    </td>
                  </tr>
                  <tr><td style="height:10px"></td></tr>
                  <tr>
                    <td width="650px" class="bg-failed" style="padding:7px 10px;">
                      <p style="font-size:13px;margin:0;">
                        qa.tests.ReportsTest
                      </p>
                    </td>
                  </tr>
                  <tr>
                    <td width="650px" class="bg-passed" style="padding:7px 20px;">
                      <p style="font-size:13px;margin:0;">
                        verifyCustomDateRange
                      </p>
                    </td>
                  </tr>
                  <tr>
                    <td width="650px" class="bg-passed" style="padding:7px 20px;">
                      <p style="font-size:13px;margin:0;">
                        verifyDailyReport
                      </p>
                    </td>
                  </tr>
                  <tr>
                    <td width="650px" class="bg-failed" style="padding:7px 20px;">
                      <p style="font-size:13px;margin:0;">
                        verifyDownloadedReports
<pre>java.lang.AssertionError: Asserting UI day and downloaded report day. expected [08] but found [7]
	at org.testng.Assert.fail(Assert.java:111)
	at org.testng.Assert.failNotEquals(Assert.java:1578)
	at org.testng.Assert.assertEqualsImpl(Assert.java:150)
	at org.testng.Assert.assertEquals(Assert.java:132)
	at org.testng.Assert.assertEquals(Assert.java:656)
	at qa.tests.ReportsTest.verifyDownloadedReports(ReportsTest.java:101)
	at java.base/jdk.internal.reflect.DirectMethodHandleAccessor.invoke(DirectMethodHandleAccessor.java:103)
	at java.base/java.lang.reflect.Method.invoke(Method.java:580)
	at org.testng.internal.invokers.MethodInvocationHelper.invokeMethod(MethodInvocationHelper.java:141)
	at org.testng.internal.invokers.TestInvoker.invokeMethod(TestInvoker.java:686)
	at org.testng.internal.invokers.TestInvoker.invokeTestMethod(TestInvoker.java:230)
	at org.testng.internal.invokers.MethodRunner.runInSequence(MethodRunner.java:63)
	at org.testng.internal.invokers.TestInvoker$MethodInvocationAgent.invoke(TestInvoker.java:992)
	at org.testng.internal.invokers.TestInvoker.invokeTestMethods(TestInvoker.java:203)
	at org.testng.internal.invokers.TestMethodWorker.invokeTestMethods(TestMethodWorker.java:154)
	at org.testng.internal.invokers.TestMethodWorker.run(TestMethodWorker.java:134)
	at java.base/java.util.ArrayList.forEach(ArrayList.java:1597)
	at org.testng.TestRunner.privateRun(TestRunner.java:739)
	at org.testng.TestRunner.run(TestRunner.java:614)
	at org.testng.SuiteRunner.runTest(SuiteRunner.java:421)
	at org.testng.SuiteRunner.runSequentially(SuiteRunner.java:413)
	at org.testng.SuiteRunner.privateRun(SuiteRunner.java:373)
	at org.testng.SuiteRunner.run(SuiteRunner.java:312)
	at org.testng.SuiteRunnerWorker.runSuite(SuiteRunnerWorker.java:52)
	at org.testng.SuiteRunnerWorker.run(SuiteRunnerWorker.java:95)
	at org.testng.TestNG.runSuitesSequentially(TestNG.java:1274)
	at org.testng.TestNG.runSuitesLocally(TestNG.java:1208)
	at org.testng.TestNG.runSuites(TestNG.java:1112)
	at org.testng.TestNG.run(TestNG.java:1079)
	at com.intellij.rt.testng.IDEARemoteTestNG.run(IDEARemoteTestNG.java:65)
	at com.intellij.rt.testng.RemoteTestNGStarter.main(RemoteTestNGStarter.java:105)
</pre>
                      </p>
                    </td>
                  </tr>
                  <tr>
                    <td width="650px" class="bg-failed" style="padding:7px 20px;">
                      <p style="font-size:13px;margin:0;">
                        verifyMonthlyPayConfirmationReport
<pre>java.lang.AssertionError: expected [File Present] but found [File not Present]
	at org.testng.Assert.fail(Assert.java:111)
	at org.testng.Assert.failNotEquals(Assert.java:1578)
	at org.testng.Assert.assertEqualsImpl(Assert.java:150)
	at org.testng.Assert.assertEquals(Assert.java:132)
	at org.testng.Assert.assertEquals(Assert.java:656)
	at org.testng.Assert.assertEquals(Assert.java:666)
	at qa.tests.ReportsTest.verifyMonthlyPayConfirmationReport(ReportsTest.java:128)
	at java.base/jdk.internal.reflect.DirectMethodHandleAccessor.invoke(DirectMethodHandleAccessor.java:103)
	at java.base/java.lang.reflect.Method.invoke(Method.java:580)
	at org.testng.internal.invokers.MethodInvocationHelper.invokeMethod(MethodInvocationHelper.java:141)
	at org.testng.internal.invokers.TestInvoker.invokeMethod(TestInvoker.java:686)
	at org.testng.internal.invokers.TestInvoker.invokeTestMethod(TestInvoker.java:230)
	at org.testng.internal.invokers.MethodRunner.runInSequence(MethodRunner.java:63)
	at org.testng.internal.invokers.TestInvoker$MethodInvocationAgent.invoke(TestInvoker.java:992)
	at org.testng.internal.invokers.TestInvoker.invokeTestMethods(TestInvoker.java:203)
	at org.testng.internal.invokers.TestMethodWorker.invokeTestMethods(TestMethodWorker.java:154)
	at org.testng.internal.invokers.TestMethodWorker.run(TestMethodWorker.java:134)
	at java.base/java.util.ArrayList.forEach(ArrayList.java:1597)
	at org.testng.TestRunner.privateRun(TestRunner.java:739)
	at org.testng.TestRunner.run(TestRunner.java:614)
	at org.testng.SuiteRunner.runTest(SuiteRunner.java:421)
	at org.testng.SuiteRunner.runSequentially(SuiteRunner.java:413)
	at org.testng.SuiteRunner.privateRun(SuiteRunner.java:373)
	at org.testng.SuiteRunner.run(SuiteRunner.java:312)
	at org.testng.SuiteRunnerWorker.runSuite(SuiteRunnerWorker.java:52)
	at org.testng.SuiteRunnerWorker.run(SuiteRunnerWorker.java:95)
	at org.testng.TestNG.runSuitesSequentially(TestNG.java:1274)
	at org.testng.TestNG.runSuitesLocally(TestNG.java:1208)
	at org.testng.TestNG.runSuites(TestNG.java:1112)
	at org.testng.TestNG.run(TestNG.java:1079)
	at com.intellij.rt.testng.IDEARemoteTestNG.run(IDEARemoteTestNG.java:65)
	at com.intellij.rt.testng.RemoteTestNGStarter.main(RemoteTestNGStarter.java:105)
</pre>
                      </p>
                    </td>
                  </tr>
                  <tr>
                    <td width="650px" class="bg-passed" style="padding:7px 20px;">
                      <p style="font-size:13px;margin:0;">
                        verifyPaymentReceived
                      </p>
                    </td>
                  </tr>
                  <tr>
                    <td width="650px" class="bg-passed" style="padding:7px 20px;">
                      <p style="font-size:13px;margin:0;">
                        verifyReportsPgForCustStore
                      </p>
                    </td>
                  </tr>
                  <tr>
                    <td width="650px" class="bg-passed" style="padding:7px 20px;">
                      <p style="font-size:13px;margin:0;">
                        verifyReportsPgOpens
                      </p>
                    </td>
                  </tr>
                  <tr>
                    <td width="650px" class="bg-passed" style="padding:7px 20px;">
                      <p style="font-size:13px;margin:0;">
                        verifyTodayStats
                      </p>
                    </td>
                  </tr>
                  <tr><td style="height:10px"></td></tr>
                  <tr>
                    <td width="650px" class="bg-passed" style="padding:7px 10px;">
                      <p style="font-size:13px;margin:0;">
                        qa.tests.RewardPointsTest
                      </p>
                    </td>
                  </tr>
                  <tr>
                    <td width="650px" class="bg-passed" style="padding:7px 20px;">
                      <p style="font-size:13px;margin:0;">
                        verifyCustomGiftCardSlider
                      </p>
                    </td>
                  </tr>
                  <tr>
                    <td width="650px" class="bg-passed" style="padding:7px 20px;">
                      <p style="font-size:13px;margin:0;">
                        verifyRedeemNowPg
                      </p>
                    </td>
                  </tr>
                  <tr>
                    <td width="650px" class="bg-passed" style="padding:7px 20px;">
                      <p style="font-size:13px;margin:0;">
                        verifyRewardCardDetails
                      </p>
                    </td>
                  </tr>
                  <tr>
                    <td width="650px" class="bg-passed" style="padding:7px 20px;">
                      <p style="font-size:13px;margin:0;">
                        verifyRewardPointsDetails
                      </p>
                    </td>
                  </tr>
                  <tr>
                    <td width="650px" class="bg-passed" style="padding:7px 20px;">
                      <p style="font-size:13px;margin:0;">
                        verifyRewardsPointsPageOpens
                      </p>
                    </td>
                  </tr>
                  <tr>
                    <td width="650px" class="bg-passed" style="padding:7px 20px;">
                      <p style="font-size:13px;margin:0;">
                        verifyStoreInfoPageDetails
                      </p>
                    </td>
                  </tr>
                  <tr><td style="height:10px"></td></tr>
                  <tr>
                    <td width="650px" class="bg-failed" style="padding:7px 10px;">
                      <p style="font-size:13px;margin:0;">
                        qa.tests.RewardsProgramTest
                      </p>
                    </td>
                  </tr>
                  <tr>
                    <td width="650px" class="bg-passed" style="padding:7px 20px;">
                      <p style="font-size:13px;margin:0;">
                        verifyCustProfileOpens
                      </p>
                    </td>
                  </tr>
                  <tr>
                    <td width="650px" class="bg-passed" style="padding:7px 20px;">
                      <p style="font-size:13px;margin:0;">
                        verifyCustomerSinceInvalidDateRange
                      </p>
                    </td>
                  </tr>
                  <tr>
                    <td width="650px" class="bg-passed" style="padding:7px 20px;">
                      <p style="font-size:13px;margin:0;">
                        verifyCustomerSinceValidDateRange
                      </p>
                    </td>
                  </tr>
                  <tr>
                    <td width="650px" class="bg-failed" style="padding:7px 20px;">
                      <p style="font-size:13px;margin:0;">
                        verifyFilterFunctionality
<pre>org.openqa.selenium.ElementClickInterceptedException: element click intercepted: Element <button class="btn-lg btn btn-success" section="phonesignin" type="submit" data-ajaxsubmit="1">...</button> is not clickable at point (612, 398). Other element would receive the click: <div class="splash-icon"></div>
  (Session info: chrome=136.0.7103.93)
Build info: version: '4.11.0', revision: '040bc5406b'
System info: os.name: 'Windows 10', os.arch: 'amd64', os.version: '10.0', java.version: '22.0.1'
Driver info: org.openqa.selenium.chrome.ChromeDriver
Command: [942d10685342c2bf7bdf8806814716f0, clickElement {id=f.D61223C3F32166695D18CEC6B0D6021C.d.7BB46174AD1FCD089EAA8B5CA2B17751.e.108}]
Capabilities {acceptInsecureCerts: false, browserName: chrome, browserVersion: 136.0.7103.93, chrome: {chromedriverVersion: 136.0.7103.92 (cb81a4cc5087..., userDataDir: C:\Users\Caelius\AppData\Lo...}, fedcm:accounts: true, goog:chromeOptions: {debuggerAddress: localhost:54869}, networkConnectionEnabled: false, pageLoadStrategy: normal, platformName: windows, proxy: Proxy(), se:cdp: ws://localhost:54869/devtoo..., se:cdpVersion: 136.0.7103.93, setWindowRect: true, strictFileInteractability: false, timeouts: {implicit: 0, pageLoad: 300000, script: 30000}, unhandledPromptBehavior: dismiss and notify, webauthn:extension:credBlob: true, webauthn:extension:largeBlob: true, webauthn:extension:minPinLength: true, webauthn:extension:prf: true, webauthn:virtualAuthenticators: true}
Element: [[ChromeDriver: chrome on windows (942d10685342c2bf7bdf8806814716f0)] -> xpath: //*[@id='loginAdvDivId']/div[2]/div/button]
Session ID: 942d10685342c2bf7bdf8806814716f0
	at java.base/jdk.internal.reflect.DirectConstructorHandleAccessor.newInstance(DirectConstructorHandleAccessor.java:62)
	at java.base/java.lang.reflect.Constructor.newInstanceWithCaller(Constructor.java:502)
	at java.base/java.lang.reflect.Constructor.newInstance(Constructor.java:486)
	at org.openqa.selenium.remote.codec.w3c.W3CHttpResponseCodec.createException(W3CHttpResponseCodec.java:200)
	at org.openqa.selenium.remote.codec.w3c.W3CHttpResponseCodec.decode(W3CHttpResponseCodec.java:133)
	at org.openqa.selenium.remote.codec.w3c.W3CHttpResponseCodec.decode(W3CHttpResponseCodec.java:52)
	at org.openqa.selenium.remote.HttpCommandExecutor.execute(HttpCommandExecutor.java:191)
	at org.openqa.selenium.remote.service.DriverCommandExecutor.invokeExecute(DriverCommandExecutor.java:196)
	at org.openqa.selenium.remote.service.DriverCommandExecutor.execute(DriverCommandExecutor.java:171)
	at org.openqa.selenium.remote.RemoteWebDriver.execute(RemoteWebDriver.java:518)
	at org.openqa.selenium.remote.RemoteWebElement.execute(RemoteWebElement.java:224)
	at org.openqa.selenium.remote.RemoteWebElement.click(RemoteWebElement.java:77)
	at base.BaseTest.click(BaseTest.java:216)
	at pageEvents.LoginPageEvents.signIn(LoginPageEvents.java:69)
	at base.BaseTest.Login(BaseTest.java:677)
	at qa.tests.RewardsProgramTest.verifyFilterFunctionality(RewardsProgramTest.java:104)
	at java.base/jdk.internal.reflect.DirectMethodHandleAccessor.invoke(DirectMethodHandleAccessor.java:103)
	at java.base/java.lang.reflect.Method.invoke(Method.java:580)
	at org.testng.internal.invokers.MethodInvocationHelper.invokeMethod(MethodInvocationHelper.java:141)
	at org.testng.internal.invokers.TestInvoker.invokeMethod(TestInvoker.java:686)
	at org.testng.internal.invokers.TestInvoker.invokeTestMethod(TestInvoker.java:230)
	at org.testng.internal.invokers.MethodRunner.runInSequence(MethodRunner.java:63)
	at org.testng.internal.invokers.TestInvoker$MethodInvocationAgent.invoke(TestInvoker.java:992)
	at org.testng.internal.invokers.TestInvoker.invokeTestMethods(TestInvoker.java:203)
	at org.testng.internal.invokers.TestMethodWorker.invokeTestMethods(TestMethodWorker.java:154)
	at org.testng.internal.invokers.TestMethodWorker.run(TestMethodWorker.java:134)
	at java.base/java.util.ArrayList.forEach(ArrayList.java:1597)
	at org.testng.TestRunner.privateRun(TestRunner.java:739)
	at org.testng.TestRunner.run(TestRunner.java:614)
	at org.testng.SuiteRunner.runTest(SuiteRunner.java:421)
	at org.testng.SuiteRunner.runSequentially(SuiteRunner.java:413)
	at org.testng.SuiteRunner.privateRun(SuiteRunner.java:373)
	at org.testng.SuiteRunner.run(SuiteRunner.java:312)
	at org.testng.SuiteRunnerWorker.runSuite(SuiteRunnerWorker.java:52)
	at org.testng.SuiteRunnerWorker.run(SuiteRunnerWorker.java:95)
	at org.testng.TestNG.runSuitesSequentially(TestNG.java:1274)
	at org.testng.TestNG.runSuitesLocally(TestNG.java:1208)
	at org.testng.TestNG.runSuites(TestNG.java:1112)
	at org.testng.TestNG.run(TestNG.java:1079)
	at com.intellij.rt.testng.IDEARemoteTestNG.run(IDEARemoteTestNG.java:65)
	at com.intellij.rt.testng.RemoteTestNGStarter.main(RemoteTestNGStarter.java:105)
</pre>
                      </p>
                    </td>
                  </tr>
                  <tr>
                    <td width="650px" class="bg-passed" style="padding:7px 20px;">
                      <p style="font-size:13px;margin:0;">
                        verifyInformationMessageAppears
                      </p>
                    </td>
                  </tr>
                  <tr>
                    <td width="650px" class="bg-passed" style="padding:7px 20px;">
                      <p style="font-size:13px;margin:0;">
                        verifyInvalidLastVisitDateRng
                      </p>
                    </td>
                  </tr>
                  <tr>
                    <td width="650px" class="bg-passed" style="padding:7px 20px;">
                      <p style="font-size:13px;margin:0;">
                        verifyMaxPaymentsField
                      </p>
                    </td>
                  </tr>
                  <tr>
                    <td width="650px" class="bg-passed" style="padding:7px 20px;">
                      <p style="font-size:13px;margin:0;">
                        verifyMaxRewardPointsFilter
                      </p>
                    </td>
                  </tr>
                  <tr>
                    <td width="650px" class="bg-passed" style="padding:7px 20px;">
                      <p style="font-size:13px;margin:0;">
                        verifyMinPaymentsField
                      </p>
                    </td>
                  </tr>
                  <tr>
                    <td width="650px" class="bg-passed" style="padding:7px 20px;">
                      <p style="font-size:13px;margin:0;">
                        verifyMinRewardPointsFilter
                      </p>
                    </td>
                  </tr>
                  <tr>
                    <td width="650px" class="bg-passed" style="padding:7px 20px;">
                      <p style="font-size:13px;margin:0;">
                        verifyRewardsPointsDetailPageOpens
                      </p>
                    </td>
                  </tr>
                  <tr>
                    <td width="650px" class="bg-passed" style="padding:7px 20px;">
                      <p style="font-size:13px;margin:0;">
                        verifyRewardsProgramConfigOpens
                      </p>
                    </td>
                  </tr>
                  <tr>
                    <td width="650px" class="bg-passed" style="padding:7px 20px;">
                      <p style="font-size:13px;margin:0;">
                        verifyRewardsProgramPageOpens
                      </p>
                    </td>
                  </tr>
                  <tr>
                    <td width="650px" class="bg-passed" style="padding:7px 20px;">
                      <p style="font-size:13px;margin:0;">
                        verifyUserPhnEmailFieldF
                      </p>
                    </td>
                  </tr>
                  <tr>
                    <td width="650px" class="bg-passed" style="padding:7px 20px;">
                      <p style="font-size:13px;margin:0;">
                        verifyUserPhnEmailFieldFunc
                      </p>
                    </td>
                  </tr>
                  <tr>
                    <td width="650px" class="bg-failed" style="padding:7px 20px;">
                      <p style="font-size:13px;margin:0;">
                        verifyUsernameFieldFunc
<pre>org.openqa.selenium.TimeoutException: Expected condition failed: waiting for element to be clickable: By.xpath: //input[@name='userName'] (tried for 10 second(s) with 500 milliseconds interval)
Build info: version: '4.11.0', revision: '040bc5406b'
System info: os.name: 'Windows 10', os.arch: 'amd64', os.version: '10.0', java.version: '22.0.1'
Driver info: org.openqa.selenium.chrome.ChromeDriver
Capabilities {acceptInsecureCerts: false, browserName: chrome, browserVersion: 136.0.7103.93, chrome: {chromedriverVersion: 136.0.7103.92 (cb81a4cc5087..., userDataDir: C:\Users\Caelius\AppData\Lo...}, fedcm:accounts: true, goog:chromeOptions: {debuggerAddress: localhost:56741}, networkConnectionEnabled: false, pageLoadStrategy: normal, platformName: windows, proxy: Proxy(), se:cdp: ws://localhost:56741/devtoo..., se:cdpVersion: 136.0.7103.93, setWindowRect: true, strictFileInteractability: false, timeouts: {implicit: 0, pageLoad: 300000, script: 30000}, unhandledPromptBehavior: dismiss and notify, webauthn:extension:credBlob: true, webauthn:extension:largeBlob: true, webauthn:extension:minPinLength: true, webauthn:extension:prf: true, webauthn:virtualAuthenticators: true}
Session ID: 7779a31957d5bb174f65bd4ae5e1680a
	at org.openqa.selenium.support.ui.WebDriverWait.timeoutException(WebDriverWait.java:84)
	at org.openqa.selenium.support.ui.FluentWait.until(FluentWait.java:230)
	at base.BaseTest.waitForElementToBeClickable(BaseTest.java:195)
	at base.BaseTest.enterText(BaseTest.java:235)
	at qa.tests.RewardsProgramTest.verifyUsernameFieldFunc(RewardsProgramTest.java:132)
	at java.base/jdk.internal.reflect.DirectMethodHandleAccessor.invoke(DirectMethodHandleAccessor.java:103)
	at java.base/java.lang.reflect.Method.invoke(Method.java:580)
	at org.testng.internal.invokers.MethodInvocationHelper.invokeMethod(MethodInvocationHelper.java:141)
	at org.testng.internal.invokers.TestInvoker.invokeMethod(TestInvoker.java:686)
	at org.testng.internal.invokers.TestInvoker.invokeTestMethod(TestInvoker.java:230)
	at org.testng.internal.invokers.MethodRunner.runInSequence(MethodRunner.java:63)
	at org.testng.internal.invokers.TestInvoker$MethodInvocationAgent.invoke(TestInvoker.java:992)
	at org.testng.internal.invokers.TestInvoker.invokeTestMethods(TestInvoker.java:203)
	at org.testng.internal.invokers.TestMethodWorker.invokeTestMethods(TestMethodWorker.java:154)
	at org.testng.internal.invokers.TestMethodWorker.run(TestMethodWorker.java:134)
	at java.base/java.util.ArrayList.forEach(ArrayList.java:1597)
	at org.testng.TestRunner.privateRun(TestRunner.java:739)
	at org.testng.TestRunner.run(TestRunner.java:614)
	at org.testng.SuiteRunner.runTest(SuiteRunner.java:421)
	at org.testng.SuiteRunner.runSequentially(SuiteRunner.java:413)
	at org.testng.SuiteRunner.privateRun(SuiteRunner.java:373)
	at org.testng.SuiteRunner.run(SuiteRunner.java:312)
	at org.testng.SuiteRunnerWorker.runSuite(SuiteRunnerWorker.java:52)
	at org.testng.SuiteRunnerWorker.run(SuiteRunnerWorker.java:95)
	at org.testng.TestNG.runSuitesSequentially(TestNG.java:1274)
	at org.testng.TestNG.runSuitesLocally(TestNG.java:1208)
	at org.testng.TestNG.runSuites(TestNG.java:1112)
	at org.testng.TestNG.run(TestNG.java:1079)
	at com.intellij.rt.testng.IDEARemoteTestNG.run(IDEARemoteTestNG.java:65)
	at com.intellij.rt.testng.RemoteTestNGStarter.main(RemoteTestNGStarter.java:105)
</pre>
                      </p>
                    </td>
                  </tr>
                  <tr>
                    <td width="650px" class="bg-passed" style="padding:7px 20px;">
                      <p style="font-size:13px;margin:0;">
                        verifyValidLastVisitDateRng
                      </p>
                    </td>
                  </tr>
                  <tr><td style="height:10px"></td></tr>
                  <tr>
                    <td width="650px" class="bg-failed" style="padding:7px 10px;">
                      <p style="font-size:13px;margin:0;">
                        qa.tests.SearchTest
                      </p>
                    </td>
                  </tr>
                  <tr>
                    <td width="650px" class="bg-failed" style="padding:7px 20px;">
                      <p style="font-size:13px;margin:0;">
                        verifyBillOrTransactionAppearsAfterSearchingByReferenceId
<pre>org.openqa.selenium.TimeoutException: Expected condition failed: waiting for visibility of element located by By.xpath: //div[@class='position-relative loaded']/div/div/span[1] (tried for 2 second(s) with 500 milliseconds interval)
Build info: version: '4.11.0', revision: '040bc5406b'
System info: os.name: 'Windows 10', os.arch: 'amd64', os.version: '10.0', java.version: '22.0.1'
Driver info: org.openqa.selenium.chrome.ChromeDriver
Capabilities {acceptInsecureCerts: false, browserName: chrome, browserVersion: 136.0.7103.93, chrome: {chromedriverVersion: 136.0.7103.92 (cb81a4cc5087..., userDataDir: C:\Users\Caelius\AppData\Lo...}, fedcm:accounts: true, goog:chromeOptions: {debuggerAddress: localhost:57034}, networkConnectionEnabled: false, pageLoadStrategy: normal, platformName: windows, proxy: Proxy(), se:cdp: ws://localhost:57034/devtoo..., se:cdpVersion: 136.0.7103.93, setWindowRect: true, strictFileInteractability: false, timeouts: {implicit: 0, pageLoad: 300000, script: 30000}, unhandledPromptBehavior: dismiss and notify, webauthn:extension:credBlob: true, webauthn:extension:largeBlob: true, webauthn:extension:minPinLength: true, webauthn:extension:prf: true, webauthn:virtualAuthenticators: true}
Session ID: 97a505b8936d5a147c2f7545050955e0
	at org.openqa.selenium.support.ui.WebDriverWait.timeoutException(WebDriverWait.java:84)
	at org.openqa.selenium.support.ui.FluentWait.until(FluentWait.java:230)
	at base.BaseTest.waitForElementToBeVisible(BaseTest.java:169)
	at pageEvents.SearchPage.checkbybillid(SearchPage.java:124)
	at pageEvents.SearchPage.performSearchAndVerify(SearchPage.java:162)
	at qa.tests.SearchTest.verifyBillOrTransactionAppearsAfterSearchingByReferenceId(SearchTest.java:41)
	at java.base/jdk.internal.reflect.DirectMethodHandleAccessor.invoke(DirectMethodHandleAccessor.java:103)
	at java.base/java.lang.reflect.Method.invoke(Method.java:580)
	at org.testng.internal.invokers.MethodInvocationHelper.invokeMethod(MethodInvocationHelper.java:141)
	at org.testng.internal.invokers.TestInvoker.invokeMethod(TestInvoker.java:686)
	at org.testng.internal.invokers.TestInvoker.invokeTestMethod(TestInvoker.java:230)
	at org.testng.internal.invokers.MethodRunner.runInSequence(MethodRunner.java:63)
	at org.testng.internal.invokers.TestInvoker$MethodInvocationAgent.invoke(TestInvoker.java:992)
	at org.testng.internal.invokers.TestInvoker.invokeTestMethods(TestInvoker.java:203)
	at org.testng.internal.invokers.TestMethodWorker.invokeTestMethods(TestMethodWorker.java:154)
	at org.testng.internal.invokers.TestMethodWorker.run(TestMethodWorker.java:134)
	at java.base/java.util.ArrayList.forEach(ArrayList.java:1597)
	at org.testng.TestRunner.privateRun(TestRunner.java:739)
	at org.testng.TestRunner.run(TestRunner.java:614)
	at org.testng.SuiteRunner.runTest(SuiteRunner.java:421)
	at org.testng.SuiteRunner.runSequentially(SuiteRunner.java:413)
	at org.testng.SuiteRunner.privateRun(SuiteRunner.java:373)
	at org.testng.SuiteRunner.run(SuiteRunner.java:312)
	at org.testng.SuiteRunnerWorker.runSuite(SuiteRunnerWorker.java:52)
	at org.testng.SuiteRunnerWorker.run(SuiteRunnerWorker.java:95)
	at org.testng.TestNG.runSuitesSequentially(TestNG.java:1274)
	at org.testng.TestNG.runSuitesLocally(TestNG.java:1208)
	at org.testng.TestNG.runSuites(TestNG.java:1112)
	at org.testng.TestNG.run(TestNG.java:1079)
	at com.intellij.rt.testng.IDEARemoteTestNG.run(IDEARemoteTestNG.java:65)
	at com.intellij.rt.testng.RemoteTestNGStarter.main(RemoteTestNGStarter.java:105)
</pre>
                      </p>
                    </td>
                  </tr>
                  <tr>
                    <td width="650px" class="bg-passed" style="padding:7px 20px;">
                      <p style="font-size:13px;margin:0;">
                        verifySearchPopupAppearsAfterClickingSearchTab
                      </p>
                    </td>
                  </tr>
                  <tr>
                    <td width="650px" class="bg-failed" style="padding:7px 20px;">
                      <p style="font-size:13px;margin:0;">
                        verifyUserDirectedToCustomerPageUsingPhoneNumberoremail
<pre>org.openqa.selenium.TimeoutException: Expected condition failed: waiting for visibility of element located by By.xpath: //div[@class='fs-pn15 mb-3']//div[1] (tried for 10 second(s) with 500 milliseconds interval)
Build info: version: '4.11.0', revision: '040bc5406b'
System info: os.name: 'Windows 10', os.arch: 'amd64', os.version: '10.0', java.version: '22.0.1'
Driver info: org.openqa.selenium.chrome.ChromeDriver
Capabilities {acceptInsecureCerts: false, browserName: chrome, browserVersion: 136.0.7103.93, chrome: {chromedriverVersion: 136.0.7103.92 (cb81a4cc5087..., userDataDir: C:\Users\Caelius\AppData\Lo...}, fedcm:accounts: true, goog:chromeOptions: {debuggerAddress: localhost:57322}, networkConnectionEnabled: false, pageLoadStrategy: normal, platformName: windows, proxy: Proxy(), se:cdp: ws://localhost:57322/devtoo..., se:cdpVersion: 136.0.7103.93, setWindowRect: true, strictFileInteractability: false, timeouts: {implicit: 0, pageLoad: 300000, script: 30000}, unhandledPromptBehavior: dismiss and notify, webauthn:extension:credBlob: true, webauthn:extension:largeBlob: true, webauthn:extension:minPinLength: true, webauthn:extension:prf: true, webauthn:virtualAuthenticators: true}
Session ID: 89a4d7d28ad63a1db1056852f6b8f27e
	at org.openqa.selenium.support.ui.WebDriverWait.timeoutException(WebDriverWait.java:84)
	at org.openqa.selenium.support.ui.FluentWait.until(FluentWait.java:230)
	at base.BaseTest.waitForElementToBeVisible(BaseTest.java:169)
	at base.BaseTest.getText(BaseTest.java:261)
	at pageEvents.SearchPage.verifyUserDirectedToCustomerPageUsingValidIdentity(SearchPage.java:179)
	at pageEvents.SearchPage.SearchAndVerify(SearchPage.java:201)
	at qa.tests.SearchTest.verifyUserDirectedToCustomerPageUsingPhoneNumberoremail(SearchTest.java:50)
	at java.base/jdk.internal.reflect.DirectMethodHandleAccessor.invoke(DirectMethodHandleAccessor.java:103)
	at java.base/java.lang.reflect.Method.invoke(Method.java:580)
	at org.testng.internal.invokers.MethodInvocationHelper.invokeMethod(MethodInvocationHelper.java:141)
	at org.testng.internal.invokers.TestInvoker.invokeMethod(TestInvoker.java:686)
	at org.testng.internal.invokers.TestInvoker.invokeTestMethod(TestInvoker.java:230)
	at org.testng.internal.invokers.MethodRunner.runInSequence(MethodRunner.java:63)
	at org.testng.internal.invokers.TestInvoker$MethodInvocationAgent.invoke(TestInvoker.java:992)
	at org.testng.internal.invokers.TestInvoker.invokeTestMethods(TestInvoker.java:203)
	at org.testng.internal.invokers.TestMethodWorker.invokeTestMethods(TestMethodWorker.java:154)
	at org.testng.internal.invokers.TestMethodWorker.run(TestMethodWorker.java:134)
	at java.base/java.util.ArrayList.forEach(ArrayList.java:1597)
	at org.testng.TestRunner.privateRun(TestRunner.java:739)
	at org.testng.TestRunner.run(TestRunner.java:614)
	at org.testng.SuiteRunner.runTest(SuiteRunner.java:421)
	at org.testng.SuiteRunner.runSequentially(SuiteRunner.java:413)
	at org.testng.SuiteRunner.privateRun(SuiteRunner.java:373)
	at org.testng.SuiteRunner.run(SuiteRunner.java:312)
	at org.testng.SuiteRunnerWorker.runSuite(SuiteRunnerWorker.java:52)
	at org.testng.SuiteRunnerWorker.run(SuiteRunnerWorker.java:95)
	at org.testng.TestNG.runSuitesSequentially(TestNG.java:1274)
	at org.testng.TestNG.runSuitesLocally(TestNG.java:1208)
	at org.testng.TestNG.runSuites(TestNG.java:1112)
	at org.testng.TestNG.run(TestNG.java:1079)
	at com.intellij.rt.testng.IDEARemoteTestNG.run(IDEARemoteTestNG.java:65)
	at com.intellij.rt.testng.RemoteTestNGStarter.main(RemoteTestNGStarter.java:105)
</pre>
                      </p>
                    </td>
                  </tr>
                  <tr><td style="height:10px"></td></tr>
                  <tr>
                    <td width="650px" class="bg-failed" style="padding:7px 10px;">
                      <p style="font-size:13px;margin:0;">
                        qa.tests.SecurityAndPasswordTest
                      </p>
                    </td>
                  </tr>
                  <tr>
                    <td width="650px" class="bg-passed" style="padding:7px 20px;">
                      <p style="font-size:13px;margin:0;">
                        UpdatePhoneNumber
                      </p>
                    </td>
                  </tr>
                  <tr>
                    <td width="650px" class="bg-passed" style="padding:7px 20px;">
                      <p style="font-size:13px;margin:0;">
                        verifyAllSecurityCodeScenarios
                      </p>
                    </td>
                  </tr>
                  <tr>
                    <td width="650px" class="bg-failed" style="padding:7px 20px;">
                      <p style="font-size:13px;margin:0;">
                        verifyAlternatePhoneNumber
<pre>org.openqa.selenium.TimeoutException: Expected condition failed: waiting for element to be clickable: By.xpath: //button[text()='Different Cell-phone'] (tried for 10 second(s) with 500 milliseconds interval)
Build info: version: '4.11.0', revision: '040bc5406b'
System info: os.name: 'Windows 10', os.arch: 'amd64', os.version: '10.0', java.version: '22.0.1'
Driver info: org.openqa.selenium.chrome.ChromeDriver
Capabilities {acceptInsecureCerts: false, browserName: chrome, browserVersion: 136.0.7103.93, chrome: {chromedriverVersion: 136.0.7103.92 (cb81a4cc5087..., userDataDir: C:\Users\Caelius\AppData\Lo...}, fedcm:accounts: true, goog:chromeOptions: {debuggerAddress: localhost:57810}, networkConnectionEnabled: false, pageLoadStrategy: normal, platformName: windows, proxy: Proxy(), se:cdp: ws://localhost:57810/devtoo..., se:cdpVersion: 136.0.7103.93, setWindowRect: true, strictFileInteractability: false, timeouts: {implicit: 0, pageLoad: 300000, script: 30000}, unhandledPromptBehavior: dismiss and notify, webauthn:extension:credBlob: true, webauthn:extension:largeBlob: true, webauthn:extension:minPinLength: true, webauthn:extension:prf: true, webauthn:virtualAuthenticators: true}
Session ID: 9d60dafe2a502d191d91002828630201
	at org.openqa.selenium.support.ui.WebDriverWait.timeoutException(WebDriverWait.java:84)
	at org.openqa.selenium.support.ui.FluentWait.until(FluentWait.java:230)
	at base.BaseTest.waitForElementToBeClickable(BaseTest.java:195)
	at base.BaseTest.click(BaseTest.java:216)
	at qa.tests.SecurityAndPasswordTest.verifyAlternatePhoneNumber(SecurityAndPasswordTest.java:184)
	at java.base/jdk.internal.reflect.DirectMethodHandleAccessor.invoke(DirectMethodHandleAccessor.java:103)
	at java.base/java.lang.reflect.Method.invoke(Method.java:580)
	at org.testng.internal.invokers.MethodInvocationHelper.invokeMethod(MethodInvocationHelper.java:141)
	at org.testng.internal.invokers.TestInvoker.invokeMethod(TestInvoker.java:686)
	at org.testng.internal.invokers.TestInvoker.invokeTestMethod(TestInvoker.java:230)
	at org.testng.internal.invokers.MethodRunner.runInSequence(MethodRunner.java:63)
	at org.testng.internal.invokers.TestInvoker$MethodInvocationAgent.invoke(TestInvoker.java:992)
	at org.testng.internal.invokers.TestInvoker.invokeTestMethods(TestInvoker.java:203)
	at org.testng.internal.invokers.TestMethodWorker.invokeTestMethods(TestMethodWorker.java:154)
	at org.testng.internal.invokers.TestMethodWorker.run(TestMethodWorker.java:134)
	at java.base/java.util.ArrayList.forEach(ArrayList.java:1597)
	at org.testng.TestRunner.privateRun(TestRunner.java:739)
	at org.testng.TestRunner.run(TestRunner.java:614)
	at org.testng.SuiteRunner.runTest(SuiteRunner.java:421)
	at org.testng.SuiteRunner.runSequentially(SuiteRunner.java:413)
	at org.testng.SuiteRunner.privateRun(SuiteRunner.java:373)
	at org.testng.SuiteRunner.run(SuiteRunner.java:312)
	at org.testng.SuiteRunnerWorker.runSuite(SuiteRunnerWorker.java:52)
	at org.testng.SuiteRunnerWorker.run(SuiteRunnerWorker.java:95)
	at org.testng.TestNG.runSuitesSequentially(TestNG.java:1274)
	at org.testng.TestNG.runSuitesLocally(TestNG.java:1208)
	at org.testng.TestNG.runSuites(TestNG.java:1112)
	at org.testng.TestNG.run(TestNG.java:1079)
	at com.intellij.rt.testng.IDEARemoteTestNG.run(IDEARemoteTestNG.java:65)
	at com.intellij.rt.testng.RemoteTestNGStarter.main(RemoteTestNGStarter.java:105)
</pre>
                      </p>
                    </td>
                  </tr>
                  <tr>
                    <td width="650px" class="bg-passed" style="padding:7px 20px;">
                      <p style="font-size:13px;margin:0;">
                        verifyDeleteButton
                      </p>
                    </td>
                  </tr>
                  <tr>
                    <td width="650px" class="bg-passed" style="padding:7px 20px;">
                      <p style="font-size:13px;margin:0;">
                        verifyInvalidEmailUpdateInput
                      </p>
                    </td>
                  </tr>
                  <tr>
                    <td width="650px" class="bg-passed" style="padding:7px 20px;">
                      <p style="font-size:13px;margin:0;">
                        verifyResetYourPasswordPopupOpens
                      </p>
                    </td>
                  </tr>
                  <tr>
                    <td width="650px" class="bg-passed" style="padding:7px 20px;">
                      <p style="font-size:13px;margin:0;">
                        verifyUpdateEmailPopupOpens
                      </p>
                    </td>
                  </tr>
                  <tr>
                    <td width="650px" class="bg-passed" style="padding:7px 20px;">
                      <p style="font-size:13px;margin:0;">
                        verifyValidEmailUpdateInput
                      </p>
                    </td>
                  </tr>
                  <tr><td style="height:10px"></td></tr>
                  <tr>
                    <td width="650px" class="bg-failed" style="padding:7px 10px;">
                      <p style="font-size:13px;margin:0;">
                        qa.tests.SignUpTest
                      </p>
                    </td>
                  </tr>
                  <tr>
                    <td width="650px" class="bg-passed" style="padding:7px 20px;">
                      <p style="font-size:13px;margin:0;">
                        VerifyTheSignUpPage
                      </p>
                    </td>
                  </tr>
                  <tr>
                    <td width="650px" class="bg-passed" style="padding:7px 20px;">
                      <p style="font-size:13px;margin:0;">
                        verifyCreateNewAccountByPhoneNumberWithBusinessAccount
                      </p>
                    </td>
                  </tr>
                  <tr>
                    <td width="650px" class="bg-passed" style="padding:7px 20px;">
                      <p style="font-size:13px;margin:0;">
                        verifyCreatingAccountWithPersonalAccountOption
                      </p>
                    </td>
                  </tr>
                  <tr>
                    <td width="650px" class="bg-failed" style="padding:7px 20px;">
                      <p style="font-size:13px;margin:0;">
                        verifyCreatingNewAccountByEmailWithBusinessAccount
<pre>org.openqa.selenium.TimeoutException: Expected condition failed: waiting for element to be clickable: By.cssSelector: [name='name'] (tried for 6 second(s) with 500 milliseconds interval)
Build info: version: '4.11.0', revision: '040bc5406b'
System info: os.name: 'Windows 10', os.arch: 'amd64', os.version: '10.0', java.version: '22.0.1'
Driver info: org.openqa.selenium.chrome.ChromeDriver
Capabilities {acceptInsecureCerts: false, browserName: chrome, browserVersion: 136.0.7103.93, chrome: {chromedriverVersion: 136.0.7103.92 (cb81a4cc5087..., userDataDir: C:\Users\Caelius\AppData\Lo...}, fedcm:accounts: true, goog:chromeOptions: {debuggerAddress: localhost:59113}, networkConnectionEnabled: false, pageLoadStrategy: normal, platformName: windows, proxy: Proxy(), se:cdp: ws://localhost:59113/devtoo..., se:cdpVersion: 136.0.7103.93, setWindowRect: true, strictFileInteractability: false, timeouts: {implicit: 0, pageLoad: 300000, script: 30000}, unhandledPromptBehavior: dismiss and notify, webauthn:extension:credBlob: true, webauthn:extension:largeBlob: true, webauthn:extension:minPinLength: true, webauthn:extension:prf: true, webauthn:virtualAuthenticators: true}
Session ID: 0426acda5e055ecb6e4ffa0f3f34700a
	at org.openqa.selenium.support.ui.WebDriverWait.timeoutException(WebDriverWait.java:84)
	at org.openqa.selenium.support.ui.FluentWait.until(FluentWait.java:230)
	at base.BaseTest.waitForElementToBeClickable(BaseTest.java:195)
	at qa.tests.SignUpTest.verifyCreatingNewAccountByEmailWithBusinessAccount(SignUpTest.java:134)
	at java.base/jdk.internal.reflect.DirectMethodHandleAccessor.invoke(DirectMethodHandleAccessor.java:103)
	at java.base/java.lang.reflect.Method.invoke(Method.java:580)
	at org.testng.internal.invokers.MethodInvocationHelper.invokeMethod(MethodInvocationHelper.java:141)
	at org.testng.internal.invokers.TestInvoker.invokeMethod(TestInvoker.java:686)
	at org.testng.internal.invokers.TestInvoker.invokeTestMethod(TestInvoker.java:230)
	at org.testng.internal.invokers.MethodRunner.runInSequence(MethodRunner.java:63)
	at org.testng.internal.invokers.TestInvoker$MethodInvocationAgent.invoke(TestInvoker.java:992)
	at org.testng.internal.invokers.TestInvoker.invokeTestMethods(TestInvoker.java:203)
	at org.testng.internal.invokers.TestMethodWorker.invokeTestMethods(TestMethodWorker.java:154)
	at org.testng.internal.invokers.TestMethodWorker.run(TestMethodWorker.java:134)
	at java.base/java.util.ArrayList.forEach(ArrayList.java:1597)
	at org.testng.TestRunner.privateRun(TestRunner.java:739)
	at org.testng.TestRunner.run(TestRunner.java:614)
	at org.testng.SuiteRunner.runTest(SuiteRunner.java:421)
	at org.testng.SuiteRunner.runSequentially(SuiteRunner.java:413)
	at org.testng.SuiteRunner.privateRun(SuiteRunner.java:373)
	at org.testng.SuiteRunner.run(SuiteRunner.java:312)
	at org.testng.SuiteRunnerWorker.runSuite(SuiteRunnerWorker.java:52)
	at org.testng.SuiteRunnerWorker.run(SuiteRunnerWorker.java:95)
	at org.testng.TestNG.runSuitesSequentially(TestNG.java:1274)
	at org.testng.TestNG.runSuitesLocally(TestNG.java:1208)
	at org.testng.TestNG.runSuites(TestNG.java:1112)
	at org.testng.TestNG.run(TestNG.java:1079)
	at com.intellij.rt.testng.IDEARemoteTestNG.run(IDEARemoteTestNG.java:65)
	at com.intellij.rt.testng.RemoteTestNGStarter.main(RemoteTestNGStarter.java:105)
</pre>
                      </p>
                    </td>
                  </tr>
                  <tr>
                    <td width="650px" class="bg-passed" style="padding:7px 20px;">
                      <p style="font-size:13px;margin:0;">
                        verifyThatSiginToApplicationByPhoneNumberUsingBusinessAccountOption
                      </p>
                    </td>
                  </tr>
                  <tr>
                    <td width="650px" class="bg-passed" style="padding:7px 20px;">
                      <p style="font-size:13px;margin:0;">
                        verifyThatSigningInByEmailUsingBusinessAccountOption
                      </p>
                    </td>
                  </tr>
                  <tr>
                    <td width="650px" class="bg-failed" style="padding:7px 20px;">
                      <p style="font-size:13px;margin:0;">
                        verifyThatSigningInByEmailUsingBusinessAccountOptionWithForgetPasswordoption
<pre>org.openqa.selenium.TimeoutException: Expected condition failed: waiting for element to be clickable: By.cssSelector: .mx-3.-forgotpwd- (tried for 10 second(s) with 500 milliseconds interval)
Build info: version: '4.11.0', revision: '040bc5406b'
System info: os.name: 'Windows 10', os.arch: 'amd64', os.version: '10.0', java.version: '22.0.1'
Driver info: org.openqa.selenium.chrome.ChromeDriver
Capabilities {acceptInsecureCerts: false, browserName: chrome, browserVersion: 136.0.7103.93, chrome: {chromedriverVersion: 136.0.7103.92 (cb81a4cc5087..., userDataDir: C:\Users\Caelius\AppData\Lo...}, fedcm:accounts: true, goog:chromeOptions: {debuggerAddress: localhost:59564}, networkConnectionEnabled: false, pageLoadStrategy: normal, platformName: windows, proxy: Proxy(), se:cdp: ws://localhost:59564/devtoo..., se:cdpVersion: 136.0.7103.93, setWindowRect: true, strictFileInteractability: false, timeouts: {implicit: 0, pageLoad: 300000, script: 30000}, unhandledPromptBehavior: dismiss and notify, webauthn:extension:credBlob: true, webauthn:extension:largeBlob: true, webauthn:extension:minPinLength: true, webauthn:extension:prf: true, webauthn:virtualAuthenticators: true}
Session ID: fc667f31dcbb0935d651baf93ad3ef28
	at org.openqa.selenium.support.ui.WebDriverWait.timeoutException(WebDriverWait.java:84)
	at org.openqa.selenium.support.ui.FluentWait.until(FluentWait.java:230)
	at base.BaseTest.waitForElementToBeClickable(BaseTest.java:195)
	at base.BaseTest.click(BaseTest.java:216)
	at pageEvents.SignUpPage.getIdonkKnowPasswordLinkSP(SignUpPage.java:119)
	at pageEvents.SignUpPage.getsignInWithEmailUsingBusinessAccount(SignUpPage.java:137)
	at qa.tests.SignUpTest.verifyThatSigningInByEmailUsingBusinessAccountOptionWithForgetPasswordoption(SignUpTest.java:379)
	at java.base/jdk.internal.reflect.DirectMethodHandleAccessor.invoke(DirectMethodHandleAccessor.java:103)
	at java.base/java.lang.reflect.Method.invoke(Method.java:580)
	at org.testng.internal.invokers.MethodInvocationHelper.invokeMethod(MethodInvocationHelper.java:141)
	at org.testng.internal.invokers.TestInvoker.invokeMethod(TestInvoker.java:686)
	at org.testng.internal.invokers.TestInvoker.invokeTestMethod(TestInvoker.java:230)
	at org.testng.internal.invokers.MethodRunner.runInSequence(MethodRunner.java:63)
	at org.testng.internal.invokers.TestInvoker$MethodInvocationAgent.invoke(TestInvoker.java:992)
	at org.testng.internal.invokers.TestInvoker.invokeTestMethods(TestInvoker.java:203)
	at org.testng.internal.invokers.TestMethodWorker.invokeTestMethods(TestMethodWorker.java:154)
	at org.testng.internal.invokers.TestMethodWorker.run(TestMethodWorker.java:134)
	at java.base/java.util.ArrayList.forEach(ArrayList.java:1597)
	at org.testng.TestRunner.privateRun(TestRunner.java:739)
	at org.testng.TestRunner.run(TestRunner.java:614)
	at org.testng.SuiteRunner.runTest(SuiteRunner.java:421)
	at org.testng.SuiteRunner.runSequentially(SuiteRunner.java:413)
	at org.testng.SuiteRunner.privateRun(SuiteRunner.java:373)
	at org.testng.SuiteRunner.run(SuiteRunner.java:312)
	at org.testng.SuiteRunnerWorker.runSuite(SuiteRunnerWorker.java:52)
	at org.testng.SuiteRunnerWorker.run(SuiteRunnerWorker.java:95)
	at org.testng.TestNG.runSuitesSequentially(TestNG.java:1274)
	at org.testng.TestNG.runSuitesLocally(TestNG.java:1208)
	at org.testng.TestNG.runSuites(TestNG.java:1112)
	at org.testng.TestNG.run(TestNG.java:1079)
	at com.intellij.rt.testng.IDEARemoteTestNG.run(IDEARemoteTestNG.java:65)
	at com.intellij.rt.testng.RemoteTestNGStarter.main(RemoteTestNGStarter.java:105)
</pre>
                      </p>
                    </td>
                  </tr>
                  <tr>
                    <td width="650px" class="bg-passed" style="padding:7px 20px;">
                      <p style="font-size:13px;margin:0;">
                        verifyThatSigningInToApplicationByPhoneUsingNewPassword
                      </p>
                    </td>
                  </tr>
                  <tr>
                    <td width="650px" class="bg-passed" style="padding:7px 20px;">
                      <p style="font-size:13px;margin:0;">
                        verifyValidationMessagesWithPersonalAccountOption
                      </p>
                    </td>
                  </tr>
                  <tr><td style="height:10px"></td></tr>
                  <tr>
                    <td width="650px" class="bg-failed" style="padding:7px 10px;">
                      <p style="font-size:13px;margin:0;">
                        qa.tests.TransactionsTest
                      </p>
                    </td>
                  </tr>
                  <tr>
                    <td width="650px" class="bg-passed" style="padding:7px 20px;">
                      <p style="font-size:13px;margin:0;">
                        verifyThatListOfTransactionsAppears
                      </p>
                    </td>
                  </tr>
                  <tr>
                    <td width="650px" class="bg-passed" style="padding:7px 20px;">
                      <p style="font-size:13px;margin:0;">
                        verifyByStoreLabelOnTransactionPage
                      </p>
                    </td>
                  </tr>
                  <tr>
                    <td width="650px" class="bg-passed" style="padding:7px 20px;">
                      <p style="font-size:13px;margin:0;">
                        averifyInfoMessageAppearsWhenNoTransactionIsAvailable
                      </p>
                    </td>
                  </tr>
                  <tr>
                    <td width="650px" class="bg-passed" style="padding:7px 20px;">
                      <p style="font-size:13px;margin:0;">
                        verifyNewBillNewChargeButtonsAndFilterOnTransactionPage
                      </p>
                    </td>
                  </tr>
                  <tr>
                    <td width="650px" class="bg-passed" style="padding:7px 20px;">
                      <p style="font-size:13px;margin:0;">
                        newChargePaymentWithoutStripeConfiguration
                      </p>
                    </td>
                  </tr>
                  <tr>
                    <td width="650px" class="bg-failed" style="padding:7px 20px;">
                      <p style="font-size:13px;margin:0;">
                        a3chargeManuallyAfterStripeConfigured
<pre>org.openqa.selenium.NoSuchElementException: no such element: Unable to locate element: {"method":"xpath","selector":"(//iframe[contains(@name,'__privateStripeFrame')])[2]"}
  (Session info: chrome=136.0.7103.93)
For documentation on this error, please visit: https://www.selenium.dev/documentation/webdriver/troubleshooting/errors#no-such-element-exception
Build info: version: '4.11.0', revision: '040bc5406b'
System info: os.name: 'Windows 10', os.arch: 'amd64', os.version: '10.0', java.version: '22.0.1'
Driver info: org.openqa.selenium.chrome.ChromeDriver
Command: [bad1e9be3f96f1539c83eefb42ed2a9f, findElement {using=xpath, value=(//iframe[contains(@name,'__privateStripeFrame')])[2]}]
Capabilities {acceptInsecureCerts: false, browserName: chrome, browserVersion: 136.0.7103.93, chrome: {chromedriverVersion: 136.0.7103.92 (cb81a4cc5087..., userDataDir: C:\Users\Caelius\AppData\Lo...}, fedcm:accounts: true, goog:chromeOptions: {debuggerAddress: localhost:61038}, networkConnectionEnabled: false, pageLoadStrategy: normal, platformName: windows, proxy: Proxy(), se:cdp: ws://localhost:61038/devtoo..., se:cdpVersion: 136.0.7103.93, setWindowRect: true, strictFileInteractability: false, timeouts: {implicit: 0, pageLoad: 300000, script: 30000}, unhandledPromptBehavior: dismiss and notify, webauthn:extension:credBlob: true, webauthn:extension:largeBlob: true, webauthn:extension:minPinLength: true, webauthn:extension:prf: true, webauthn:virtualAuthenticators: true}
Session ID: bad1e9be3f96f1539c83eefb42ed2a9f
	at java.base/jdk.internal.reflect.DirectConstructorHandleAccessor.newInstance(DirectConstructorHandleAccessor.java:62)
	at java.base/java.lang.reflect.Constructor.newInstanceWithCaller(Constructor.java:502)
	at java.base/java.lang.reflect.Constructor.newInstance(Constructor.java:486)
	at org.openqa.selenium.remote.codec.w3c.W3CHttpResponseCodec.createException(W3CHttpResponseCodec.java:200)
	at org.openqa.selenium.remote.codec.w3c.W3CHttpResponseCodec.decode(W3CHttpResponseCodec.java:133)
	at org.openqa.selenium.remote.codec.w3c.W3CHttpResponseCodec.decode(W3CHttpResponseCodec.java:52)
	at org.openqa.selenium.remote.HttpCommandExecutor.execute(HttpCommandExecutor.java:191)
	at org.openqa.selenium.remote.service.DriverCommandExecutor.invokeExecute(DriverCommandExecutor.java:196)
	at org.openqa.selenium.remote.service.DriverCommandExecutor.execute(DriverCommandExecutor.java:171)
	at org.openqa.selenium.remote.RemoteWebDriver.execute(RemoteWebDriver.java:518)
	at org.openqa.selenium.remote.ElementLocation$ElementFinder$2.findElement(ElementLocation.java:165)
	at org.openqa.selenium.remote.ElementLocation.findElement(ElementLocation.java:59)
	at org.openqa.selenium.remote.RemoteWebDriver.findElement(RemoteWebDriver.java:355)
	at org.openqa.selenium.remote.RemoteWebDriver.findElement(RemoteWebDriver.java:349)
	at base.BaseTest.switchToFrame(BaseTest.java:495)
	at pageEvents.PaymentPage.switchToFrame(PaymentPage.java:304)
	at pageEvents.PaymentPage.getPayThroughCreditCard(PaymentPage.java:919)
	at pageEvents.TransactionsPage.getManualCharge(TransactionsPage.java:366)
	at qa.tests.TransactionsTest.a3chargeManuallyAfterStripeConfigured(TransactionsTest.java:63)
	at java.base/jdk.internal.reflect.DirectMethodHandleAccessor.invoke(DirectMethodHandleAccessor.java:103)
	at java.base/java.lang.reflect.Method.invoke(Method.java:580)
	at org.testng.internal.invokers.MethodInvocationHelper.invokeMethod(MethodInvocationHelper.java:141)
	at org.testng.internal.invokers.TestInvoker.invokeMethod(TestInvoker.java:686)
	at org.testng.internal.invokers.TestInvoker.invokeTestMethod(TestInvoker.java:230)
	at org.testng.internal.invokers.MethodRunner.runInSequence(MethodRunner.java:63)
	at org.testng.internal.invokers.TestInvoker$MethodInvocationAgent.invoke(TestInvoker.java:992)
	at org.testng.internal.invokers.TestInvoker.invokeTestMethods(TestInvoker.java:203)
	at org.testng.internal.invokers.TestMethodWorker.invokeTestMethods(TestMethodWorker.java:154)
	at org.testng.internal.invokers.TestMethodWorker.run(TestMethodWorker.java:134)
	at java.base/java.util.ArrayList.forEach(ArrayList.java:1597)
	at org.testng.TestRunner.privateRun(TestRunner.java:739)
	at org.testng.TestRunner.run(TestRunner.java:614)
	at org.testng.SuiteRunner.runTest(SuiteRunner.java:421)
	at org.testng.SuiteRunner.runSequentially(SuiteRunner.java:413)
	at org.testng.SuiteRunner.privateRun(SuiteRunner.java:373)
	at org.testng.SuiteRunner.run(SuiteRunner.java:312)
	at org.testng.SuiteRunnerWorker.runSuite(SuiteRunnerWorker.java:52)
	at org.testng.SuiteRunnerWorker.run(SuiteRunnerWorker.java:95)
	at org.testng.TestNG.runSuitesSequentially(TestNG.java:1274)
	at org.testng.TestNG.runSuitesLocally(TestNG.java:1208)
	at org.testng.TestNG.runSuites(TestNG.java:1112)
	at org.testng.TestNG.run(TestNG.java:1079)
	at com.intellij.rt.testng.IDEARemoteTestNG.run(IDEARemoteTestNG.java:65)
	at com.intellij.rt.testng.RemoteTestNGStarter.main(RemoteTestNGStarter.java:105)
</pre>
                      </p>
                    </td>
                  </tr>
                  <tr>
                    <td width="650px" class="bg-passed" style="padding:7px 20px;">
                      <p style="font-size:13px;margin:0;">
                        newChargerWithTerminal
                      </p>
                    </td>
                  </tr>
                  <tr>
                    <td width="650px" class="bg-failed" style="padding:7px 20px;">
                      <p style="font-size:13px;margin:0;">
                        newChargePaymentManuallyAfterCancelingTerminalAutomaticPaymentDeduction
<pre>org.openqa.selenium.NoSuchElementException: no such element: Unable to locate element: {"method":"xpath","selector":"(//iframe[contains(@name,'__privateStripeFrame')])[2]"}
  (Session info: chrome=136.0.7103.93)
For documentation on this error, please visit: https://www.selenium.dev/documentation/webdriver/troubleshooting/errors#no-such-element-exception
Build info: version: '4.11.0', revision: '040bc5406b'
System info: os.name: 'Windows 10', os.arch: 'amd64', os.version: '10.0', java.version: '22.0.1'
Driver info: org.openqa.selenium.chrome.ChromeDriver
Command: [2506f230d42e72d8669d6859f9982746, findElement {using=xpath, value=(//iframe[contains(@name,'__privateStripeFrame')])[2]}]
Capabilities {acceptInsecureCerts: false, browserName: chrome, browserVersion: 136.0.7103.93, chrome: {chromedriverVersion: 136.0.7103.92 (cb81a4cc5087..., userDataDir: C:\Users\Caelius\AppData\Lo...}, fedcm:accounts: true, goog:chromeOptions: {debuggerAddress: localhost:61511}, networkConnectionEnabled: false, pageLoadStrategy: normal, platformName: windows, proxy: Proxy(), se:cdp: ws://localhost:61511/devtoo..., se:cdpVersion: 136.0.7103.93, setWindowRect: true, strictFileInteractability: false, timeouts: {implicit: 0, pageLoad: 300000, script: 30000}, unhandledPromptBehavior: dismiss and notify, webauthn:extension:credBlob: true, webauthn:extension:largeBlob: true, webauthn:extension:minPinLength: true, webauthn:extension:prf: true, webauthn:virtualAuthenticators: true}
Session ID: 2506f230d42e72d8669d6859f9982746
	at java.base/jdk.internal.reflect.DirectConstructorHandleAccessor.newInstance(DirectConstructorHandleAccessor.java:62)
	at java.base/java.lang.reflect.Constructor.newInstanceWithCaller(Constructor.java:502)
	at java.base/java.lang.reflect.Constructor.newInstance(Constructor.java:486)
	at org.openqa.selenium.remote.codec.w3c.W3CHttpResponseCodec.createException(W3CHttpResponseCodec.java:200)
	at org.openqa.selenium.remote.codec.w3c.W3CHttpResponseCodec.decode(W3CHttpResponseCodec.java:133)
	at org.openqa.selenium.remote.codec.w3c.W3CHttpResponseCodec.decode(W3CHttpResponseCodec.java:52)
	at org.openqa.selenium.remote.HttpCommandExecutor.execute(HttpCommandExecutor.java:191)
	at org.openqa.selenium.remote.service.DriverCommandExecutor.invokeExecute(DriverCommandExecutor.java:196)
	at org.openqa.selenium.remote.service.DriverCommandExecutor.execute(DriverCommandExecutor.java:171)
	at org.openqa.selenium.remote.RemoteWebDriver.execute(RemoteWebDriver.java:518)
	at org.openqa.selenium.remote.ElementLocation$ElementFinder$2.findElement(ElementLocation.java:165)
	at org.openqa.selenium.remote.ElementLocation.findElement(ElementLocation.java:59)
	at org.openqa.selenium.remote.RemoteWebDriver.findElement(RemoteWebDriver.java:355)
	at org.openqa.selenium.remote.RemoteWebDriver.findElement(RemoteWebDriver.java:349)
	at base.BaseTest.switchToFrame(BaseTest.java:495)
	at pageEvents.PaymentPage.switchToFrame(PaymentPage.java:304)
	at pageEvents.PaymentPage.getPayThroughCreditCard(PaymentPage.java:919)
	at pageEvents.TransactionsPage.getManualChargeAfterCancelingTerminal(TransactionsPage.java:448)
	at qa.tests.TransactionsTest.newChargePaymentManuallyAfterCancelingTerminalAutomaticPaymentDeduction(TransactionsTest.java:78)
	at java.base/jdk.internal.reflect.DirectMethodHandleAccessor.invoke(DirectMethodHandleAccessor.java:103)
	at java.base/java.lang.reflect.Method.invoke(Method.java:580)
	at org.testng.internal.invokers.MethodInvocationHelper.invokeMethod(MethodInvocationHelper.java:141)
	at org.testng.internal.invokers.TestInvoker.invokeMethod(TestInvoker.java:686)
	at org.testng.internal.invokers.TestInvoker.invokeTestMethod(TestInvoker.java:230)
	at org.testng.internal.invokers.MethodRunner.runInSequence(MethodRunner.java:63)
	at org.testng.internal.invokers.TestInvoker$MethodInvocationAgent.invoke(TestInvoker.java:992)
	at org.testng.internal.invokers.TestInvoker.invokeTestMethods(TestInvoker.java:203)
	at org.testng.internal.invokers.TestMethodWorker.invokeTestMethods(TestMethodWorker.java:154)
	at org.testng.internal.invokers.TestMethodWorker.run(TestMethodWorker.java:134)
	at java.base/java.util.ArrayList.forEach(ArrayList.java:1597)
	at org.testng.TestRunner.privateRun(TestRunner.java:739)
	at org.testng.TestRunner.run(TestRunner.java:614)
	at org.testng.SuiteRunner.runTest(SuiteRunner.java:421)
	at org.testng.SuiteRunner.runSequentially(SuiteRunner.java:413)
	at org.testng.SuiteRunner.privateRun(SuiteRunner.java:373)
	at org.testng.SuiteRunner.run(SuiteRunner.java:312)
	at org.testng.SuiteRunnerWorker.runSuite(SuiteRunnerWorker.java:52)
	at org.testng.SuiteRunnerWorker.run(SuiteRunnerWorker.java:95)
	at org.testng.TestNG.runSuitesSequentially(TestNG.java:1274)
	at org.testng.TestNG.runSuitesLocally(TestNG.java:1208)
	at org.testng.TestNG.runSuites(TestNG.java:1112)
	at org.testng.TestNG.run(TestNG.java:1079)
	at com.intellij.rt.testng.IDEARemoteTestNG.run(IDEARemoteTestNG.java:65)
	at com.intellij.rt.testng.RemoteTestNGStarter.main(RemoteTestNGStarter.java:105)
</pre>
                      </p>
                    </td>
                  </tr>
                  <tr>
                    <td width="650px" class="bg-passed" style="padding:7px 20px;">
                      <p style="font-size:13px;margin:0;">
                        verifyThatElementsOfTransactionDetailsPopup
                      </p>
                    </td>
                  </tr>
                  <tr>
                    <td width="650px" class="bg-passed" style="padding:7px 20px;">
                      <p style="font-size:13px;margin:0;">
                        verifyRefundFullTransactionOnTransactionPage
                      </p>
                    </td>
                  </tr>
                  <tr>
                    <td width="650px" class="bg-passed" style="padding:7px 20px;">
                      <p style="font-size:13px;margin:0;">
                        verifyThatStoreMangerIsAbleToRefundPartialPayment
                      </p>
                    </td>
                  </tr>
                  <tr>
                    <td width="650px" class="bg-passed" style="padding:7px 20px;">
                      <p style="font-size:13px;margin:0;">
                        verifyThatStoreMangerIsAbleToVerifyTransaction
                      </p>
                    </td>
                  </tr>
                  <tr>
                    <td width="650px" class="bg-passed" style="padding:7px 20px;">
                      <p style="font-size:13px;margin:0;">
                        verifyQuestionmarkIconRemovedWhenStoreManagerManuallyMarkedPaymentAsCaptured
                      </p>
                    </td>
                  </tr>
                  <tr>
                    <td width="650px" class="bg-passed" style="padding:7px 20px;">
                      <p style="font-size:13px;margin:0;">
                        verifyRecurringIconAppearsForRTEnabledBillTransactions
                      </p>
                    </td>
                  </tr>
                  <tr>
                    <td width="650px" class="bg-passed" style="padding:7px 20px;">
                      <p style="font-size:13px;margin:0;">
                        a2getFailedPaymentIcon
                      </p>
                    </td>
                  </tr>
                  <tr>
                    <td width="650px" class="bg-passed" style="padding:7px 20px;">
                      <p style="font-size:13px;margin:0;">
                        verifyProcessingPaymentIcon
                      </p>
                    </td>
                  </tr>
                  <tr>
                    <td width="650px" class="bg-passed" style="padding:7px 20px;">
                      <p style="font-size:13px;margin:0;">
                        verifyThatTransactionListAppears
                      </p>
                    </td>
                  </tr>
                  <tr>
                    <td width="650px" class="bg-passed" style="padding:7px 20px;">
                      <p style="font-size:13px;margin:0;">
                        verifyThatTransactionsGetsDownloaded
                      </p>
                    </td>
                  </tr>
                  <tr><td style="height:10px"></td></tr>
                </table>
              </td>
            </tr>
          </table>
        </td>
      </tr>
    </table>
    <table><tr><td height="100"></td></tr></table>
  </body>
</html>