
<!DOCTYPE html>
<html lang="en">

<head>
  <meta charset="UTF-8">
  <meta name='viewport' content='width=device-width, initial-scale=1.0'>
  <title>Automation Report</title>
    <link href="https://cdn.jsdelivr.net/gh/anshooarora/chaintest@976b9706b4d752a6262a041a68a6ea08012e0fcf/cdn/simple/version/chaintest-pkg.css" rel="stylesheet">
  <link href="https://fonts.googleapis.com/css2?family=Roboto:ital,wght@0,100..900;1,100..900&display=swap" rel="stylesheet">
  <style></style>
</head>

<body data-bs-theme="dark">
  <nav class="navbar border-bottom">
    <div class="container d-flex justify-content-between">
      <div>
        <a class="navbar-brand" href="#">ChainTest</a>
        <span class="ms-3 fs-6">Sample</span>
      </div>
      <div>
        <span class="badge badge-outline text-lg"><i class="bi bi-hourglass me-1"></i> 1h 22m 29s</span>
        <span class="badge badge-outline text-lg"><i class="bi bi-clock me-1 text-success"></i> 2025-05-17 02:29:30 pm</span>
        <span class="badge badge-outline text-lg me-3"><i class="bi bi-clock me-1 text-danger"></i> 2025-05-17 03:51:59 pm</span>
          <button role="button" id="sys-info" class="btn btn-outline-primary smaller" title="View System Info">
            <i class="bi bi-pc-display-horizontal"></i></button>
        <button role="button" id="shortcuts" class="btn btn-outline-primary smaller" title="Shortcuts">
          <i class="bi bi-info-circle"></i></button>
      </div>
    </div>
  </nav>

  <div id="summary" class="container-fluid bg-body-tertiary">
    <!-- dashboard section -->
    <div id="dashboard" class="py-5">
      <div class="container">
        <div class="row">
          <div class="col-4">
            <div class="card card-custom" style="height: 175px">
              <div class="card-header">
                Suites
              </div>
              <div class="card-body d-flex justify-content-center" style="height: 90px;">
                <div class="chart-view center" style="margin-left: -1rem;">
                  <canvas id="stats1"></canvas>
                </div>
              </div>
              <div class="card-footer small">
                <span id="sp1">0</span> Passed,
                <span id="sf1">1</span> Failed,
                <span id="ss1">0</span> Skipped
              </div>
            </div>
          </div>
          <div class="col-4">
            <div class="card card-custom" style="height: 175px">
              <div class="card-header">
                Classes
              </div>
              <div class="card-body d-flex justify-content-center" style="height: 90px;">
                <div class="chart-view center" style="margin-left: -1rem;">
                  <canvas id="stats2"></canvas>
                </div>
              </div>
              <div class="card-footer small">
                <span id="sp2">0</span> Passed,
                <span id="sf2">3</span> Failed,
                <span id="ss2">0</span> Skipped
              </div>
            </div>
          </div>
            <div class="col-4">
              <div class="card card-custom" style="height: 175px">
                <div class="card-header">
                  Methods
                </div>
                <div class="card-body d-flex justify-content-center" style="height: 90px;">
                  <div class="chart-view center" style="margin-left: -1rem;">
                    <canvas id="stats3"></canvas>
                  </div>
                </div>
                <div class="card-footer small">
                  <span id="sp3">35</span> Passed,
                  <span id="sf3">14</span> Failed,
                  <span id="ss3">0</span> Skipped
                </div>
              </div>
            </div>
        </div>
      </div>
    </div>
    <!-- /dashboard section -->

    <!-- tag section -->
    <!-- /tag section -->
  </div>

  <div class="container-fluid">
    <div class="py-3 mb-5">
      <div class="container d-flex justify-content-between">
        <div class="input-group">
          <input type="text" id="q" class="form-control border" placeholder="Search..." aria-label="Search...">
          <button class="btn border btn-sm text-success status-filter" id="passed" type="button">Passed</button>
          <button class="btn border btn-sm text-warning status-filter" id="skipped" type="button">Skipped</button>
          <button class="btn border btn-sm text-danger status-filter" id="failed" type="button">Failed</button>
          <button id="clear-filters" class="btn border btn-sm"><i class="bi bi-x-lg me-1"></i>Clear all filters</button>
          <button type="button" id="summary-toggle" class="btn border btn-sm"><i class="bi bi-toggle-on me-1"></i> Toggle Summary Section</button>
        </div>
      </div>
    </div>
      <div class="test-container failed">
        <div class="container">
          <div class="row">
            <div class="col-4">
              <h6 class="mb-3 testname fs-6 failed">Suite</h6>
              <div class="small">
                <span class="badge badge-outline"><i class="bi bi-hourglass me-1"></i> 1h 22m 26s</span>
                <span class="badge text-bg-info"><i class="bi bi-clock me-1"></i>
                  2025-05-17 02:29:32 pm</span>
                <span class="badge text-bg-warning"><i class="bi bi-clock me-1"></i>
                  2025-05-17 03:51:58 pm</span>
              </div>
              
            </div>
            <div class="col-8">
                <div class="card mb-3 result failed">
                  <div class="card-body">
                    <div class="d-flex justify-content-between">
                      <div>
                          <i class="bi bi-exclamation-octagon-fill text-danger"></i>
                        <span class="fs-6 ms-2">qa.tests.BillTest</span>
                      </div>
                      <div>
                        <span class="badge text-dark bg-light">19m 57s</span>
                      </div>
                    </div>
                    
  <div class="mt-3 border-top">
    <div class="leaf passed pb-1 ">
      <div class="d-flex justify-content-between mt-3">
        <div>
            <i class="bi bi-check-circle-fill text-success"></i>
          <span class="fs-6 ms-2">verifyCreateBillWithoutSelectingCustomer </span>
        </div>
        <div>
          <span class="badge text-dark bg-light">36s</span>
        </div>
      </div>
      <p class="desc">BC_01 and BC_08 Verify that creating a bill by adding amount value only, without Selecting a Customer and Verify that unpaid bill gets deleted</p>
    </div>
    <div class="leaf passed pb-1 ">
      <div class="d-flex justify-content-between mt-3">
        <div>
            <i class="bi bi-check-circle-fill text-success"></i>
          <span class="fs-6 ms-2">verifyCreateBillBySelectingCustomer </span>
        </div>
        <div>
          <span class="badge text-dark bg-light">1m 11s</span>
        </div>
      </div>
      <p class="desc">BC_02 Verify that creating a bill by adding amount value only, with Selecting a Customer</p>
    </div>
    <div class="leaf passed pb-1 ">
      <div class="d-flex justify-content-between mt-3">
        <div>
            <i class="bi bi-check-circle-fill text-success"></i>
          <span class="fs-6 ms-2">verifyCreateBillForSuggestedCustomer </span>
        </div>
        <div>
          <span class="badge text-dark bg-light">1m 2s</span>
        </div>
      </div>
      <p class="desc">BC_03 Bill creation by selecting customers from the suggestion list</p>
    </div>
    <div class="leaf passed pb-1 ">
      <div class="d-flex justify-content-between mt-3">
        <div>
            <i class="bi bi-check-circle-fill text-success"></i>
          <span class="fs-6 ms-2">verifyBillCreationUsingOptionalFields </span>
        </div>
        <div>
          <span class="badge text-dark bg-light">1m 10s</span>
        </div>
      </div>
      <p class="desc">BC_09 Verify that creating a bill by adding 'Ref No.', 'Description' and 'Items' fields</p>
    </div>
    <div class="leaf passed pb-1 ">
      <div class="d-flex justify-content-between mt-3">
        <div>
            <i class="bi bi-check-circle-fill text-success"></i>
          <span class="fs-6 ms-2">verifyingBillCreationWithConfiguredBillAmount </span>
        </div>
        <div>
          <span class="badge text-dark bg-light">48s</span>
        </div>
      </div>
      <p class="desc">BC_13 Verify that creating a bill after configuring the bill amount value form the store configuration page.</p>
    </div>
    <div class="leaf passed pb-1 ">
      <div class="d-flex justify-content-between mt-3">
        <div>
            <i class="bi bi-check-circle-fill text-success"></i>
          <span class="fs-6 ms-2">verifyingBillCreationWithoutConfiguredBillAmount </span>
        </div>
        <div>
          <span class="badge text-dark bg-light">47s</span>
        </div>
      </div>
      <p class="desc">BC_12 Verify that creating a bill with default configured bill amount, on 'Bill' popup of 'Bills' page.</p>
    </div>
    <div class="leaf passed pb-1 ">
      <div class="d-flex justify-content-between mt-3">
        <div>
            <i class="bi bi-check-circle-fill text-success"></i>
          <span class="fs-6 ms-2">verifyingBillCreationByAttachingImageFile </span>
        </div>
        <div>
          <span class="badge text-dark bg-light">37s</span>
        </div>
      </div>
      <p class="desc">BC_06 Verify that creating a bill by attaching the image file.</p>
    </div>
    <div class="leaf passed pb-1 ">
      <div class="d-flex justify-content-between mt-3">
        <div>
            <i class="bi bi-check-circle-fill text-success"></i>
          <span class="fs-6 ms-2">verifyingBillCreationByAttachingPdfFile </span>
        </div>
        <div>
          <span class="badge text-dark bg-light">58s</span>
        </div>
      </div>
      <p class="desc">BC_07 Verify that creating a bill by attaching the image file.</p>
    </div>
    <div class="leaf passed pb-1 ">
      <div class="d-flex justify-content-between mt-3">
        <div>
            <i class="bi bi-check-circle-fill text-success"></i>
          <span class="fs-6 ms-2">verifyingBillCreationWithAddingMemoField </span>
        </div>
        <div>
          <span class="badge text-dark bg-light">45s</span>
        </div>
      </div>
      <p class="desc">BC_14 Verify that creating a bill with adding Memo field, on 'Bill' popup.</p>
    </div>
    <div class="leaf passed pb-1 ">
      <div class="d-flex justify-content-between mt-3">
        <div>
            <i class="bi bi-check-circle-fill text-success"></i>
          <span class="fs-6 ms-2">verifyingBillCreationWithEssentialFreePlan </span>
        </div>
        <div>
          <span class="badge text-dark bg-light">1m 32s</span>
        </div>
      </div>
      <p class="desc">BC_10 Verify that creating a bill, when user has  Essential (Free) plan for his store</p>
    </div>
    <div class="leaf passed pb-1 ">
      <div class="d-flex justify-content-between mt-3">
        <div>
            <i class="bi bi-check-circle-fill text-success"></i>
          <span class="fs-6 ms-2">verifyBillCreationByAddingExpirationDate </span>
        </div>
        <div>
          <span class="badge text-dark bg-light">57s</span>
        </div>
      </div>
      <p class="desc">BC_15 Verify that creating a bill by adding the custom expiration date' on 'Bills' page..</p>
    </div>
    <div class="leaf failed pb-1 ">
      <div class="d-flex justify-content-between mt-3">
        <div>
            <i class="bi bi-exclamation-octagon-fill text-danger"></i>
          <span class="fs-6 ms-2">verifyBillCreationByAddingRecurringTransactionsDaily </span>
        </div>
        <div>
          <span class="badge text-dark bg-light">1m 28s</span>
        </div>
      </div>
      <p class="desc">BC_16, BC_10 and BC_17  Verify that creating a store by adding recurring transactions, on Bills page and Verify that creating a 'Daily Recurring bill and Activate after the first payment, on 'Bill' popup.</p>
        <pre class="py-2 mt-2 mb-4">org.openqa.selenium.ElementClickInterceptedException: element click intercepted: Element <a class="ms-2 ms-sm-3 btn btn-link" href="/Stores/recurringTransactionDashboard/2938">...</a> is not clickable at point (432, 27). Other element would receive the click: <div id="_X6_VX" class="modal fade show" tabindex="-1" role="dialog" aria-modal="true" style="display: block;">...</div>
  (Session info: chrome=136.0.7103.114)
Build info: version: '4.11.0', revision: '040bc5406b'
System info: os.name: 'Windows 11', os.arch: 'amd64', os.version: '10.0', java.version: '22.0.2'
Driver info: org.openqa.selenium.chrome.ChromeDriver
Command: [f7f82802615bd6522d66784ac3d27a17, clickElement {id=f.58E894FD35414C3758DDB508232B19B6.d.AD3540AC9CD4C7D61AC2F5E2635C5E89.e.335}]
Capabilities {acceptInsecureCerts: false, browserName: chrome, browserVersion: 136.0.7103.114, chrome: {chromedriverVersion: 136.0.7103.94 (fa0be0b33deb..., userDataDir: C:\Users\SQELAB~1\AppData\L...}, fedcm:accounts: true, goog:chromeOptions: {debuggerAddress: localhost:61081}, networkConnectionEnabled: false, pageLoadStrategy: normal, platformName: windows, proxy: Proxy(), se:cdp: ws://localhost:61081/devtoo..., se:cdpVersion: 136.0.7103.114, setWindowRect: true, strictFileInteractability: false, timeouts: {implicit: 0, pageLoad: 300000, script: 30000}, unhandledPromptBehavior: dismiss and notify, webauthn:extension:credBlob: true, webauthn:extension:largeBlob: true, webauthn:extension:minPinLength: true, webauthn:extension:prf: true, webauthn:virtualAuthenticators: true}
Element: [[ChromeDriver: chrome on windows (f7f82802615bd6522d66784ac3d27a17)] -> xpath: //div[text()='Recurring']/..]
Session ID: f7f82802615bd6522d66784ac3d27a17
	at java.base/jdk.internal.reflect.DirectConstructorHandleAccessor.newInstance(DirectConstructorHandleAccessor.java:62)
	at java.base/java.lang.reflect.Constructor.newInstanceWithCaller(Constructor.java:502)
	at java.base/java.lang.reflect.Constructor.newInstance(Constructor.java:486)
	at org.openqa.selenium.remote.codec.w3c.W3CHttpResponseCodec.createException(W3CHttpResponseCodec.java:200)
	at org.openqa.selenium.remote.codec.w3c.W3CHttpResponseCodec.decode(W3CHttpResponseCodec.java:133)
	at org.openqa.selenium.remote.codec.w3c.W3CHttpResponseCodec.decode(W3CHttpResponseCodec.java:52)
	at org.openqa.selenium.remote.HttpCommandExecutor.execute(HttpCommandExecutor.java:191)
	at org.openqa.selenium.remote.service.DriverCommandExecutor.invokeExecute(DriverCommandExecutor.java:196)
	at org.openqa.selenium.remote.service.DriverCommandExecutor.execute(DriverCommandExecutor.java:171)
	at org.openqa.selenium.remote.RemoteWebDriver.execute(RemoteWebDriver.java:518)
	at org.openqa.selenium.remote.RemoteWebElement.execute(RemoteWebElement.java:224)
	at org.openqa.selenium.remote.RemoteWebElement.click(RemoteWebElement.java:77)
	at base.BaseTest.click(BaseTest.java:218)
	at pageEvents.BillPage.clickOnReccuring(BillPage.java:1209)
	at pageEvents.BillPage.verifyBillCreationByAddingRecurringTransactionsDaily(BillPage.java:1809)
	at qa.tests.BillTest.verifyBillCreationByAddingRecurringTransactionsDaily(BillTest.java:90)
	at java.base/jdk.internal.reflect.DirectMethodHandleAccessor.invoke(DirectMethodHandleAccessor.java:103)
	at java.base/java.lang.reflect.Method.invoke(Method.java:580)
	at org.testng.internal.invokers.MethodInvocationHelper.invokeMethod(MethodInvocationHelper.java:141)
	at org.testng.internal.invokers.TestInvoker.invokeMethod(TestInvoker.java:686)
	at org.testng.internal.invokers.TestInvoker.invokeTestMethod(TestInvoker.java:230)
	at org.testng.internal.invokers.MethodRunner.runInSequence(MethodRunner.java:63)
	at org.testng.internal.invokers.TestInvoker$MethodInvocationAgent.invoke(TestInvoker.java:992)
	at org.testng.internal.invokers.TestInvoker.invokeTestMethods(TestInvoker.java:203)
	at org.testng.internal.invokers.TestMethodWorker.invokeTestMethods(TestMethodWorker.java:154)
	at org.testng.internal.invokers.TestMethodWorker.run(TestMethodWorker.java:134)
	at java.base/java.util.ArrayList.forEach(ArrayList.java:1597)
	at org.testng.TestRunner.privateRun(TestRunner.java:739)
	at org.testng.TestRunner.run(TestRunner.java:614)
	at org.testng.SuiteRunner.runTest(SuiteRunner.java:421)
	at org.testng.SuiteRunner.runSequentially(SuiteRunner.java:413)
	at org.testng.SuiteRunner.privateRun(SuiteRunner.java:373)
	at org.testng.SuiteRunner.run(SuiteRunner.java:312)
	at org.testng.SuiteRunnerWorker.runSuite(SuiteRunnerWorker.java:52)
	at org.testng.SuiteRunnerWorker.run(SuiteRunnerWorker.java:95)
	at org.testng.TestNG.runSuitesSequentially(TestNG.java:1274)
	at org.testng.TestNG.runSuitesLocally(TestNG.java:1208)
	at org.testng.TestNG.runSuites(TestNG.java:1112)
	at org.testng.TestNG.run(TestNG.java:1079)
	at org.apache.maven.surefire.testng.TestNGExecutor.run(TestNGExecutor.java:324)
	at org.apache.maven.surefire.testng.TestNGXmlTestSuite.execute(TestNGXmlTestSuite.java:74)
	at org.apache.maven.surefire.testng.TestNGProvider.invoke(TestNGProvider.java:123)
	at org.apache.maven.surefire.booter.ForkedBooter.runSuitesInProcess(ForkedBooter.java:456)
	at org.apache.maven.surefire.booter.ForkedBooter.execute(ForkedBooter.java:169)
	at org.apache.maven.surefire.booter.ForkedBooter.run(ForkedBooter.java:595)
	at org.apache.maven.surefire.booter.ForkedBooter.main(ForkedBooter.java:581)
</pre>
        <div class="row mt-3">
            <div class="embed col-2 mb-1">
              <img src="resources/3cad2aa6-3a22-4664-bcf8-492bd27a6f62.png" />
            </div>
        </div>
    </div>
    <div class="leaf passed pb-1 ">
      <div class="d-flex justify-content-between mt-3">
        <div>
            <i class="bi bi-check-circle-fill text-success"></i>
          <span class="fs-6 ms-2">verifyBillCreationByAddingRecurringTransactionsWeekly </span>
        </div>
        <div>
          <span class="badge text-dark bg-light">1m 43s</span>
        </div>
      </div>
      <p class="desc">BC_18 Verify that creating a 'Weekly Recurring bill and Activate after the first payment, on 'Bill' popup.</p>
    </div>
    <div class="leaf failed pb-1 ">
      <div class="d-flex justify-content-between mt-3">
        <div>
            <i class="bi bi-exclamation-octagon-fill text-danger"></i>
          <span class="fs-6 ms-2">verifyBillCreationByAddingRecurringTransactionsMonthly </span>
        </div>
        <div>
          <span class="badge text-dark bg-light">1m 22s</span>
        </div>
      </div>
      <p class="desc">BC_19 Verify that creating a 'Monthly Recurring bill and Activate after the first payment, on 'Bill' popup.</p>
        <pre class="py-2 mt-2 mb-4">org.openqa.selenium.ElementClickInterceptedException: element click intercepted: Element <a class="ms-2 ms-sm-3 btn btn-link" href="/Stores/recurringTransactionDashboard/2938">...</a> is not clickable at point (432, 27). Other element would receive the click: <div id="_X6_12C" class="modal fade show" tabindex="-1" role="dialog" aria-modal="true" style="display: block;">...</div>
  (Session info: chrome=136.0.7103.114)
Build info: version: '4.11.0', revision: '040bc5406b'
System info: os.name: 'Windows 11', os.arch: 'amd64', os.version: '10.0', java.version: '22.0.2'
Driver info: org.openqa.selenium.chrome.ChromeDriver
Command: [16ee714e0fffae1a81b910efa5a3ed9f, clickElement {id=f.9517F33EDAD6C91FA1C50878805AE74B.d.6D9E3E86C291D2F58724168144BB8817.e.337}]
Capabilities {acceptInsecureCerts: false, browserName: chrome, browserVersion: 136.0.7103.114, chrome: {chromedriverVersion: 136.0.7103.94 (fa0be0b33deb..., userDataDir: C:\Users\SQELAB~1\AppData\L...}, fedcm:accounts: true, goog:chromeOptions: {debuggerAddress: localhost:61647}, networkConnectionEnabled: false, pageLoadStrategy: normal, platformName: windows, proxy: Proxy(), se:cdp: ws://localhost:61647/devtoo..., se:cdpVersion: 136.0.7103.114, setWindowRect: true, strictFileInteractability: false, timeouts: {implicit: 0, pageLoad: 300000, script: 30000}, unhandledPromptBehavior: dismiss and notify, webauthn:extension:credBlob: true, webauthn:extension:largeBlob: true, webauthn:extension:minPinLength: true, webauthn:extension:prf: true, webauthn:virtualAuthenticators: true}
Element: [[ChromeDriver: chrome on windows (16ee714e0fffae1a81b910efa5a3ed9f)] -> xpath: //div[text()='Recurring']/..]
Session ID: 16ee714e0fffae1a81b910efa5a3ed9f
	at java.base/jdk.internal.reflect.DirectConstructorHandleAccessor.newInstance(DirectConstructorHandleAccessor.java:62)
	at java.base/java.lang.reflect.Constructor.newInstanceWithCaller(Constructor.java:502)
	at java.base/java.lang.reflect.Constructor.newInstance(Constructor.java:486)
	at org.openqa.selenium.remote.codec.w3c.W3CHttpResponseCodec.createException(W3CHttpResponseCodec.java:200)
	at org.openqa.selenium.remote.codec.w3c.W3CHttpResponseCodec.decode(W3CHttpResponseCodec.java:133)
	at org.openqa.selenium.remote.codec.w3c.W3CHttpResponseCodec.decode(W3CHttpResponseCodec.java:52)
	at org.openqa.selenium.remote.HttpCommandExecutor.execute(HttpCommandExecutor.java:191)
	at org.openqa.selenium.remote.service.DriverCommandExecutor.invokeExecute(DriverCommandExecutor.java:196)
	at org.openqa.selenium.remote.service.DriverCommandExecutor.execute(DriverCommandExecutor.java:171)
	at org.openqa.selenium.remote.RemoteWebDriver.execute(RemoteWebDriver.java:518)
	at org.openqa.selenium.remote.RemoteWebElement.execute(RemoteWebElement.java:224)
	at org.openqa.selenium.remote.RemoteWebElement.click(RemoteWebElement.java:77)
	at base.BaseTest.click(BaseTest.java:218)
	at pageEvents.BillPage.clickOnReccuring(BillPage.java:1209)
	at pageEvents.BillPage.verifyBillCreationByAddingRecurringTransactionsMonthly(BillPage.java:1948)
	at qa.tests.BillTest.verifyBillCreationByAddingRecurringTransactionsMonthly(BillTest.java:106)
	at java.base/jdk.internal.reflect.DirectMethodHandleAccessor.invoke(DirectMethodHandleAccessor.java:103)
	at java.base/java.lang.reflect.Method.invoke(Method.java:580)
	at org.testng.internal.invokers.MethodInvocationHelper.invokeMethod(MethodInvocationHelper.java:141)
	at org.testng.internal.invokers.TestInvoker.invokeMethod(TestInvoker.java:686)
	at org.testng.internal.invokers.TestInvoker.invokeTestMethod(TestInvoker.java:230)
	at org.testng.internal.invokers.MethodRunner.runInSequence(MethodRunner.java:63)
	at org.testng.internal.invokers.TestInvoker$MethodInvocationAgent.invoke(TestInvoker.java:992)
	at org.testng.internal.invokers.TestInvoker.invokeTestMethods(TestInvoker.java:203)
	at org.testng.internal.invokers.TestMethodWorker.invokeTestMethods(TestMethodWorker.java:154)
	at org.testng.internal.invokers.TestMethodWorker.run(TestMethodWorker.java:134)
	at java.base/java.util.ArrayList.forEach(ArrayList.java:1597)
	at org.testng.TestRunner.privateRun(TestRunner.java:739)
	at org.testng.TestRunner.run(TestRunner.java:614)
	at org.testng.SuiteRunner.runTest(SuiteRunner.java:421)
	at org.testng.SuiteRunner.runSequentially(SuiteRunner.java:413)
	at org.testng.SuiteRunner.privateRun(SuiteRunner.java:373)
	at org.testng.SuiteRunner.run(SuiteRunner.java:312)
	at org.testng.SuiteRunnerWorker.runSuite(SuiteRunnerWorker.java:52)
	at org.testng.SuiteRunnerWorker.run(SuiteRunnerWorker.java:95)
	at org.testng.TestNG.runSuitesSequentially(TestNG.java:1274)
	at org.testng.TestNG.runSuitesLocally(TestNG.java:1208)
	at org.testng.TestNG.runSuites(TestNG.java:1112)
	at org.testng.TestNG.run(TestNG.java:1079)
	at org.apache.maven.surefire.testng.TestNGExecutor.run(TestNGExecutor.java:324)
	at org.apache.maven.surefire.testng.TestNGXmlTestSuite.execute(TestNGXmlTestSuite.java:74)
	at org.apache.maven.surefire.testng.TestNGProvider.invoke(TestNGProvider.java:123)
	at org.apache.maven.surefire.booter.ForkedBooter.runSuitesInProcess(ForkedBooter.java:456)
	at org.apache.maven.surefire.booter.ForkedBooter.execute(ForkedBooter.java:169)
	at org.apache.maven.surefire.booter.ForkedBooter.run(ForkedBooter.java:595)
	at org.apache.maven.surefire.booter.ForkedBooter.main(ForkedBooter.java:581)
</pre>
        <div class="row mt-3">
            <div class="embed col-2 mb-1">
              <img src="resources/3c08b986-8796-48cc-bf81-a34ff5e759ed.png" />
            </div>
        </div>
    </div>
    <div class="leaf failed pb-1 ">
      <div class="d-flex justify-content-between mt-3">
        <div>
            <i class="bi bi-exclamation-octagon-fill text-danger"></i>
          <span class="fs-6 ms-2">verifyBillCreationByAddingRecurringTransactionsYearly </span>
        </div>
        <div>
          <span class="badge text-dark bg-light">1m 9s</span>
        </div>
      </div>
      <p class="desc">BC_20 Verify that creating a 'Monthly Recurring bill and Activate after the first payment, on 'Bill' popup.</p>
        <pre class="py-2 mt-2 mb-4">org.openqa.selenium.ElementClickInterceptedException: element click intercepted: Element <a class="ms-2 ms-sm-3 btn btn-link" href="/Stores/recurringTransactionDashboard/2938">...</a> is not clickable at point (432, 27). Other element would receive the click: <div id="_X6_158" class="modal fade show" tabindex="-1" role="dialog" aria-modal="true" style="display: block;">...</div>
  (Session info: chrome=136.0.7103.114)
Build info: version: '4.11.0', revision: '040bc5406b'
System info: os.name: 'Windows 11', os.arch: 'amd64', os.version: '10.0', java.version: '22.0.2'
Driver info: org.openqa.selenium.chrome.ChromeDriver
Command: [1b5ba7c054c6f88585d3af7c6490e227, clickElement {id=f.7A91E126BDDA0D7BB383B597F9543F75.d.711E5B792DF982AA546605BC09CDF895.e.323}]
Capabilities {acceptInsecureCerts: false, browserName: chrome, browserVersion: 136.0.7103.114, chrome: {chromedriverVersion: 136.0.7103.94 (fa0be0b33deb..., userDataDir: C:\Users\SQELAB~1\AppData\L...}, fedcm:accounts: true, goog:chromeOptions: {debuggerAddress: localhost:61888}, networkConnectionEnabled: false, pageLoadStrategy: normal, platformName: windows, proxy: Proxy(), se:cdp: ws://localhost:61888/devtoo..., se:cdpVersion: 136.0.7103.114, setWindowRect: true, strictFileInteractability: false, timeouts: {implicit: 0, pageLoad: 300000, script: 30000}, unhandledPromptBehavior: dismiss and notify, webauthn:extension:credBlob: true, webauthn:extension:largeBlob: true, webauthn:extension:minPinLength: true, webauthn:extension:prf: true, webauthn:virtualAuthenticators: true}
Element: [[ChromeDriver: chrome on windows (1b5ba7c054c6f88585d3af7c6490e227)] -> xpath: //div[text()='Recurring']/..]
Session ID: 1b5ba7c054c6f88585d3af7c6490e227
	at java.base/jdk.internal.reflect.DirectConstructorHandleAccessor.newInstance(DirectConstructorHandleAccessor.java:62)
	at java.base/java.lang.reflect.Constructor.newInstanceWithCaller(Constructor.java:502)
	at java.base/java.lang.reflect.Constructor.newInstance(Constructor.java:486)
	at org.openqa.selenium.remote.codec.w3c.W3CHttpResponseCodec.createException(W3CHttpResponseCodec.java:200)
	at org.openqa.selenium.remote.codec.w3c.W3CHttpResponseCodec.decode(W3CHttpResponseCodec.java:133)
	at org.openqa.selenium.remote.codec.w3c.W3CHttpResponseCodec.decode(W3CHttpResponseCodec.java:52)
	at org.openqa.selenium.remote.HttpCommandExecutor.execute(HttpCommandExecutor.java:191)
	at org.openqa.selenium.remote.service.DriverCommandExecutor.invokeExecute(DriverCommandExecutor.java:196)
	at org.openqa.selenium.remote.service.DriverCommandExecutor.execute(DriverCommandExecutor.java:171)
	at org.openqa.selenium.remote.RemoteWebDriver.execute(RemoteWebDriver.java:518)
	at org.openqa.selenium.remote.RemoteWebElement.execute(RemoteWebElement.java:224)
	at org.openqa.selenium.remote.RemoteWebElement.click(RemoteWebElement.java:77)
	at base.BaseTest.click(BaseTest.java:218)
	at pageEvents.BillPage.clickOnReccuring(BillPage.java:1209)
	at pageEvents.BillPage.verifyBillCreationByAddingRecurringTransactionsYearly(BillPage.java:1991)
	at qa.tests.BillTest.verifyBillCreationByAddingRecurringTransactionsYearly(BillTest.java:114)
	at java.base/jdk.internal.reflect.DirectMethodHandleAccessor.invoke(DirectMethodHandleAccessor.java:103)
	at java.base/java.lang.reflect.Method.invoke(Method.java:580)
	at org.testng.internal.invokers.MethodInvocationHelper.invokeMethod(MethodInvocationHelper.java:141)
	at org.testng.internal.invokers.TestInvoker.invokeMethod(TestInvoker.java:686)
	at org.testng.internal.invokers.TestInvoker.invokeTestMethod(TestInvoker.java:230)
	at org.testng.internal.invokers.MethodRunner.runInSequence(MethodRunner.java:63)
	at org.testng.internal.invokers.TestInvoker$MethodInvocationAgent.invoke(TestInvoker.java:992)
	at org.testng.internal.invokers.TestInvoker.invokeTestMethods(TestInvoker.java:203)
	at org.testng.internal.invokers.TestMethodWorker.invokeTestMethods(TestMethodWorker.java:154)
	at org.testng.internal.invokers.TestMethodWorker.run(TestMethodWorker.java:134)
	at java.base/java.util.ArrayList.forEach(ArrayList.java:1597)
	at org.testng.TestRunner.privateRun(TestRunner.java:739)
	at org.testng.TestRunner.run(TestRunner.java:614)
	at org.testng.SuiteRunner.runTest(SuiteRunner.java:421)
	at org.testng.SuiteRunner.runSequentially(SuiteRunner.java:413)
	at org.testng.SuiteRunner.privateRun(SuiteRunner.java:373)
	at org.testng.SuiteRunner.run(SuiteRunner.java:312)
	at org.testng.SuiteRunnerWorker.runSuite(SuiteRunnerWorker.java:52)
	at org.testng.SuiteRunnerWorker.run(SuiteRunnerWorker.java:95)
	at org.testng.TestNG.runSuitesSequentially(TestNG.java:1274)
	at org.testng.TestNG.runSuitesLocally(TestNG.java:1208)
	at org.testng.TestNG.runSuites(TestNG.java:1112)
	at org.testng.TestNG.run(TestNG.java:1079)
	at org.apache.maven.surefire.testng.TestNGExecutor.run(TestNGExecutor.java:324)
	at org.apache.maven.surefire.testng.TestNGXmlTestSuite.execute(TestNGXmlTestSuite.java:74)
	at org.apache.maven.surefire.testng.TestNGProvider.invoke(TestNGProvider.java:123)
	at org.apache.maven.surefire.booter.ForkedBooter.runSuitesInProcess(ForkedBooter.java:456)
	at org.apache.maven.surefire.booter.ForkedBooter.execute(ForkedBooter.java:169)
	at org.apache.maven.surefire.booter.ForkedBooter.run(ForkedBooter.java:595)
	at org.apache.maven.surefire.booter.ForkedBooter.main(ForkedBooter.java:581)
</pre>
        <div class="row mt-3">
            <div class="embed col-2 mb-1">
              <img src="resources/451e028a-8501-489d-bd29-30e114fb3934.png" />
            </div>
        </div>
    </div>
    <div class="leaf passed pb-1 ">
      <div class="d-flex justify-content-between mt-3">
        <div>
            <i class="bi bi-check-circle-fill text-success"></i>
          <span class="fs-6 ms-2">verifyBillCreationByAddingpaymentMethod </span>
        </div>
        <div>
          <span class="badge text-dark bg-light">35s</span>
        </div>
      </div>
      <p class="desc">BC_20 Verify that creating a 'Monthly Recurring bill and Activate after the first payment, on 'Bill' popup.</p>
    </div>
  </div>

                  </div>
                </div>
                <div class="card mb-3 result failed">
                  <div class="card-body">
                    <div class="d-flex justify-content-between">
                      <div>
                          <i class="bi bi-exclamation-octagon-fill text-danger"></i>
                        <span class="fs-6 ms-2">qa.tests.PaymentsAndRefundTest</span>
                      </div>
                      <div>
                        <span class="badge text-dark bg-light">31m 12s</span>
                      </div>
                    </div>
                    
  <div class="mt-3 border-top">
    <div class="leaf failed pb-1 ">
      <div class="d-flex justify-content-between mt-3">
        <div>
            <i class="bi bi-exclamation-octagon-fill text-danger"></i>
          <span class="fs-6 ms-2">cashPaymentThroughStoreManager </span>
        </div>
        <div>
          <span class="badge text-dark bg-light">1m 2s</span>
        </div>
      </div>
      <p class="desc">PYMT1 Bill Creation and Successful Bill Payment by Cash through Store Manager.</p>
        <pre class="py-2 mt-2 mb-4">java.lang.AssertionError: expected [true] but found [false]
	at org.testng.Assert.fail(Assert.java:111)
	at org.testng.Assert.failNotEquals(Assert.java:1578)
	at org.testng.Assert.assertTrue(Assert.java:57)
	at org.testng.Assert.assertTrue(Assert.java:67)
	at pageEvents.PaymentPage.paymentPopup(PaymentPage.java:399)
	at qa.tests.PaymentsAndRefundTest.cashPaymentThroughStoreManager(PaymentsAndRefundTest.java:24)
	at java.base/jdk.internal.reflect.DirectMethodHandleAccessor.invoke(DirectMethodHandleAccessor.java:103)
	at java.base/java.lang.reflect.Method.invoke(Method.java:580)
	at org.testng.internal.invokers.MethodInvocationHelper.invokeMethod(MethodInvocationHelper.java:141)
	at org.testng.internal.invokers.TestInvoker.invokeMethod(TestInvoker.java:686)
	at org.testng.internal.invokers.TestInvoker.invokeTestMethod(TestInvoker.java:230)
	at org.testng.internal.invokers.MethodRunner.runInSequence(MethodRunner.java:63)
	at org.testng.internal.invokers.TestInvoker$MethodInvocationAgent.invoke(TestInvoker.java:992)
	at org.testng.internal.invokers.TestInvoker.invokeTestMethods(TestInvoker.java:203)
	at org.testng.internal.invokers.TestMethodWorker.invokeTestMethods(TestMethodWorker.java:154)
	at org.testng.internal.invokers.TestMethodWorker.run(TestMethodWorker.java:134)
	at java.base/java.util.ArrayList.forEach(ArrayList.java:1597)
	at org.testng.TestRunner.privateRun(TestRunner.java:739)
	at org.testng.TestRunner.run(TestRunner.java:614)
	at org.testng.SuiteRunner.runTest(SuiteRunner.java:421)
	at org.testng.SuiteRunner.runSequentially(SuiteRunner.java:413)
	at org.testng.SuiteRunner.privateRun(SuiteRunner.java:373)
	at org.testng.SuiteRunner.run(SuiteRunner.java:312)
	at org.testng.SuiteRunnerWorker.runSuite(SuiteRunnerWorker.java:52)
	at org.testng.SuiteRunnerWorker.run(SuiteRunnerWorker.java:95)
	at org.testng.TestNG.runSuitesSequentially(TestNG.java:1274)
	at org.testng.TestNG.runSuitesLocally(TestNG.java:1208)
	at org.testng.TestNG.runSuites(TestNG.java:1112)
	at org.testng.TestNG.run(TestNG.java:1079)
	at org.apache.maven.surefire.testng.TestNGExecutor.run(TestNGExecutor.java:324)
	at org.apache.maven.surefire.testng.TestNGXmlTestSuite.execute(TestNGXmlTestSuite.java:74)
	at org.apache.maven.surefire.testng.TestNGProvider.invoke(TestNGProvider.java:123)
	at org.apache.maven.surefire.booter.ForkedBooter.runSuitesInProcess(ForkedBooter.java:456)
	at org.apache.maven.surefire.booter.ForkedBooter.execute(ForkedBooter.java:169)
	at org.apache.maven.surefire.booter.ForkedBooter.run(ForkedBooter.java:595)
	at org.apache.maven.surefire.booter.ForkedBooter.main(ForkedBooter.java:581)
</pre>
        <div class="row mt-3">
            <div class="embed col-2 mb-1">
              <img src="resources/a3ce2967-bcad-4d61-a301-9006e2a2aeb3.png" />
            </div>
        </div>
    </div>
    <div class="leaf passed pb-1 ">
      <div class="d-flex justify-content-between mt-3">
        <div>
            <i class="bi bi-check-circle-fill text-success"></i>
          <span class="fs-6 ms-2">cardPaymentThroughStoreManager </span>
        </div>
        <div>
          <span class="badge text-dark bg-light">1m 41s</span>
        </div>
      </div>
      <p class="desc">PYMT2 : Bill Creation and Successful Bill Payment by Credit Card through Store manager.</p>
    </div>
    <div class="leaf passed pb-1 ">
      <div class="d-flex justify-content-between mt-3">
        <div>
            <i class="bi bi-check-circle-fill text-success"></i>
          <span class="fs-6 ms-2">payByVenmoThroughStoreManager </span>
        </div>
        <div>
          <span class="badge text-dark bg-light">1m 23s</span>
        </div>
      </div>
      <p class="desc">PYMT3 : Bill Creation and Successful Bill Payment by Venmo through Store manager.</p>
    </div>
    <div class="leaf passed pb-1 ">
      <div class="d-flex justify-content-between mt-3">
        <div>
            <i class="bi bi-check-circle-fill text-success"></i>
          <span class="fs-6 ms-2">payByZelleThroughStoreManager </span>
        </div>
        <div>
          <span class="badge text-dark bg-light">1m 22s</span>
        </div>
      </div>
      <p class="desc">PYMT4 : Bill Creation and Successful Bill Payment by Zelle through Store manager.</p>
    </div>
    <div class="leaf passed pb-1 ">
      <div class="d-flex justify-content-between mt-3">
        <div>
            <i class="bi bi-check-circle-fill text-success"></i>
          <span class="fs-6 ms-2">verifyPaymentByMultipleModeThroughStoreManager </span>
        </div>
        <div>
          <span class="badge text-dark bg-light">1m 44s</span>
        </div>
      </div>
      <p class="desc">PYMT6 : Bill Creation and pay the bill by multiple payment mode through Store manager.</p>
    </div>
    <div class="leaf passed pb-1 ">
      <div class="d-flex justify-content-between mt-3">
        <div>
            <i class="bi bi-check-circle-fill text-success"></i>
          <span class="fs-6 ms-2">partialPaymentThroughStoreManager </span>
        </div>
        <div>
          <span class="badge text-dark bg-light">1m 31s</span>
        </div>
      </div>
      <p class="desc">PYMT5 : Bill Creation and partial payment of the bill through Store manager.</p>
    </div>
    <div class="leaf passed pb-1 ">
      <div class="d-flex justify-content-between mt-3">
        <div>
            <i class="bi bi-check-circle-fill text-success"></i>
          <span class="fs-6 ms-2">markSuccessfulPaymentAsVoid </span>
        </div>
        <div>
          <span class="badge text-dark bg-light">1m 21s</span>
        </div>
      </div>
      <p class="desc">PYMT7 : Bill Creation and mark payment as Void by Store manager.</p>
    </div>
    <div class="leaf failed pb-1 ">
      <div class="d-flex justify-content-between mt-3">
        <div>
            <i class="bi bi-exclamation-octagon-fill text-danger"></i>
          <span class="fs-6 ms-2">BillPaymentByCreditCardThroughCustomer </span>
        </div>
        <div>
          <span class="badge text-dark bg-light">2m 41s</span>
        </div>
      </div>
      <p class="desc">PYMT8 : Bill Creation and Successful Bill Payment through Credit Card by Customer.</p>
        <pre class="py-2 mt-2 mb-4">org.openqa.selenium.TimeoutException: Expected condition failed: waiting for visibility of element located by By.xpath: //input[@name='number'] (tried for 10 second(s) with 500 milliseconds interval)
Build info: version: '4.11.0', revision: '040bc5406b'
System info: os.name: 'Windows 11', os.arch: 'amd64', os.version: '10.0', java.version: '22.0.2'
Driver info: org.openqa.selenium.chrome.ChromeDriver
Capabilities {acceptInsecureCerts: false, browserName: chrome, browserVersion: 136.0.7103.114, chrome: {chromedriverVersion: 136.0.7103.94 (fa0be0b33deb..., userDataDir: C:\Users\SQELAB~1\AppData\L...}, fedcm:accounts: true, goog:chromeOptions: {debuggerAddress: localhost:63950}, networkConnectionEnabled: false, pageLoadStrategy: normal, platformName: windows, proxy: Proxy(), se:cdp: ws://localhost:63950/devtoo..., se:cdpVersion: 136.0.7103.114, setWindowRect: true, strictFileInteractability: false, timeouts: {implicit: 0, pageLoad: 300000, script: 30000}, unhandledPromptBehavior: dismiss and notify, webauthn:extension:credBlob: true, webauthn:extension:largeBlob: true, webauthn:extension:minPinLength: true, webauthn:extension:prf: true, webauthn:virtualAuthenticators: true}
Session ID: 4f150c3bbbd2d747fe55bb982b360d8f
	at org.openqa.selenium.support.ui.WebDriverWait.timeoutException(WebDriverWait.java:84)
	at org.openqa.selenium.support.ui.FluentWait.until(FluentWait.java:230)
	at base.BaseTest.waitForElementToBeVisible(BaseTest.java:171)
	at base.BaseTest.hoverAndClick(BaseTest.java:315)
	at pageEvents.PaymentPage.enterCardName(PaymentPage.java:176)
	at pageEvents.PaymentPage.billPaymentByThroughDebitCard(PaymentPage.java:861)
	at qa.tests.PaymentsAndRefundTest.BillPaymentByCreditCardThroughCustomer(PaymentsAndRefundTest.java:80)
	at java.base/jdk.internal.reflect.DirectMethodHandleAccessor.invoke(DirectMethodHandleAccessor.java:103)
	at java.base/java.lang.reflect.Method.invoke(Method.java:580)
	at org.testng.internal.invokers.MethodInvocationHelper.invokeMethod(MethodInvocationHelper.java:141)
	at org.testng.internal.invokers.TestInvoker.invokeMethod(TestInvoker.java:686)
	at org.testng.internal.invokers.TestInvoker.invokeTestMethod(TestInvoker.java:230)
	at org.testng.internal.invokers.MethodRunner.runInSequence(MethodRunner.java:63)
	at org.testng.internal.invokers.TestInvoker$MethodInvocationAgent.invoke(TestInvoker.java:992)
	at org.testng.internal.invokers.TestInvoker.invokeTestMethods(TestInvoker.java:203)
	at org.testng.internal.invokers.TestMethodWorker.invokeTestMethods(TestMethodWorker.java:154)
	at org.testng.internal.invokers.TestMethodWorker.run(TestMethodWorker.java:134)
	at java.base/java.util.ArrayList.forEach(ArrayList.java:1597)
	at org.testng.TestRunner.privateRun(TestRunner.java:739)
	at org.testng.TestRunner.run(TestRunner.java:614)
	at org.testng.SuiteRunner.runTest(SuiteRunner.java:421)
	at org.testng.SuiteRunner.runSequentially(SuiteRunner.java:413)
	at org.testng.SuiteRunner.privateRun(SuiteRunner.java:373)
	at org.testng.SuiteRunner.run(SuiteRunner.java:312)
	at org.testng.SuiteRunnerWorker.runSuite(SuiteRunnerWorker.java:52)
	at org.testng.SuiteRunnerWorker.run(SuiteRunnerWorker.java:95)
	at org.testng.TestNG.runSuitesSequentially(TestNG.java:1274)
	at org.testng.TestNG.runSuitesLocally(TestNG.java:1208)
	at org.testng.TestNG.runSuites(TestNG.java:1112)
	at org.testng.TestNG.run(TestNG.java:1079)
	at org.apache.maven.surefire.testng.TestNGExecutor.run(TestNGExecutor.java:324)
	at org.apache.maven.surefire.testng.TestNGXmlTestSuite.execute(TestNGXmlTestSuite.java:74)
	at org.apache.maven.surefire.testng.TestNGProvider.invoke(TestNGProvider.java:123)
	at org.apache.maven.surefire.booter.ForkedBooter.runSuitesInProcess(ForkedBooter.java:456)
	at org.apache.maven.surefire.booter.ForkedBooter.execute(ForkedBooter.java:169)
	at org.apache.maven.surefire.booter.ForkedBooter.run(ForkedBooter.java:595)
	at org.apache.maven.surefire.booter.ForkedBooter.main(ForkedBooter.java:581)
</pre>
        <div class="row mt-3">
            <div class="embed col-2 mb-1">
              <img src="resources/c8abfc85-0f35-425e-aad8-3eea52c0d0e3.png" />
            </div>
        </div>
    </div>
    <div class="leaf passed pb-1 ">
      <div class="d-flex justify-content-between mt-3">
        <div>
            <i class="bi bi-check-circle-fill text-success"></i>
          <span class="fs-6 ms-2">BillPaymentByCustomerThroughBankAccount </span>
        </div>
        <div>
          <span class="badge text-dark bg-light">3m 0s</span>
        </div>
      </div>
      <p class="desc">PYMT9 : Bill Creation and Successful Bill Payment through Bank account by Customer.</p>
    </div>
    <div class="leaf failed pb-1 ">
      <div class="d-flex justify-content-between mt-3">
        <div>
            <i class="bi bi-exclamation-octagon-fill text-danger"></i>
          <span class="fs-6 ms-2">BillPaymentByVariousPaymentMethods </span>
        </div>
        <div>
          <span class="badge text-dark bg-light">2m 26s</span>
        </div>
      </div>
      <p class="desc">PYMT10 :Create Bill and Pay Bills Partially/Multiple payment type</p>
        <pre class="py-2 mt-2 mb-4">org.openqa.selenium.TimeoutException: Expected condition failed: waiting for visibility of element located by By.xpath: //input[@name='number'] (tried for 10 second(s) with 500 milliseconds interval)
Build info: version: '4.11.0', revision: '040bc5406b'
System info: os.name: 'Windows 11', os.arch: 'amd64', os.version: '10.0', java.version: '22.0.2'
Driver info: org.openqa.selenium.chrome.ChromeDriver
Capabilities {acceptInsecureCerts: false, browserName: chrome, browserVersion: 136.0.7103.114, chrome: {chromedriverVersion: 136.0.7103.94 (fa0be0b33deb..., userDataDir: C:\Users\SQELAB~1\AppData\L...}, fedcm:accounts: true, goog:chromeOptions: {debuggerAddress: localhost:64821}, networkConnectionEnabled: false, pageLoadStrategy: normal, platformName: windows, proxy: Proxy(), se:cdp: ws://localhost:64821/devtoo..., se:cdpVersion: 136.0.7103.114, setWindowRect: true, strictFileInteractability: false, timeouts: {implicit: 0, pageLoad: 300000, script: 30000}, unhandledPromptBehavior: dismiss and notify, webauthn:extension:credBlob: true, webauthn:extension:largeBlob: true, webauthn:extension:minPinLength: true, webauthn:extension:prf: true, webauthn:virtualAuthenticators: true}
Session ID: c1f4a7da612572518d1ea42d8e5585d9
	at org.openqa.selenium.support.ui.WebDriverWait.timeoutException(WebDriverWait.java:84)
	at org.openqa.selenium.support.ui.FluentWait.until(FluentWait.java:230)
	at base.BaseTest.waitForElementToBeVisible(BaseTest.java:171)
	at base.BaseTest.hoverAndClick(BaseTest.java:315)
	at pageEvents.PaymentPage.enterCardName(PaymentPage.java:176)
	at pageEvents.PaymentPage.billPaymentByVariousPaymentMethods(PaymentPage.java:907)
	at qa.tests.PaymentsAndRefundTest.BillPaymentByVariousPaymentMethods(PaymentsAndRefundTest.java:99)
	at java.base/jdk.internal.reflect.DirectMethodHandleAccessor.invoke(DirectMethodHandleAccessor.java:103)
	at java.base/java.lang.reflect.Method.invoke(Method.java:580)
	at org.testng.internal.invokers.MethodInvocationHelper.invokeMethod(MethodInvocationHelper.java:141)
	at org.testng.internal.invokers.TestInvoker.invokeMethod(TestInvoker.java:686)
	at org.testng.internal.invokers.TestInvoker.invokeTestMethod(TestInvoker.java:230)
	at org.testng.internal.invokers.MethodRunner.runInSequence(MethodRunner.java:63)
	at org.testng.internal.invokers.TestInvoker$MethodInvocationAgent.invoke(TestInvoker.java:992)
	at org.testng.internal.invokers.TestInvoker.invokeTestMethods(TestInvoker.java:203)
	at org.testng.internal.invokers.TestMethodWorker.invokeTestMethods(TestMethodWorker.java:154)
	at org.testng.internal.invokers.TestMethodWorker.run(TestMethodWorker.java:134)
	at java.base/java.util.ArrayList.forEach(ArrayList.java:1597)
	at org.testng.TestRunner.privateRun(TestRunner.java:739)
	at org.testng.TestRunner.run(TestRunner.java:614)
	at org.testng.SuiteRunner.runTest(SuiteRunner.java:421)
	at org.testng.SuiteRunner.runSequentially(SuiteRunner.java:413)
	at org.testng.SuiteRunner.privateRun(SuiteRunner.java:373)
	at org.testng.SuiteRunner.run(SuiteRunner.java:312)
	at org.testng.SuiteRunnerWorker.runSuite(SuiteRunnerWorker.java:52)
	at org.testng.SuiteRunnerWorker.run(SuiteRunnerWorker.java:95)
	at org.testng.TestNG.runSuitesSequentially(TestNG.java:1274)
	at org.testng.TestNG.runSuitesLocally(TestNG.java:1208)
	at org.testng.TestNG.runSuites(TestNG.java:1112)
	at org.testng.TestNG.run(TestNG.java:1079)
	at org.apache.maven.surefire.testng.TestNGExecutor.run(TestNGExecutor.java:324)
	at org.apache.maven.surefire.testng.TestNGXmlTestSuite.execute(TestNGXmlTestSuite.java:74)
	at org.apache.maven.surefire.testng.TestNGProvider.invoke(TestNGProvider.java:123)
	at org.apache.maven.surefire.booter.ForkedBooter.runSuitesInProcess(ForkedBooter.java:456)
	at org.apache.maven.surefire.booter.ForkedBooter.execute(ForkedBooter.java:169)
	at org.apache.maven.surefire.booter.ForkedBooter.run(ForkedBooter.java:595)
	at org.apache.maven.surefire.booter.ForkedBooter.main(ForkedBooter.java:581)
</pre>
        <div class="row mt-3">
            <div class="embed col-2 mb-1">
              <img src="resources/1c4e1516-f944-44be-a060-e6d956cc7bd7.png" />
            </div>
        </div>
    </div>
    <div class="leaf passed pb-1 ">
      <div class="d-flex justify-content-between mt-3">
        <div>
            <i class="bi bi-check-circle-fill text-success"></i>
          <span class="fs-6 ms-2">CreateBillForCustomerPayUsingVenmo </span>
        </div>
        <div>
          <span class="badge text-dark bg-light">2m 14s</span>
        </div>
      </div>
      <p class="desc">Create Bill for a customer and pay using Venmo.</p>
    </div>
    <div class="leaf passed pb-1 ">
      <div class="d-flex justify-content-between mt-3">
        <div>
            <i class="bi bi-check-circle-fill text-success"></i>
          <span class="fs-6 ms-2">CreateBillForCustomerAndPayUsingZelle </span>
        </div>
        <div>
          <span class="badge text-dark bg-light">2m 23s</span>
        </div>
      </div>
      <p class="desc">PYMT15 : Create Bill for a customer and pay using Zelle.</p>
    </div>
    <div class="leaf passed pb-1 ">
      <div class="d-flex justify-content-between mt-3">
        <div>
            <i class="bi bi-check-circle-fill text-success"></i>
          <span class="fs-6 ms-2">RejectingTheBillByCustomer </span>
        </div>
        <div>
          <span class="badge text-dark bg-light">1m 35s</span>
        </div>
      </div>
      <p class="desc">PYMT12:Bill Payment by Customer through Credit Card, Pay more amount after paying full bill</p>
    </div>
    <div class="leaf passed pb-1 ">
      <div class="d-flex justify-content-between mt-3">
        <div>
            <i class="bi bi-check-circle-fill text-success"></i>
          <span class="fs-6 ms-2">verifyCreatingBillForCustomerPayThroughAffirmPayment </span>
        </div>
        <div>
          <span class="badge text-dark bg-light">2m 11s</span>
        </div>
      </div>
      <p class="desc">PYMT16 Creating bill for customer and pay through affrim payment method.</p>
    </div>
    <div class="leaf failed pb-1 ">
      <div class="d-flex justify-content-between mt-3">
        <div>
            <i class="bi bi-exclamation-octagon-fill text-danger"></i>
          <span class="fs-6 ms-2">verifyCreatingABillAndPayingThroughAutoPaymentMethod </span>
        </div>
        <div>
          <span class="badge text-dark bg-light">1m 15s</span>
        </div>
      </div>
      <p class="desc">Verify that creating a bill and paying through Auto payment method.</p>
        <pre class="py-2 mt-2 mb-4">org.openqa.selenium.NoSuchElementException: no such element: Unable to locate element: {"method":"xpath","selector":"(//input[@name='autoGenerate'])[1]"}
  (Session info: chrome=136.0.7103.114)
For documentation on this error, please visit: https://www.selenium.dev/documentation/webdriver/troubleshooting/errors#no-such-element-exception
Build info: version: '4.11.0', revision: '040bc5406b'
System info: os.name: 'Windows 11', os.arch: 'amd64', os.version: '10.0', java.version: '22.0.2'
Driver info: org.openqa.selenium.chrome.ChromeDriver
Command: [37efabf939caf42b13667f0d9d9c5d40, findElement {using=xpath, value=(//input[@name='autoGenerate'])[1]}]
Capabilities {acceptInsecureCerts: false, browserName: chrome, browserVersion: 136.0.7103.114, chrome: {chromedriverVersion: 136.0.7103.94 (fa0be0b33deb..., userDataDir: C:\Users\SQELAB~1\AppData\L...}, fedcm:accounts: true, goog:chromeOptions: {debuggerAddress: localhost:50254}, networkConnectionEnabled: false, pageLoadStrategy: normal, platformName: windows, proxy: Proxy(), se:cdp: ws://localhost:50254/devtoo..., se:cdpVersion: 136.0.7103.114, setWindowRect: true, strictFileInteractability: false, timeouts: {implicit: 0, pageLoad: 300000, script: 30000}, unhandledPromptBehavior: dismiss and notify, webauthn:extension:credBlob: true, webauthn:extension:largeBlob: true, webauthn:extension:minPinLength: true, webauthn:extension:prf: true, webauthn:virtualAuthenticators: true}
Session ID: 37efabf939caf42b13667f0d9d9c5d40
	at java.base/jdk.internal.reflect.DirectConstructorHandleAccessor.newInstance(DirectConstructorHandleAccessor.java:62)
	at java.base/java.lang.reflect.Constructor.newInstanceWithCaller(Constructor.java:502)
	at java.base/java.lang.reflect.Constructor.newInstance(Constructor.java:486)
	at org.openqa.selenium.remote.codec.w3c.W3CHttpResponseCodec.createException(W3CHttpResponseCodec.java:200)
	at org.openqa.selenium.remote.codec.w3c.W3CHttpResponseCodec.decode(W3CHttpResponseCodec.java:133)
	at org.openqa.selenium.remote.codec.w3c.W3CHttpResponseCodec.decode(W3CHttpResponseCodec.java:52)
	at org.openqa.selenium.remote.HttpCommandExecutor.execute(HttpCommandExecutor.java:191)
	at org.openqa.selenium.remote.service.DriverCommandExecutor.invokeExecute(DriverCommandExecutor.java:196)
	at org.openqa.selenium.remote.service.DriverCommandExecutor.execute(DriverCommandExecutor.java:171)
	at org.openqa.selenium.remote.RemoteWebDriver.execute(RemoteWebDriver.java:518)
	at org.openqa.selenium.remote.ElementLocation$ElementFinder$2.findElement(ElementLocation.java:165)
	at org.openqa.selenium.remote.ElementLocation.findElement(ElementLocation.java:59)
	at org.openqa.selenium.remote.RemoteWebDriver.findElement(RemoteWebDriver.java:355)
	at org.openqa.selenium.remote.RemoteWebDriver.findElement(RemoteWebDriver.java:349)
	at base.BaseTest.clickElementByJS(BaseTest.java:226)
	at pageEvents.BillPage.getUseThisToggle(BillPage.java:413)
	at pageEvents.BillPage.createBillWithCustomerAndPayThroughAutoPayment(BillPage.java:2075)
	at qa.tests.PaymentsAndRefundTest.verifyCreatingABillAndPayingThroughAutoPaymentMethod(PaymentsAndRefundTest.java:142)
	at java.base/jdk.internal.reflect.DirectMethodHandleAccessor.invoke(DirectMethodHandleAccessor.java:103)
	at java.base/java.lang.reflect.Method.invoke(Method.java:580)
	at org.testng.internal.invokers.MethodInvocationHelper.invokeMethod(MethodInvocationHelper.java:141)
	at org.testng.internal.invokers.TestInvoker.invokeMethod(TestInvoker.java:686)
	at org.testng.internal.invokers.TestInvoker.invokeTestMethod(TestInvoker.java:230)
	at org.testng.internal.invokers.MethodRunner.runInSequence(MethodRunner.java:63)
	at org.testng.internal.invokers.TestInvoker$MethodInvocationAgent.invoke(TestInvoker.java:992)
	at org.testng.internal.invokers.TestInvoker.invokeTestMethods(TestInvoker.java:203)
	at org.testng.internal.invokers.TestMethodWorker.invokeTestMethods(TestMethodWorker.java:154)
	at org.testng.internal.invokers.TestMethodWorker.run(TestMethodWorker.java:134)
	at java.base/java.util.ArrayList.forEach(ArrayList.java:1597)
	at org.testng.TestRunner.privateRun(TestRunner.java:739)
	at org.testng.TestRunner.run(TestRunner.java:614)
	at org.testng.SuiteRunner.runTest(SuiteRunner.java:421)
	at org.testng.SuiteRunner.runSequentially(SuiteRunner.java:413)
	at org.testng.SuiteRunner.privateRun(SuiteRunner.java:373)
	at org.testng.SuiteRunner.run(SuiteRunner.java:312)
	at org.testng.SuiteRunnerWorker.runSuite(SuiteRunnerWorker.java:52)
	at org.testng.SuiteRunnerWorker.run(SuiteRunnerWorker.java:95)
	at org.testng.TestNG.runSuitesSequentially(TestNG.java:1274)
	at org.testng.TestNG.runSuitesLocally(TestNG.java:1208)
	at org.testng.TestNG.runSuites(TestNG.java:1112)
	at org.testng.TestNG.run(TestNG.java:1079)
	at org.apache.maven.surefire.testng.TestNGExecutor.run(TestNGExecutor.java:324)
	at org.apache.maven.surefire.testng.TestNGXmlTestSuite.execute(TestNGXmlTestSuite.java:74)
	at org.apache.maven.surefire.testng.TestNGProvider.invoke(TestNGProvider.java:123)
	at org.apache.maven.surefire.booter.ForkedBooter.runSuitesInProcess(ForkedBooter.java:456)
	at org.apache.maven.surefire.booter.ForkedBooter.execute(ForkedBooter.java:169)
	at org.apache.maven.surefire.booter.ForkedBooter.run(ForkedBooter.java:595)
	at org.apache.maven.surefire.booter.ForkedBooter.main(ForkedBooter.java:581)
</pre>
        <div class="row mt-3">
            <div class="embed col-2 mb-1">
              <img src="resources/37f9953f-ab85-43d5-ab59-c5c18bce96c6.png" />
            </div>
        </div>
    </div>
  </div>

                  </div>
                </div>
                <div class="card mb-3 result failed">
                  <div class="card-body">
                    <div class="d-flex justify-content-between">
                      <div>
                          <i class="bi bi-exclamation-octagon-fill text-danger"></i>
                        <span class="fs-6 ms-2">qa.tests.TransactionsTest</span>
                      </div>
                      <div>
                        <span class="badge text-dark bg-light">31m 16s</span>
                      </div>
                    </div>
                    
  <div class="mt-3 border-top">
    <div class="leaf passed pb-1 ">
      <div class="d-flex justify-content-between mt-3">
        <div>
            <i class="bi bi-check-circle-fill text-success"></i>
          <span class="fs-6 ms-2">verifyThatListOfTransactionsAppears </span>
        </div>
        <div>
          <span class="badge text-dark bg-light">11s</span>
        </div>
      </div>
      <p class="desc">TRS 01 a: Verify that list of transactions appears on 'Transaction' page.</p>
    </div>
    <div class="leaf failed pb-1 ">
      <div class="d-flex justify-content-between mt-3">
        <div>
            <i class="bi bi-exclamation-octagon-fill text-danger"></i>
          <span class="fs-6 ms-2">verifyByStoreLabelOnTransactionPage </span>
        </div>
        <div>
          <span class="badge text-dark bg-light">1m 4s</span>
        </div>
      </div>
      <p class="desc">TRS 01 b: Verify that 'By store' appears on each transaction when transaction is completed by the store manager, on 'Transaction' page.</p>
        <pre class="py-2 mt-2 mb-4">java.lang.AssertionError: expected [true] but found [false]
	at org.testng.Assert.fail(Assert.java:111)
	at org.testng.Assert.failNotEquals(Assert.java:1578)
	at org.testng.Assert.assertTrue(Assert.java:57)
	at org.testng.Assert.assertTrue(Assert.java:67)
	at pageEvents.PaymentPage.paymentPopup(PaymentPage.java:399)
	at pageEvents.TransactionsPage.verifyByStoreLabel(TransactionsPage.java:283)
	at qa.tests.TransactionsTest.verifyByStoreLabelOnTransactionPage(TransactionsTest.java:28)
	at java.base/jdk.internal.reflect.DirectMethodHandleAccessor.invoke(DirectMethodHandleAccessor.java:103)
	at java.base/java.lang.reflect.Method.invoke(Method.java:580)
	at org.testng.internal.invokers.MethodInvocationHelper.invokeMethod(MethodInvocationHelper.java:141)
	at org.testng.internal.invokers.TestInvoker.invokeMethod(TestInvoker.java:686)
	at org.testng.internal.invokers.TestInvoker.invokeTestMethod(TestInvoker.java:230)
	at org.testng.internal.invokers.MethodRunner.runInSequence(MethodRunner.java:63)
	at org.testng.internal.invokers.TestInvoker$MethodInvocationAgent.invoke(TestInvoker.java:992)
	at org.testng.internal.invokers.TestInvoker.invokeTestMethods(TestInvoker.java:203)
	at org.testng.internal.invokers.TestMethodWorker.invokeTestMethods(TestMethodWorker.java:154)
	at org.testng.internal.invokers.TestMethodWorker.run(TestMethodWorker.java:134)
	at java.base/java.util.ArrayList.forEach(ArrayList.java:1597)
	at org.testng.TestRunner.privateRun(TestRunner.java:739)
	at org.testng.TestRunner.run(TestRunner.java:614)
	at org.testng.SuiteRunner.runTest(SuiteRunner.java:421)
	at org.testng.SuiteRunner.runSequentially(SuiteRunner.java:413)
	at org.testng.SuiteRunner.privateRun(SuiteRunner.java:373)
	at org.testng.SuiteRunner.run(SuiteRunner.java:312)
	at org.testng.SuiteRunnerWorker.runSuite(SuiteRunnerWorker.java:52)
	at org.testng.SuiteRunnerWorker.run(SuiteRunnerWorker.java:95)
	at org.testng.TestNG.runSuitesSequentially(TestNG.java:1274)
	at org.testng.TestNG.runSuitesLocally(TestNG.java:1208)
	at org.testng.TestNG.runSuites(TestNG.java:1112)
	at org.testng.TestNG.run(TestNG.java:1079)
	at org.apache.maven.surefire.testng.TestNGExecutor.run(TestNGExecutor.java:324)
	at org.apache.maven.surefire.testng.TestNGXmlTestSuite.execute(TestNGXmlTestSuite.java:74)
	at org.apache.maven.surefire.testng.TestNGProvider.invoke(TestNGProvider.java:123)
	at org.apache.maven.surefire.booter.ForkedBooter.runSuitesInProcess(ForkedBooter.java:456)
	at org.apache.maven.surefire.booter.ForkedBooter.execute(ForkedBooter.java:169)
	at org.apache.maven.surefire.booter.ForkedBooter.run(ForkedBooter.java:595)
	at org.apache.maven.surefire.booter.ForkedBooter.main(ForkedBooter.java:581)
</pre>
        <div class="row mt-3">
            <div class="embed col-2 mb-1">
              <img src="resources/ecc8ab16-8bb1-4ecc-8d9a-017e73b0dec3.png" />
            </div>
        </div>
    </div>
    <div class="leaf passed pb-1 ">
      <div class="d-flex justify-content-between mt-3">
        <div>
            <i class="bi bi-check-circle-fill text-success"></i>
          <span class="fs-6 ms-2">averifyInfoMessageAppearsWhenNoTransactionIsAvailable </span>
        </div>
        <div>
          <span class="badge text-dark bg-light">17s</span>
        </div>
      </div>
      <p class="desc">TRS2 : Verify that appropriate information message appears when no transaction is available, on 'Transaction' page.</p>
    </div>
    <div class="leaf passed pb-1 ">
      <div class="d-flex justify-content-between mt-3">
        <div>
            <i class="bi bi-check-circle-fill text-success"></i>
          <span class="fs-6 ms-2">verifyNewBillNewChargeButtonsAndFilterOnTransactionPage </span>
        </div>
        <div>
          <span class="badge text-dark bg-light">49s</span>
        </div>
      </div>
      <p class="desc">TRS3 : Verify that 'New Bill' and 'New Charge' buttons and filter icon, appear on 'Transaction' page.</p>
    </div>
    <div class="leaf passed pb-1 ">
      <div class="d-flex justify-content-between mt-3">
        <div>
            <i class="bi bi-check-circle-fill text-success"></i>
          <span class="fs-6 ms-2">newChargePaymentWithoutStripeConfiguration </span>
        </div>
        <div>
          <span class="badge text-dark bg-light">10s</span>
        </div>
      </div>
      <p class="desc">TRS4 : Verify that store manager is not able to do the new charge payment, when stripe payment is not configured.</p>
    </div>
    <div class="leaf failed pb-1 ">
      <div class="d-flex justify-content-between mt-3">
        <div>
            <i class="bi bi-exclamation-octagon-fill text-danger"></i>
          <span class="fs-6 ms-2">a3chargeManuallyAfterStripeConfigured </span>
        </div>
        <div>
          <span class="badge text-dark bg-light">24s</span>
        </div>
      </div>
      <p class="desc">TRS5 (a) :Verify that store manager is able to charge a customer manually, after stripe payment is configured for a store.</p>
        <pre class="py-2 mt-2 mb-4">org.openqa.selenium.TimeoutException: Expected condition failed: waiting for element to be clickable: By.xpath: //button[@name='method' and @type= 'submit'] (tried for 10 second(s) with 500 milliseconds interval)
Build info: version: '4.11.0', revision: '040bc5406b'
System info: os.name: 'Windows 11', os.arch: 'amd64', os.version: '10.0', java.version: '22.0.2'
Driver info: org.openqa.selenium.chrome.ChromeDriver
Capabilities {acceptInsecureCerts: false, browserName: chrome, browserVersion: 136.0.7103.114, chrome: {chromedriverVersion: 136.0.7103.94 (fa0be0b33deb..., userDataDir: C:\Users\SQELAB~1\AppData\L...}, fedcm:accounts: true, goog:chromeOptions: {debuggerAddress: localhost:51487}, networkConnectionEnabled: false, pageLoadStrategy: normal, platformName: windows, proxy: Proxy(), se:cdp: ws://localhost:51487/devtoo..., se:cdpVersion: 136.0.7103.114, setWindowRect: true, strictFileInteractability: false, timeouts: {implicit: 0, pageLoad: 300000, script: 30000}, unhandledPromptBehavior: dismiss and notify, webauthn:extension:credBlob: true, webauthn:extension:largeBlob: true, webauthn:extension:minPinLength: true, webauthn:extension:prf: true, webauthn:virtualAuthenticators: true}
Session ID: c3ef2ae99c6891345bac0485670fcaf1
	at org.openqa.selenium.support.ui.WebDriverWait.timeoutException(WebDriverWait.java:84)
	at org.openqa.selenium.support.ui.FluentWait.until(FluentWait.java:230)
	at base.BaseTest.waitForElementToBeClickable(BaseTest.java:197)
	at base.BaseTest.click(BaseTest.java:218)
	at pageEvents.TransactionsPage.getNewChargeConfirmBtn(TransactionsPage.java:135)
	at pageEvents.TransactionsPage.getManualCharge(TransactionsPage.java:359)
	at qa.tests.TransactionsTest.a3chargeManuallyAfterStripeConfigured(TransactionsTest.java:63)
	at java.base/jdk.internal.reflect.DirectMethodHandleAccessor.invoke(DirectMethodHandleAccessor.java:103)
	at java.base/java.lang.reflect.Method.invoke(Method.java:580)
	at org.testng.internal.invokers.MethodInvocationHelper.invokeMethod(MethodInvocationHelper.java:141)
	at org.testng.internal.invokers.TestInvoker.invokeMethod(TestInvoker.java:686)
	at org.testng.internal.invokers.TestInvoker.invokeTestMethod(TestInvoker.java:230)
	at org.testng.internal.invokers.MethodRunner.runInSequence(MethodRunner.java:63)
	at org.testng.internal.invokers.TestInvoker$MethodInvocationAgent.invoke(TestInvoker.java:992)
	at org.testng.internal.invokers.TestInvoker.invokeTestMethods(TestInvoker.java:203)
	at org.testng.internal.invokers.TestMethodWorker.invokeTestMethods(TestMethodWorker.java:154)
	at org.testng.internal.invokers.TestMethodWorker.run(TestMethodWorker.java:134)
	at java.base/java.util.ArrayList.forEach(ArrayList.java:1597)
	at org.testng.TestRunner.privateRun(TestRunner.java:739)
	at org.testng.TestRunner.run(TestRunner.java:614)
	at org.testng.SuiteRunner.runTest(SuiteRunner.java:421)
	at org.testng.SuiteRunner.runSequentially(SuiteRunner.java:413)
	at org.testng.SuiteRunner.privateRun(SuiteRunner.java:373)
	at org.testng.SuiteRunner.run(SuiteRunner.java:312)
	at org.testng.SuiteRunnerWorker.runSuite(SuiteRunnerWorker.java:52)
	at org.testng.SuiteRunnerWorker.run(SuiteRunnerWorker.java:95)
	at org.testng.TestNG.runSuitesSequentially(TestNG.java:1274)
	at org.testng.TestNG.runSuitesLocally(TestNG.java:1208)
	at org.testng.TestNG.runSuites(TestNG.java:1112)
	at org.testng.TestNG.run(TestNG.java:1079)
	at org.apache.maven.surefire.testng.TestNGExecutor.run(TestNGExecutor.java:324)
	at org.apache.maven.surefire.testng.TestNGXmlTestSuite.execute(TestNGXmlTestSuite.java:74)
	at org.apache.maven.surefire.testng.TestNGProvider.invoke(TestNGProvider.java:123)
	at org.apache.maven.surefire.booter.ForkedBooter.runSuitesInProcess(ForkedBooter.java:456)
	at org.apache.maven.surefire.booter.ForkedBooter.execute(ForkedBooter.java:169)
	at org.apache.maven.surefire.booter.ForkedBooter.run(ForkedBooter.java:595)
	at org.apache.maven.surefire.booter.ForkedBooter.main(ForkedBooter.java:581)
</pre>
        <div class="row mt-3">
            <div class="embed col-2 mb-1">
              <img src="resources/7e73267c-adc9-4765-bece-12aa6e933375.png" />
            </div>
        </div>
    </div>
    <div class="leaf failed pb-1 ">
      <div class="d-flex justify-content-between mt-3">
        <div>
            <i class="bi bi-exclamation-octagon-fill text-danger"></i>
          <span class="fs-6 ms-2">newChargerWithTerminal </span>
        </div>
        <div>
          <span class="badge text-dark bg-light">27s</span>
        </div>
      </div>
      <p class="desc">TRS5 (b): Verify that store manager is able to charge a customer when terminal is configured for a store.</p>
        <pre class="py-2 mt-2 mb-4">org.openqa.selenium.TimeoutException: Expected condition failed: waiting for element to be clickable: By.xpath: //button[@name='method' and @type= 'submit'] (tried for 10 second(s) with 500 milliseconds interval)
Build info: version: '4.11.0', revision: '040bc5406b'
System info: os.name: 'Windows 11', os.arch: 'amd64', os.version: '10.0', java.version: '22.0.2'
Driver info: org.openqa.selenium.chrome.ChromeDriver
Capabilities {acceptInsecureCerts: false, browserName: chrome, browserVersion: 136.0.7103.114, chrome: {chromedriverVersion: 136.0.7103.94 (fa0be0b33deb..., userDataDir: C:\Users\SQELAB~1\AppData\L...}, fedcm:accounts: true, goog:chromeOptions: {debuggerAddress: localhost:51594}, networkConnectionEnabled: false, pageLoadStrategy: normal, platformName: windows, proxy: Proxy(), se:cdp: ws://localhost:51594/devtoo..., se:cdpVersion: 136.0.7103.114, setWindowRect: true, strictFileInteractability: false, timeouts: {implicit: 0, pageLoad: 300000, script: 30000}, unhandledPromptBehavior: dismiss and notify, webauthn:extension:credBlob: true, webauthn:extension:largeBlob: true, webauthn:extension:minPinLength: true, webauthn:extension:prf: true, webauthn:virtualAuthenticators: true}
Session ID: 30dcd7039655e610458c3a07f8f51135
	at org.openqa.selenium.support.ui.WebDriverWait.timeoutException(WebDriverWait.java:84)
	at org.openqa.selenium.support.ui.FluentWait.until(FluentWait.java:230)
	at base.BaseTest.waitForElementToBeClickable(BaseTest.java:197)
	at base.BaseTest.click(BaseTest.java:218)
	at pageEvents.TransactionsPage.getNewChargeConfirmBtn(TransactionsPage.java:135)
	at pageEvents.TransactionsPage.getTerminalcharge(TransactionsPage.java:400)
	at qa.tests.TransactionsTest.newChargerWithTerminal(TransactionsTest.java:71)
	at java.base/jdk.internal.reflect.DirectMethodHandleAccessor.invoke(DirectMethodHandleAccessor.java:103)
	at java.base/java.lang.reflect.Method.invoke(Method.java:580)
	at org.testng.internal.invokers.MethodInvocationHelper.invokeMethod(MethodInvocationHelper.java:141)
	at org.testng.internal.invokers.TestInvoker.invokeMethod(TestInvoker.java:686)
	at org.testng.internal.invokers.TestInvoker.invokeTestMethod(TestInvoker.java:230)
	at org.testng.internal.invokers.MethodRunner.runInSequence(MethodRunner.java:63)
	at org.testng.internal.invokers.TestInvoker$MethodInvocationAgent.invoke(TestInvoker.java:992)
	at org.testng.internal.invokers.TestInvoker.invokeTestMethods(TestInvoker.java:203)
	at org.testng.internal.invokers.TestMethodWorker.invokeTestMethods(TestMethodWorker.java:154)
	at org.testng.internal.invokers.TestMethodWorker.run(TestMethodWorker.java:134)
	at java.base/java.util.ArrayList.forEach(ArrayList.java:1597)
	at org.testng.TestRunner.privateRun(TestRunner.java:739)
	at org.testng.TestRunner.run(TestRunner.java:614)
	at org.testng.SuiteRunner.runTest(SuiteRunner.java:421)
	at org.testng.SuiteRunner.runSequentially(SuiteRunner.java:413)
	at org.testng.SuiteRunner.privateRun(SuiteRunner.java:373)
	at org.testng.SuiteRunner.run(SuiteRunner.java:312)
	at org.testng.SuiteRunnerWorker.runSuite(SuiteRunnerWorker.java:52)
	at org.testng.SuiteRunnerWorker.run(SuiteRunnerWorker.java:95)
	at org.testng.TestNG.runSuitesSequentially(TestNG.java:1274)
	at org.testng.TestNG.runSuitesLocally(TestNG.java:1208)
	at org.testng.TestNG.runSuites(TestNG.java:1112)
	at org.testng.TestNG.run(TestNG.java:1079)
	at org.apache.maven.surefire.testng.TestNGExecutor.run(TestNGExecutor.java:324)
	at org.apache.maven.surefire.testng.TestNGXmlTestSuite.execute(TestNGXmlTestSuite.java:74)
	at org.apache.maven.surefire.testng.TestNGProvider.invoke(TestNGProvider.java:123)
	at org.apache.maven.surefire.booter.ForkedBooter.runSuitesInProcess(ForkedBooter.java:456)
	at org.apache.maven.surefire.booter.ForkedBooter.execute(ForkedBooter.java:169)
	at org.apache.maven.surefire.booter.ForkedBooter.run(ForkedBooter.java:595)
	at org.apache.maven.surefire.booter.ForkedBooter.main(ForkedBooter.java:581)
</pre>
        <div class="row mt-3">
            <div class="embed col-2 mb-1">
              <img src="resources/73eb59f5-e985-49cb-86a8-ecb4a6167731.png" />
            </div>
        </div>
    </div>
    <div class="leaf failed pb-1 ">
      <div class="d-flex justify-content-between mt-3">
        <div>
            <i class="bi bi-exclamation-octagon-fill text-danger"></i>
          <span class="fs-6 ms-2">newChargePaymentManuallyAfterCancelingTerminalAutomaticPaymentDeduction </span>
        </div>
        <div>
          <span class="badge text-dark bg-light">29s</span>
        </div>
      </div>
      <p class="desc">TRS 5 (c): Verify that the store manager can manually do new charge payment, after cancelling the terminal automatic payment deduction process, on 'Transaction' page.</p>
        <pre class="py-2 mt-2 mb-4">org.openqa.selenium.TimeoutException: Expected condition failed: waiting for element to be clickable: By.xpath: //button[@name='method' and @type= 'submit'] (tried for 10 second(s) with 500 milliseconds interval)
Build info: version: '4.11.0', revision: '040bc5406b'
System info: os.name: 'Windows 11', os.arch: 'amd64', os.version: '10.0', java.version: '22.0.2'
Driver info: org.openqa.selenium.chrome.ChromeDriver
Capabilities {acceptInsecureCerts: false, browserName: chrome, browserVersion: 136.0.7103.114, chrome: {chromedriverVersion: 136.0.7103.94 (fa0be0b33deb..., userDataDir: C:\Users\SQELAB~1\AppData\L...}, fedcm:accounts: true, goog:chromeOptions: {debuggerAddress: localhost:51720}, networkConnectionEnabled: false, pageLoadStrategy: normal, platformName: windows, proxy: Proxy(), se:cdp: ws://localhost:51720/devtoo..., se:cdpVersion: 136.0.7103.114, setWindowRect: true, strictFileInteractability: false, timeouts: {implicit: 0, pageLoad: 300000, script: 30000}, unhandledPromptBehavior: dismiss and notify, webauthn:extension:credBlob: true, webauthn:extension:largeBlob: true, webauthn:extension:minPinLength: true, webauthn:extension:prf: true, webauthn:virtualAuthenticators: true}
Session ID: e96473a7f8128716939b6e5fca53ab00
	at org.openqa.selenium.support.ui.WebDriverWait.timeoutException(WebDriverWait.java:84)
	at org.openqa.selenium.support.ui.FluentWait.until(FluentWait.java:230)
	at base.BaseTest.waitForElementToBeClickable(BaseTest.java:197)
	at base.BaseTest.click(BaseTest.java:218)
	at pageEvents.TransactionsPage.getNewChargeConfirmBtn(TransactionsPage.java:135)
	at pageEvents.TransactionsPage.getManualChargeAfterCancelingTerminal(TransactionsPage.java:433)
	at qa.tests.TransactionsTest.newChargePaymentManuallyAfterCancelingTerminalAutomaticPaymentDeduction(TransactionsTest.java:78)
	at java.base/jdk.internal.reflect.DirectMethodHandleAccessor.invoke(DirectMethodHandleAccessor.java:103)
	at java.base/java.lang.reflect.Method.invoke(Method.java:580)
	at org.testng.internal.invokers.MethodInvocationHelper.invokeMethod(MethodInvocationHelper.java:141)
	at org.testng.internal.invokers.TestInvoker.invokeMethod(TestInvoker.java:686)
	at org.testng.internal.invokers.TestInvoker.invokeTestMethod(TestInvoker.java:230)
	at org.testng.internal.invokers.MethodRunner.runInSequence(MethodRunner.java:63)
	at org.testng.internal.invokers.TestInvoker$MethodInvocationAgent.invoke(TestInvoker.java:992)
	at org.testng.internal.invokers.TestInvoker.invokeTestMethods(TestInvoker.java:203)
	at org.testng.internal.invokers.TestMethodWorker.invokeTestMethods(TestMethodWorker.java:154)
	at org.testng.internal.invokers.TestMethodWorker.run(TestMethodWorker.java:134)
	at java.base/java.util.ArrayList.forEach(ArrayList.java:1597)
	at org.testng.TestRunner.privateRun(TestRunner.java:739)
	at org.testng.TestRunner.run(TestRunner.java:614)
	at org.testng.SuiteRunner.runTest(SuiteRunner.java:421)
	at org.testng.SuiteRunner.runSequentially(SuiteRunner.java:413)
	at org.testng.SuiteRunner.privateRun(SuiteRunner.java:373)
	at org.testng.SuiteRunner.run(SuiteRunner.java:312)
	at org.testng.SuiteRunnerWorker.runSuite(SuiteRunnerWorker.java:52)
	at org.testng.SuiteRunnerWorker.run(SuiteRunnerWorker.java:95)
	at org.testng.TestNG.runSuitesSequentially(TestNG.java:1274)
	at org.testng.TestNG.runSuitesLocally(TestNG.java:1208)
	at org.testng.TestNG.runSuites(TestNG.java:1112)
	at org.testng.TestNG.run(TestNG.java:1079)
	at org.apache.maven.surefire.testng.TestNGExecutor.run(TestNGExecutor.java:324)
	at org.apache.maven.surefire.testng.TestNGXmlTestSuite.execute(TestNGXmlTestSuite.java:74)
	at org.apache.maven.surefire.testng.TestNGProvider.invoke(TestNGProvider.java:123)
	at org.apache.maven.surefire.booter.ForkedBooter.runSuitesInProcess(ForkedBooter.java:456)
	at org.apache.maven.surefire.booter.ForkedBooter.execute(ForkedBooter.java:169)
	at org.apache.maven.surefire.booter.ForkedBooter.run(ForkedBooter.java:595)
	at org.apache.maven.surefire.booter.ForkedBooter.main(ForkedBooter.java:581)
</pre>
        <div class="row mt-3">
            <div class="embed col-2 mb-1">
              <img src="resources/b08da4be-5548-4f5a-ba08-218415cf19f0.png" />
            </div>
        </div>
    </div>
    <div class="leaf passed pb-1 ">
      <div class="d-flex justify-content-between mt-3">
        <div>
            <i class="bi bi-check-circle-fill text-success"></i>
          <span class="fs-6 ms-2">verifyThatElementsOfTransactionDetailsPopup </span>
        </div>
        <div>
          <span class="badge text-dark bg-light">15s</span>
        </div>
      </div>
      <p class="desc">TRS6 Verify that 'Transaction details' popup opens up after clicking on any transaction of 'Transaction' page.</p>
    </div>
    <div class="leaf failed pb-1 ">
      <div class="d-flex justify-content-between mt-3">
        <div>
            <i class="bi bi-exclamation-octagon-fill text-danger"></i>
          <span class="fs-6 ms-2">verifyRefundFullTransactionOnTransactionPage </span>
        </div>
        <div>
          <span class="badge text-dark bg-light">2m 37s</span>
        </div>
      </div>
      <p class="desc">TRS7 (a): Verify that store manager is able to refund full transaction on 'Transaction details' popup of 'Transaction' page.</p>
        <pre class="py-2 mt-2 mb-4">org.openqa.selenium.TimeoutException: Expected condition failed: waiting for visibility of element located by By.xpath: //input[@name='number'] (tried for 10 second(s) with 500 milliseconds interval)
Build info: version: '4.11.0', revision: '040bc5406b'
System info: os.name: 'Windows 11', os.arch: 'amd64', os.version: '10.0', java.version: '22.0.2'
Driver info: org.openqa.selenium.chrome.ChromeDriver
Capabilities {acceptInsecureCerts: false, browserName: chrome, browserVersion: 136.0.7103.114, chrome: {chromedriverVersion: 136.0.7103.94 (fa0be0b33deb..., userDataDir: C:\Users\SQELAB~1\AppData\L...}, fedcm:accounts: true, goog:chromeOptions: {debuggerAddress: localhost:51940}, networkConnectionEnabled: false, pageLoadStrategy: normal, platformName: windows, proxy: Proxy(), se:cdp: ws://localhost:51940/devtoo..., se:cdpVersion: 136.0.7103.114, setWindowRect: true, strictFileInteractability: false, timeouts: {implicit: 0, pageLoad: 300000, script: 30000}, unhandledPromptBehavior: dismiss and notify, webauthn:extension:credBlob: true, webauthn:extension:largeBlob: true, webauthn:extension:minPinLength: true, webauthn:extension:prf: true, webauthn:virtualAuthenticators: true}
Session ID: 15edeeaae6a086d16a39d8e48f04fadd
	at org.openqa.selenium.support.ui.WebDriverWait.timeoutException(WebDriverWait.java:84)
	at org.openqa.selenium.support.ui.FluentWait.until(FluentWait.java:230)
	at base.BaseTest.waitForElementToBeVisible(BaseTest.java:171)
	at base.BaseTest.hoverAndClick(BaseTest.java:315)
	at pageEvents.PaymentPage.enterCardName(PaymentPage.java:176)
	at pageEvents.PaymentPage.billPaymentByThroughDebitCard(PaymentPage.java:861)
	at pageEvents.TransactionsPage.getFullRefund(TransactionsPage.java:487)
	at qa.tests.TransactionsTest.verifyRefundFullTransactionOnTransactionPage(TransactionsTest.java:90)
	at java.base/jdk.internal.reflect.DirectMethodHandleAccessor.invoke(DirectMethodHandleAccessor.java:103)
	at java.base/java.lang.reflect.Method.invoke(Method.java:580)
	at org.testng.internal.invokers.MethodInvocationHelper.invokeMethod(MethodInvocationHelper.java:141)
	at org.testng.internal.invokers.TestInvoker.invokeMethod(TestInvoker.java:686)
	at org.testng.internal.invokers.TestInvoker.invokeTestMethod(TestInvoker.java:230)
	at org.testng.internal.invokers.MethodRunner.runInSequence(MethodRunner.java:63)
	at org.testng.internal.invokers.TestInvoker$MethodInvocationAgent.invoke(TestInvoker.java:992)
	at org.testng.internal.invokers.TestInvoker.invokeTestMethods(TestInvoker.java:203)
	at org.testng.internal.invokers.TestMethodWorker.invokeTestMethods(TestMethodWorker.java:154)
	at org.testng.internal.invokers.TestMethodWorker.run(TestMethodWorker.java:134)
	at java.base/java.util.ArrayList.forEach(ArrayList.java:1597)
	at org.testng.TestRunner.privateRun(TestRunner.java:739)
	at org.testng.TestRunner.run(TestRunner.java:614)
	at org.testng.SuiteRunner.runTest(SuiteRunner.java:421)
	at org.testng.SuiteRunner.runSequentially(SuiteRunner.java:413)
	at org.testng.SuiteRunner.privateRun(SuiteRunner.java:373)
	at org.testng.SuiteRunner.run(SuiteRunner.java:312)
	at org.testng.SuiteRunnerWorker.runSuite(SuiteRunnerWorker.java:52)
	at org.testng.SuiteRunnerWorker.run(SuiteRunnerWorker.java:95)
	at org.testng.TestNG.runSuitesSequentially(TestNG.java:1274)
	at org.testng.TestNG.runSuitesLocally(TestNG.java:1208)
	at org.testng.TestNG.runSuites(TestNG.java:1112)
	at org.testng.TestNG.run(TestNG.java:1079)
	at org.apache.maven.surefire.testng.TestNGExecutor.run(TestNGExecutor.java:324)
	at org.apache.maven.surefire.testng.TestNGXmlTestSuite.execute(TestNGXmlTestSuite.java:74)
	at org.apache.maven.surefire.testng.TestNGProvider.invoke(TestNGProvider.java:123)
	at org.apache.maven.surefire.booter.ForkedBooter.runSuitesInProcess(ForkedBooter.java:456)
	at org.apache.maven.surefire.booter.ForkedBooter.execute(ForkedBooter.java:169)
	at org.apache.maven.surefire.booter.ForkedBooter.run(ForkedBooter.java:595)
	at org.apache.maven.surefire.booter.ForkedBooter.main(ForkedBooter.java:581)
</pre>
        <div class="row mt-3">
            <div class="embed col-2 mb-1">
              <img src="resources/4bae6651-95f8-4bb2-ae15-5f7ef798444c.png" />
            </div>
        </div>
    </div>
    <div class="leaf failed pb-1 ">
      <div class="d-flex justify-content-between mt-3">
        <div>
            <i class="bi bi-exclamation-octagon-fill text-danger"></i>
          <span class="fs-6 ms-2">verifyThatStoreMangerIsAbleToRefundPartialPayment </span>
        </div>
        <div>
          <span class="badge text-dark bg-light">2m 35s</span>
        </div>
      </div>
      <p class="desc">TRS7 (b): Verify that store manager is able to refund partial transaction on 'Transaction details' popup of 'Transaction' page.</p>
        <pre class="py-2 mt-2 mb-4">org.openqa.selenium.TimeoutException: Expected condition failed: waiting for visibility of element located by By.xpath: //input[@name='number'] (tried for 10 second(s) with 500 milliseconds interval)
Build info: version: '4.11.0', revision: '040bc5406b'
System info: os.name: 'Windows 11', os.arch: 'amd64', os.version: '10.0', java.version: '22.0.2'
Driver info: org.openqa.selenium.chrome.ChromeDriver
Capabilities {acceptInsecureCerts: false, browserName: chrome, browserVersion: 136.0.7103.114, chrome: {chromedriverVersion: 136.0.7103.94 (fa0be0b33deb..., userDataDir: C:\Users\SQELAB~1\AppData\L...}, fedcm:accounts: true, goog:chromeOptions: {debuggerAddress: localhost:52401}, networkConnectionEnabled: false, pageLoadStrategy: normal, platformName: windows, proxy: Proxy(), se:cdp: ws://localhost:52401/devtoo..., se:cdpVersion: 136.0.7103.114, setWindowRect: true, strictFileInteractability: false, timeouts: {implicit: 0, pageLoad: 300000, script: 30000}, unhandledPromptBehavior: dismiss and notify, webauthn:extension:credBlob: true, webauthn:extension:largeBlob: true, webauthn:extension:minPinLength: true, webauthn:extension:prf: true, webauthn:virtualAuthenticators: true}
Session ID: 68d590ab73fb247e9c0f8bc7a69d67be
	at org.openqa.selenium.support.ui.WebDriverWait.timeoutException(WebDriverWait.java:84)
	at org.openqa.selenium.support.ui.FluentWait.until(FluentWait.java:230)
	at base.BaseTest.waitForElementToBeVisible(BaseTest.java:171)
	at base.BaseTest.hoverAndClick(BaseTest.java:315)
	at pageEvents.PaymentPage.enterCardName(PaymentPage.java:176)
	at pageEvents.PaymentPage.billPaymentByThroughDebitCard(PaymentPage.java:861)
	at pageEvents.TransactionsPage.getPartialRefund(TransactionsPage.java:534)
	at qa.tests.TransactionsTest.verifyThatStoreMangerIsAbleToRefundPartialPayment(TransactionsTest.java:96)
	at java.base/jdk.internal.reflect.DirectMethodHandleAccessor.invoke(DirectMethodHandleAccessor.java:103)
	at java.base/java.lang.reflect.Method.invoke(Method.java:580)
	at org.testng.internal.invokers.MethodInvocationHelper.invokeMethod(MethodInvocationHelper.java:141)
	at org.testng.internal.invokers.TestInvoker.invokeMethod(TestInvoker.java:686)
	at org.testng.internal.invokers.TestInvoker.invokeTestMethod(TestInvoker.java:230)
	at org.testng.internal.invokers.MethodRunner.runInSequence(MethodRunner.java:63)
	at org.testng.internal.invokers.TestInvoker$MethodInvocationAgent.invoke(TestInvoker.java:992)
	at org.testng.internal.invokers.TestInvoker.invokeTestMethods(TestInvoker.java:203)
	at org.testng.internal.invokers.TestMethodWorker.invokeTestMethods(TestMethodWorker.java:154)
	at org.testng.internal.invokers.TestMethodWorker.run(TestMethodWorker.java:134)
	at java.base/java.util.ArrayList.forEach(ArrayList.java:1597)
	at org.testng.TestRunner.privateRun(TestRunner.java:739)
	at org.testng.TestRunner.run(TestRunner.java:614)
	at org.testng.SuiteRunner.runTest(SuiteRunner.java:421)
	at org.testng.SuiteRunner.runSequentially(SuiteRunner.java:413)
	at org.testng.SuiteRunner.privateRun(SuiteRunner.java:373)
	at org.testng.SuiteRunner.run(SuiteRunner.java:312)
	at org.testng.SuiteRunnerWorker.runSuite(SuiteRunnerWorker.java:52)
	at org.testng.SuiteRunnerWorker.run(SuiteRunnerWorker.java:95)
	at org.testng.TestNG.runSuitesSequentially(TestNG.java:1274)
	at org.testng.TestNG.runSuitesLocally(TestNG.java:1208)
	at org.testng.TestNG.runSuites(TestNG.java:1112)
	at org.testng.TestNG.run(TestNG.java:1079)
	at org.apache.maven.surefire.testng.TestNGExecutor.run(TestNGExecutor.java:324)
	at org.apache.maven.surefire.testng.TestNGXmlTestSuite.execute(TestNGXmlTestSuite.java:74)
	at org.apache.maven.surefire.testng.TestNGProvider.invoke(TestNGProvider.java:123)
	at org.apache.maven.surefire.booter.ForkedBooter.runSuitesInProcess(ForkedBooter.java:456)
	at org.apache.maven.surefire.booter.ForkedBooter.execute(ForkedBooter.java:169)
	at org.apache.maven.surefire.booter.ForkedBooter.run(ForkedBooter.java:595)
	at org.apache.maven.surefire.booter.ForkedBooter.main(ForkedBooter.java:581)
</pre>
        <div class="row mt-3">
            <div class="embed col-2 mb-1">
              <img src="resources/76f5ab39-d095-4f12-b887-3b080ee8cee3.png" />
            </div>
        </div>
    </div>
    <div class="leaf passed pb-1 ">
      <div class="d-flex justify-content-between mt-3">
        <div>
            <i class="bi bi-check-circle-fill text-success"></i>
          <span class="fs-6 ms-2">verifyThatStoreMangerIsAbleToVerifyTransaction </span>
        </div>
        <div>
          <span class="badge text-dark bg-light">13s</span>
        </div>
      </div>
      <p class="desc">TRS8 Verify that store manager is able to verify the transactions on 'Transaction details' popup of 'Transaction' page.</p>
    </div>
    <div class="leaf passed pb-1 ">
      <div class="d-flex justify-content-between mt-3">
        <div>
            <i class="bi bi-check-circle-fill text-success"></i>
          <span class="fs-6 ms-2">verifyQuestionmarkIconRemovedWhenStoreManagerManuallyMarkedPaymentAsCaptured </span>
        </div>
        <div>
          <span class="badge text-dark bg-light">2m 56s</span>
        </div>
      </div>
      <p class="desc"> TRS 11 & 12 Verify that Question mark icon gets removed, when store manager manually marked the payment as 'Captured'.</p>
    </div>
    <div class="leaf failed pb-1 ">
      <div class="d-flex justify-content-between mt-3">
        <div>
            <i class="bi bi-exclamation-octagon-fill text-danger"></i>
          <span class="fs-6 ms-2">verifyRecurringIconAppearsForRTEnabledBillTransactions </span>
        </div>
        <div>
          <span class="badge text-dark bg-light">2m 59s</span>
        </div>
      </div>
      <p class="desc">TRS 15 : Recurring icon appears for RT enable bill transaction, on 'Transaction' page.</p>
        <pre class="py-2 mt-2 mb-4">org.openqa.selenium.TimeoutException: Expected condition failed: waiting for visibility of element located by By.xpath: //input[@name='number'] (tried for 10 second(s) with 500 milliseconds interval)
Build info: version: '4.11.0', revision: '040bc5406b'
System info: os.name: 'Windows 11', os.arch: 'amd64', os.version: '10.0', java.version: '22.0.2'
Driver info: org.openqa.selenium.chrome.ChromeDriver
Capabilities {acceptInsecureCerts: false, browserName: chrome, browserVersion: 136.0.7103.114, chrome: {chromedriverVersion: 136.0.7103.94 (fa0be0b33deb..., userDataDir: C:\Users\SQELAB~1\AppData\L...}, fedcm:accounts: true, goog:chromeOptions: {debuggerAddress: localhost:53375}, networkConnectionEnabled: false, pageLoadStrategy: normal, platformName: windows, proxy: Proxy(), se:cdp: ws://localhost:53375/devtoo..., se:cdpVersion: 136.0.7103.114, setWindowRect: true, strictFileInteractability: false, timeouts: {implicit: 0, pageLoad: 300000, script: 30000}, unhandledPromptBehavior: dismiss and notify, webauthn:extension:credBlob: true, webauthn:extension:largeBlob: true, webauthn:extension:minPinLength: true, webauthn:extension:prf: true, webauthn:virtualAuthenticators: true}
Session ID: 07139503b368c1aabb44b409f897b00e
	at org.openqa.selenium.support.ui.WebDriverWait.timeoutException(WebDriverWait.java:84)
	at org.openqa.selenium.support.ui.FluentWait.until(FluentWait.java:230)
	at base.BaseTest.waitForElementToBeVisible(BaseTest.java:171)
	at base.BaseTest.hoverAndClick(BaseTest.java:315)
	at pageEvents.PaymentPage.enterCardName(PaymentPage.java:176)
	at pageEvents.PaymentPage.billPaymentByThroughDebitCardWithRecurringBill(PaymentPage.java:1016)
	at qa.tests.TransactionsTest.verifyRecurringIconAppearsForRTEnabledBillTransactions(TransactionsTest.java:115)
	at java.base/jdk.internal.reflect.DirectMethodHandleAccessor.invoke(DirectMethodHandleAccessor.java:103)
	at java.base/java.lang.reflect.Method.invoke(Method.java:580)
	at org.testng.internal.invokers.MethodInvocationHelper.invokeMethod(MethodInvocationHelper.java:141)
	at org.testng.internal.invokers.TestInvoker.invokeMethod(TestInvoker.java:686)
	at org.testng.internal.invokers.TestInvoker.invokeTestMethod(TestInvoker.java:230)
	at org.testng.internal.invokers.MethodRunner.runInSequence(MethodRunner.java:63)
	at org.testng.internal.invokers.TestInvoker$MethodInvocationAgent.invoke(TestInvoker.java:992)
	at org.testng.internal.invokers.TestInvoker.invokeTestMethods(TestInvoker.java:203)
	at org.testng.internal.invokers.TestMethodWorker.invokeTestMethods(TestMethodWorker.java:154)
	at org.testng.internal.invokers.TestMethodWorker.run(TestMethodWorker.java:134)
	at java.base/java.util.ArrayList.forEach(ArrayList.java:1597)
	at org.testng.TestRunner.privateRun(TestRunner.java:739)
	at org.testng.TestRunner.run(TestRunner.java:614)
	at org.testng.SuiteRunner.runTest(SuiteRunner.java:421)
	at org.testng.SuiteRunner.runSequentially(SuiteRunner.java:413)
	at org.testng.SuiteRunner.privateRun(SuiteRunner.java:373)
	at org.testng.SuiteRunner.run(SuiteRunner.java:312)
	at org.testng.SuiteRunnerWorker.runSuite(SuiteRunnerWorker.java:52)
	at org.testng.SuiteRunnerWorker.run(SuiteRunnerWorker.java:95)
	at org.testng.TestNG.runSuitesSequentially(TestNG.java:1274)
	at org.testng.TestNG.runSuitesLocally(TestNG.java:1208)
	at org.testng.TestNG.runSuites(TestNG.java:1112)
	at org.testng.TestNG.run(TestNG.java:1079)
	at org.apache.maven.surefire.testng.TestNGExecutor.run(TestNGExecutor.java:324)
	at org.apache.maven.surefire.testng.TestNGXmlTestSuite.execute(TestNGXmlTestSuite.java:74)
	at org.apache.maven.surefire.testng.TestNGProvider.invoke(TestNGProvider.java:123)
	at org.apache.maven.surefire.booter.ForkedBooter.runSuitesInProcess(ForkedBooter.java:456)
	at org.apache.maven.surefire.booter.ForkedBooter.execute(ForkedBooter.java:169)
	at org.apache.maven.surefire.booter.ForkedBooter.run(ForkedBooter.java:595)
	at org.apache.maven.surefire.booter.ForkedBooter.main(ForkedBooter.java:581)
</pre>
        <div class="row mt-3">
            <div class="embed col-2 mb-1">
              <img src="resources/0afddec6-a3fa-4a65-81c8-54b1954aef6d.png" />
            </div>
        </div>
    </div>
    <div class="leaf passed pb-1 ">
      <div class="d-flex justify-content-between mt-3">
        <div>
            <i class="bi bi-check-circle-fill text-success"></i>
          <span class="fs-6 ms-2">a2getFailedPaymentIcon </span>
        </div>
        <div>
          <span class="badge text-dark bg-light">2m 14s</span>
        </div>
      </div>
      <p class="desc">TRS10: Verify that Fail payment icon appears, when payment is failed manually on 'Transaction detail' popup of 'Transaction' page.</p>
    </div>
    <div class="leaf passed pb-1 ">
      <div class="d-flex justify-content-between mt-3">
        <div>
            <i class="bi bi-check-circle-fill text-success"></i>
          <span class="fs-6 ms-2">verifyProcessingPaymentIcon </span>
        </div>
        <div>
          <span class="badge text-dark bg-light">3m 0s</span>
        </div>
      </div>
      <p class="desc">TRS 16 verify That processing payment icon appears, after making bank transfer payment</p>
    </div>
    <div class="leaf passed pb-1 ">
      <div class="d-flex justify-content-between mt-3">
        <div>
            <i class="bi bi-check-circle-fill text-success"></i>
          <span class="fs-6 ms-2">verifyThatTransactionListAppears </span>
        </div>
        <div>
          <span class="badge text-dark bg-light">6m 18s</span>
        </div>
      </div>
      <p class="desc">TRS 09- A Verify that store manager is able to filter the transaction on 'Transactions' page.</p>
    </div>
    <div class="leaf passed pb-1 ">
      <div class="d-flex justify-content-between mt-3">
        <div>
            <i class="bi bi-check-circle-fill text-success"></i>
          <span class="fs-6 ms-2">verifyThatTransactionsGetsDownloaded </span>
        </div>
        <div>
          <span class="badge text-dark bg-light">46s</span>
        </div>
      </div>
      <p class="desc">TRS 09- A Verify that store manager is able to Download the transactions on 'Transactions' page.</p>
    </div>
  </div>

                  </div>
                </div>
            </div>
          </div>
        </div>
          <div class="border-bottom py-5"></div>
      </div>
  </div>

  <script>
    const stats1Annotation = {'total': 1, 'passed': 0};
    const stats1 = [
      { result: 'Passed', count: 0, bg: 'rgb(140, 197, 83)' },
      { result: 'Failed', count: 1, bg: 'rgb(233,80,113)' },
      { result: 'Skipped', count: 0, bg: 'rgb(13, 202, 240)' }
    ];
      const stats2Annotation = {'total': 3, 'passed': 0};
      const stats2 = [
        { result: 'Passed', count: 0, bg: 'rgb(140, 197, 83)' },
        { result: 'Failed', count: 3, bg: 'rgb(233,80,113)' },
        { result: 'Skipped', count: 0, bg: 'rgb(13, 202, 240)' }
      ];
      const stats3Annotation = {'total': 49, 'passed': 35};
      const stats3 = [
        { result: 'Passed', count: 35, bg: 'rgb(140, 197, 83)' },
        { result: 'Failed', count: 14, bg: 'rgb(233,80,113)' },
        { result: 'Skipped', count: 0, bg: 'rgb(13, 202, 240)' }
      ];
     
  </script>
    <script src="https://cdn.jsdelivr.net/gh/anshooarora/chaintest@976b9706b4d752a6262a041a68a6ea08012e0fcf/cdn/simple/version/chaintest-pkg.js"></script>

    <div id="sys-info-modal" class="modal" tabindex="-1">
      <div class="modal-dialog">
        <div class="modal-content">
          <div class="modal-header">
            <h6 class="modal-title">System</h6>
            <button type="button" class="btn-close" data-bs-dismiss="modal" aria-label="Close"
              onclick="toggleSysInfo(false)"></button>
          </div>
          <div class="modal-body">
            <table class="table">
              <tbody>
                  <tr>
                    <td>java.version</td>
                    <td>22.0.2</td>
                  </tr>
                  <tr>
                    <td>java.vm.name</td>
                    <td>Java HotSpot(TM) 64-Bit Server VM</td>
                  </tr>
                  <tr>
                    <td>java.vm.vendor</td>
                    <td>Oracle Corporation</td>
                  </tr>
                  <tr>
                    <td>java.class.version</td>
                    <td>66.0</td>
                  </tr>
                  <tr>
                    <td>java.runtime.name</td>
                    <td>Java(TM) SE Runtime Environment</td>
                  </tr>
                  <tr>
                    <td>os.name</td>
                    <td>Windows 11</td>
                  </tr>
                  <tr>
                    <td>os.arch</td>
                    <td>amd64</td>
                  </tr>
                  <tr>
                    <td>os.version</td>
                    <td>10.0</td>
                  </tr>
              </tbody>
            </table>
          </div>
          <div class="modal-footer">
            <button type="button" class="btn btn-secondary" data-bs-dismiss="modal"
              onclick="toggleSysInfo(false)">Close</button>
          </div>
        </div>
      </div>
    </div>

  <div id="info-modal" class="modal" tabindex="-1">
    <div class="modal-dialog">
      <div class="modal-content">
        <div class="modal-header">
          <h6 class="modal-title">ChainTest Simple Generator - Shortcuts</h6>
          <button type="button" class="btn-close" data-bs-dismiss="modal" aria-label="Close"
            onclick="toggleInfoModal(false)"></button>
        </div>
        <div class="modal-body">
          <table class="table">
            <tbody>
                <tr>
                  <td>p</td>
                  <td>Toggle passed tests</td>
                </tr>
                <tr>
                  <td>s</td>
                  <td>Toggle skipped tests</td>
                </tr>
                <tr>
                  <td>L</td>
                  <td>Toggle theme (light/dark)</td>
                </tr>
                <tr>
                  <td>esc</td>
                  <td>Reset all filters</td>
                </tr>
                <tr>
                  <td>f</td>
                  <td>Toggle failed tests</td>
                </tr>
            </tbody>
          </table>
        </div>
        <div class="modal-footer">
          <button type="button" class="btn btn-secondary" data-bs-dismiss="modal"
            onclick="toggleInfoModal(false)">Close</button>
        </div>
      </div>
    </div>
  </div>

  <div id="attachment-modal" class="modal" tabindex="-1">
    <div class="modal-dialog modal-lg">
      <div class="modal-content">
        <div class="modal-header">
          <h6 class="modal-title">Attachment</h6>
          <button type="button" class="btn-close" data-bs-dismiss="modal" aria-label="Close"
            onclick="toggleAttachmentModal(false)"></button>
        </div>
        <div class="modal-body">
          <img src="" />
        </div>
        <div class="modal-footer">
          <button type="button" class="btn btn-secondary" data-bs-dismiss="modal"
            onclick="toggleAttachmentModal(false)">Close</button>
        </div>
      </div>
    </div>
  </div>

</body>

</html>