
<!DOCTYPE html>
<html lang="en">

<head>
  <meta charset="UTF-8">
  <meta name='viewport' content='width=device-width, initial-scale=1.0'>
  <title>Automation Report</title>
    <link href="https://cdn.jsdelivr.net/gh/anshooarora/chaintest/cdn/simple/chaintest-pkg.css" rel="stylesheet">
    <link href="https://fonts.googleapis.com/css2?family=Inter:ital,opsz,wght@0,14..32,100..900;1,14..32,100..900&display=swap" rel="stylesheet">
  <style></style>
</head>

<body data-bs-theme="dark">
  <nav class="navbar border-bottom">
    <div class="container d-flex justify-content-between">
      <div>
        <a class="navbar-brand" href="#">ChainTest</a>
        <span class="ms-3 fs-6">Sample</span>
      </div>
      <div>
        <span class="badge badge-outline text-lg"><i class="bi bi-hourglass me-1"></i> 1h 65m 27s</span>
        <span class="badge badge-outline text-lg"><i class="bi bi-clock me-1"></i> Started 2025-04-24 09:58:08 AM</span>
        <span class="badge badge-outline text-lg"><i class="bi bi-clock me-1"></i> Ended 2025-04-24 11:03:36 AM</span>
      </div>
      <div>
          <button role="button" id="sys-info" class="btn btn-outline-primary smaller" title="View System Info">
            <i class="bi bi-pc-display-horizontal"></i></button>
        <button role="button" id="shortcuts" class="btn btn-outline-primary smaller" title="Shortcuts">
            <i class="bi bi-info-circle"></i></button>
      </div>
    </div>
  </nav>

  <div id="summary" class="container-fluid bg-body-tertiary">
    <!-- dashboard section -->
    <div id="dashboard" class="py-5">
      <div class="container">
        <div class="row">
          <div class="col-4">
            <div class="card card-custom" style="height: 175px">
              <div class="card-header">
                Suites
              </div>
              <div class="card-body d-flex justify-content-center" style="height: 90px;">
                <div class="chart-view center" style="margin-left: -1rem;">
                  <canvas id="stats1"></canvas>
                </div>
              </div>
              <div class="card-footer small">
                0 Passed,
                1 Failed,
                0 Skipped
              </div>
            </div>
          </div>
          <div class="col-4">
            <div class="card card-custom" style="height: 175px">
              <div class="card-header">
                Classes
              </div>
              <div class="card-body d-flex justify-content-center" style="height: 90px;">
                <div class="chart-view center" style="margin-left: -1rem;">
                  <canvas id="stats2"></canvas>
                </div>
              </div>
              <div class="card-footer small">
                0 Passed,
                3 Failed,
                0 Skipped
              </div>
            </div>
          </div>
            <div class="col-4">
              <div class="card card-custom" style="height: 175px">
                <div class="card-header">
                  Methods
                </div>
                <div class="card-body d-flex justify-content-center" style="height: 90px;">
                  <div class="chart-view center" style="margin-left: -1rem;">
                    <canvas id="stats3"></canvas>
                  </div>
                </div>
                <div class="card-footer small">
                  39 Passed,
                  7 Failed,
                  0 Skipped
                </div>
              </div>
            </div>
        </div>
      </div>
    </div>
    <!-- /dashboard section -->

    <!-- tag section -->
    <!-- /tag section -->
  </div>

  <div class="container-fluid">
    <div class="border-bottom py-3 mb-5">
      <div class="container d-flex justify-content-between">
        <div id="status-filter" aria-label="Filter tests with status">
          <button type="button" id="passed" class="btn btn-outline-success btn-sm">Passed</button>
          <button type="button" id="skipped" class="btn btn-outline-warning btn-sm">Skipped</button>
          <button type="button" id="failed" class="btn btn-outline-danger btn-sm">Failed</button>
          <button id="clear-filters" class="btn btn-outline-secondary btn-sm">
            <i class="bi bi-x-lg me-1"></i>Clear all filters</button>
        </div>
        <div>
          <button type="button" id="summary-toggle" class="btn btn-outline-primary btn-sm">Toggle Summary Section</button>
        </div>
      </div>
    </div>
      <div class="test-container">
        <div class="container">
          <div class="row">
            <div class="col-4">
              <h6 class="mb-3 testname failed">Suite</h6>
              <div class="small">
                <span class="badge badge-outline"><i class="bi bi-hourglass me-1"></i> 1h 65m 26s</span>
                <span class="badge text-bg-info"><i class="bi bi-clock me-1"></i>
                  2025-04-24 09:58:09 AM</span>
                <span class="badge text-bg-warning"><i class="bi bi-clock me-1"></i>
                  2025-04-24 11:03:35 AM</span>
              </div>
              
            </div>
            <div class="col-8">
                <div class="card mb-1 result failed">
                  <div class="card-body">
                    <div class="d-flex justify-content-between">
                      <div>
                            <i class="bi bi-exclamation-octagon-fill text-danger"></i>
                        <span class="ms-2">qa.tests.TransactionsTest</span>
                      </div>
                      <div>
                        <span class="badge text-dark bg-light">34m 9s</span>
                      </div>
                    </div>
                    
  <div class="mt-3 border-top">
      <div class="d-flex justify-content-between mt-3">
        <div>
              <i class="bi bi-exclamation-octagon-fill text-danger"></i>
          <span class="ms-2">a2getFailedPaymentIcon</span>
        </div>
        <div>
          <span class="badge text-dark bg-light">4m 8s</span>
        </div>
      </div>
      
        <pre class="py-2 mt-2 mb-4">org.openqa.selenium.TimeoutException: Expected condition failed: waiting for element to be clickable: By.cssSelector: .mx-3 (tried for 10 second(s) with 500 milliseconds interval)
Build info: version: '4.11.0', revision: '040bc5406b'
System info: os.name: 'Windows 10', os.arch: 'amd64', os.version: '10.0', java.version: '22.0.1'
Driver info: org.openqa.selenium.chrome.ChromeDriver
Capabilities {acceptInsecureCerts: false, browserName: chrome, browserVersion: 135.0.7049.96, chrome: {chromedriverVersion: 135.0.7049.114 (63fd8a7d9d0..., userDataDir: C:\Users\Caelius\AppData\Lo...}, fedcm:accounts: true, goog:chromeOptions: {debuggerAddress: localhost:53036}, networkConnectionEnabled: false, pageLoadStrategy: normal, platformName: windows, proxy: Proxy(), se:cdp: ws://localhost:53036/devtoo..., se:cdpVersion: 135.0.7049.96, setWindowRect: true, strictFileInteractability: false, timeouts: {implicit: 0, pageLoad: 300000, script: 30000}, unhandledPromptBehavior: dismiss and notify, webauthn:extension:credBlob: true, webauthn:extension:largeBlob: true, webauthn:extension:minPinLength: true, webauthn:extension:prf: true, webauthn:virtualAuthenticators: true}
Session ID: 5e3135fd8f0bf34d1cf415cf4911a107
	at org.openqa.selenium.support.ui.WebDriverWait.timeoutException(WebDriverWait.java:84)
	at org.openqa.selenium.support.ui.FluentWait.until(FluentWait.java:230)
	at base.BaseTest.waitForElementToBeClickable(BaseTest.java:210)
	at base.BaseTest.click(BaseTest.java:231)
	at pageEvents.TransactionsPage.getFailedBtn(TransactionsPage.java:200)
	at pageEvents.TransactionsPage.verifyTheFailedIcon(TransactionsPage.java:687)
	at qa.tests.TransactionsTest.a2getFailedPaymentIcon(TransactionsTest.java:124)
	at java.base/jdk.internal.reflect.DirectMethodHandleAccessor.invoke(DirectMethodHandleAccessor.java:103)
	at java.base/java.lang.reflect.Method.invoke(Method.java:580)
	at org.testng.internal.invokers.MethodInvocationHelper.invokeMethod(MethodInvocationHelper.java:141)
	at org.testng.internal.invokers.TestInvoker.invokeMethod(TestInvoker.java:686)
	at org.testng.internal.invokers.TestInvoker.invokeTestMethod(TestInvoker.java:230)
	at org.testng.internal.invokers.MethodRunner.runInSequence(MethodRunner.java:63)
	at org.testng.internal.invokers.TestInvoker$MethodInvocationAgent.invoke(TestInvoker.java:992)
	at org.testng.internal.invokers.TestInvoker.invokeTestMethods(TestInvoker.java:203)
	at org.testng.internal.invokers.TestMethodWorker.invokeTestMethods(TestMethodWorker.java:154)
	at org.testng.internal.invokers.TestMethodWorker.run(TestMethodWorker.java:134)
	at java.base/java.util.ArrayList.forEach(ArrayList.java:1597)
	at org.testng.TestRunner.privateRun(TestRunner.java:739)
	at org.testng.TestRunner.run(TestRunner.java:614)
	at org.testng.SuiteRunner.runTest(SuiteRunner.java:421)
	at org.testng.SuiteRunner.runSequentially(SuiteRunner.java:413)
	at org.testng.SuiteRunner.privateRun(SuiteRunner.java:373)
	at org.testng.SuiteRunner.run(SuiteRunner.java:312)
	at org.testng.SuiteRunnerWorker.runSuite(SuiteRunnerWorker.java:52)
	at org.testng.SuiteRunnerWorker.run(SuiteRunnerWorker.java:95)
	at org.testng.TestNG.runSuitesSequentially(TestNG.java:1274)
	at org.testng.TestNG.runSuitesLocally(TestNG.java:1208)
	at org.testng.TestNG.runSuites(TestNG.java:1112)
	at org.testng.TestNG.run(TestNG.java:1079)
	at com.intellij.rt.testng.IDEARemoteTestNG.run(IDEARemoteTestNG.java:65)
	at com.intellij.rt.testng.RemoteTestNGStarter.main(RemoteTestNGStarter.java:105)
</pre>
        <div class="row mt-3">
            <div class="embed col-2 mb-1">
              <img src="resources/5451eb9b-a0b9-45d7-89d6-6c3f8fc9619a.png" />
            </div>
        </div>
      <div class="d-flex justify-content-between mt-3">
        <div>
            <i class="bi bi-check-circle-fill text-success"></i>
          <span class="ms-2">a3chargeManuallyAfterStripeConfigured</span>
        </div>
        <div>
          <span class="badge text-dark bg-light">21s</span>
        </div>
      </div>
      
      <div class="d-flex justify-content-between mt-3">
        <div>
            <i class="bi bi-check-circle-fill text-success"></i>
          <span class="ms-2">averifyInfoMessageAppearsWhenNoTransactionIsAvailable</span>
        </div>
        <div>
          <span class="badge text-dark bg-light">10s</span>
        </div>
      </div>
      
      <div class="d-flex justify-content-between mt-3">
        <div>
            <i class="bi bi-check-circle-fill text-success"></i>
          <span class="ms-2">newChargePaymentManuallyAfterCancelingTerminalAutomaticPaymentDeduction</span>
        </div>
        <div>
          <span class="badge text-dark bg-light">41s</span>
        </div>
      </div>
      
      <div class="d-flex justify-content-between mt-3">
        <div>
            <i class="bi bi-check-circle-fill text-success"></i>
          <span class="ms-2">newChargePaymentWithoutStripeConfiguration</span>
        </div>
        <div>
          <span class="badge text-dark bg-light">11s</span>
        </div>
      </div>
      
      <div class="d-flex justify-content-between mt-3">
        <div>
            <i class="bi bi-check-circle-fill text-success"></i>
          <span class="ms-2">newChargerWithTerminal</span>
        </div>
        <div>
          <span class="badge text-dark bg-light">28s</span>
        </div>
      </div>
      
      <div class="d-flex justify-content-between mt-3">
        <div>
            <i class="bi bi-check-circle-fill text-success"></i>
          <span class="ms-2">verifyByStoreLabelOnTransactionPage</span>
        </div>
        <div>
          <span class="badge text-dark bg-light">1m 38s</span>
        </div>
      </div>
      
      <div class="d-flex justify-content-between mt-3">
        <div>
            <i class="bi bi-check-circle-fill text-success"></i>
          <span class="ms-2">verifyNewBillNewChargeButtonsAndFilterOnTransactionPage</span>
        </div>
        <div>
          <span class="badge text-dark bg-light">47s</span>
        </div>
      </div>
      
      <div class="d-flex justify-content-between mt-3">
        <div>
            <i class="bi bi-check-circle-fill text-success"></i>
          <span class="ms-2">verifyProcessingPaymentIcon</span>
        </div>
        <div>
          <span class="badge text-dark bg-light">3m 26s</span>
        </div>
      </div>
      
      <div class="d-flex justify-content-between mt-3">
        <div>
              <i class="bi bi-exclamation-octagon-fill text-danger"></i>
          <span class="ms-2">verifyQuestionmarkIconRemovedWhenStoreManagerManuallyMarkedPaymentAsCaptured</span>
        </div>
        <div>
          <span class="badge text-dark bg-light">3m 8s</span>
        </div>
      </div>
      
        <pre class="py-2 mt-2 mb-4">java.lang.AssertionError: The following asserts failed:
	Visa Card expected [true] but found [false],
	Payment Method Icon expected [true] but found [false]
	at org.testng.asserts.SoftAssert.assertAll(SoftAssert.java:46)
	at org.testng.asserts.SoftAssert.assertAll(SoftAssert.java:30)
	at pageEvents.TransactionsPage.verifyQuestionMarkIcon(TransactionsPage.java:611)
	at qa.tests.TransactionsTest.verifyQuestionmarkIconRemovedWhenStoreManagerManuallyMarkedPaymentAsCaptured(TransactionsTest.java:108)
	at java.base/jdk.internal.reflect.DirectMethodHandleAccessor.invoke(DirectMethodHandleAccessor.java:103)
	at java.base/java.lang.reflect.Method.invoke(Method.java:580)
	at org.testng.internal.invokers.MethodInvocationHelper.invokeMethod(MethodInvocationHelper.java:141)
	at org.testng.internal.invokers.TestInvoker.invokeMethod(TestInvoker.java:686)
	at org.testng.internal.invokers.TestInvoker.invokeTestMethod(TestInvoker.java:230)
	at org.testng.internal.invokers.MethodRunner.runInSequence(MethodRunner.java:63)
	at org.testng.internal.invokers.TestInvoker$MethodInvocationAgent.invoke(TestInvoker.java:992)
	at org.testng.internal.invokers.TestInvoker.invokeTestMethods(TestInvoker.java:203)
	at org.testng.internal.invokers.TestMethodWorker.invokeTestMethods(TestMethodWorker.java:154)
	at org.testng.internal.invokers.TestMethodWorker.run(TestMethodWorker.java:134)
	at java.base/java.util.ArrayList.forEach(ArrayList.java:1597)
	at org.testng.TestRunner.privateRun(TestRunner.java:739)
	at org.testng.TestRunner.run(TestRunner.java:614)
	at org.testng.SuiteRunner.runTest(SuiteRunner.java:421)
	at org.testng.SuiteRunner.runSequentially(SuiteRunner.java:413)
	at org.testng.SuiteRunner.privateRun(SuiteRunner.java:373)
	at org.testng.SuiteRunner.run(SuiteRunner.java:312)
	at org.testng.SuiteRunnerWorker.runSuite(SuiteRunnerWorker.java:52)
	at org.testng.SuiteRunnerWorker.run(SuiteRunnerWorker.java:95)
	at org.testng.TestNG.runSuitesSequentially(TestNG.java:1274)
	at org.testng.TestNG.runSuitesLocally(TestNG.java:1208)
	at org.testng.TestNG.runSuites(TestNG.java:1112)
	at org.testng.TestNG.run(TestNG.java:1079)
	at com.intellij.rt.testng.IDEARemoteTestNG.run(IDEARemoteTestNG.java:65)
	at com.intellij.rt.testng.RemoteTestNGStarter.main(RemoteTestNGStarter.java:105)
</pre>
        <div class="row mt-3">
            <div class="embed col-2 mb-1">
              <img src="resources/6e3327aa-b73d-48fc-909e-25237f68ae51.png" />
            </div>
        </div>
      <div class="d-flex justify-content-between mt-3">
        <div>
            <i class="bi bi-check-circle-fill text-success"></i>
          <span class="ms-2">verifyRecurringIconAppearsForRTEnabledBillTransactions</span>
        </div>
        <div>
          <span class="badge text-dark bg-light">3m 32s</span>
        </div>
      </div>
      
      <div class="d-flex justify-content-between mt-3">
        <div>
            <i class="bi bi-check-circle-fill text-success"></i>
          <span class="ms-2">verifyRefundFullTransactionOnTransactionPage</span>
        </div>
        <div>
          <span class="badge text-dark bg-light">3m 36s</span>
        </div>
      </div>
      
      <div class="d-flex justify-content-between mt-3">
        <div>
            <i class="bi bi-check-circle-fill text-success"></i>
          <span class="ms-2">verifyThatElementsOfTransactionDetailsPopup</span>
        </div>
        <div>
          <span class="badge text-dark bg-light">9s</span>
        </div>
      </div>
      
      <div class="d-flex justify-content-between mt-3">
        <div>
            <i class="bi bi-check-circle-fill text-success"></i>
          <span class="ms-2">verifyThatListOfTransactionsAppears</span>
        </div>
        <div>
          <span class="badge text-dark bg-light">8s</span>
        </div>
      </div>
      
      <div class="d-flex justify-content-between mt-3">
        <div>
            <i class="bi bi-check-circle-fill text-success"></i>
          <span class="ms-2">verifyThatStoreMangerIsAbleToRefundPartialPayment</span>
        </div>
        <div>
          <span class="badge text-dark bg-light">3m 36s</span>
        </div>
      </div>
      
      <div class="d-flex justify-content-between mt-3">
        <div>
            <i class="bi bi-check-circle-fill text-success"></i>
          <span class="ms-2">verifyThatStoreMangerIsAbleToVerifyTransaction</span>
        </div>
        <div>
          <span class="badge text-dark bg-light">11s</span>
        </div>
      </div>
      
      <div class="d-flex justify-content-between mt-3">
        <div>
            <i class="bi bi-check-circle-fill text-success"></i>
          <span class="ms-2">verifyThatTransactionListAppears</span>
        </div>
        <div>
          <span class="badge text-dark bg-light">5m 27s</span>
        </div>
      </div>
      
      <div class="d-flex justify-content-between mt-3">
        <div>
            <i class="bi bi-check-circle-fill text-success"></i>
          <span class="ms-2">verifyThatTransactionsGetsDownloaded</span>
        </div>
        <div>
          <span class="badge text-dark bg-light">13s</span>
        </div>
      </div>
      
  </div>

                  </div>
                </div>
                <div class="card mb-1 result failed">
                  <div class="card-body">
                    <div class="d-flex justify-content-between">
                      <div>
                            <i class="bi bi-exclamation-octagon-fill text-danger"></i>
                        <span class="ms-2">qa.tests.MyStoreTest</span>
                      </div>
                      <div>
                        <span class="badge text-dark bg-light">14m 7s</span>
                      </div>
                    </div>
                    
  <div class="mt-3 border-top">
      <div class="d-flex justify-content-between mt-3">
        <div>
            <i class="bi bi-check-circle-fill text-success"></i>
          <span class="ms-2">c2verifyingBuyingMonthlyBusinessPlanForAlreadyCreatedStore</span>
        </div>
        <div>
          <span class="badge text-dark bg-light">1m 39s</span>
        </div>
      </div>
      
      <div class="d-flex justify-content-between mt-3">
        <div>
            <i class="bi bi-check-circle-fill text-success"></i>
          <span class="ms-2">creationOfStoreWithStripeAccount</span>
        </div>
        <div>
          <span class="badge text-dark bg-light">1m 31s</span>
        </div>
      </div>
      
      <div class="d-flex justify-content-between mt-3">
        <div>
              <i class="bi bi-exclamation-octagon-fill text-danger"></i>
          <span class="ms-2">sc01b_DeletionOfStore</span>
        </div>
        <div>
          <span class="badge text-dark bg-light">56s</span>
        </div>
      </div>
      
        <pre class="py-2 mt-2 mb-4">org.openqa.selenium.NoSuchElementException: no such element: Unable to locate element: {"method":"xpath","selector":"//button[text()='Delete the store']"}
  (Session info: chrome=135.0.7049.96)
For documentation on this error, please visit: https://www.selenium.dev/documentation/webdriver/troubleshooting/errors#no-such-element-exception
Build info: version: '4.11.0', revision: '040bc5406b'
System info: os.name: 'Windows 10', os.arch: 'amd64', os.version: '10.0', java.version: '22.0.1'
Driver info: org.openqa.selenium.chrome.ChromeDriver
Command: [500c41a095270c49fd275fdb9fcb469a, findElement {using=xpath, value=//button[text()='Delete the store']}]
Capabilities {acceptInsecureCerts: false, browserName: chrome, browserVersion: 135.0.7049.96, chrome: {chromedriverVersion: 135.0.7049.114 (63fd8a7d9d0..., userDataDir: C:\Users\Caelius\AppData\Lo...}, fedcm:accounts: true, goog:chromeOptions: {debuggerAddress: localhost:60212}, networkConnectionEnabled: false, pageLoadStrategy: normal, platformName: windows, proxy: Proxy(), se:cdp: ws://localhost:60212/devtoo..., se:cdpVersion: 135.0.7049.96, setWindowRect: true, strictFileInteractability: false, timeouts: {implicit: 0, pageLoad: 300000, script: 30000}, unhandledPromptBehavior: dismiss and notify, webauthn:extension:credBlob: true, webauthn:extension:largeBlob: true, webauthn:extension:minPinLength: true, webauthn:extension:prf: true, webauthn:virtualAuthenticators: true}
Session ID: 500c41a095270c49fd275fdb9fcb469a
	at java.base/jdk.internal.reflect.DirectConstructorHandleAccessor.newInstance(DirectConstructorHandleAccessor.java:62)
	at java.base/java.lang.reflect.Constructor.newInstanceWithCaller(Constructor.java:502)
	at java.base/java.lang.reflect.Constructor.newInstance(Constructor.java:486)
	at org.openqa.selenium.remote.codec.w3c.W3CHttpResponseCodec.createException(W3CHttpResponseCodec.java:200)
	at org.openqa.selenium.remote.codec.w3c.W3CHttpResponseCodec.decode(W3CHttpResponseCodec.java:133)
	at org.openqa.selenium.remote.codec.w3c.W3CHttpResponseCodec.decode(W3CHttpResponseCodec.java:52)
	at org.openqa.selenium.remote.HttpCommandExecutor.execute(HttpCommandExecutor.java:191)
	at org.openqa.selenium.remote.service.DriverCommandExecutor.invokeExecute(DriverCommandExecutor.java:196)
	at org.openqa.selenium.remote.service.DriverCommandExecutor.execute(DriverCommandExecutor.java:171)
	at org.openqa.selenium.remote.RemoteWebDriver.execute(RemoteWebDriver.java:518)
	at org.openqa.selenium.remote.ElementLocation$ElementFinder$2.findElement(ElementLocation.java:165)
	at org.openqa.selenium.remote.ElementLocation.findElement(ElementLocation.java:59)
	at org.openqa.selenium.remote.RemoteWebDriver.findElement(RemoteWebDriver.java:355)
	at org.openqa.selenium.remote.RemoteWebDriver.findElement(RemoteWebDriver.java:349)
	at base.BaseTest.scrollToElement(BaseTest.java:286)
	at qa.tests.MyStoreTest.sc01b_DeletionOfStore(MyStoreTest.java:55)
	at java.base/jdk.internal.reflect.DirectMethodHandleAccessor.invoke(DirectMethodHandleAccessor.java:103)
	at java.base/java.lang.reflect.Method.invoke(Method.java:580)
	at org.testng.internal.invokers.MethodInvocationHelper.invokeMethod(MethodInvocationHelper.java:141)
	at org.testng.internal.invokers.TestInvoker.invokeMethod(TestInvoker.java:686)
	at org.testng.internal.invokers.TestInvoker.invokeTestMethod(TestInvoker.java:230)
	at org.testng.internal.invokers.MethodRunner.runInSequence(MethodRunner.java:63)
	at org.testng.internal.invokers.TestInvoker$MethodInvocationAgent.invoke(TestInvoker.java:992)
	at org.testng.internal.invokers.TestInvoker.invokeTestMethods(TestInvoker.java:203)
	at org.testng.internal.invokers.TestMethodWorker.invokeTestMethods(TestMethodWorker.java:154)
	at org.testng.internal.invokers.TestMethodWorker.run(TestMethodWorker.java:134)
	at java.base/java.util.ArrayList.forEach(ArrayList.java:1597)
	at org.testng.TestRunner.privateRun(TestRunner.java:739)
	at org.testng.TestRunner.run(TestRunner.java:614)
	at org.testng.SuiteRunner.runTest(SuiteRunner.java:421)
	at org.testng.SuiteRunner.runSequentially(SuiteRunner.java:413)
	at org.testng.SuiteRunner.privateRun(SuiteRunner.java:373)
	at org.testng.SuiteRunner.run(SuiteRunner.java:312)
	at org.testng.SuiteRunnerWorker.runSuite(SuiteRunnerWorker.java:52)
	at org.testng.SuiteRunnerWorker.run(SuiteRunnerWorker.java:95)
	at org.testng.TestNG.runSuitesSequentially(TestNG.java:1274)
	at org.testng.TestNG.runSuitesLocally(TestNG.java:1208)
	at org.testng.TestNG.runSuites(TestNG.java:1112)
	at org.testng.TestNG.run(TestNG.java:1079)
	at com.intellij.rt.testng.IDEARemoteTestNG.run(IDEARemoteTestNG.java:65)
	at com.intellij.rt.testng.RemoteTestNGStarter.main(RemoteTestNGStarter.java:105)
</pre>
        <div class="row mt-3">
            <div class="embed col-2 mb-1">
              <img src="resources/10f1d98f-e749-4056-b7cf-e13793e37126.png" />
            </div>
        </div>
      <div class="d-flex justify-content-between mt-3">
        <div>
            <i class="bi bi-check-circle-fill text-success"></i>
          <span class="ms-2">storeCreationWithoutStripeAccount</span>
        </div>
        <div>
          <span class="badge text-dark bg-light">1m 26s</span>
        </div>
      </div>
      
      <div class="d-flex justify-content-between mt-3">
        <div>
              <i class="bi bi-exclamation-octagon-fill text-danger"></i>
          <span class="ms-2">verifyConfigurationOfStoreUsingPaymentProcessingSubTab</span>
        </div>
        <div>
          <span class="badge text-dark bg-light">42s</span>
        </div>
      </div>
      
        <pre class="py-2 mt-2 mb-4">org.openqa.selenium.TimeoutException: Expected condition failed: waiting for visibility of element located by By.xpath: //label[text()='Venmo ID']/following-sibling::input (tried for 10 second(s) with 500 milliseconds interval)
Build info: version: '4.11.0', revision: '040bc5406b'
System info: os.name: 'Windows 10', os.arch: 'amd64', os.version: '10.0', java.version: '22.0.1'
Driver info: org.openqa.selenium.chrome.ChromeDriver
Capabilities {acceptInsecureCerts: false, browserName: chrome, browserVersion: 135.0.7049.96, chrome: {chromedriverVersion: 135.0.7049.114 (63fd8a7d9d0..., userDataDir: C:\Users\Caelius\AppData\Lo...}, fedcm:accounts: true, goog:chromeOptions: {debuggerAddress: localhost:60760}, networkConnectionEnabled: false, pageLoadStrategy: normal, platformName: windows, proxy: Proxy(), se:cdp: ws://localhost:60760/devtoo..., se:cdpVersion: 135.0.7049.96, setWindowRect: true, strictFileInteractability: false, timeouts: {implicit: 0, pageLoad: 300000, script: 30000}, unhandledPromptBehavior: dismiss and notify, webauthn:extension:credBlob: true, webauthn:extension:largeBlob: true, webauthn:extension:minPinLength: true, webauthn:extension:prf: true, webauthn:virtualAuthenticators: true}
Session ID: 53d41c282799f37799f3914a79c12897
	at org.openqa.selenium.support.ui.WebDriverWait.timeoutException(WebDriverWait.java:84)
	at org.openqa.selenium.support.ui.FluentWait.until(FluentWait.java:230)
	at base.BaseTest.waitForElementToBeVisible(BaseTest.java:185)
	at base.BaseTest.getAttribute(BaseTest.java:330)
	at qa.tests.MyStoreTest.verifyConfigurationOfStoreUsingPaymentProcessingSubTab(MyStoreTest.java:377)
	at java.base/jdk.internal.reflect.DirectMethodHandleAccessor.invoke(DirectMethodHandleAccessor.java:103)
	at java.base/java.lang.reflect.Method.invoke(Method.java:580)
	at org.testng.internal.invokers.MethodInvocationHelper.invokeMethod(MethodInvocationHelper.java:141)
	at org.testng.internal.invokers.TestInvoker.invokeMethod(TestInvoker.java:686)
	at org.testng.internal.invokers.TestInvoker.invokeTestMethod(TestInvoker.java:230)
	at org.testng.internal.invokers.MethodRunner.runInSequence(MethodRunner.java:63)
	at org.testng.internal.invokers.TestInvoker$MethodInvocationAgent.invoke(TestInvoker.java:992)
	at org.testng.internal.invokers.TestInvoker.invokeTestMethods(TestInvoker.java:203)
	at org.testng.internal.invokers.TestMethodWorker.invokeTestMethods(TestMethodWorker.java:154)
	at org.testng.internal.invokers.TestMethodWorker.run(TestMethodWorker.java:134)
	at java.base/java.util.ArrayList.forEach(ArrayList.java:1597)
	at org.testng.TestRunner.privateRun(TestRunner.java:739)
	at org.testng.TestRunner.run(TestRunner.java:614)
	at org.testng.SuiteRunner.runTest(SuiteRunner.java:421)
	at org.testng.SuiteRunner.runSequentially(SuiteRunner.java:413)
	at org.testng.SuiteRunner.privateRun(SuiteRunner.java:373)
	at org.testng.SuiteRunner.run(SuiteRunner.java:312)
	at org.testng.SuiteRunnerWorker.runSuite(SuiteRunnerWorker.java:52)
	at org.testng.SuiteRunnerWorker.run(SuiteRunnerWorker.java:95)
	at org.testng.TestNG.runSuitesSequentially(TestNG.java:1274)
	at org.testng.TestNG.runSuitesLocally(TestNG.java:1208)
	at org.testng.TestNG.runSuites(TestNG.java:1112)
	at org.testng.TestNG.run(TestNG.java:1079)
	at com.intellij.rt.testng.IDEARemoteTestNG.run(IDEARemoteTestNG.java:65)
	at com.intellij.rt.testng.RemoteTestNGStarter.main(RemoteTestNGStarter.java:105)
</pre>
        <div class="row mt-3">
            <div class="embed col-2 mb-1">
              <img src="resources/29eb9ac7-1bc0-41f6-b76c-494dc65631b8.png" />
            </div>
        </div>
      <div class="d-flex justify-content-between mt-3">
        <div>
            <i class="bi bi-check-circle-fill text-success"></i>
          <span class="ms-2">verifyDeactivatingAnActivatedStore</span>
        </div>
        <div>
          <span class="badge text-dark bg-light">22s</span>
        </div>
      </div>
      
      <div class="d-flex justify-content-between mt-3">
        <div>
            <i class="bi bi-check-circle-fill text-success"></i>
          <span class="ms-2">verifyStoreCreationWithYearlyBusinessPlan</span>
        </div>
        <div>
          <span class="badge text-dark bg-light">1m 39s</span>
        </div>
      </div>
      
      <div class="d-flex justify-content-between mt-3">
        <div>
              <i class="bi bi-exclamation-octagon-fill text-danger"></i>
          <span class="ms-2">verifyingConfigurationOfStoreUsingPaymentProcessingSubTab</span>
        </div>
        <div>
          <span class="badge text-dark bg-light">1m 2s</span>
        </div>
      </div>
      
        <pre class="py-2 mt-2 mb-4">org.openqa.selenium.TimeoutException: Expected condition failed: waiting for element to be clickable: By.xpath: //button[contains(@class,'-btn-save- btn') and text()='Save'] (tried for 5 second(s) with 500 milliseconds interval)
Build info: version: '4.11.0', revision: '040bc5406b'
System info: os.name: 'Windows 10', os.arch: 'amd64', os.version: '10.0', java.version: '22.0.1'
Driver info: org.openqa.selenium.chrome.ChromeDriver
Capabilities {acceptInsecureCerts: false, browserName: chrome, browserVersion: 135.0.7049.96, chrome: {chromedriverVersion: 135.0.7049.114 (63fd8a7d9d0..., userDataDir: C:\Users\Caelius\AppData\Lo...}, fedcm:accounts: true, goog:chromeOptions: {debuggerAddress: localhost:61487}, networkConnectionEnabled: false, pageLoadStrategy: normal, platformName: windows, proxy: Proxy(), se:cdp: ws://localhost:61487/devtoo..., se:cdpVersion: 135.0.7049.96, setWindowRect: true, strictFileInteractability: false, timeouts: {implicit: 0, pageLoad: 300000, script: 30000}, unhandledPromptBehavior: dismiss and notify, webauthn:extension:credBlob: true, webauthn:extension:largeBlob: true, webauthn:extension:minPinLength: true, webauthn:extension:prf: true, webauthn:virtualAuthenticators: true}
Session ID: 167ad40acdbe05d0ac5b625cde8ffce2
	at org.openqa.selenium.support.ui.WebDriverWait.timeoutException(WebDriverWait.java:84)
	at org.openqa.selenium.support.ui.FluentWait.until(FluentWait.java:230)
	at base.BaseTest.waitForElementToBeClickable(BaseTest.java:210)
	at pageEvents.MyStorePage.getCreditTerminalOption(MyStorePage.java:319)
	at qa.tests.MyStoreTest.verifyingConfigurationOfStoreUsingPaymentProcessingSubTab(MyStoreTest.java:351)
	at java.base/jdk.internal.reflect.DirectMethodHandleAccessor.invoke(DirectMethodHandleAccessor.java:103)
	at java.base/java.lang.reflect.Method.invoke(Method.java:580)
	at org.testng.internal.invokers.MethodInvocationHelper.invokeMethod(MethodInvocationHelper.java:141)
	at org.testng.internal.invokers.TestInvoker.invokeMethod(TestInvoker.java:686)
	at org.testng.internal.invokers.TestInvoker.invokeTestMethod(TestInvoker.java:230)
	at org.testng.internal.invokers.MethodRunner.runInSequence(MethodRunner.java:63)
	at org.testng.internal.invokers.TestInvoker$MethodInvocationAgent.invoke(TestInvoker.java:992)
	at org.testng.internal.invokers.TestInvoker.invokeTestMethods(TestInvoker.java:203)
	at org.testng.internal.invokers.TestMethodWorker.invokeTestMethods(TestMethodWorker.java:154)
	at org.testng.internal.invokers.TestMethodWorker.run(TestMethodWorker.java:134)
	at java.base/java.util.ArrayList.forEach(ArrayList.java:1597)
	at org.testng.TestRunner.privateRun(TestRunner.java:739)
	at org.testng.TestRunner.run(TestRunner.java:614)
	at org.testng.SuiteRunner.runTest(SuiteRunner.java:421)
	at org.testng.SuiteRunner.runSequentially(SuiteRunner.java:413)
	at org.testng.SuiteRunner.privateRun(SuiteRunner.java:373)
	at org.testng.SuiteRunner.run(SuiteRunner.java:312)
	at org.testng.SuiteRunnerWorker.runSuite(SuiteRunnerWorker.java:52)
	at org.testng.SuiteRunnerWorker.run(SuiteRunnerWorker.java:95)
	at org.testng.TestNG.runSuitesSequentially(TestNG.java:1274)
	at org.testng.TestNG.runSuitesLocally(TestNG.java:1208)
	at org.testng.TestNG.runSuites(TestNG.java:1112)
	at org.testng.TestNG.run(TestNG.java:1079)
	at com.intellij.rt.testng.IDEARemoteTestNG.run(IDEARemoteTestNG.java:65)
	at com.intellij.rt.testng.RemoteTestNGStarter.main(RemoteTestNGStarter.java:105)
</pre>
        <div class="row mt-3">
            <div class="embed col-2 mb-1">
              <img src="resources/025afd54-9f38-49e0-bf40-1d2ca2971f66.png" />
            </div>
        </div>
      <div class="d-flex justify-content-between mt-3">
        <div>
            <i class="bi bi-check-circle-fill text-success"></i>
          <span class="ms-2">verifyingConfigurationsOfStoreUsingFlatValueInTipField</span>
        </div>
        <div>
          <span class="badge text-dark bg-light">18s</span>
        </div>
      </div>
      
      <div class="d-flex justify-content-between mt-3">
        <div>
            <i class="bi bi-check-circle-fill text-success"></i>
          <span class="ms-2">verifyingConfigurationsOfStoreUsingSettings</span>
        </div>
        <div>
          <span class="badge text-dark bg-light">50s</span>
        </div>
      </div>
      
      <div class="d-flex justify-content-between mt-3">
        <div>
            <i class="bi bi-check-circle-fill text-success"></i>
          <span class="ms-2">verifyingModificationOfExistingCreatedStore</span>
        </div>
        <div>
          <span class="badge text-dark bg-light">31s</span>
        </div>
      </div>
      
      <div class="d-flex justify-content-between mt-3">
        <div>
            <i class="bi bi-check-circle-fill text-success"></i>
          <span class="ms-2">verifyingStoreCreationWithPurchasingMonthlyPremiumPlan</span>
        </div>
        <div>
          <span class="badge text-dark bg-light">1m 46s</span>
        </div>
      </div>
      
  </div>

                  </div>
                </div>
                <div class="card mb-1 result failed">
                  <div class="card-body">
                    <div class="d-flex justify-content-between">
                      <div>
                            <i class="bi bi-exclamation-octagon-fill text-danger"></i>
                        <span class="ms-2">qa.tests.BillTest</span>
                      </div>
                      <div>
                        <span class="badge text-dark bg-light">17m 9s</span>
                      </div>
                    </div>
                    
  <div class="mt-3 border-top">
      <div class="d-flex justify-content-between mt-3">
        <div>
            <i class="bi bi-check-circle-fill text-success"></i>
          <span class="ms-2">verifyCreateBillWithoutSelectingCustomer</span>
        </div>
        <div>
          <span class="badge text-dark bg-light">1m 4s</span>
        </div>
      </div>
      
      <div class="d-flex justify-content-between mt-3">
        <div>
              <i class="bi bi-exclamation-octagon-fill text-danger"></i>
          <span class="ms-2">verifyCreateBillBySelectingCustomer</span>
        </div>
        <div>
          <span class="badge text-dark bg-light">10s</span>
        </div>
      </div>
      
        <pre class="py-2 mt-2 mb-4">org.openqa.selenium.TimeoutException: Expected condition failed: waiting for element to no longer be visible: By.cssSelector: .modal-title span (tried for 3 second(s) with 500 milliseconds interval)
Build info: version: '4.11.0', revision: '040bc5406b'
System info: os.name: 'Windows 10', os.arch: 'amd64', os.version: '10.0', java.version: '22.0.1'
Driver info: org.openqa.selenium.chrome.ChromeDriver
Capabilities {acceptInsecureCerts: false, browserName: chrome, browserVersion: 135.0.7049.96, chrome: {chromedriverVersion: 135.0.7049.114 (63fd8a7d9d0..., userDataDir: C:\Users\Caelius\AppData\Lo...}, fedcm:accounts: true, goog:chromeOptions: {debuggerAddress: localhost:62979}, networkConnectionEnabled: false, pageLoadStrategy: normal, platformName: windows, proxy: Proxy(), se:cdp: ws://localhost:62979/devtoo..., se:cdpVersion: 135.0.7049.96, setWindowRect: true, strictFileInteractability: false, timeouts: {implicit: 0, pageLoad: 300000, script: 30000}, unhandledPromptBehavior: dismiss and notify, webauthn:extension:credBlob: true, webauthn:extension:largeBlob: true, webauthn:extension:minPinLength: true, webauthn:extension:prf: true, webauthn:virtualAuthenticators: true}
Session ID: 6d0036dc0d76a636c783f8c280ab8565
	at org.openqa.selenium.support.ui.WebDriverWait.timeoutException(WebDriverWait.java:84)
	at org.openqa.selenium.support.ui.FluentWait.until(FluentWait.java:230)
	at base.BaseTest.waitForElementInVisible(BaseTest.java:408)
	at pageEvents.BillPage.createBillWithCustomer(BillPage.java:1246)
	at qa.tests.BillTest.verifyCreateBillBySelectingCustomer(BillTest.java:27)
	at java.base/jdk.internal.reflect.DirectMethodHandleAccessor.invoke(DirectMethodHandleAccessor.java:103)
	at java.base/java.lang.reflect.Method.invoke(Method.java:580)
	at org.testng.internal.invokers.MethodInvocationHelper.invokeMethod(MethodInvocationHelper.java:141)
	at org.testng.internal.invokers.TestInvoker.invokeMethod(TestInvoker.java:686)
	at org.testng.internal.invokers.TestInvoker.invokeTestMethod(TestInvoker.java:230)
	at org.testng.internal.invokers.MethodRunner.runInSequence(MethodRunner.java:63)
	at org.testng.internal.invokers.TestInvoker$MethodInvocationAgent.invoke(TestInvoker.java:992)
	at org.testng.internal.invokers.TestInvoker.invokeTestMethods(TestInvoker.java:203)
	at org.testng.internal.invokers.TestMethodWorker.invokeTestMethods(TestMethodWorker.java:154)
	at org.testng.internal.invokers.TestMethodWorker.run(TestMethodWorker.java:134)
	at java.base/java.util.ArrayList.forEach(ArrayList.java:1597)
	at org.testng.TestRunner.privateRun(TestRunner.java:739)
	at org.testng.TestRunner.run(TestRunner.java:614)
	at org.testng.SuiteRunner.runTest(SuiteRunner.java:421)
	at org.testng.SuiteRunner.runSequentially(SuiteRunner.java:413)
	at org.testng.SuiteRunner.privateRun(SuiteRunner.java:373)
	at org.testng.SuiteRunner.run(SuiteRunner.java:312)
	at org.testng.SuiteRunnerWorker.runSuite(SuiteRunnerWorker.java:52)
	at org.testng.SuiteRunnerWorker.run(SuiteRunnerWorker.java:95)
	at org.testng.TestNG.runSuitesSequentially(TestNG.java:1274)
	at org.testng.TestNG.runSuitesLocally(TestNG.java:1208)
	at org.testng.TestNG.runSuites(TestNG.java:1112)
	at org.testng.TestNG.run(TestNG.java:1079)
	at com.intellij.rt.testng.IDEARemoteTestNG.run(IDEARemoteTestNG.java:65)
	at com.intellij.rt.testng.RemoteTestNGStarter.main(RemoteTestNGStarter.java:105)
</pre>
        <div class="row mt-3">
            <div class="embed col-2 mb-1">
              <img src="resources/6430e2fb-e371-473a-8094-76e53c16e83d.png" />
            </div>
        </div>
      <div class="d-flex justify-content-between mt-3">
        <div>
            <i class="bi bi-check-circle-fill text-success"></i>
          <span class="ms-2">verifyCreateBillForSuggestedCustomer</span>
        </div>
        <div>
          <span class="badge text-dark bg-light">44s</span>
        </div>
      </div>
      
      <div class="d-flex justify-content-between mt-3">
        <div>
            <i class="bi bi-check-circle-fill text-success"></i>
          <span class="ms-2">verifyBillCreationUsingOptionalFields</span>
        </div>
        <div>
          <span class="badge text-dark bg-light">1m 0s</span>
        </div>
      </div>
      
      <div class="d-flex justify-content-between mt-3">
        <div>
            <i class="bi bi-check-circle-fill text-success"></i>
          <span class="ms-2">verifyingBillCreationWithConfiguredBillAmount</span>
        </div>
        <div>
          <span class="badge text-dark bg-light">37s</span>
        </div>
      </div>
      
      <div class="d-flex justify-content-between mt-3">
        <div>
            <i class="bi bi-check-circle-fill text-success"></i>
          <span class="ms-2">verifyingBillCreationWithoutConfiguredBillAmount</span>
        </div>
        <div>
          <span class="badge text-dark bg-light">26s</span>
        </div>
      </div>
      
      <div class="d-flex justify-content-between mt-3">
        <div>
            <i class="bi bi-check-circle-fill text-success"></i>
          <span class="ms-2">verifyingBillCreationByAttachingImageFile</span>
        </div>
        <div>
          <span class="badge text-dark bg-light">52s</span>
        </div>
      </div>
      
      <div class="d-flex justify-content-between mt-3">
        <div>
            <i class="bi bi-check-circle-fill text-success"></i>
          <span class="ms-2">verifyingBillCreationByAttachingPdfFile</span>
        </div>
        <div>
          <span class="badge text-dark bg-light">46s</span>
        </div>
      </div>
      
      <div class="d-flex justify-content-between mt-3">
        <div>
            <i class="bi bi-check-circle-fill text-success"></i>
          <span class="ms-2">verifyingBillCreationWithAddingMemoField</span>
        </div>
        <div>
          <span class="badge text-dark bg-light">39s</span>
        </div>
      </div>
      
      <div class="d-flex justify-content-between mt-3">
        <div>
              <i class="bi bi-exclamation-octagon-fill text-danger"></i>
          <span class="ms-2">verifyingBillCreationWithEssentialFreePlan</span>
        </div>
        <div>
          <span class="badge text-dark bg-light">1m 12s</span>
        </div>
      </div>
      
        <pre class="py-2 mt-2 mb-4">org.openqa.selenium.NoSuchElementException: no such element: Unable to locate element: {"method":"xpath","selector":"//h3[text()='Upgrade your plan']"}
  (Session info: chrome=135.0.7049.96)
For documentation on this error, please visit: https://www.selenium.dev/documentation/webdriver/troubleshooting/errors#no-such-element-exception
Build info: version: '4.11.0', revision: '040bc5406b'
System info: os.name: 'Windows 10', os.arch: 'amd64', os.version: '10.0', java.version: '22.0.1'
Driver info: org.openqa.selenium.chrome.ChromeDriver
Command: [72ca5490506b9dcc1e24c751899bab37, findElement {using=xpath, value=//h3[text()='Upgrade your plan']}]
Capabilities {acceptInsecureCerts: false, browserName: chrome, browserVersion: 135.0.7049.96, chrome: {chromedriverVersion: 135.0.7049.114 (63fd8a7d9d0..., userDataDir: C:\Users\Caelius\AppData\Lo...}, fedcm:accounts: true, goog:chromeOptions: {debuggerAddress: localhost:64544}, networkConnectionEnabled: false, pageLoadStrategy: normal, platformName: windows, proxy: Proxy(), se:cdp: ws://localhost:64544/devtoo..., se:cdpVersion: 135.0.7049.96, setWindowRect: true, strictFileInteractability: false, timeouts: {implicit: 0, pageLoad: 300000, script: 30000}, unhandledPromptBehavior: dismiss and notify, webauthn:extension:credBlob: true, webauthn:extension:largeBlob: true, webauthn:extension:minPinLength: true, webauthn:extension:prf: true, webauthn:virtualAuthenticators: true}
Session ID: 72ca5490506b9dcc1e24c751899bab37
	at java.base/jdk.internal.reflect.DirectConstructorHandleAccessor.newInstance(DirectConstructorHandleAccessor.java:62)
	at java.base/java.lang.reflect.Constructor.newInstanceWithCaller(Constructor.java:502)
	at java.base/java.lang.reflect.Constructor.newInstance(Constructor.java:486)
	at org.openqa.selenium.remote.codec.w3c.W3CHttpResponseCodec.createException(W3CHttpResponseCodec.java:200)
	at org.openqa.selenium.remote.codec.w3c.W3CHttpResponseCodec.decode(W3CHttpResponseCodec.java:133)
	at org.openqa.selenium.remote.codec.w3c.W3CHttpResponseCodec.decode(W3CHttpResponseCodec.java:52)
	at org.openqa.selenium.remote.HttpCommandExecutor.execute(HttpCommandExecutor.java:191)
	at org.openqa.selenium.remote.service.DriverCommandExecutor.invokeExecute(DriverCommandExecutor.java:196)
	at org.openqa.selenium.remote.service.DriverCommandExecutor.execute(DriverCommandExecutor.java:171)
	at org.openqa.selenium.remote.RemoteWebDriver.execute(RemoteWebDriver.java:518)
	at org.openqa.selenium.remote.ElementLocation$ElementFinder$2.findElement(ElementLocation.java:165)
	at org.openqa.selenium.remote.ElementLocation.findElement(ElementLocation.java:59)
	at org.openqa.selenium.remote.RemoteWebDriver.findElement(RemoteWebDriver.java:355)
	at org.openqa.selenium.remote.RemoteWebDriver.findElement(RemoteWebDriver.java:349)
	at base.BaseTest.scrollToElement(BaseTest.java:286)
	at pageEvents.BillPage.assertUpgradePlan(BillPage.java:1152)
	at pageEvents.BillPage.verifyingBillCreationWithEssentialFreePlan(BillPage.java:1641)
	at qa.tests.BillTest.verifyingBillCreationWithEssentialFreePlan(BillTest.java:87)
	at java.base/jdk.internal.reflect.DirectMethodHandleAccessor.invoke(DirectMethodHandleAccessor.java:103)
	at java.base/java.lang.reflect.Method.invoke(Method.java:580)
	at org.testng.internal.invokers.MethodInvocationHelper.invokeMethod(MethodInvocationHelper.java:141)
	at org.testng.internal.invokers.TestInvoker.invokeMethod(TestInvoker.java:686)
	at org.testng.internal.invokers.TestInvoker.invokeTestMethod(TestInvoker.java:230)
	at org.testng.internal.invokers.MethodRunner.runInSequence(MethodRunner.java:63)
	at org.testng.internal.invokers.TestInvoker$MethodInvocationAgent.invoke(TestInvoker.java:992)
	at org.testng.internal.invokers.TestInvoker.invokeTestMethods(TestInvoker.java:203)
	at org.testng.internal.invokers.TestMethodWorker.invokeTestMethods(TestMethodWorker.java:154)
	at org.testng.internal.invokers.TestMethodWorker.run(TestMethodWorker.java:134)
	at java.base/java.util.ArrayList.forEach(ArrayList.java:1597)
	at org.testng.TestRunner.privateRun(TestRunner.java:739)
	at org.testng.TestRunner.run(TestRunner.java:614)
	at org.testng.SuiteRunner.runTest(SuiteRunner.java:421)
	at org.testng.SuiteRunner.runSequentially(SuiteRunner.java:413)
	at org.testng.SuiteRunner.privateRun(SuiteRunner.java:373)
	at org.testng.SuiteRunner.run(SuiteRunner.java:312)
	at org.testng.SuiteRunnerWorker.runSuite(SuiteRunnerWorker.java:52)
	at org.testng.SuiteRunnerWorker.run(SuiteRunnerWorker.java:95)
	at org.testng.TestNG.runSuitesSequentially(TestNG.java:1274)
	at org.testng.TestNG.runSuitesLocally(TestNG.java:1208)
	at org.testng.TestNG.runSuites(TestNG.java:1112)
	at org.testng.TestNG.run(TestNG.java:1079)
	at com.intellij.rt.testng.IDEARemoteTestNG.run(IDEARemoteTestNG.java:65)
	at com.intellij.rt.testng.RemoteTestNGStarter.main(RemoteTestNGStarter.java:105)
</pre>
        <div class="row mt-3">
            <div class="embed col-2 mb-1">
              <img src="resources/393771eb-1886-434c-b2c1-3cb06869c652.png" />
            </div>
        </div>
      <div class="d-flex justify-content-between mt-3">
        <div>
            <i class="bi bi-check-circle-fill text-success"></i>
          <span class="ms-2">verifyBillCreationByAddingExpirationDate</span>
        </div>
        <div>
          <span class="badge text-dark bg-light">45s</span>
        </div>
      </div>
      
      <div class="d-flex justify-content-between mt-3">
        <div>
            <i class="bi bi-check-circle-fill text-success"></i>
          <span class="ms-2">verifyBillCreationByAddingRecurringTransactionsDaily</span>
        </div>
        <div>
          <span class="badge text-dark bg-light">1m 40s</span>
        </div>
      </div>
      
      <div class="d-flex justify-content-between mt-3">
        <div>
            <i class="bi bi-check-circle-fill text-success"></i>
          <span class="ms-2">verifyBillCreationByAddingRecurringTransactionsWeekly</span>
        </div>
        <div>
          <span class="badge text-dark bg-light">1m 39s</span>
        </div>
      </div>
      
      <div class="d-flex justify-content-between mt-3">
        <div>
            <i class="bi bi-check-circle-fill text-success"></i>
          <span class="ms-2">verifyBillCreationByAddingRecurringTransactionsMonthly</span>
        </div>
        <div>
          <span class="badge text-dark bg-light">1m 40s</span>
        </div>
      </div>
      
      <div class="d-flex justify-content-between mt-3">
        <div>
            <i class="bi bi-check-circle-fill text-success"></i>
          <span class="ms-2">verifyBillCreationByAddingRecurringTransactionsYearly</span>
        </div>
        <div>
          <span class="badge text-dark bg-light">1m 32s</span>
        </div>
      </div>
      
      <div class="d-flex justify-content-between mt-3">
        <div>
            <i class="bi bi-check-circle-fill text-success"></i>
          <span class="ms-2">verifyBillCreationByAddingpaymentMethod</span>
        </div>
        <div>
          <span class="badge text-dark bg-light">25s</span>
        </div>
      </div>
      
  </div>

                  </div>
                </div>
            </div>
          </div>
        </div>
          <div class="border-bottom py-5"></div>
      </div>
  </div>

  <script>
    const stats1Annotation = {'total': 1, 'passed': 0};
    const stats1 = [
      { result: 'Passed', count: 0, bg: 'rgb(140, 197, 83)' },
      { result: 'Failed', count: 1, bg: 'rgb(233,80,113)' },
      { result: 'Skipped', count: 0, bg: 'rgb(221, 91, 96)' }
    ];
      const stats2Annotation = {'total': 3, 'passed': 0};
      const stats2 = [
        { result: 'Passed', count: 0, bg: 'rgb(140, 197, 83)' },
        { result: 'Failed', count: 3, bg: 'rgb(233,80,113)' },
        { result: 'Skipped', count: 0, bg: 'rgb(221, 91, 96)' }
      ];
      const stats3Annotation = {'total': 46, 'passed': 39};
      const stats3 = [
        { result: 'Passed', count: 39, bg: 'rgb(140, 197, 83)' },
        { result: 'Failed', count: 7, bg: 'rgb(233,80,113)' },
        { result: 'Skipped', count: 0, bg: 'rgb(221, 91, 96)' }
      ];
     
  </script>
    <script src="https://cdn.jsdelivr.net/gh/anshooarora/chaintest/cdn/simple/chaintest-pkg.js"></script>

    <div id="sys-info-modal" class="modal" tabindex="-1">
      <div class="modal-dialog">
        <div class="modal-content">
          <div class="modal-header">
            <h6 class="modal-title">System</h6>
            <button type="button" class="btn-close" data-bs-dismiss="modal" aria-label="Close"
              onclick="toggleSysInfo(false)"></button>
          </div>
          <div class="modal-body">
            <table class="table">
              <tbody>
                  <tr>
                    <td>java.version</td>
                    <td>22.0.1</td>
                  </tr>
                  <tr>
                    <td>java.vm.name</td>
                    <td>Java HotSpot(TM) 64-Bit Server VM</td>
                  </tr>
                  <tr>
                    <td>java.vm.vendor</td>
                    <td>Oracle Corporation</td>
                  </tr>
                  <tr>
                    <td>java.class.version</td>
                    <td>66.0</td>
                  </tr>
                  <tr>
                    <td>java.runtime.name</td>
                    <td>Java(TM) SE Runtime Environment</td>
                  </tr>
                  <tr>
                    <td>os.name</td>
                    <td>Windows 10</td>
                  </tr>
                  <tr>
                    <td>os.arch</td>
                    <td>amd64</td>
                  </tr>
                  <tr>
                    <td>os.version</td>
                    <td>10.0</td>
                  </tr>
              </tbody>
            </table>
          </div>
          <div class="modal-footer">
            <button type="button" class="btn btn-secondary" data-bs-dismiss="modal"
              onclick="toggleSysInfo(false)">Close</button>
          </div>
        </div>
      </div>
    </div>

  <div id="info-modal" class="modal" tabindex="-1">
    <div class="modal-dialog">
      <div class="modal-content">
        <div class="modal-header">
          <h6 class="modal-title">ChainTest Simple Generator - Shortcuts</h6>
          <button type="button" class="btn-close" data-bs-dismiss="modal" aria-label="Close"
            onclick="toggleInfoModal(false)"></button>
        </div>
        <div class="modal-body">
          <table class="table">
            <tbody>
                <tr>
                  <td>esc</td>
                  <td>Reset all filters</td>
                </tr>
                <tr>
                  <td>L</td>
                  <td>Toggle theme (light/dark)</td>
                </tr>
                <tr>
                  <td>s</td>
                  <td>Toggle skipped tests</td>
                </tr>
                <tr>
                  <td>p</td>
                  <td>Toggle passed tests</td>
                </tr>
                <tr>
                  <td>f</td>
                  <td>Toggle failed tests</td>
                </tr>
            </tbody>
          </table>
        </div>
        <div class="modal-footer">
          <button type="button" class="btn btn-secondary" data-bs-dismiss="modal"
            onclick="toggleInfoModal(false)">Close</button>
        </div>
      </div>
    </div>
  </div>

  <div id="attachment-modal" class="modal" tabindex="-1">
    <div class="modal-dialog modal-lg">
      <div class="modal-content">
        <div class="modal-header">
          <h6 class="modal-title">Attachment</h6>
          <button type="button" class="btn-close" data-bs-dismiss="modal" aria-label="Close"
            onclick="toggleAttachmentModal(false)"></button>
        </div>
        <div class="modal-body">
          <img src="" />
        </div>
        <div class="modal-footer">
          <button type="button" class="btn btn-secondary" data-bs-dismiss="modal"
            onclick="toggleAttachmentModal(false)">Close</button>
        </div>
      </div>
    </div>
  </div>

</body>

</html>