<?xml version="1.0" encoding="UTF-8"?>
<!-- Generated by org.testng.reporters.JUnitXMLReporter -->
<testsuite ignored="0" hostname="DESKTOP-4LGOR70" failures="0" tests="6" name="Test" time="3.578" errors="0" timestamp="2025-02-27T10:46:30 IST">
  <testcase classname="base.BaseTest" name="@BeforeMethod setupDriver" time="3.417">
    <failure type="org.openqa.selenium.SessionNotCreatedException" message="Could not start a new session. Response code 400. Message: binary is not a Firefox executable 
Host info: host: &amp;apos;DESKTOP-4LGOR70&amp;apos;, ip: &amp;apos;192.168.1.70&amp;apos;
Build info: version: &amp;apos;4.11.0&amp;apos;, revision: &amp;apos;040bc5406b&amp;apos;
System info: os.name: &amp;apos;Windows 10&amp;apos;, os.arch: &amp;apos;amd64&amp;apos;, os.version: &amp;apos;10.0&amp;apos;, java.version: &amp;apos;22.0.1&amp;apos;
Driver info: org.openqa.selenium.firefox.FirefoxDriver
Command: [null, newSession {capabilities=[Capabilities {acceptInsecureCerts: true, browserName: firefox, moz:debuggerAddress: true, moz:firefoxOptions: {binary: }}]}]">
      <![CDATA[org.openqa.selenium.SessionNotCreatedException: Could not start a new session. Response code 400. Message: binary is not a Firefox executable 
Host info: host: 'DESKTOP-4LGOR70', ip: '192.168.1.70'
Build info: version: '4.11.0', revision: '040bc5406b'
System info: os.name: 'Windows 10', os.arch: 'amd64', os.version: '10.0', java.version: '22.0.1'
Driver info: org.openqa.selenium.firefox.FirefoxDriver
Command: [null, newSession {capabilities=[Capabilities {acceptInsecureCerts: true, browserName: firefox, moz:debuggerAddress: true, moz:firefoxOptions: {binary: }}]}]
at org.openqa.selenium.remote.ProtocolHandshake.createSession(ProtocolHandshake.java:140)
at org.openqa.selenium.remote.ProtocolHandshake.createSession(ProtocolHandshake.java:96)
at org.openqa.selenium.remote.ProtocolHandshake.createSession(ProtocolHandshake.java:68)
at org.openqa.selenium.remote.HttpCommandExecutor.execute(HttpCommandExecutor.java:163)
at org.openqa.selenium.remote.service.DriverCommandExecutor.invokeExecute(DriverCommandExecutor.java:196)
at org.openqa.selenium.remote.service.DriverCommandExecutor.execute(DriverCommandExecutor.java:171)
at org.openqa.selenium.remote.RemoteWebDriver.execute(RemoteWebDriver.java:518)
at org.openqa.selenium.remote.RemoteWebDriver.startSession(RemoteWebDriver.java:232)
at org.openqa.selenium.remote.RemoteWebDriver.<init>(RemoteWebDriver.java:159)
at org.openqa.selenium.firefox.FirefoxDriver.<init>(FirefoxDriver.java:156)
at org.openqa.selenium.firefox.FirefoxDriver.<init>(FirefoxDriver.java:151)
at org.openqa.selenium.firefox.FirefoxDriver.<init>(FirefoxDriver.java:132)
at org.openqa.selenium.firefox.FirefoxDriver.<init>(FirefoxDriver.java:127)
at org.openqa.selenium.firefox.FirefoxDriver.<init>(FirefoxDriver.java:112)
at org.openqa.selenium.firefox.FirefoxDriver.<init>(FirefoxDriver.java:102)
at base.BaseTest.setupDriver(BaseTest.java:83)
at java.base/java.util.ArrayList.forEach(ArrayList.java:1597)
... Removed 33 stack frames]]>
    </failure>
  </testcase> <!-- @BeforeMethod setupDriver -->
  <testcase classname="base.BaseTest" name="@AfterMethod tearDown" time="0.0">
    <skipped/>
  </testcase> <!-- @AfterMethod tearDown -->
  <testcase classname="base.BaseTest" name="@BeforeMethod setupDriver" time="0.0">
    <skipped/>
  </testcase> <!-- @BeforeMethod setupDriver -->
  <testcase classname="base.BaseTest" name="@AfterMethod tearDown" time="0.0">
    <skipped/>
  </testcase> <!-- @AfterMethod tearDown -->
  <testcase classname="base.BaseTest" name="@BeforeMethod setupDriver" time="0.0">
    <skipped/>
  </testcase> <!-- @BeforeMethod setupDriver -->
  <testcase classname="base.BaseTest" name="@AfterMethod tearDown" time="0.0">
    <skipped/>
  </testcase> <!-- @AfterMethod tearDown -->
  <testcase classname="base.BaseTest" name="@BeforeMethod setupDriver" time="0.0">
    <skipped/>
  </testcase> <!-- @BeforeMethod setupDriver -->
  <testcase classname="base.BaseTest" name="@AfterMethod tearDown" time="0.0">
    <skipped/>
  </testcase> <!-- @AfterMethod tearDown -->
  <testcase classname="base.BaseTest" name="@BeforeMethod setupDriver" time="0.0">
    <skipped/>
  </testcase> <!-- @BeforeMethod setupDriver -->
  <testcase classname="base.BaseTest" name="@AfterMethod tearDown" time="0.0">
    <skipped/>
  </testcase> <!-- @AfterMethod tearDown -->
  <testcase classname="base.BaseTest" name="@BeforeMethod setupDriver" time="0.0">
    <skipped/>
  </testcase> <!-- @BeforeMethod setupDriver -->
  <testcase classname="base.BaseTest" name="@AfterMethod tearDown" time="0.0">
    <skipped/>
  </testcase> <!-- @AfterMethod tearDown -->
  <testcase classname="qa.tests.DashboardTest" name="userGetDirectToMessagePage" time="0.0">
    <skipped/>
  </testcase> <!-- userGetDirectToMessagePage -->
  <testcase classname="qa.tests.DashboardTest" name="verifyAllSection" time="0.0">
    <skipped/>
  </testcase> <!-- verifyAllSection -->
  <testcase classname="qa.tests.DashboardTest" name="verifyCountOfAllStores" time="0.0">
    <skipped/>
  </testcase> <!-- verifyCountOfAllStores -->
  <testcase classname="qa.tests.DashboardTest" name="verifyRadarchartPaymentMethodOfSelectedStore" time="0.0">
    <skipped/>
  </testcase> <!-- verifyRadarchartPaymentMethodOfSelectedStore -->
  <testcase classname="qa.tests.DashboardTest" name="verifyThatDirectedToDashboardPageOfSelectedStore" time="0.0">
    <skipped/>
  </testcase> <!-- verifyThatDirectedToDashboardPageOfSelectedStore -->
  <testcase classname="qa.tests.DashboardTest" name="verifyTheRadarChartPaymentMethods" time="0.0">
    <skipped/>
  </testcase> <!-- verifyTheRadarChartPaymentMethods -->
</testsuite> <!-- Test -->
